#
# A fatal error has been detected by the Java Runtime Environment:
#
#  EXCEPTION_ACCESS_VIOLATION (0xc0000005) at pc=0x00007ffac27bbd46, pid=5328, tid=9900
#
# JRE version: OpenJDK Runtime Environment JBR-17.0.12+1-1087.25-nomod (17.0.12+1) (build 17.0.12+1-b1087.25)
# Java VM: OpenJDK 64-Bit Server VM JBR-17.0.12+1-1087.25-nomod (17.0.12+1-b1087.25, mixed mode, tiered, compressed oops, compressed class ptrs, g1 gc, windows-amd64)
# Problematic frame:
# C  [glass.dll+0x1bd46]
#
# No core dump will be written. Minidumps are not enabled by default on client versions of Windows
#
# If you would like to submit a bug report, please visit:
#   https://youtrack.jetbrains.com/issues/JBR
# The crash happened outside the Java Virtual Machine in native code.
# See problematic frame for where to report the bug.
#

---------------  S U M M A R Y ------------

Command Line: --module-path=C:\Users\User\.m2\repository\org\openjfx\javafx-base\22.0.2\javafx-base-22.0.2-win.jar;C:\Users\User\.m2\repository\org\openjfx\javafx-base\22.0.2\javafx-base-22.0.2.jar;C:\Users\User\.m2\repository\org\openjfx\javafx-controls\22.0.2\javafx-controls-22.0.2-win.jar;C:\Users\User\.m2\repository\org\openjfx\javafx-controls\22.0.2\javafx-controls-22.0.2.jar;C:\Users\User\.m2\repository\org\openjfx\javafx-fxml\22.0.2\javafx-fxml-22.0.2-win.jar;C:\Users\User\.m2\repository\org\openjfx\javafx-fxml\22.0.2\javafx-fxml-22.0.2.jar;C:\Users\User\.m2\repository\org\openjfx\javafx-graphics\22.0.2\javafx-graphics-22.0.2-win.jar;C:\Users\User\.m2\repository\org\openjfx\javafx-graphics\22.0.2\javafx-graphics-22.0.2.jar --add-modules=javafx.base,javafx.controls,javafx.fxml,javafx.graphics controllers.Home

Host: 12th Gen Intel(R) Core(TM) i5-12450H, 12 cores, 15G,  Windows 10 , 64 bit Build 19041 (10.0.19041.5678)
Time: Wed Apr 23 17:43:53 2025 Romance Standard Time elapsed time: 6.293997 seconds (0d 0h 0m 6s)

---------------  T H R E A D  ---------------

Current thread (0x000001ed2c2cd830):  JavaThread "JavaFX Application Thread" [_thread_in_native, id=9900, stack(0x00000045a1d00000,0x00000045a1e00000)]

Stack: [0x00000045a1d00000,0x00000045a1e00000],  sp=0x00000045a1dfdf10,  free space=1015k
Native frames: (J=compiled Java code, j=interpreted, Vv=VM code, C=native code)
C  [glass.dll+0x1bd46]

Java frames: (J=compiled Java code, j=interpreted, Vv=VM code)
j  com.sun.glass.ui.win.WinWindow._close(J)Z+0 javafx.graphics@22.0.2
j  com.sun.glass.ui.Window.close()V+63 javafx.graphics@22.0.2
j  com.sun.glass.ui.win.WinWindow.close()V+8 javafx.graphics@22.0.2
j  com.sun.glass.ui.Application.terminate()V+75 javafx.graphics@22.0.2
j  com.sun.javafx.tk.quantum.QuantumToolkit.lambda$exit$14()Ljava/lang/Object;+5 javafx.graphics@22.0.2
j  com.sun.javafx.tk.quantum.QuantumToolkit$$Lambda$817+0x000000080043a010.get()Ljava/lang/Object;+0 javafx.graphics@22.0.2
j  com.sun.javafx.tk.quantum.QuantumToolkit.runWithRenderLock(Ljava/util/function/Supplier;)Ljava/lang/Object;+7 javafx.graphics@22.0.2
j  com.sun.javafx.tk.quantum.QuantumToolkit.exit()V+26 javafx.graphics@22.0.2
j  com.sun.javafx.application.PlatformImpl.lambda$tkExit$16()V+3 javafx.graphics@22.0.2
j  com.sun.javafx.application.PlatformImpl$$Lambda$816+0x0000000800439dd0.run()V+0 javafx.graphics@22.0.2
j  com.sun.javafx.application.PlatformImpl.lambda$runAndWait$12(Ljava/lang/Runnable;Ljava/util/concurrent/CountDownLatch;)V+1 javafx.graphics@22.0.2
j  com.sun.javafx.application.PlatformImpl$$Lambda$100+0x00000008001169c0.run()V+8 javafx.graphics@22.0.2
j  com.sun.javafx.application.PlatformImpl.lambda$runLater$10(Ljava/lang/Runnable;)Ljava/lang/Void;+1 javafx.graphics@22.0.2
j  com.sun.javafx.application.PlatformImpl$$Lambda$102+0x0000000800117d98.run()Ljava/lang/Object;+4 javafx.graphics@22.0.2
J 1165 c1 java.security.AccessController.doPrivileged(Ljava/security/PrivilegedAction;Ljava/security/AccessControlContext;)Ljava/lang/Object; java.base@17.0.12 (17 bytes) @ 0x000001ed0c45eadc [0x000001ed0c45e900+0x00000000000001dc]
j  com.sun.javafx.application.PlatformImpl.lambda$runLater$11(Ljava/lang/Runnable;Ljava/security/AccessControlContext;)V+7 javafx.graphics@22.0.2
j  com.sun.javafx.application.PlatformImpl$$Lambda$101+0x0000000800117478.run()V+8 javafx.graphics@22.0.2
J 4277 c1 com.sun.glass.ui.InvokeLaterDispatcher$Future.run()V javafx.graphics@22.0.2 (91 bytes) @ 0x000001ed0cac4294 [0x000001ed0cac4180+0x0000000000000114]
v  ~StubRoutines::call_stub
j  com.sun.glass.ui.win.WinApplication._runLoop(Ljava/lang/Runnable;)V+0 javafx.graphics@22.0.2
j  com.sun.glass.ui.win.WinApplication.lambda$runLoop$3(ILjava/lang/Runnable;)V+8 javafx.graphics@22.0.2
j  com.sun.glass.ui.win.WinApplication$$Lambda$87+0x00000008000eedd0.run()V+12 javafx.graphics@22.0.2
j  java.lang.Thread.run()V+11 java.base@17.0.12
v  ~StubRoutines::call_stub

siginfo: EXCEPTION_ACCESS_VIOLATION (0xc0000005), reading address 0x0000000000000128


Registers:
RAX=0x0000000000000000, RBX=0x0000000000000000, RCX=0x0000000000000000, RDX=0x0000000000000000
RSP=0x00000045a1dfdf10, RBP=0x0000000000000401, RSI=0x00000045a1dfe290, RDI=0x00000045a1dfe290
R8 =0x00000045a1dfe290, R9 =0x0000000000000000, R10=0x0000000000000000, R11=0x0000000000000246
R12=0x00000045a1dfe290, R13=0x0000000000000000, R14=0x0000000000000000, R15=0x00000045a1dfe290
RIP=0x00007ffac27bbd46, EFLAGS=0x0000000000010202


Register to memory mapping:

RIP=0x00007ffac27bbd46 glass.dll
RAX=0x0 is NULL
RBX=0x0 is NULL
RCX=0x0 is NULL
RDX=0x0 is NULL
RSP=0x00000045a1dfdf10 is pointing into the stack for thread: 0x000001ed2c2cd830
RBP=0x0000000000000401 is an unknown value
RSI=0x00000045a1dfe290 is pointing into the stack for thread: 0x000001ed2c2cd830
RDI=0x00000045a1dfe290 is pointing into the stack for thread: 0x000001ed2c2cd830
R8 =0x00000045a1dfe290 is pointing into the stack for thread: 0x000001ed2c2cd830
R9 =0x0 is NULL
R10=0x0 is NULL
R11=0x0000000000000246 is an unknown value
R12=0x00000045a1dfe290 is pointing into the stack for thread: 0x000001ed2c2cd830
R13=0x0 is NULL
R14=0x0 is NULL
R15=0x00000045a1dfe290 is pointing into the stack for thread: 0x000001ed2c2cd830


Top of Stack: (sp=0x00000045a1dfdf10)
0x00000045a1dfdf10:   0000000000000578 00000045a1dfdf20
0x00000045a1dfdf20:   0000000000180016 00007ffac27c95d0
0x00000045a1dfdf30:   00000045a1dfe290 00007ffac27baaf1
0x00000045a1dfdf40:   0000000000000401 000001ed2c7cf140
0x00000045a1dfdf50:   00000045a1dfe290 00007ffac27c95d0
0x00000045a1dfdf60:   0000000000000000 00007ffac27aa698
0x00000045a1dfdf70:   000001ed2c7cf140 000001ed2c010101
0x00000045a1dfdf80:   00000045a1dfc08c 00000045a1dfdf38
0x00000045a1dfdf90:   0000000000000000 00007ffac27a177f
0x00000045a1dfdfa0:   000001ed2c7cf140 0000000000000401
0x00000045a1dfdfb0:   000001ed2c7cf16c 00000000000b0332
0x00000045a1dfdfc0:   0000000000000000 0000000000000401
0x00000045a1dfdfd0:   0000000080000022 00007ffb152fef5c
0x00000045a1dfdfe0:   0000000000000001 00000045a1dfe1d0
0x00000045a1dfdff0:   00000000000b0332 00000000000b0332
0x00000045a1dfe000:   000001ed2791d000 00007ffa00000004
0x00000045a1dfe010:   0000000000000168 00007ffac27bce00
0x00000045a1dfe020:   000001ed00000000 0000000000000000
0x00000045a1dfe030:   0000000000000000 0000000100000000
0x00000045a1dfe040:   0000000080000022 0000000000000000
0x00000045a1dfe050:   0000000000000000 000001ed2c2cd830
0x00000045a1dfe060:   000001ed2c122800 0000000000000001
0x00000045a1dfe070:   000001ed28882001 000001ed2c2cd830
0x00000045a1dfe080:   00007ffab0b32ca8 0000005000000000
0x00000045a1dfe090:   000000000000002b 0000000000000000
0x00000045a1dfe0a0:   0000000000000000 0000000000000000
0x00000045a1dfe0b0:   0000000000000000 00000045a1dfe0d1
0x00000045a1dfe0c0:   000000000000002b 0000000000000030
0x00000045a1dfe0d0:   6f635f6176614a00 6c675f6e75735f6d
0x00000045a1dfe0e0:   00007ffac27a1720 69576e69575f6e69
0x00000045a1dfe0f0:   0000000000000048 0000000000000001
0x00000045a1dfe100:   0000000000000000 0000000000000000 

Instructions: (pc=0x00007ffac27bbd46)
0x00007ffac27bbc46:   a8 00 00 00 41 5e 41 5d 41 5c 5e 5d 5b c3 cc cc
0x00007ffac27bbc56:   cc cc cc cc cc cc cc cc cc cc b0 01 c3 cc cc cc
0x00007ffac27bbc66:   cc cc cc cc cc cc cc cc cc cc 48 89 5c 24 08 57
0x00007ffac27bbc76:   48 83 ec 30 48 8b fa 48 8b d9 48 39 91 28 01 00
0x00007ffac27bbc86:   00 0f 84 a5 00 00 00 e8 ae 00 00 00 48 8b 93 28
0x00007ffac27bbc96:   01 00 00 48 85 d2 75 04 48 8b 53 08 48 89 54 24
0x00007ffac27bbca6:   20 4c 8b c7 48 85 ff 75 04 4c 8b 43 08 48 8d 0d
0x00007ffac27bbcb6:   a6 03 01 00 4c 89 44 24 28 e8 7c 79 fe ff 48 8b
0x00007ffac27bbcc6:   4c 24 20 4c 8d 44 24 20 48 8d 15 8b f9 ff ff ff
0x00007ffac27bbcd6:   15 9d 09 02 00 48 8b 05 2e 0d 02 00 48 85 c0 75
0x00007ffac27bbce6:   04 33 c9 eb 03 8b 48 48 4c 8d 44 24 20 48 8d 15
0x00007ffac27bbcf6:   a6 f9 ff ff ff 15 80 09 02 00 48 89 bb 28 01 00
0x00007ffac27bbd06:   00 e8 04 56 00 00 4c 8b 05 ad 10 02 00 48 8b c8
0x00007ffac27bbd16:   48 8b 93 c8 00 00 00 4c 8b cf e8 db 95 fe ff e8
0x00007ffac27bbd26:   e6 55 00 00 48 8b c8 e8 fe 54 00 00 48 8b 5c 24
0x00007ffac27bbd36:   40 48 83 c4 30 5f c3 cc cc cc 40 57 48 83 ec 20
0x00007ffac27bbd46:   48 8b 81 28 01 00 00 48 8b f9 48 85 c0 75 04 48
0x00007ffac27bbd56:   8b 41 08 48 3b 05 a0 0f 02 00 75 3b 48 89 5c 24
0x00007ffac27bbd66:   30 e8 a4 55 00 00 4c 8b 05 3d 10 02 00 48 8b c8
0x00007ffac27bbd76:   48 8b 97 c8 00 00 00 48 8b d8 e8 7b 95 fe ff 48
0x00007ffac27bbd86:   8b cb e8 a3 54 00 00 48 8b 5c 24 30 48 c7 05 63
0x00007ffac27bbd96:   0f 02 00 00 00 00 00 48 83 c4 20 5f c3 cc cc cc
0x00007ffac27bbda6:   cc cc cc cc cc cc cc cc cc cc 40 53 48 83 ec 50
0x00007ffac27bbdb6:   48 8b 05 0b e4 01 00 48 33 c4 48 89 44 24 40 48
0x00007ffac27bbdc6:   8b d9 48 8b 49 08 ff 15 26 08 02 00 85 c0 0f 85
0x00007ffac27bbdd6:   1b 01 00 00 48 8b 4b 08 48 8d 54 24 30 ff 15 7f
0x00007ffac27bbde6:   06 02 00 48 8b 4b 08 48 8d 54 24 20 ff 15 d8 06
0x00007ffac27bbdf6:   02 00 48 8b 4b 08 4c 8d 44 24 20 41 b9 02 00 00
0x00007ffac27bbe06:   00 33 d2 ff 15 c9 06 02 00 8b 44 24 24 2b 44 24
0x00007ffac27bbe16:   34 8b 4c 24 20 2b 4c 24 30 8b 54 24 3c 2b 54 24
0x00007ffac27bbe26:   2c 44 8b 44 24 38 44 2b 44 24 28 89 83 14 01 00
0x00007ffac27bbe36:   00 89 8b 10 01 00 00 89 93 1c 01 00 00 44 89 83 


Stack slot to memory mapping:
stack at sp + 0 slots: 0x0000000000000578 is an unknown value
stack at sp + 1 slots: 0x00000045a1dfdf20 is pointing into the stack for thread: 0x000001ed2c2cd830
stack at sp + 2 slots: 0x0000000000180016 is an unknown value
stack at sp + 3 slots: 0x00007ffac27c95d0 glass.dll
stack at sp + 4 slots: 0x00000045a1dfe290 is pointing into the stack for thread: 0x000001ed2c2cd830
stack at sp + 5 slots: 0x00007ffac27baaf1 glass.dll
stack at sp + 6 slots: 0x0000000000000401 is an unknown value
stack at sp + 7 slots: 0x000001ed2c7cf140 points into unknown readable memory: 0x00007ffac27ca838 | 38 a8 7c c2 fa 7f 00 00


Compiled method (c1)    6324 1165       3       java.security.AccessController::doPrivileged (17 bytes)
 total in heap  [0x000001ed0c45e710,0x000001ed0c45ee48] = 1848
 relocation     [0x000001ed0c45e868,0x000001ed0c45e8f0] = 136
 main code      [0x000001ed0c45e900,0x000001ed0c45ec40] = 832
 stub code      [0x000001ed0c45ec40,0x000001ed0c45ecb8] = 120
 metadata       [0x000001ed0c45ecb8,0x000001ed0c45ecd0] = 24
 scopes data    [0x000001ed0c45ecd0,0x000001ed0c45ed80] = 176
 scopes pcs     [0x000001ed0c45ed80,0x000001ed0c45ee30] = 176
 dependencies   [0x000001ed0c45ee30,0x000001ed0c45ee38] = 8
 nul chk table  [0x000001ed0c45ee38,0x000001ed0c45ee48] = 16

[Constant Pool (empty)]

[MachCode]
[Verified Entry Point]
  # {method} {0x000001ed2803bbf8} 'doPrivileged' '(Ljava/security/PrivilegedAction;Ljava/security/AccessControlContext;)Ljava/lang/Object;' in 'java/security/AccessController'
  # parm0:    rdx:rdx   = 'java/security/PrivilegedAction'
  # parm1:    r8:r8     = 'java/security/AccessControlContext'
  #           [sp+0x80]  (sp of caller)
  0x000001ed0c45e900: 8984 2400 | 90ff ff55 | 4883 ec70 

  0x000001ed0c45e90c: ;   {metadata(method data for {method} {0x000001ed2803bbf8} 'doPrivileged' '(Ljava/security/PrivilegedAction;Ljava/security/AccessControlContext;)Ljava/lang/Object;' in 'java/security/AccessController')}
  0x000001ed0c45e90c: 48be f04a | b428 ed01 | 0000 8bbe | cc00 0000 | 83c7 0289 | becc 0000 | 0081 e7fe | 0700 0083 
  0x000001ed0c45e92c: ff00 0f84 | 4402 0000 | 4c89 4424 | 4048 8954 

  0x000001ed0c45e93c: ;   {metadata(method data for {method} {0x000001ed2803bbf8} 'doPrivileged' '(Ljava/security/PrivilegedAction;Ljava/security/AccessControlContext;)Ljava/lang/Object;' in 'java/security/AccessController')}
  0x000001ed0c45e93c: 2448 48be | f04a b428 | ed01 0000 | 4883 8610 | 0100 0001 | 0f1f 8000 

  0x000001ed0c45e954: ;   {static_call}
  0x000001ed0c45e954: 0000 00e8 

  0x000001ed0c45e958: ; ImmutableOopMap {[64]=Oop [72]=Oop }
                      ;*invokestatic getCallerClass {reexecute=0 rethrow=0 return_oop=0}
                      ; - java.security.AccessController::doPrivileged@0 (line 397)
  0x000001ed0c45e958: e4b5 9107 

  0x000001ed0c45e95c: ;   {metadata(method data for {method} {0x000001ed2803bbf8} 'doPrivileged' '(Ljava/security/PrivilegedAction;Ljava/security/AccessControlContext;)Ljava/lang/Object;' in 'java/security/AccessController')}
  0x000001ed0c45e95c: 48ba f04a | b428 ed01 | 0000 4883 | 8220 0100 | 0001 488b | 5424 404c | 8bc0 4889 | 4424 500f 
  0x000001ed0c45e97c: ;   {static_call}
  0x000001ed0c45e97c: 1f40 00e8 

  0x000001ed0c45e980: ; ImmutableOopMap {[72]=Oop [80]=Oop }
                      ;*invokestatic checkContext {reexecute=0 rethrow=0 return_oop=0}
                      ; - java.security.AccessController::doPrivileged@6 (line 398)
  0x000001ed0c45e980: 9ce9 0100 | 4889 4424 

  0x000001ed0c45e988: ;   {metadata(method data for {method} {0x000001ed2803bbf8} 'doPrivileged' '(Ljava/security/PrivilegedAction;Ljava/security/AccessControlContext;)Ljava/lang/Object;' in 'java/security/AccessController')}
  0x000001ed0c45e988: 5848 baf0 | 4ab4 28ed | 0100 0048 | 8382 3001 

  0x000001ed0c45e998: ;   {metadata(method data for {method} {0x000001ed2803c8e8} 'executePrivileged' '(Ljava/security/PrivilegedAction;Ljava/security/AccessControlContext;Ljava/lang/Class;)Ljava/lang/Object;' in 'java/security/AccessController')}
  0x000001ed0c45e998: 0000 0148 | bad0 0457 | 28ed 0100 | 008b b2cc | 0000 0083 | c602 89b2 | cc00 0000 | 81e6 feff 
  0x000001ed0c45e9b8: 1f00 83fe | 000f 84d6 | 0100 0048 

  0x000001ed0c45e9c4: ;   {metadata(method data for {method} {0x000001ed2803c8e8} 'executePrivileged' '(Ljava/security/PrivilegedAction;Ljava/security/AccessControlContext;Ljava/lang/Class;)Ljava/lang/Object;' in 'java/security/AccessController')}
  0x000001ed0c45e9c4: 83f8 0048 | bad0 0457 | 28ed 0100 | 0048 be10 | 0100 0000 | 0000 000f | 840a 0000 | 0048 be20 
  0x000001ed0c45e9e4: 0100 0000 | 0000 0048 | 8b3c 3248 | 8d7f 0148 | 893c 320f | 841f 0000 

  0x000001ed0c45e9fc: ;   {metadata(method data for {method} {0x000001ed2803c8e8} 'executePrivileged' '(Ljava/security/PrivilegedAction;Ljava/security/AccessControlContext;Ljava/lang/Class;)Ljava/lang/Object;' in 'java/security/AccessController')}
  0x000001ed0c45e9fc: 0048 bad0 | 0457 28ed | 0100 0048 | 8382 3001 | 0000 0148 | 8bd0 0f1f 

  0x000001ed0c45ea14: ;   {static_call}
  0x000001ed0c45ea14: 4400 00e8 

  0x000001ed0c45ea18: ; ImmutableOopMap {[72]=Oop [80]=Oop [88]=Oop }
                      ;*invokestatic ensureMaterializedForStackWalk {reexecute=0 rethrow=0 return_oop=0}
                      ; - java.security.AccessController::executePrivileged@5 (line 772)
                      ; - java.security.AccessController::doPrivileged@13 (line 399)
  0x000001ed0c45ea18: 240b 9507 

  0x000001ed0c45ea1c: ;   {metadata(method data for {method} {0x000001ed2803c8e8} 'executePrivileged' '(Ljava/security/PrivilegedAction;Ljava/security/AccessControlContext;Ljava/lang/Class;)Ljava/lang/Object;' in 'java/security/AccessController')}
  0x000001ed0c45ea1c: 48ba d004 | 5728 ed01 | 0000 ff82 | 4001 0000 | 488b 5424 | 4848 3b02 

  0x000001ed0c45ea34: ;   {metadata(method data for {method} {0x000001ed2803c8e8} 'executePrivileged' '(Ljava/security/PrivilegedAction;Ljava/security/AccessControlContext;Ljava/lang/Class;)Ljava/lang/Object;' in 'java/security/AccessController')}
  0x000001ed0c45ea34: 488b f248 | bfd0 0457 | 28ed 0100 | 008b 7608 | 49ba 0000 | 0000 0800 | 0000 4903 | f248 3bb7 
  0x000001ed0c45ea54: b001 0000 | 750d 4883 | 87b8 0100 | 0001 e966 | 0000 0048 | 3bb7 c001 | 0000 750d | 4883 87c8 
  0x000001ed0c45ea74: 0100 0001 | e950 0000 | 0048 81bf | b001 0000 | 0000 0000 | 7517 4889 | b7b0 0100 | 0048 c787 
  0x000001ed0c45ea94: b801 0000 | 0100 0000 | e92c 0000 | 0048 81bf | c001 0000 | 0000 0000 | 7517 4889 | b7c0 0100 
  0x000001ed0c45eab4: 0048 c787 | c801 0000 | 0100 0000 | e908 0000 | 0048 8387 | a001 0000 | 0148 b850 | 39af 37ed 
  0x000001ed0c45ead4: ;   {virtual_call}
  0x000001ed0c45ead4: 0100 00e8 

  0x000001ed0c45ead8: ; ImmutableOopMap {[80]=Oop [88]=Oop }
                      ;*invokeinterface run {reexecute=0 rethrow=0 return_oop=0}
                      ; - java.security.AccessController::executePrivileged@29 (line 776)
                      ; - java.security.AccessController::doPrivileged@13 (line 399)
  0x000001ed0c45ead8: c43e 4407 

  0x000001ed0c45eadc: ;   {metadata(method data for {method} {0x000001ed2803c8e8} 'executePrivileged' '(Ljava/security/PrivilegedAction;Ljava/security/AccessControlContext;Ljava/lang/Class;)Ljava/lang/Object;' in 'java/security/AccessController')}
  0x000001ed0c45eadc: 48be d004 | 5728 ed01 | 0000 ff86 | d801 0000 | 488b 7424 

  0x000001ed0c45eaf0: ;   {metadata(method data for {method} {0x000001ed2803c8e8} 'executePrivileged' '(Ljava/security/PrivilegedAction;Ljava/security/AccessControlContext;Ljava/lang/Class;)Ljava/lang/Object;' in 'java/security/AccessController')}
  0x000001ed0c45eaf0: 5048 bfd0 | 0457 28ed | 0100 0048 | 8387 3802 

  0x000001ed0c45eb00: ;   {metadata(method data for {method} {0x000001ed280429e0} 'reachabilityFence' '(Ljava/lang/Object;)V' in 'java/lang/ref/Reference')}
  0x000001ed0c45eb00: 0000 0148 | bfc8 4c5e | 28ed 0100 | 008b 9fcc | 0000 0083 | c302 899f | cc00 0000 | 81e3 feff 
  0x000001ed0c45eb20: 1f00 83fb | 000f 8494 

  0x000001ed0c45eb28: ;   {metadata(method data for {method} {0x000001ed2803c8e8} 'executePrivileged' '(Ljava/security/PrivilegedAction;Ljava/security/AccessControlContext;Ljava/lang/Class;)Ljava/lang/Object;' in 'java/security/AccessController')}
  0x000001ed0c45eb28: 0000 0048 | bed0 0457 | 28ed 0100 | 0048 8386 | 4802 0000 

  0x000001ed0c45eb3c: ;   {metadata(method data for {method} {0x000001ed280429e0} 'reachabilityFence' '(Ljava/lang/Object;)V' in 'java/lang/ref/Reference')}
  0x000001ed0c45eb3c: 0148 bec8 | 4c5e 28ed | 0100 008b | becc 0000 | 0083 c702 | 89be cc00 | 0000 81e7 | feff 1f00 
  0x000001ed0c45eb5c: 83ff 000f | 847b 0000 | 0048 83c4 

  0x000001ed0c45eb68: ;   {poll_return}
  0x000001ed0c45eb68: 705d 493b | a750 0300 | 000f 878a | 0000 00c3 

  0x000001ed0c45eb78: ;   {metadata({method} {0x000001ed2803bbf8} 'doPrivileged' '(Ljava/security/PrivilegedAction;Ljava/security/AccessControlContext;)Ljava/lang/Object;' in 'java/security/AccessController')}
  0x000001ed0c45eb78: 49ba f0bb | 0328 ed01 | 0000 4c89 | 5424 0848 | c704 24ff 

  0x000001ed0c45eb8c: ;   {runtime_call counter_overflow Runtime1 stub}
  0x000001ed0c45eb8c: ffff ffe8 

  0x000001ed0c45eb90: ; ImmutableOopMap {rdx=Oop r8=Oop }
                      ;*synchronization entry
                      ; - java.security.AccessController::doPrivileged@-1 (line 397)
  0x000001ed0c45eb90: ecbd 4307 | e99b fdff 

  0x000001ed0c45eb98: ;   {metadata({method} {0x000001ed2803c8e8} 'executePrivileged' '(Ljava/security/PrivilegedAction;Ljava/security/AccessControlContext;Ljava/lang/Class;)Ljava/lang/Object;' in 'java/security/AccessController')}
  0x000001ed0c45eb98: ff49 bae0 | c803 28ed | 0100 004c | 8954 2408 | 48c7 0424 | ffff ffff 

  0x000001ed0c45ebb0: ;   {runtime_call counter_overflow Runtime1 stub}
  0x000001ed0c45ebb0: e8cb bd43 

  0x000001ed0c45ebb4: ; ImmutableOopMap {[72]=Oop [80]=Oop rax=Oop [88]=Oop }
                      ;*synchronization entry
                      ; - java.security.AccessController::executePrivileged@-1 (line 771)
                      ; - java.security.AccessController::doPrivileged@13 (line 399)
  0x000001ed0c45ebb4: 07e9 09fe 

  0x000001ed0c45ebb8: ;   {runtime_call throw_null_pointer_exception Runtime1 stub}
  0x000001ed0c45ebb8: ffff e8e1 

  0x000001ed0c45ebbc: ; ImmutableOopMap {[80]=Oop rdx=Oop [88]=Oop }
                      ;*invokeinterface run {reexecute=0 rethrow=0 return_oop=0}
                      ; - java.security.AccessController::executePrivileged@29 (line 776)
                      ; - java.security.AccessController::doPrivileged@13 (line 399)
                      ;   {metadata({method} {0x000001ed280429e0} 'reachabilityFence' '(Ljava/lang/Object;)V' in 'java/lang/ref/Reference')}
  0x000001ed0c45ebbc: 6c43 0749 | bad8 2904 | 28ed 0100 | 004c 8954 | 2408 48c7 | 0424 ffff 

  0x000001ed0c45ebd4: ;   {runtime_call counter_overflow Runtime1 stub}
  0x000001ed0c45ebd4: ffff e8a5 

  0x000001ed0c45ebd8: ; ImmutableOopMap {rax=Oop rsi=Oop }
                      ;*synchronization entry
                      ; - java.lang.ref.Reference::reachabilityFence@-1 (line 621)
                      ; - java.security.AccessController::executePrivileged@56 (line 781)
                      ; - java.security.AccessController::doPrivileged@13 (line 399)
  0x000001ed0c45ebd8: bd43 07e9 | 4bff ffff 

  0x000001ed0c45ebe0: ;   {metadata({method} {0x000001ed280429e0} 'reachabilityFence' '(Ljava/lang/Object;)V' in 'java/lang/ref/Reference')}
  0x000001ed0c45ebe0: 49ba d829 | 0428 ed01 | 0000 4c89 | 5424 0848 | c704 24ff 

  0x000001ed0c45ebf4: ;   {runtime_call counter_overflow Runtime1 stub}
  0x000001ed0c45ebf4: ffff ffe8 

  0x000001ed0c45ebf8: ; ImmutableOopMap {rax=Oop }
                      ;*synchronization entry
                      ; - java.lang.ref.Reference::reachabilityFence@-1 (line 621)
                      ; - java.security.AccessController::executePrivileged@60 (line 782)
                      ; - java.security.AccessController::doPrivileged@13 (line 399)
  0x000001ed0c45ebf8: 84bd 4307 | e964 ffff 

  0x000001ed0c45ec00: ;   {internal_word}
  0x000001ed0c45ec00: ff49 ba6a | eb45 0ced | 0100 004d | 8997 6803 

  0x000001ed0c45ec10: ;   {runtime_call SafepointBlob}
  0x000001ed0c45ec10: 0000 e9e9 | 8d39 0790 | 9049 8b87 | e003 0000 | 49c7 87e0 | 0300 0000 | 0000 0049 | c787 e803 
  0x000001ed0c45ec30: 0000 0000 | 0000 4883 

  0x000001ed0c45ec38: ;   {runtime_call unwind_exception Runtime1 stub}
  0x000001ed0c45ec38: c470 5de9 | c08c 3a07 
[Stub Code]
  0x000001ed0c45ec40: ;   {no_reloc}
  0x000001ed0c45ec40: 0f1f 4400 

  0x000001ed0c45ec44: ;   {static_stub}
  0x000001ed0c45ec44: 0048 bb00 | 0000 0000 

  0x000001ed0c45ec4c: ;   {runtime_call}
  0x000001ed0c45ec4c: 0000 00e9 | fbff ffff 

  0x000001ed0c45ec54: ;   {static_stub}
  0x000001ed0c45ec54: 9048 bb30 | c603 28ed 

  0x000001ed0c45ec5c: ;   {runtime_call I2C/C2I adapters}
  0x000001ed0c45ec5c: 0100 00e9 | f979 3907 

  0x000001ed0c45ec64: ;   {static_stub}
  0x000001ed0c45ec64: 9048 bb00 | 0000 0000 

  0x000001ed0c45ec6c: ;   {runtime_call}
  0x000001ed0c45ec6c: 0000 00e9 | fbff ffff 

  0x000001ed0c45ec74: ;   {static_stub}
  0x000001ed0c45ec74: 9048 bb00 | 0000 0000 

  0x000001ed0c45ec7c: ;   {runtime_call}
  0x000001ed0c45ec7c: 0000 00e9 | fbff ffff 
[Exception Handler]
  0x000001ed0c45ec84: ;   {runtime_call handle_exception_from_callee Runtime1 stub}
  0x000001ed0c45ec84: e8f7 8943 

  0x000001ed0c45ec88: ;   {external_word}
  0x000001ed0c45ec88: 0748 b9a0 | 8db4 b0fa | 7f00 0048 

  0x000001ed0c45ec94: ;   {runtime_call MacroAssembler::debug64}
  0x000001ed0c45ec94: 83e4 f049 | ba50 e17c | b0fa 7f00 | 0041 ffd2 

  0x000001ed0c45eca4: ;   {section_word}
  0x000001ed0c45eca4: f449 baa5 | ec45 0ced | 0100 0041 

  0x000001ed0c45ecb0: ;   {runtime_call DeoptimizationBlob}
  0x000001ed0c45ecb0: 52e9 ea7f | 3907 f4f4 
[/MachCode]


Compiled method (c1)    6432 4277   !   3       com.sun.glass.ui.InvokeLaterDispatcher$Future::run (91 bytes)
 total in heap  [0x000001ed0cac3f90,0x000001ed0cac4938] = 2472
 relocation     [0x000001ed0cac40e8,0x000001ed0cac4168] = 128
 main code      [0x000001ed0cac4180,0x000001ed0cac45e0] = 1120
 stub code      [0x000001ed0cac45e0,0x000001ed0cac4648] = 104
 oops           [0x000001ed0cac4648,0x000001ed0cac4650] = 8
 metadata       [0x000001ed0cac4650,0x000001ed0cac4658] = 8
 scopes data    [0x000001ed0cac4658,0x000001ed0cac4710] = 184
 scopes pcs     [0x000001ed0cac4710,0x000001ed0cac4820] = 272
 dependencies   [0x000001ed0cac4820,0x000001ed0cac4828] = 8
 handler table  [0x000001ed0cac4828,0x000001ed0cac48e8] = 192
 nul chk table  [0x000001ed0cac48e8,0x000001ed0cac4938] = 80

[Constant Pool (empty)]

[MachCode]
[Entry Point]
  # {method} {0x000001ed28a5e4f8} 'run' '()V' in 'com/sun/glass/ui/InvokeLaterDispatcher$Future'
  #           [sp+0x70]  (sp of caller)
  0x000001ed0cac4180: 448b 5208 | 49bb 0000 | 0000 0800 | 0000 4d03 | d34c 3bd0 

  0x000001ed0cac4194: ;   {runtime_call ic_miss_stub}
  0x000001ed0cac4194: 0f85 e6ce | d206 660f | 1f44 0000 
[Verified Entry Point]
  0x000001ed0cac41a0: 8984 2400 | 90ff ff55 | 4883 ec60 

  0x000001ed0cac41ac: ;   {metadata(method data for {method} {0x000001ed28a5e4f8} 'run' '()V' in 'com/sun/glass/ui/InvokeLaterDispatcher$Future')}
  0x000001ed0cac41ac: 48be 58e0 | b529 ed01 | 0000 8bbe | cc00 0000 | 83c7 0289 | becc 0000 | 0081 e7fe | 0700 0083 
  0x000001ed0cac41cc: ff00 0f84 | fe02 0000 | 8b72 1048 | c1e6 0348 | 3b06 488b 

  0x000001ed0cac41e0: ;   {metadata(method data for {method} {0x000001ed28a5e4f8} 'run' '()V' in 'com/sun/glass/ui/InvokeLaterDispatcher$Future')}
  0x000001ed0cac41e0: fe48 bb58 | e0b5 29ed | 0100 008b | 7f08 49ba | 0000 0000 | 0800 0000 | 4903 fa48 | 3bbb 2001 
  0x000001ed0cac4200: 0000 750d | 4883 8328 | 0100 0001 | e966 0000 | 0048 3bbb | 3001 0000 | 750d 4883 | 8338 0100 
  0x000001ed0cac4220: 0001 e950 | 0000 0048 | 81bb 2001 | 0000 0000 | 0000 7517 | 4889 bb20 | 0100 0048 | c783 2801 
  0x000001ed0cac4240: 0000 0100 | 0000 e92c | 0000 0048 | 81bb 3001 | 0000 0000 | 0000 7517 | 4889 bb30 | 0100 0048 
  0x000001ed0cac4260: c783 3801 | 0000 0100 | 0000 e908 | 0000 0048 | 8383 1001 | 0000 0148 | 8954 2420 | 488b d666 
  0x000001ed0cac4280: 0f1f 4400 | 0048 b840 | fc6d 3aed 

  0x000001ed0cac428c: ;   {virtual_call}
  0x000001ed0cac428c: 0100 00e8 

  0x000001ed0cac4290: ; ImmutableOopMap {[32]=Oop }
                      ;*invokeinterface run {reexecute=0 rethrow=0 return_oop=0}
                      ; - com.sun.glass.ui.InvokeLaterDispatcher$Future::run@4 (line 95)
  0x000001ed0cac4290: 0ce7 dd06 | 488b 5424 | 208b 4214 | 48c1 e003 

  0x000001ed0cac42a0: ; implicit exception: dispatches to 0x000001ed0cac44f8
  0x000001ed0cac42a0: 8bb0 7801 | 0000 48c1 | e603 488d | 7c24 4048 | 8977 0848 | 8b06 4883 | c801 4889 | 07f0 480f 
  0x000001ed0cac42c0: b13e 0f84 | 1300 0000 | 482b c448 | 81e0 07f0 | ffff 4889 | 070f 8527 | 0200 0048 | 8974 2428 
  0x000001ed0cac42e0: c642 0c01 | 8b52 1448 | c1e2 038b | 9278 0100 | 0048 c1e2 | 0348 3b02 

  0x000001ed0cac42f8: ;   {metadata(method data for {method} {0x000001ed28a5e4f8} 'run' '()V' in 'com/sun/glass/ui/InvokeLaterDispatcher$Future')}
  0x000001ed0cac42f8: 488b fa48 | bb58 e0b5 | 29ed 0100 | 0048 8383 | 4801 0000 

  0x000001ed0cac430c: ;   {optimized virtual_call}
  0x000001ed0cac430c: 0166 90e8 

  0x000001ed0cac4310: ; ImmutableOopMap {[40]=Oop [72]=Oop }
                      ;*invokevirtual notifyAll {reexecute=0 rethrow=0 return_oop=0}
                      ; - com.sun.glass.ui.InvokeLaterDispatcher$Future::run@31 (line 99)
  0x000001ed0cac4310: 2c6c 3507 | 488d 4424 | 4048 8b10 | 4885 d20f | 840f 0000 | 0048 8b70 | 08f0 480f | b116 0f85 
  0x000001ed0cac4330: eb01 0000 

  0x000001ed0cac4334: ;   {metadata(method data for {method} {0x000001ed28a5e4f8} 'run' '()V' in 'com/sun/glass/ui/InvokeLaterDispatcher$Future')}
  0x000001ed0cac4334: 48b8 58e0 | b529 ed01 | 0000 ff80 | 8001 0000 | e9c0 0000 | 0049 8b87 | e003 0000 | 4d33 d24d 
  0x000001ed0cac4354: 8997 e003 | 0000 4d33 | d24d 8997 | e803 0000 | 8b72 1448 | c1e6 038b | b678 0100 | 0048 c1e6 
  0x000001ed0cac4374: 0348 8d7c | 2440 4889 | 4424 3048 | 8977 0848 | 8b06 4883 | c801 4889 | 07f0 480f | b13e 0f84 
  0x000001ed0cac4394: 1300 0000 | 482b c448 | 81e0 07f0 | ffff 4889 | 070f 8591 | 0100 0048 | 8974 2438 | c642 0c01 
  0x000001ed0cac43b4: 8b52 1448 | c1e2 038b | 9278 0100 | 0048 c1e2 | 0348 3b02 

  0x000001ed0cac43c8: ;   {metadata(method data for {method} {0x000001ed28a5e4f8} 'run' '()V' in 'com/sun/glass/ui/InvokeLaterDispatcher$Future')}
  0x000001ed0cac43c8: 488b fa48 | bb58 e0b5 | 29ed 0100 | 0048 8383 | b001 0000 

  0x000001ed0cac43dc: ;   {optimized virtual_call}
  0x000001ed0cac43dc: 0166 90e8 

  0x000001ed0cac43e0: ; ImmutableOopMap {[48]=Oop [56]=Oop [72]=Oop }
                      ;*invokevirtual notifyAll {reexecute=0 rethrow=0 return_oop=0}
                      ; - com.sun.glass.ui.InvokeLaterDispatcher$Future::run@71 (line 99)
  0x000001ed0cac43e0: 9ccf d206 | 488d 4424 | 4048 8b30 | 4885 f60f | 840f 0000 | 0048 8b78 | 08f0 480f | b137 0f85 
  0x000001ed0cac4400: 5501 0000 | e923 0000 

  0x000001ed0cac4408: ;   {metadata(method data for {method} {0x000001ed28a5e4f8} 'run' '()V' in 'com/sun/glass/ui/InvokeLaterDispatcher$Future')}
  0x000001ed0cac4408: 0048 b858 | e0b5 29ed | 0100 00ff | 8098 0100 | 0048 83c4 

  0x000001ed0cac441c: ;   {poll_return}
  0x000001ed0cac441c: 605d 493b | a750 0300 | 000f 8741 | 0100 00c3 

  0x000001ed0cac442c: ;   {metadata(method data for {method} {0x000001ed28a5e4f8} 'run' '()V' in 'com/sun/glass/ui/InvokeLaterDispatcher$Future')}
  0x000001ed0cac442c: 48b8 58e0 | b529 ed01 | 0000 ff80 | e801 0000 | 488b 4424 | 30e9 8b01 | 0000 498b | 87e0 0300 
  0x000001ed0cac444c: 004d 33d2 | 4d89 97e0 | 0300 004d | 33d2 4d89 | 97e8 0300 | 0048 8bf0 | 488d 4424 | 4048 8b38 
  0x000001ed0cac446c: 4885 ff0f | 840f 0000 | 0048 8b58 | 08f0 480f | b13b 0f85 | fe00 0000 | 488b c6e9 | 4501 0000 
  0x000001ed0cac448c: 498b 87e0 | 0300 004d | 33d2 4d89 | 97e0 0300 | 004d 33d2 | 4d89 97e8 | 0300 0048 | 8bf0 488d 
  0x000001ed0cac44ac: 4424 4048 | 8b38 4885 | ff0f 840f | 0000 0048 | 8b58 08f0 | 480f b13b | 0f85 cb00 | 0000 488b 
  0x000001ed0cac44cc: c6e9 ff00 

  0x000001ed0cac44d0: ;   {metadata({method} {0x000001ed28a5e4f8} 'run' '()V' in 'com/sun/glass/ui/InvokeLaterDispatcher$Future')}
  0x000001ed0cac44d0: 0000 49ba | f0e4 a528 | ed01 0000 | 4c89 5424 | 0848 c704 | 24ff ffff 

  0x000001ed0cac44e8: ;   {runtime_call counter_overflow Runtime1 stub}
  0x000001ed0cac44e8: ffe8 9264 

  0x000001ed0cac44ec: ; ImmutableOopMap {rdx=Oop }
                      ;*synchronization entry
                      ; - com.sun.glass.ui.InvokeLaterDispatcher$Future::run@-1 (line 95)
  0x000001ed0cac44ec: dd06 e9e1 

  0x000001ed0cac44f0: ;   {runtime_call throw_null_pointer_exception Runtime1 stub}
  0x000001ed0cac44f0: fcff ffe8 

  0x000001ed0cac44f4: ; ImmutableOopMap {rdx=Oop rsi=Oop }
                      ;*invokeinterface run {reexecute=0 rethrow=0 return_oop=0}
                      ; - com.sun.glass.ui.InvokeLaterDispatcher$Future::run@4 (line 95)
  0x000001ed0cac44f4: a813 dd06 

  0x000001ed0cac44f8: ;   {runtime_call throw_null_pointer_exception Runtime1 stub}
  0x000001ed0cac44f8: e8a3 13dd 

  0x000001ed0cac44fc: ; ImmutableOopMap {rdx=Oop }
                      ;*getfield LOCK {reexecute=1 rethrow=0 return_oop=0}
                      ; - (reexecute) com.sun.glass.ui.InvokeLaterDispatcher$Future::run@13 (line 97)
                      ;   {runtime_call throw_null_pointer_exception Runtime1 stub}
  0x000001ed0cac44fc: 06e8 9e13 

  0x000001ed0cac4500: ; ImmutableOopMap {rdx=Oop rsi=Oop }
                      ;*monitorenter {reexecute=0 rethrow=0 return_oop=0}
                      ; - com.sun.glass.ui.InvokeLaterDispatcher$Future::run@18 (line 97)
  0x000001ed0cac4500: dd06 4889 | 7424 0848 

  0x000001ed0cac4508: ;   {runtime_call monitorenter_nofpu Runtime1 stub}
  0x000001ed0cac4508: 893c 24e8 

  0x000001ed0cac450c: ; ImmutableOopMap {rdx=Oop rsi=Oop [72]=Oop }
                      ;*monitorenter {reexecute=0 rethrow=0 return_oop=0}
                      ; - com.sun.glass.ui.InvokeLaterDispatcher$Future::run@18 (line 97)
  0x000001ed0cac450c: 7043 dd06 | e9c6 fdff 

  0x000001ed0cac4514: ;   {runtime_call throw_null_pointer_exception Runtime1 stub}
  0x000001ed0cac4514: ffe8 8613 

  0x000001ed0cac4518: ; ImmutableOopMap {[40]=Oop [72]=Oop }
                      ;*getfield LOCK {reexecute=1 rethrow=0 return_oop=0}
                      ; - (reexecute) com.sun.glass.ui.InvokeLaterDispatcher$Future::run@28 (line 99)
                      ;   {runtime_call throw_null_pointer_exception Runtime1 stub}
  0x000001ed0cac4518: dd06 e881 

  0x000001ed0cac451c: ; ImmutableOopMap {[40]=Oop rdx=Oop [72]=Oop }
                      ;*invokevirtual notifyAll {reexecute=0 rethrow=0 return_oop=0}
                      ; - com.sun.glass.ui.InvokeLaterDispatcher$Future::run@31 (line 99)
  0x000001ed0cac451c: 13dd 0648 | 8d44 2440 | 4889 0424 

  0x000001ed0cac4528: ;   {runtime_call monitorexit_nofpu Runtime1 stub}
  0x000001ed0cac4528: e853 49dd | 06e9 02fe 

  0x000001ed0cac4530: ;   {runtime_call throw_null_pointer_exception Runtime1 stub}
  0x000001ed0cac4530: ffff e869 

  0x000001ed0cac4534: ; ImmutableOopMap {rdx=Oop rax=Oop }
                      ;*getfield LOCK {reexecute=1 rethrow=0 return_oop=0}
                      ; - (reexecute) com.sun.glass.ui.InvokeLaterDispatcher$Future::run@52 (line 97)
                      ;   {runtime_call throw_null_pointer_exception Runtime1 stub}
  0x000001ed0cac4534: 13dd 06e8 

  0x000001ed0cac4538: ; ImmutableOopMap {rdx=Oop rsi=Oop [48]=Oop }
                      ;*monitorenter {reexecute=0 rethrow=0 return_oop=0}
                      ; - com.sun.glass.ui.InvokeLaterDispatcher$Future::run@58 (line 97)
  0x000001ed0cac4538: 6413 dd06 | 4889 7424 | 0848 893c 

  0x000001ed0cac4544: ;   {runtime_call monitorenter_nofpu Runtime1 stub}
  0x000001ed0cac4544: 24e8 3643 

  0x000001ed0cac4548: ; ImmutableOopMap {rdx=Oop rsi=Oop [48]=Oop [72]=Oop }
                      ;*monitorenter {reexecute=0 rethrow=0 return_oop=0}
                      ; - com.sun.glass.ui.InvokeLaterDispatcher$Future::run@58 (line 97)
  0x000001ed0cac4548: dd06 e95c 

  0x000001ed0cac454c: ;   {runtime_call throw_null_pointer_exception Runtime1 stub}
  0x000001ed0cac454c: feff ffe8 

  0x000001ed0cac4550: ; ImmutableOopMap {[56]=Oop [48]=Oop [72]=Oop }
                      ;*getfield LOCK {reexecute=1 rethrow=0 return_oop=0}
                      ; - (reexecute) com.sun.glass.ui.InvokeLaterDispatcher$Future::run@68 (line 99)
  0x000001ed0cac4550: 4c13 dd06 

  0x000001ed0cac4554: ;   {runtime_call throw_null_pointer_exception Runtime1 stub}
  0x000001ed0cac4554: e847 13dd 

  0x000001ed0cac4558: ; ImmutableOopMap {[56]=Oop [48]=Oop rdx=Oop [72]=Oop }
                      ;*invokevirtual notifyAll {reexecute=0 rethrow=0 return_oop=0}
                      ; - com.sun.glass.ui.InvokeLaterDispatcher$Future::run@71 (line 99)
  0x000001ed0cac4558: 0648 8d44 | 2440 4889 

  0x000001ed0cac4560: ;   {runtime_call monitorexit_nofpu Runtime1 stub}
  0x000001ed0cac4560: 0424 e819 | 49dd 06e9 | 98fe ffff 

  0x000001ed0cac456c: ;   {internal_word}
  0x000001ed0cac456c: 49ba 1e44 | ac0c ed01 | 0000 4d89 | 9768 0300 

  0x000001ed0cac457c: ;   {runtime_call SafepointBlob}
  0x000001ed0cac457c: 00e9 7e34 | d306 488d | 4424 4048 

  0x000001ed0cac4588: ;   {runtime_call monitorexit_nofpu Runtime1 stub}
  0x000001ed0cac4588: 8904 24e8 | f048 dd06 | e9ef feff | ff48 8d44 | 2440 4889 

  0x000001ed0cac459c: ;   {runtime_call monitorexit_nofpu Runtime1 stub}
  0x000001ed0cac459c: 0424 e8dd | 48dd 06e9 | 22ff ffff | 488b 5424 | 20e9 97fd | ffff 9090 | 498b 87e0 | 0300 0049 
  0x000001ed0cac45bc: c787 e003 | 0000 0000 | 0000 49c7 | 87e8 0300 | 0000 0000 | 0048 83c4 

  0x000001ed0cac45d4: ;   {runtime_call unwind_exception Runtime1 stub}
  0x000001ed0cac45d4: 605d e925 | 33d4 06f4 | f4f4 f4f4 
[Stub Code]
  0x000001ed0cac45e0: ;   {no_reloc}
  0x000001ed0cac45e0: 0f1f 4400 

  0x000001ed0cac45e4: ;   {static_stub}
  0x000001ed0cac45e4: 0048 bb00 | 0000 0000 

  0x000001ed0cac45ec: ;   {runtime_call}
  0x000001ed0cac45ec: 0000 00e9 | fbff ffff 

  0x000001ed0cac45f4: ;   {static_stub}
  0x000001ed0cac45f4: 9048 bb00 | 0000 0000 

  0x000001ed0cac45fc: ;   {runtime_call}
  0x000001ed0cac45fc: 0000 00e9 | fbff ffff 

  0x000001ed0cac4604: ;   {static_stub}
  0x000001ed0cac4604: 9048 bb00 | 0000 0000 

  0x000001ed0cac460c: ;   {runtime_call}
  0x000001ed0cac460c: 0000 00e9 | fbff ffff 
[Exception Handler]
  0x000001ed0cac4614: ;   {runtime_call handle_exception_from_callee Runtime1 stub}
  0x000001ed0cac4614: e867 30dd 

  0x000001ed0cac4618: ;   {external_word}
  0x000001ed0cac4618: 0648 b9a0 | 8db4 b0fa | 7f00 0048 

  0x000001ed0cac4624: ;   {runtime_call MacroAssembler::debug64}
  0x000001ed0cac4624: 83e4 f049 | ba50 e17c | b0fa 7f00 | 0041 ffd2 

  0x000001ed0cac4634: ;   {section_word}
  0x000001ed0cac4634: f449 ba35 | 46ac 0ced | 0100 0041 

  0x000001ed0cac4640: ;   {runtime_call DeoptimizationBlob}
  0x000001ed0cac4640: 52e9 5a26 | d306 f4f4 
[/MachCode]


---------------  P R O C E S S  ---------------

Threads class SMR info:
_java_thread_list=0x000001ed37c8e590, length=20, elements={
0x000001ed08a916e0, 0x000001ed27b71350, 0x000001ed27b720e0, 0x000001ed27bad460,
0x000001ed27bd1290, 0x000001ed27bd1b60, 0x000001ed27bc6af0, 0x000001ed27bc7300,
0x000001ed27bc7cc0, 0x000001ed27bca5e0, 0x000001ed27c92d60, 0x000001ed2c3270c0,
0x000001ed2c2cce10, 0x000001ed2c2cc900, 0x000001ed2c2cd830, 0x000001ed2c2cd320,
0x000001ed2c2cbee0, 0x000001ed2c2cc3f0, 0x000001ed38e7ab60, 0x000001ed38e7ced0
}

Java Threads: ( => current thread )
  0x000001ed08a916e0 JavaThread "main" [_thread_blocked, id=2696, stack(0x00000045a0600000,0x00000045a0700000)]
  0x000001ed27b71350 JavaThread "Reference Handler" daemon [_thread_blocked, id=6904, stack(0x00000045a0d00000,0x00000045a0e00000)]
  0x000001ed27b720e0 JavaThread "Finalizer" daemon [_thread_blocked, id=6492, stack(0x00000045a0e00000,0x00000045a0f00000)]
  0x000001ed27bad460 JavaThread "Signal Dispatcher" daemon [_thread_blocked, id=3732, stack(0x00000045a0f00000,0x00000045a1000000)]
  0x000001ed27bd1290 JavaThread "Attach Listener" daemon [_thread_blocked, id=11896, stack(0x00000045a1000000,0x00000045a1100000)]
  0x000001ed27bd1b60 JavaThread "Service Thread" daemon [_thread_blocked, id=18188, stack(0x00000045a1100000,0x00000045a1200000)]
  0x000001ed27bc6af0 JavaThread "Monitor Deflation Thread" daemon [_thread_blocked, id=18096, stack(0x00000045a1200000,0x00000045a1300000)]
  0x000001ed27bc7300 JavaThread "C2 CompilerThread0" daemon [_thread_blocked, id=14528, stack(0x00000045a1300000,0x00000045a1400000)]
  0x000001ed27bc7cc0 JavaThread "C1 CompilerThread0" daemon [_thread_blocked, id=13912, stack(0x00000045a1400000,0x00000045a1500000)]
  0x000001ed27bca5e0 JavaThread "Sweeper thread" daemon [_thread_blocked, id=21196, stack(0x00000045a1500000,0x00000045a1600000)]
  0x000001ed27c92d60 JavaThread "Common-Cleaner" daemon [_thread_blocked, id=11676, stack(0x00000045a1600000,0x00000045a1700000)]
  0x000001ed2c3270c0 JavaThread "Notification Thread" daemon [_thread_blocked, id=9664, stack(0x00000045a1900000,0x00000045a1a00000)]
  0x000001ed2c2cce10 JavaThread "QuantumRenderer-0" daemon [_thread_blocked, id=2764, stack(0x00000045a1b00000,0x00000045a1c00000)]
  0x000001ed2c2cc900 JavaThread "InvokeLaterDispatcher" daemon [_thread_blocked, id=15008, stack(0x00000045a1c00000,0x00000045a1d00000)]
=>0x000001ed2c2cd830 JavaThread "JavaFX Application Thread" [_thread_in_native, id=9900, stack(0x00000045a1d00000,0x00000045a1e00000)]
  0x000001ed2c2cd320 JavaThread "JavaFX-Launcher" [_thread_blocked, id=18760, stack(0x00000045a2e00000,0x00000045a2f00000)]
  0x000001ed2c2cbee0 JavaThread "Thread-2" daemon [_thread_in_native, id=21088, stack(0x00000045a2d00000,0x00000045a2e00000)]
  0x000001ed2c2cc3f0 JavaThread "mysql-cj-abandoned-connection-cleanup" daemon [_thread_blocked, id=18292, stack(0x00000045a3500000,0x00000045a3600000)]
  0x000001ed38e7ab60 JavaThread "Prism Font Disposer" daemon [_thread_blocked, id=320, stack(0x00000045a4000000,0x00000045a4100000)]
  0x000001ed38e7ced0 JavaThread "Cleaner-0" daemon [_thread_blocked, id=17732, stack(0x00000045a4100000,0x00000045a4200000)]

Other Threads:
  0x000001ed27b6f730 VMThread "VM Thread" [stack: 0x00000045a0c00000,0x00000045a0d00000] [id=9776]
  0x000001ed2c232290 WatcherThread [stack: 0x00000045a1a00000,0x00000045a1b00000] [id=2376]
  0x000001ed08afbc30 GCTaskThread "GC Thread#0" [stack: 0x00000045a0700000,0x00000045a0800000] [id=11204]
  0x000001ed2d3cadd0 GCTaskThread "GC Thread#1" [stack: 0x00000045a2f00000,0x00000045a3000000] [id=16004]
  0x000001ed2d461480 GCTaskThread "GC Thread#2" [stack: 0x00000045a3000000,0x00000045a3100000] [id=18728]
  0x000001ed2d461740 GCTaskThread "GC Thread#3" [stack: 0x00000045a3100000,0x00000045a3200000] [id=14164]
  0x000001ed2d46d320 GCTaskThread "GC Thread#4" [stack: 0x00000045a3200000,0x00000045a3300000] [id=13652]
  0x000001ed2d497cf0 GCTaskThread "GC Thread#5" [stack: 0x00000045a3300000,0x00000045a3400000] [id=19660]
  0x000001ed2d4f24e0 GCTaskThread "GC Thread#6" [stack: 0x00000045a3400000,0x00000045a3500000] [id=5036]
  0x000001ed388545e0 GCTaskThread "GC Thread#7" [stack: 0x00000045a3600000,0x00000045a3700000] [id=19200]
  0x000001ed3799e000 GCTaskThread "GC Thread#8" [stack: 0x00000045a3700000,0x00000045a3800000] [id=6164]
  0x000001ed2d750760 GCTaskThread "GC Thread#9" [stack: 0x00000045a3800000,0x00000045a3900000] [id=14644]
  0x000001ed08b0c5e0 ConcurrentGCThread "G1 Main Marker" [stack: 0x00000045a0800000,0x00000045a0900000] [id=16684]
  0x000001ed08b0cf10 ConcurrentGCThread "G1 Conc#0" [stack: 0x00000045a0900000,0x00000045a0a00000] [id=12512]
  0x000001ed2d9b7400 ConcurrentGCThread "G1 Conc#1" [stack: 0x00000045a3900000,0x00000045a3a00000] [id=13340]
  0x000001ed2d9da210 ConcurrentGCThread "G1 Conc#2" [stack: 0x00000045a3a00000,0x00000045a3b00000] [id=1268]
  0x000001ed27891160 ConcurrentGCThread "G1 Refine#0" [stack: 0x00000045a0a00000,0x00000045a0b00000] [id=20600]
  0x000001ed2d9da4d0 ConcurrentGCThread "G1 Refine#1" [stack: 0x00000045a3b00000,0x00000045a3c00000] [id=5468]
  0x000001ed2db3a5c0 ConcurrentGCThread "G1 Refine#2" [stack: 0x00000045a3c00000,0x00000045a3d00000] [id=18784]
  0x000001ed278919a0 ConcurrentGCThread "G1 Service" [stack: 0x00000045a0b00000,0x00000045a0c00000] [id=6072]

Threads with active compile tasks:

VM state: not at safepoint (normal execution)

VM Mutex/Monitor currently owned by a thread: None

Heap address: 0x0000000704a00000, size: 4022 MB, Compressed Oops mode: Zero based, Oop shift amount: 3

CDS archive(s) not mapped
Compressed class space mapped at: 0x0000000800000000-0x0000000840000000, reserved size: 1073741824
Narrow klass base: 0x0000000800000000, Narrow klass shift: 0, Narrow klass range: 0x40000000

GC Precious Log:
 CPUs: 12 total, 12 available
 Memory: 16085M
 Large Page Support: Disabled
 NUMA Support: Disabled
 Compressed Oops: Enabled (Zero based)
 Heap Region Size: 2M
 Heap Min Capacity: 8M
 Heap Initial Capacity: 252M
 Heap Max Capacity: 4022M
 Pre-touch: Disabled
 Parallel Workers: 10
 Concurrent Workers: 3
 Concurrent Refinement Workers: 10
 Periodic GC: Disabled

Heap:
 garbage-first heap   total 116736K, used 46289K [0x0000000704a00000, 0x0000000800000000)
  region size 2048K, 5 young (10240K), 1 survivors (2048K)
 Metaspace       used 32379K, committed 32640K, reserved 1114112K
  class space    used 4237K, committed 4352K, reserved 1048576K

Heap Regions: E=young(eden), S=young(survivor), O=old, HS=humongous(starts), HC=humongous(continues), CS=collection set, F=free, OA=open archive, CA=closed archive, TAMS=top-at-mark-start (previous, next)
|   0|0x0000000704a00000, 0x0000000704c00000, 0x0000000704c00000|100%|HS|  |TAMS 0x0000000704c00000, 0x0000000704a00000| Complete 
|   1|0x0000000704c00000, 0x0000000704e00000, 0x0000000704e00000|100%|HC|  |TAMS 0x0000000704e00000, 0x0000000704c00000| Complete 
|   2|0x0000000704e00000, 0x0000000705000000, 0x0000000705000000|100%|HC|  |TAMS 0x0000000705000000, 0x0000000704e00000| Complete 
|   3|0x0000000705000000, 0x0000000705200000, 0x0000000705200000|100%|HC|  |TAMS 0x0000000705200000, 0x0000000705000000| Complete 
|   4|0x0000000705200000, 0x0000000705400000, 0x0000000705400000|100%|HC|  |TAMS 0x0000000705400000, 0x0000000705200000| Complete 
|   5|0x0000000705400000, 0x0000000705600000, 0x0000000705600000|100%|HS|  |TAMS 0x0000000705600000, 0x0000000705400000| Complete 
|   6|0x0000000705600000, 0x0000000705800000, 0x0000000705800000|100%|HC|  |TAMS 0x0000000705800000, 0x0000000705600000| Complete 
|   7|0x0000000705800000, 0x0000000705a00000, 0x0000000705a00000|100%|HC|  |TAMS 0x0000000705a00000, 0x0000000705800000| Complete 
|   8|0x0000000705a00000, 0x0000000705c00000, 0x0000000705c00000|100%|HC|  |TAMS 0x0000000705c00000, 0x0000000705a00000| Complete 
|   9|0x0000000705c00000, 0x0000000705e00000, 0x0000000705e00000|100%|HC|  |TAMS 0x0000000705e00000, 0x0000000705c00000| Complete 
|  10|0x0000000705e00000, 0x0000000706000000, 0x0000000706000000|100%|HS|  |TAMS 0x0000000706000000, 0x0000000705e00000| Complete 
|  11|0x0000000706000000, 0x0000000706200000, 0x0000000706200000|100%| O|  |TAMS 0x0000000706000000, 0x0000000706000000| Untracked 
|  12|0x0000000706200000, 0x0000000706200000, 0x0000000706400000|  0%| F|  |TAMS 0x0000000706200000, 0x0000000706200000| Untracked 
|  13|0x0000000706400000, 0x0000000706600000, 0x0000000706600000|100%| O|  |TAMS 0x0000000706400000, 0x0000000706400000| Untracked 
|  14|0x0000000706600000, 0x0000000706800000, 0x0000000706800000|100%|HS|  |TAMS 0x0000000706600000, 0x0000000706600000| Complete 
|  15|0x0000000706800000, 0x0000000706a00000, 0x0000000706a00000|100%| O|  |TAMS 0x0000000706800000, 0x0000000706800000| Untracked 
|  16|0x0000000706a00000, 0x0000000706c00000, 0x0000000706c00000|100%| O|  |TAMS 0x0000000706a00000, 0x0000000706a00000| Untracked 
|  17|0x0000000706c00000, 0x0000000706e00000, 0x0000000706e00000|100%| O|  |TAMS 0x0000000706c00000, 0x0000000706c00000| Untracked 
|  18|0x0000000706e00000, 0x0000000707000000, 0x0000000707000000|100%| O|  |TAMS 0x0000000706e00000, 0x0000000706e00000| Untracked 
|  19|0x0000000707000000, 0x00000007071ecc00, 0x0000000707200000| 96%| O|  |TAMS 0x0000000707000000, 0x0000000707000000| Untracked 
|  20|0x0000000707200000, 0x0000000707200000, 0x0000000707400000|  0%| F|  |TAMS 0x0000000707200000, 0x0000000707200000| Untracked 
|  21|0x0000000707400000, 0x0000000707400000, 0x0000000707600000|  0%| F|  |TAMS 0x0000000707400000, 0x0000000707400000| Untracked 
|  22|0x0000000707600000, 0x0000000707600000, 0x0000000707800000|  0%| F|  |TAMS 0x0000000707600000, 0x0000000707600000| Untracked 
|  23|0x0000000707800000, 0x0000000707800000, 0x0000000707a00000|  0%| F|  |TAMS 0x0000000707800000, 0x0000000707800000| Untracked 
|  24|0x0000000707a00000, 0x0000000707a00000, 0x0000000707c00000|  0%| F|  |TAMS 0x0000000707a00000, 0x0000000707a00000| Untracked 
|  25|0x0000000707c00000, 0x0000000707c00000, 0x0000000707e00000|  0%| F|  |TAMS 0x0000000707c00000, 0x0000000707c00000| Untracked 
|  26|0x0000000707e00000, 0x0000000707e00000, 0x0000000708000000|  0%| F|  |TAMS 0x0000000707e00000, 0x0000000707e00000| Untracked 
|  27|0x0000000708000000, 0x0000000708000000, 0x0000000708200000|  0%| F|  |TAMS 0x0000000708000000, 0x0000000708000000| Untracked 
|  28|0x0000000708200000, 0x0000000708200000, 0x0000000708400000|  0%| F|  |TAMS 0x0000000708200000, 0x0000000708200000| Untracked 
|  29|0x0000000708400000, 0x0000000708400000, 0x0000000708600000|  0%| F|  |TAMS 0x0000000708400000, 0x0000000708400000| Untracked 
|  30|0x0000000708600000, 0x0000000708600000, 0x0000000708800000|  0%| F|  |TAMS 0x0000000708600000, 0x0000000708600000| Untracked 
|  31|0x0000000708800000, 0x0000000708800000, 0x0000000708a00000|  0%| F|  |TAMS 0x0000000708800000, 0x0000000708800000| Untracked 
|  32|0x0000000708a00000, 0x0000000708a00000, 0x0000000708c00000|  0%| F|  |TAMS 0x0000000708a00000, 0x0000000708a00000| Untracked 
|  33|0x0000000708c00000, 0x0000000708c00000, 0x0000000708e00000|  0%| F|  |TAMS 0x0000000708c00000, 0x0000000708c00000| Untracked 
|  34|0x0000000708e00000, 0x0000000708e00000, 0x0000000709000000|  0%| F|  |TAMS 0x0000000708e00000, 0x0000000708e00000| Untracked 
|  35|0x0000000709000000, 0x0000000709000000, 0x0000000709200000|  0%| F|  |TAMS 0x0000000709000000, 0x0000000709000000| Untracked 
|  36|0x0000000709200000, 0x0000000709200000, 0x0000000709400000|  0%| F|  |TAMS 0x0000000709200000, 0x0000000709200000| Untracked 
|  37|0x0000000709400000, 0x0000000709400000, 0x0000000709600000|  0%| F|  |TAMS 0x0000000709400000, 0x0000000709400000| Untracked 
|  38|0x0000000709600000, 0x0000000709600000, 0x0000000709800000|  0%| F|  |TAMS 0x0000000709600000, 0x0000000709600000| Untracked 
|  39|0x0000000709800000, 0x0000000709800000, 0x0000000709a00000|  0%| F|  |TAMS 0x0000000709800000, 0x0000000709800000| Untracked 
|  40|0x0000000709a00000, 0x0000000709a00000, 0x0000000709c00000|  0%| F|  |TAMS 0x0000000709a00000, 0x0000000709a00000| Untracked 
|  41|0x0000000709c00000, 0x0000000709c00000, 0x0000000709e00000|  0%| F|  |TAMS 0x0000000709c00000, 0x0000000709c00000| Untracked 
|  42|0x0000000709e00000, 0x0000000709e00000, 0x000000070a000000|  0%| F|  |TAMS 0x0000000709e00000, 0x0000000709e00000| Untracked 
|  43|0x000000070a000000, 0x000000070a000000, 0x000000070a200000|  0%| F|  |TAMS 0x000000070a000000, 0x000000070a000000| Untracked 
|  44|0x000000070a200000, 0x000000070a200000, 0x000000070a400000|  0%| F|  |TAMS 0x000000070a200000, 0x000000070a200000| Untracked 
|  45|0x000000070a400000, 0x000000070a400000, 0x000000070a600000|  0%| F|  |TAMS 0x000000070a400000, 0x000000070a400000| Untracked 
|  46|0x000000070a600000, 0x000000070a600000, 0x000000070a800000|  0%| F|  |TAMS 0x000000070a600000, 0x000000070a600000| Untracked 
|  47|0x000000070a800000, 0x000000070a800000, 0x000000070aa00000|  0%| F|  |TAMS 0x000000070a800000, 0x000000070a800000| Untracked 
|  48|0x000000070aa00000, 0x000000070aa00000, 0x000000070ac00000|  0%| F|  |TAMS 0x000000070aa00000, 0x000000070aa00000| Untracked 
|  49|0x000000070ac00000, 0x000000070ac00000, 0x000000070ae00000|  0%| F|  |TAMS 0x000000070ac00000, 0x000000070ac00000| Untracked 
|  50|0x000000070ae00000, 0x000000070ae00000, 0x000000070b000000|  0%| F|  |TAMS 0x000000070ae00000, 0x000000070ae00000| Untracked 
|  51|0x000000070b000000, 0x000000070b000000, 0x000000070b200000|  0%| F|  |TAMS 0x000000070b000000, 0x000000070b000000| Untracked 
|  52|0x000000070b200000, 0x000000070b2e4698, 0x000000070b400000| 44%| E|  |TAMS 0x000000070b200000, 0x000000070b200000| Complete 
| 103|0x0000000711800000, 0x0000000711a00000, 0x0000000711a00000|100%| E|CS|TAMS 0x0000000711800000, 0x0000000711800000| Complete 
| 104|0x0000000711a00000, 0x0000000711c00000, 0x0000000711c00000|100%| E|CS|TAMS 0x0000000711a00000, 0x0000000711a00000| Complete 
| 105|0x0000000711c00000, 0x0000000711d47ae0, 0x0000000711e00000| 63%| S|CS|TAMS 0x0000000711c00000, 0x0000000711c00000| Complete 
| 125|0x0000000714400000, 0x0000000714600000, 0x0000000714600000|100%| E|CS|TAMS 0x0000000714400000, 0x0000000714400000| Complete 

Card table byte_map: [0x000001ed1bfa0000,0x000001ed1c780000] _byte_map_base: 0x000001ed1877b000

Marking Bits (Prev, Next): (CMBitMap*) 0x000001ed08afc1a0, (CMBitMap*) 0x000001ed08afc160
 Prev Bits: [0x000001ed20e40000, 0x000001ed24d18000)
 Next Bits: [0x000001ed1cf60000, 0x000001ed20e38000)

Polling page: 0x000001ed06a80000

Metaspace:

Usage:
  Non-class:     27.48 MB used.
      Class:      4.14 MB used.
       Both:     31.62 MB used.

Virtual space:
  Non-class space:       64.00 MB reserved,      27.62 MB ( 43%) committed,  1 nodes.
      Class space:        1.00 GB reserved,       4.25 MB ( <1%) committed,  1 nodes.
             Both:        1.06 GB reserved,      31.88 MB (  3%) committed. 

Chunk freelists:
   Non-Class:  3.95 MB
       Class:  11.76 MB
        Both:  15.72 MB

MaxMetaspaceSize: unlimited
CompressedClassSpaceSize: 1.00 GB
Initial GC threshold: 21.00 MB
Current GC threshold: 35.25 MB
CDS: off
MetaspaceReclaimPolicy: balanced
 - commit_granule_bytes: 65536.
 - commit_granule_words: 8192.
 - virtual_space_node_default_size: 8388608.
 - enlarge_chunks_in_place: 1.
 - new_chunks_are_fully_committed: 0.
 - uncommit_free_chunks: 1.
 - use_allocation_guard: 0.
 - handle_deallocations: 1.


Internal statistics:

num_allocs_failed_limit: 3.
num_arena_births: 226.
num_arena_deaths: 0.
num_vsnodes_births: 2.
num_vsnodes_deaths: 0.
num_space_committed: 510.
num_space_uncommitted: 0.
num_chunks_returned_to_freelist: 3.
num_chunks_taken_from_freelist: 1020.
num_chunk_merges: 0.
num_chunk_splits: 724.
num_chunks_enlarged: 570.
num_inconsistent_stats: 0.

CodeHeap 'non-profiled nmethods': size=120000Kb used=2615Kb max_used=2615Kb free=117384Kb
 bounds [0x000001ed13d40000, 0x000001ed13fd0000, 0x000001ed1b270000]
CodeHeap 'profiled nmethods': size=120000Kb used=9056Kb max_used=9056Kb free=110944Kb
 bounds [0x000001ed0c270000, 0x000001ed0cb50000, 0x000001ed137a0000]
CodeHeap 'non-nmethods': size=5760Kb used=1477Kb max_used=1522Kb free=4282Kb
 bounds [0x000001ed137a0000, 0x000001ed13a10000, 0x000001ed13d40000]
 total_blobs=5395 nmethods=4545 adapters=761
 compilation: enabled
              stopped_count=0, restarted_count=0
 full_count=0

Compilation events (20 events):
Event: 6.257 Thread 0x000001ed27bc7cc0 4538   !   3       com.sun.prism.impl.BaseResourceFactory::checkDisposed (34 bytes)
Event: 6.257 Thread 0x000001ed27bc7300 4540       4       com.sun.prism.impl.VertexBuffer::addQuad (444 bytes)
Event: 6.257 Thread 0x000001ed27bc7cc0 nmethod 4538 0x000001ed0cb41c90 code [0x000001ed0cb41e20, 0x000001ed0cb41fd8]
Event: 6.257 Thread 0x000001ed27bc7cc0 4539       3       com.sun.javafx.geom.Rectangle::<init> (10 bytes)
Event: 6.257 Thread 0x000001ed27bc7cc0 nmethod 4539 0x000001ed0cb42090 code [0x000001ed0cb42240, 0x000001ed0cb423c8]
Event: 6.259 Thread 0x000001ed27bc7300 nmethod 4540 0x000001ed13fccb10 code [0x000001ed13fccca0, 0x000001ed13fccfd8]
Event: 6.260 Thread 0x000001ed27bc7cc0 4541       3       java.util.concurrent.ConcurrentHashMap::isEmpty (15 bytes)
Event: 6.261 Thread 0x000001ed27bc7cc0 nmethod 4541 0x000001ed0cb42490 code [0x000001ed0cb42640, 0x000001ed0cb427e8]
Event: 6.261 Thread 0x000001ed27bc7cc0 4542       3       java.lang.reflect.AccessibleObject::checkCanSetAccessible (368 bytes)
Event: 6.261 Thread 0x000001ed27bc7300 4543       4       java.util.concurrent.ConcurrentHashMap$BaseIterator::hasNext (13 bytes)
Event: 6.261 Thread 0x000001ed27bc7300 nmethod 4543 0x000001ed13fcd210 code [0x000001ed13fcd380, 0x000001ed13fcd418]
Event: 6.262 Thread 0x000001ed27bc7cc0 nmethod 4542 0x000001ed0cb42890 code [0x000001ed0cb42fc0, 0x000001ed0cb46948]
Event: 6.265 Thread 0x000001ed27bc7cc0 4545       3       java.util.ArrayDeque::isEmpty (17 bytes)
Event: 6.265 Thread 0x000001ed27bc7cc0 nmethod 4545 0x000001ed0cb47c90 code [0x000001ed0cb47e20, 0x000001ed0cb47f98]
Event: 6.265 Thread 0x000001ed27bc7cc0 4544       1       com.sun.javafx.scene.control.inputmap.InputMap$Mapping::getEventHandler (5 bytes)
Event: 6.265 Thread 0x000001ed27bc7cc0 nmethod 4544 0x000001ed13fcd510 code [0x000001ed13fcd6a0, 0x000001ed13fcd778]
Event: 6.284 Thread 0x000001ed27bc7300 4546       4       java.util.ArrayList$Itr::next (66 bytes)
Event: 6.284 Thread 0x000001ed27bc7300 nmethod 4546 0x000001ed13fcd810 code [0x000001ed13fcd9a0, 0x000001ed13fcdad8]
Event: 6.284 Thread 0x000001ed27bc7300 4547       4       java.util.Objects::checkIndex (7 bytes)
Event: 6.285 Thread 0x000001ed27bc7300 nmethod 4547 0x000001ed13fcdc10 code [0x000001ed13fcdd80, 0x000001ed13fcde18]

GC Heap History (8 events):
Event: 0.411 GC heap before
{Heap before GC invocations=0 (full 0):
 garbage-first heap   total 258048K, used 20480K [0x0000000704a00000, 0x0000000800000000)
  region size 2048K, 11 young (22528K), 0 survivors (0K)
 Metaspace       used 12114K, committed 12352K, reserved 1114112K
  class space    used 1254K, committed 1344K, reserved 1048576K
}
Event: 0.413 GC heap after
{Heap after GC invocations=1 (full 0):
 garbage-first heap   total 258048K, used 3194K [0x0000000704a00000, 0x0000000800000000)
  region size 2048K, 2 young (4096K), 2 survivors (4096K)
 Metaspace       used 12114K, committed 12352K, reserved 1114112K
  class space    used 1254K, committed 1344K, reserved 1048576K
}
Event: 0.846 GC heap before
{Heap before GC invocations=1 (full 0):
 garbage-first heap   total 258048K, used 60538K [0x0000000704a00000, 0x0000000800000000)
  region size 2048K, 20 young (40960K), 2 survivors (4096K)
 Metaspace       used 21330K, committed 21504K, reserved 1114112K
  class space    used 2424K, committed 2496K, reserved 1048576K
}
Event: 0.850 GC heap after
{Heap after GC invocations=2 (full 0):
 garbage-first heap   total 258048K, used 30966K [0x0000000704a00000, 0x0000000800000000)
  region size 2048K, 3 young (6144K), 3 survivors (6144K)
 Metaspace       used 21330K, committed 21504K, reserved 1114112K
  class space    used 2424K, committed 2496K, reserved 1048576K
}
Event: 3.474 GC heap before
{Heap before GC invocations=3 (full 0):
 garbage-first heap   total 116736K, used 84214K [0x0000000704a00000, 0x0000000800000000)
  region size 2048K, 27 young (55296K), 3 survivors (6144K)
 Metaspace       used 31892K, committed 32192K, reserved 1114112K
  class space    used 4192K, committed 4352K, reserved 1048576K
}
Event: 3.480 GC heap after
{Heap after GC invocations=4 (full 0):
 garbage-first heap   total 116736K, used 38785K [0x0000000704a00000, 0x0000000800000000)
  region size 2048K, 4 young (8192K), 4 survivors (8192K)
 Metaspace       used 31892K, committed 32192K, reserved 1114112K
  class space    used 4192K, committed 4352K, reserved 1048576K
}
Event: 5.521 GC heap before
{Heap before GC invocations=4 (full 0):
 garbage-first heap   total 116736K, used 40833K [0x0000000704a00000, 0x0000000800000000)
  region size 2048K, 5 young (10240K), 4 survivors (8192K)
 Metaspace       used 32230K, committed 32448K, reserved 1114112K
  class space    used 4229K, committed 4352K, reserved 1048576K
}
Event: 5.526 GC heap after
{Heap after GC invocations=5 (full 0):
 garbage-first heap   total 116736K, used 40145K [0x0000000704a00000, 0x0000000800000000)
  region size 2048K, 1 young (2048K), 1 survivors (2048K)
 Metaspace       used 32230K, committed 32448K, reserved 1114112K
  class space    used 4229K, committed 4352K, reserved 1048576K
}

Dll operation events (2 events):
Event: 0.006 Loaded shared library C:\Users\User\.jdks\jbr-17.0.12\bin\java.dll
Event: 0.022 Loaded shared library C:\Users\User\.jdks\jbr-17.0.12\bin\jsvml.dll

Deoptimization events (20 events):
Event: 6.045 Thread 0x000001ed2c2cce10 Uncommon trap: trap_request=0xffffffbe fr.pc=0x000001ed13fb2d1c relative=0x0000000000002f1c
Event: 6.045 Thread 0x000001ed2c2cce10 Uncommon trap: reason=profile_predicate action=maybe_recompile pc=0x000001ed13fb2d1c method=com.sun.prism.impl.shape.DMarlinPrismUtils.feedConsumer(Lcom/sun/marlin/RendererContext;Lcom/sun/javafx/geom/Path2D;Lcom/sun/javafx/geom/transform/BaseTransform;Lc
Event: 6.045 Thread 0x000001ed2c2cce10 DEOPT PACKING pc=0x000001ed13fb2d1c sp=0x00000045a1bfe0e0
Event: 6.045 Thread 0x000001ed2c2cce10 DEOPT UNPACKING pc=0x000001ed137f69a3 sp=0x00000045a1bfe100 mode 2
Event: 6.045 Thread 0x000001ed2c2cce10 Uncommon trap: trap_request=0xffffffbe fr.pc=0x000001ed13facd78 relative=0x0000000000003678
Event: 6.045 Thread 0x000001ed2c2cce10 Uncommon trap: reason=profile_predicate action=maybe_recompile pc=0x000001ed13facd78 method=com.sun.prism.impl.shape.DMarlinPrismUtils.feedConsumer(Lcom/sun/marlin/RendererContext;Lcom/sun/javafx/geom/Path2D;Lcom/sun/javafx/geom/transform/BaseTransform;Lc
Event: 6.045 Thread 0x000001ed2c2cce10 DEOPT PACKING pc=0x000001ed13facd78 sp=0x00000045a1bfe0c0
Event: 6.045 Thread 0x000001ed2c2cce10 DEOPT UNPACKING pc=0x000001ed137f69a3 sp=0x00000045a1bfe110 mode 2
Event: 6.052 Thread 0x000001ed2c2cce10 Uncommon trap: trap_request=0xffffffbe fr.pc=0x000001ed13fb2d1c relative=0x0000000000002f1c
Event: 6.052 Thread 0x000001ed2c2cce10 Uncommon trap: reason=profile_predicate action=maybe_recompile pc=0x000001ed13fb2d1c method=com.sun.prism.impl.shape.DMarlinPrismUtils.feedConsumer(Lcom/sun/marlin/RendererContext;Lcom/sun/javafx/geom/Path2D;Lcom/sun/javafx/geom/transform/BaseTransform;Lc
Event: 6.053 Thread 0x000001ed2c2cce10 DEOPT PACKING pc=0x000001ed13fb2d1c sp=0x00000045a1bfe0e0
Event: 6.053 Thread 0x000001ed2c2cce10 DEOPT UNPACKING pc=0x000001ed137f69a3 sp=0x00000045a1bfe100 mode 2
Event: 6.053 Thread 0x000001ed2c2cce10 Uncommon trap: trap_request=0xffffffbe fr.pc=0x000001ed13facd78 relative=0x0000000000003678
Event: 6.053 Thread 0x000001ed2c2cce10 Uncommon trap: reason=profile_predicate action=maybe_recompile pc=0x000001ed13facd78 method=com.sun.prism.impl.shape.DMarlinPrismUtils.feedConsumer(Lcom/sun/marlin/RendererContext;Lcom/sun/javafx/geom/Path2D;Lcom/sun/javafx/geom/transform/BaseTransform;Lc
Event: 6.053 Thread 0x000001ed2c2cce10 DEOPT PACKING pc=0x000001ed13facd78 sp=0x00000045a1bfe0c0
Event: 6.053 Thread 0x000001ed2c2cce10 DEOPT UNPACKING pc=0x000001ed137f69a3 sp=0x00000045a1bfe110 mode 2
Event: 6.056 Thread 0x000001ed2c2cce10 Uncommon trap: trap_request=0xffffffbe fr.pc=0x000001ed13fb2d1c relative=0x0000000000002f1c
Event: 6.056 Thread 0x000001ed2c2cce10 Uncommon trap: reason=profile_predicate action=maybe_recompile pc=0x000001ed13fb2d1c method=com.sun.prism.impl.shape.DMarlinPrismUtils.feedConsumer(Lcom/sun/marlin/RendererContext;Lcom/sun/javafx/geom/Path2D;Lcom/sun/javafx/geom/transform/BaseTransform;Lc
Event: 6.056 Thread 0x000001ed2c2cce10 DEOPT PACKING pc=0x000001ed13fb2d1c sp=0x00000045a1bfe0e0
Event: 6.056 Thread 0x000001ed2c2cce10 DEOPT UNPACKING pc=0x000001ed137f69a3 sp=0x00000045a1bfe100 mode 2

Classes unloaded (0 events):
No events

Classes redefined (0 events):
No events

Internal exceptions (20 events):
Event: 0.952 Thread 0x000001ed2c2cd830 Implicit null exception at 0x000001ed13dd030f to 0x000001ed13dd0389
Event: 0.963 Thread 0x000001ed2c2cd830 Exception <a 'java/io/FileNotFoundException'{0x000000070ad0e3b0}> (0x000000070ad0e3b0) 
thrown [s\src\hotspot\share\prims\jni.cpp, line 517]
Event: 1.040 Thread 0x000001ed2c2cd830 Exception <a 'java/lang/NoSuchMethodError'{0x000000070a682190}: 'java.lang.Object java.lang.invoke.DirectMethodHandle$Holder.invokeInterface(java.lang.Object, java.lang.Object, java.lang.Object)'> (0x000000070a682190) 
thrown [s\src\hotspot\share\interpreter\linkResolver.cpp, line 771]
Event: 1.040 Thread 0x000001ed2c2cd830 Exception <a 'java/lang/IncompatibleClassChangeError'{0x000000070a685b00}: Found class java.lang.Object, but interface was expected> (0x000000070a685b00) 
thrown [s\src\hotspot\share\interpreter\linkResolver.cpp, line 838]
Event: 1.066 Thread 0x000001ed2c2cd830 Exception <a 'java/io/FileNotFoundException'{0x000000070a486c60}> (0x000000070a486c60) 
thrown [s\src\hotspot\share\prims\jni.cpp, line 517]
Event: 1.078 Thread 0x000001ed2c2cd830 Exception <a 'java/lang/ClassNotFoundException'{0x000000070a5a59a8}: com/sun/javafx/scene/control/skin/resources/controls> (0x000000070a5a59a8) 
thrown [s\src\hotspot\share\prims\jni.cpp, line 536]
Event: 1.078 Thread 0x000001ed2c2cd830 Exception <a 'java/lang/ClassNotFoundException'{0x000000070a5b4090}: com/sun/javafx/scene/control/skin/resources/controls_en> (0x000000070a5b4090) 
thrown [s\src\hotspot\share\prims\jni.cpp, line 536]
Event: 1.078 Thread 0x000001ed2c2cd830 Exception <a 'java/lang/ClassNotFoundException'{0x000000070a5b5990}: com/sun/javafx/scene/control/skin/resources/controls_en_US> (0x000000070a5b5990) 
thrown [s\src\hotspot\share\prims\jni.cpp, line 536]
Event: 1.222 Thread 0x000001ed2c2cd830 Exception <a 'java/lang/NoSuchMethodError'{0x000000070962bdc8}: 'java.lang.Object java.lang.invoke.DirectMethodHandle$Holder.newInvokeSpecial(java.lang.Object, java.lang.Object, int)'> (0x000000070962bdc8) 
thrown [s\src\hotspot\share\interpreter\linkResolver.cpp, line 771]
Event: 1.268 Thread 0x000001ed2c2cce10 Exception <a 'java/lang/NoSuchMethodError'{0x000000070941a7e0}: 'int java.lang.invoke.DirectMethodHandle$Holder.invokeStaticInit(java.lang.Object, java.lang.Object)'> (0x000000070941a7e0) 
thrown [s\src\hotspot\share\interpreter\linkResolver.cpp, line 771]
Event: 1.379 Thread 0x000001ed2c2cce10 Exception <a 'java/lang/NoSuchMethodError'{0x00000007093859a8}: 'java.lang.Object java.lang.invoke.DirectMethodHandle$Holder.invokeStaticInit(java.lang.Object, int)'> (0x00000007093859a8) 
thrown [s\src\hotspot\share\interpreter\linkResolver.cpp, line 771]
Event: 1.472 Thread 0x000001ed2c2cd830 Exception <a 'java/lang/NoSuchMethodError'{0x0000000709146c98}: 'long java.lang.invoke.DirectMethodHandle$Holder.invokeStatic(java.lang.Object, java.lang.Object, java.lang.Object)'> (0x0000000709146c98) 
thrown [s\src\hotspot\share\interpreter\linkResolver.cpp, line 771]
Event: 1.472 Thread 0x000001ed2c2cd830 Exception <a 'java/lang/NoSuchMethodError'{0x000000070914a440}: 'long java.lang.invoke.DirectMethodHandle$Holder.invokeStaticInit(java.lang.Object, java.lang.Object, java.lang.Object)'> (0x000000070914a440) 
thrown [s\src\hotspot\share\interpreter\linkResolver.cpp, line 771]
Event: 1.473 Thread 0x000001ed2c2cd830 Exception <a 'java/lang/NoSuchMethodError'{0x0000000709162040}: 'java.lang.Object java.lang.invoke.DirectMethodHandle$Holder.newInvokeSpecial(java.lang.Object, java.lang.Object, long)'> (0x0000000709162040) 
thrown [s\src\hotspot\share\interpreter\linkResolver.cpp, line 771]
Event: 1.473 Thread 0x000001ed2c2cd830 Exception <a 'java/lang/NoSuchMethodError'{0x0000000709165bb0}: 'java.lang.Object java.lang.invoke.Invokers$Holder.linkToTargetMethod(java.lang.Object, long, java.lang.Object)'> (0x0000000709165bb0) 
thrown [s\src\hotspot\share\interpreter\linkResolver.cpp, line 771]
Event: 3.432 Thread 0x000001ed2c2cd830 Exception <a 'java/lang/ClassNotFoundException'{0x0000000708be5cf0}: com/sun/javafx/scene/control/skin/resources/controls-nt> (0x0000000708be5cf0) 
thrown [s\src\hotspot\share\prims\jni.cpp, line 536]
Event: 3.432 Thread 0x000001ed2c2cd830 Exception <a 'java/lang/ClassNotFoundException'{0x0000000708beeab8}: com/sun/javafx/scene/control/skin/resources/controls-nt_en> (0x0000000708beeab8) 
thrown [s\src\hotspot\share\prims\jni.cpp, line 536]
Event: 3.432 Thread 0x000001ed2c2cd830 Exception <a 'java/lang/ClassNotFoundException'{0x0000000708bf06b8}: com/sun/javafx/scene/control/skin/resources/controls-nt_en_US> (0x0000000708bf06b8) 
thrown [s\src\hotspot\share\prims\jni.cpp, line 536]
Event: 3.458 Thread 0x000001ed2c2cd830 Exception <a 'java/lang/NoSuchMethodError'{0x000000070866b028}: 'void java.lang.invoke.DirectMethodHandle$Holder.invokeSpecial(java.lang.Object, java.lang.Object, java.lang.Object, java.lang.Object, java.lang.Object, java.lang.Object)'> (0x000000070866b028) 
thrown [s\src\hotspot\share\interpreter\linkResolver.cpp, line 771]
Event: 6.036 Thread 0x000001ed2c2cd830 Exception <a 'java/lang/NoSuchMethodError'{0x0000000714495b68}: 'void java.lang.invoke.DirectMethodHandle$Holder.invokeVirtual(java.lang.Object, java.lang.Object)'> (0x0000000714495b68) 
thrown [s\src\hotspot\share\interpreter\linkResolver.cpp, line 771]

VM Operations (20 events):
Event: 3.413 Executing VM operation: ICBufferFull
Event: 3.413 Executing VM operation: ICBufferFull done
Event: 3.421 Executing VM operation: HandshakeAllThreads
Event: 3.421 Executing VM operation: HandshakeAllThreads done
Event: 3.442 Executing VM operation: HandshakeAllThreads
Event: 3.442 Executing VM operation: HandshakeAllThreads done
Event: 3.456 Executing VM operation: HandshakeAllThreads
Event: 3.457 Executing VM operation: HandshakeAllThreads done
Event: 3.457 Executing VM operation: HandshakeAllThreads
Event: 3.457 Executing VM operation: HandshakeAllThreads done
Event: 3.457 Executing VM operation: HandshakeAllThreads
Event: 3.457 Executing VM operation: HandshakeAllThreads done
Event: 3.474 Executing VM operation: G1CollectForAllocation
Event: 3.480 Executing VM operation: G1CollectForAllocation done
Event: 4.480 Executing VM operation: Cleanup
Event: 4.480 Executing VM operation: Cleanup done
Event: 5.481 Executing VM operation: Cleanup
Event: 5.481 Executing VM operation: Cleanup done
Event: 5.521 Executing VM operation: G1CollectForAllocation
Event: 5.526 Executing VM operation: G1CollectForAllocation done

Events (20 events):
Event: 2.813 Thread 0x000001ed27d458f0 Thread exited: 0x000001ed27d458f0
Event: 2.835 Thread 0x000001ed27de2f10 Thread exited: 0x000001ed27de2f10
Event: 3.425 loading class java/time/chrono/Chronology
Event: 3.426 loading class java/time/chrono/Chronology done
Event: 3.426 loading class java/time/chrono/IsoChronology
Event: 3.427 loading class java/time/chrono/AbstractChronology
Event: 3.427 loading class java/time/chrono/AbstractChronology done
Event: 3.427 loading class java/time/chrono/IsoChronology done
Event: 3.427 loading class java/time/format/FormatStyle
Event: 3.427 loading class java/time/format/FormatStyle done
Event: 3.436 Thread 0x000001ed27de2f10 Thread added: 0x000001ed27de2f10
Event: 3.492 Thread 0x000001ed27d458f0 Thread added: 0x000001ed27d458f0
Event: 3.900 Thread 0x000001ed27d458f0 Thread exited: 0x000001ed27d458f0
Event: 3.900 Thread 0x000001ed27de2f10 Thread exited: 0x000001ed27de2f10
Event: 5.527 Thread 0x000001ed27de2f10 Thread added: 0x000001ed27de2f10
Event: 5.750 Thread 0x000001ed27de2f10 Thread exited: 0x000001ed27de2f10
Event: 6.280 loading class java/lang/Throwable$WrappedPrintStream
Event: 6.280 loading class java/lang/Throwable$PrintStreamOrWriter
Event: 6.280 loading class java/lang/Throwable$PrintStreamOrWriter done
Event: 6.280 loading class java/lang/Throwable$WrappedPrintStream done


Dynamic libraries:
0x00007ff745fe0000 - 0x00007ff745fea000 	C:\Users\User\.jdks\jbr-17.0.12\bin\java.exe
0x00007ffb16c90000 - 0x00007ffb16e88000 	C:\WINDOWS\SYSTEM32\ntdll.dll
0x00007ffb16660000 - 0x00007ffb16722000 	C:\WINDOWS\System32\KERNEL32.DLL
0x00007ffb14830000 - 0x00007ffb14b26000 	C:\WINDOWS\System32\KERNELBASE.dll
0x00007ffb14440000 - 0x00007ffb14540000 	C:\WINDOWS\System32\ucrtbase.dll
0x00007ffb0d280000 - 0x00007ffb0d297000 	C:\Users\User\.jdks\jbr-17.0.12\bin\jli.dll
0x00007ffae84c0000 - 0x00007ffae84db000 	C:\Users\User\.jdks\jbr-17.0.12\bin\VCRUNTIME140.dll
0x00007ffb152f0000 - 0x00007ffb1548d000 	C:\WINDOWS\System32\USER32.dll
0x00007ffb14800000 - 0x00007ffb14822000 	C:\WINDOWS\System32\win32u.dll
0x00007ffaf3ac0000 - 0x00007ffaf3d5a000 	C:\WINDOWS\WinSxS\amd64_microsoft.windows.common-controls_6595b64144ccf1df_6.0.19041.4355_none_60b8b9eb71f62e16\COMCTL32.dll
0x00007ffb165a0000 - 0x00007ffb165cb000 	C:\WINDOWS\System32\GDI32.dll
0x00007ffb167d0000 - 0x00007ffb1686e000 	C:\WINDOWS\System32\msvcrt.dll
0x00007ffb14320000 - 0x00007ffb1443a000 	C:\WINDOWS\System32\gdi32full.dll
0x00007ffb14b30000 - 0x00007ffb14bcd000 	C:\WINDOWS\System32\msvcp_win.dll
0x00007ffb165d0000 - 0x00007ffb165ff000 	C:\WINDOWS\System32\IMM32.DLL
0x00007ffb0d270000 - 0x00007ffb0d27c000 	C:\Users\User\.jdks\jbr-17.0.12\bin\vcruntime140_1.dll
0x00007ffae8430000 - 0x00007ffae84bd000 	C:\Users\User\.jdks\jbr-17.0.12\bin\msvcp140.dll
0x00007ffab0210000 - 0x00007ffab0e95000 	C:\Users\User\.jdks\jbr-17.0.12\bin\server\jvm.dll
0x00007ffb15240000 - 0x00007ffb152ef000 	C:\WINDOWS\System32\ADVAPI32.dll
0x00007ffb16730000 - 0x00007ffb167cf000 	C:\WINDOWS\System32\sechost.dll
0x00007ffb15e10000 - 0x00007ffb15f33000 	C:\WINDOWS\System32\RPCRT4.dll
0x00007ffb14bd0000 - 0x00007ffb14bf7000 	C:\WINDOWS\System32\bcrypt.dll
0x00007ffae5180000 - 0x00007ffae5189000 	C:\WINDOWS\SYSTEM32\WSOCK32.dll
0x00007ffb138b0000 - 0x00007ffb138fb000 	C:\WINDOWS\SYSTEM32\POWRPROF.dll
0x00007ffb0bf10000 - 0x00007ffb0bf37000 	C:\WINDOWS\SYSTEM32\WINMM.dll
0x00007ffb16210000 - 0x00007ffb1627b000 	C:\WINDOWS\System32\WS2_32.dll
0x00007ffb0a0c0000 - 0x00007ffb0a0ca000 	C:\WINDOWS\SYSTEM32\VERSION.dll
0x00007ffb13720000 - 0x00007ffb13732000 	C:\WINDOWS\SYSTEM32\UMPDC.dll
0x00007ffb12b30000 - 0x00007ffb12b42000 	C:\WINDOWS\SYSTEM32\kernel.appcore.dll
0x00007ffb0b710000 - 0x00007ffb0b71a000 	C:\Users\User\.jdks\jbr-17.0.12\bin\jimage.dll
0x00007ffb11bb0000 - 0x00007ffb11d94000 	C:\WINDOWS\SYSTEM32\DBGHELP.DLL
0x00007ffaf3f50000 - 0x00007ffaf3f84000 	C:\WINDOWS\SYSTEM32\dbgcore.DLL
0x00007ffb14540000 - 0x00007ffb145c2000 	C:\WINDOWS\System32\bcryptPrimitives.dll
0x00007ffae83f0000 - 0x00007ffae8415000 	C:\Users\User\.jdks\jbr-17.0.12\bin\java.dll
0x00007ffae83d0000 - 0x00007ffae83e8000 	C:\Users\User\.jdks\jbr-17.0.12\bin\zip.dll
0x00007ffac8040000 - 0x00007ffac8117000 	C:\Users\User\.jdks\jbr-17.0.12\bin\jsvml.dll
0x00007ffb156a0000 - 0x00007ffb15e0f000 	C:\WINDOWS\System32\SHELL32.dll
0x00007ffb12380000 - 0x00007ffb12b23000 	C:\WINDOWS\SYSTEM32\windows.storage.dll
0x00007ffb168f0000 - 0x00007ffb16c45000 	C:\WINDOWS\System32\combase.dll
0x00007ffb13d50000 - 0x00007ffb13d7b000 	C:\WINDOWS\SYSTEM32\Wldp.dll
0x00007ffb16130000 - 0x00007ffb161fd000 	C:\WINDOWS\System32\OLEAUT32.dll
0x00007ffb15f50000 - 0x00007ffb15ffd000 	C:\WINDOWS\System32\SHCORE.dll
0x00007ffb151e0000 - 0x00007ffb15235000 	C:\WINDOWS\System32\shlwapi.dll
0x00007ffb14250000 - 0x00007ffb14275000 	C:\WINDOWS\SYSTEM32\profapi.dll
0x00007ffacb730000 - 0x00007ffacb749000 	C:\Users\User\.jdks\jbr-17.0.12\bin\net.dll
0x00007ffb0dec0000 - 0x00007ffb0dfca000 	C:\WINDOWS\SYSTEM32\WINHTTP.dll
0x00007ffb13ab0000 - 0x00007ffb13b1c000 	C:\WINDOWS\system32\mswsock.dll
0x00007ffacb6a0000 - 0x00007ffacb6b6000 	C:\Users\User\.jdks\jbr-17.0.12\bin\nio.dll
0x000001ed08a30000 - 0x000001ed08a33000 	C:\Users\User\.openjfx\cache\22.0.2+4\amd64\api-ms-win-core-console-l1-1-0.dll
0x000001ed08a40000 - 0x000001ed08a43000 	C:\Users\User\.openjfx\cache\22.0.2+4\amd64\api-ms-win-core-console-l1-2-0.dll
0x000001ed27f20000 - 0x000001ed27f23000 	C:\Users\User\.openjfx\cache\22.0.2+4\amd64\api-ms-win-core-datetime-l1-1-0.dll
0x000001ed27f30000 - 0x000001ed27f33000 	C:\Users\User\.openjfx\cache\22.0.2+4\amd64\api-ms-win-core-debug-l1-1-0.dll
0x000001ed27f40000 - 0x000001ed27f43000 	C:\Users\User\.openjfx\cache\22.0.2+4\amd64\api-ms-win-core-errorhandling-l1-1-0.dll
0x000001ed27f50000 - 0x000001ed27f54000 	C:\Users\User\.openjfx\cache\22.0.2+4\amd64\api-ms-win-core-file-l1-1-0.dll
0x000001ed27f60000 - 0x000001ed27f63000 	C:\Users\User\.openjfx\cache\22.0.2+4\amd64\api-ms-win-core-file-l1-2-0.dll
0x000001ed27f70000 - 0x000001ed27f73000 	C:\Users\User\.openjfx\cache\22.0.2+4\amd64\api-ms-win-core-file-l2-1-0.dll
0x000001ed27f80000 - 0x000001ed27f83000 	C:\Users\User\.openjfx\cache\22.0.2+4\amd64\api-ms-win-core-handle-l1-1-0.dll
0x000001ed27f90000 - 0x000001ed27f93000 	C:\Users\User\.openjfx\cache\22.0.2+4\amd64\api-ms-win-core-heap-l1-1-0.dll
0x000001ed27fa0000 - 0x000001ed27fa3000 	C:\Users\User\.openjfx\cache\22.0.2+4\amd64\api-ms-win-core-interlocked-l1-1-0.dll
0x000001ed27fb0000 - 0x000001ed27fb3000 	C:\Users\User\.openjfx\cache\22.0.2+4\amd64\api-ms-win-core-libraryloader-l1-1-0.dll
0x000001ed27fc0000 - 0x000001ed27fc3000 	C:\Users\User\.openjfx\cache\22.0.2+4\amd64\api-ms-win-core-localization-l1-2-0.dll
0x000001ed27fd0000 - 0x000001ed27fd3000 	C:\Users\User\.openjfx\cache\22.0.2+4\amd64\api-ms-win-core-memory-l1-1-0.dll
0x000001ed27fe0000 - 0x000001ed27fe3000 	C:\Users\User\.openjfx\cache\22.0.2+4\amd64\api-ms-win-core-namedpipe-l1-1-0.dll
0x000001ed27ff0000 - 0x000001ed27ff3000 	C:\Users\User\.openjfx\cache\22.0.2+4\amd64\api-ms-win-core-processenvironment-l1-1-0.dll
0x000001ed2c900000 - 0x000001ed2c903000 	C:\Users\User\.openjfx\cache\22.0.2+4\amd64\api-ms-win-core-processthreads-l1-1-0.dll
0x000001ed2c910000 - 0x000001ed2c913000 	C:\Users\User\.openjfx\cache\22.0.2+4\amd64\api-ms-win-core-processthreads-l1-1-1.dll
0x000001ed2c920000 - 0x000001ed2c923000 	C:\Users\User\.openjfx\cache\22.0.2+4\amd64\api-ms-win-core-profile-l1-1-0.dll
0x000001ed2c930000 - 0x000001ed2c933000 	C:\Users\User\.openjfx\cache\22.0.2+4\amd64\api-ms-win-core-rtlsupport-l1-1-0.dll
0x000001ed2c940000 - 0x000001ed2c943000 	C:\Users\User\.openjfx\cache\22.0.2+4\amd64\api-ms-win-core-string-l1-1-0.dll
0x000001ed2c950000 - 0x000001ed2c953000 	C:\Users\User\.openjfx\cache\22.0.2+4\amd64\api-ms-win-core-synch-l1-1-0.dll
0x000001ed2c960000 - 0x000001ed2c963000 	C:\Users\User\.openjfx\cache\22.0.2+4\amd64\api-ms-win-core-synch-l1-2-0.dll
0x000001ed2c970000 - 0x000001ed2c973000 	C:\Users\User\.openjfx\cache\22.0.2+4\amd64\api-ms-win-core-sysinfo-l1-1-0.dll
0x000001ed2c980000 - 0x000001ed2c983000 	C:\Users\User\.openjfx\cache\22.0.2+4\amd64\api-ms-win-core-timezone-l1-1-0.dll
0x000001ed2c990000 - 0x000001ed2c993000 	C:\Users\User\.openjfx\cache\22.0.2+4\amd64\api-ms-win-core-util-l1-1-0.dll
0x000001ed2c9a0000 - 0x000001ed2c9a3000 	C:\Users\User\.openjfx\cache\22.0.2+4\amd64\api-ms-win-crt-conio-l1-1-0.dll
0x000001ed2c9b0000 - 0x000001ed2c9b4000 	C:\Users\User\.openjfx\cache\22.0.2+4\amd64\api-ms-win-crt-convert-l1-1-0.dll
0x000001ed2c9c0000 - 0x000001ed2c9c3000 	C:\Users\User\.openjfx\cache\22.0.2+4\amd64\api-ms-win-crt-environment-l1-1-0.dll
0x000001ed2c9d0000 - 0x000001ed2c9d3000 	C:\Users\User\.openjfx\cache\22.0.2+4\amd64\api-ms-win-crt-filesystem-l1-1-0.dll
0x000001ed2c9e0000 - 0x000001ed2c9e3000 	C:\Users\User\.openjfx\cache\22.0.2+4\amd64\api-ms-win-crt-heap-l1-1-0.dll
0x000001ed2c9f0000 - 0x000001ed2c9f3000 	C:\Users\User\.openjfx\cache\22.0.2+4\amd64\api-ms-win-crt-locale-l1-1-0.dll
0x000001ed2ca00000 - 0x000001ed2ca05000 	C:\Users\User\.openjfx\cache\22.0.2+4\amd64\api-ms-win-crt-math-l1-1-0.dll
0x000001ed2ca10000 - 0x000001ed2ca15000 	C:\Users\User\.openjfx\cache\22.0.2+4\amd64\api-ms-win-crt-multibyte-l1-1-0.dll
0x000001ed2ca20000 - 0x000001ed2ca30000 	C:\Users\User\.openjfx\cache\22.0.2+4\amd64\api-ms-win-crt-private-l1-1-0.dll
0x000001ed2ca30000 - 0x000001ed2ca33000 	C:\Users\User\.openjfx\cache\22.0.2+4\amd64\api-ms-win-crt-process-l1-1-0.dll
0x000001ed2ca40000 - 0x000001ed2ca44000 	C:\Users\User\.openjfx\cache\22.0.2+4\amd64\api-ms-win-crt-runtime-l1-1-0.dll
0x000001ed2ca50000 - 0x000001ed2ca54000 	C:\Users\User\.openjfx\cache\22.0.2+4\amd64\api-ms-win-crt-stdio-l1-1-0.dll
0x000001ed2ca60000 - 0x000001ed2ca64000 	C:\Users\User\.openjfx\cache\22.0.2+4\amd64\api-ms-win-crt-string-l1-1-0.dll
0x000001ed2ca70000 - 0x000001ed2ca73000 	C:\Users\User\.openjfx\cache\22.0.2+4\amd64\api-ms-win-crt-time-l1-1-0.dll
0x000001ed2ca80000 - 0x000001ed2ca83000 	C:\Users\User\.openjfx\cache\22.0.2+4\amd64\api-ms-win-crt-utility-l1-1-0.dll
0x00007ffabd990000 - 0x00007ffabda8c000 	C:\Users\User\.openjfx\cache\22.0.2+4\amd64\ucrtbase.dll
0x00007ffacb220000 - 0x00007ffacb23b000 	C:\Users\User\.openjfx\cache\22.0.2+4\amd64\vcruntime140.dll
0x00007ffacb670000 - 0x00007ffacb67c000 	C:\Users\User\.openjfx\cache\22.0.2+4\amd64\vcruntime140_1.dll
0x00007ffac2870000 - 0x00007ffac28fe000 	C:\Users\User\.openjfx\cache\22.0.2+4\amd64\msvcp140.dll
0x00007ffacb210000 - 0x00007ffacb219000 	C:\Users\User\.openjfx\cache\22.0.2+4\amd64\msvcp140_1.dll
0x00007ffac7ff0000 - 0x00007ffac8031000 	C:\Users\User\.openjfx\cache\22.0.2+4\amd64\msvcp140_2.dll
0x00007ffac2840000 - 0x00007ffac2870000 	C:\Users\User\.openjfx\cache\22.0.2+4\amd64\prism_d3d.dll
0x00007ffaf9e00000 - 0x00007ffaf9fd1000 	C:\WINDOWS\system32\d3d9.dll
0x00007ffb11ec0000 - 0x00007ffb11eef000 	C:\WINDOWS\SYSTEM32\dwmapi.dll
0x00007ffb0ef70000 - 0x00007ffb0f00e000 	C:\WINDOWS\system32\uxtheme.dll
0x00007ffab8f10000 - 0x00007ffab9183000 	C:\WINDOWS\System32\DriverStore\FileRepository\iigd_dch.inf_amd64_110cd0db47a9f8d6\igdumdim64.dll
0x00007ffb16000000 - 0x00007ffb1612b000 	C:\WINDOWS\System32\ole32.dll
0x00007ffab79d0000 - 0x00007ffab8f06000 	C:\WINDOWS\System32\DriverStore\FileRepository\iigd_dch.inf_amd64_110cd0db47a9f8d6\igd9trinity64.dll
0x00007ffb12bf0000 - 0x00007ffb12ce6000 	C:\WINDOWS\system32\dxgi.dll
0x00007ffaf5e60000 - 0x00007ffaf62a0000 	C:\WINDOWS\System32\DriverStore\FileRepository\iigd_dch.inf_amd64_110cd0db47a9f8d6\igdgmm64.dll
0x00007ffaf6a10000 - 0x00007ffaf6a36000 	C:\WINDOWS\System32\DriverStore\FileRepository\iigd_dch.inf_amd64_110cd0db47a9f8d6\igc64.dll
0x00007ffabe640000 - 0x00007ffabe68d000 	C:\WINDOWS\SYSTEM32\ControlLib.dll
0x00007ffb147b0000 - 0x00007ffb147fe000 	C:\WINDOWS\System32\CFGMGR32.dll
0x00007ffaf7ba0000 - 0x00007ffaf7c3c000 	C:\WINDOWS\System32\DriverStore\FileRepository\iigd_dch.inf_amd64_110cd0db47a9f8d6\IntelControlLib.dll
0x00007ffab64a0000 - 0x00007ffab79c8000 	C:\WINDOWS\System32\DriverStore\FileRepository\iigd_dch.inf_amd64_110cd0db47a9f8d6\igd9dxva64.dll
0x00007ffb14d60000 - 0x00007ffb151d1000 	C:\WINDOWS\System32\SETUPAPI.dll
0x00007ffab4770000 - 0x00007ffab649e000 	C:\WINDOWS\System32\DriverStore\FileRepository\iigd_dch.inf_amd64_110cd0db47a9f8d6\media_bin_64.dll
0x00007ffac27a0000 - 0x00007ffac27e5000 	C:\Users\User\.openjfx\cache\22.0.2+4\amd64\glass.dll
0x00007ffb155c0000 - 0x00007ffb1569a000 	C:\WINDOWS\System32\COMDLG32.dll
0x00007ffb154a0000 - 0x00007ffb155b5000 	C:\WINDOWS\System32\MSCTF.dll
0x00007ffaee280000 - 0x00007ffaf2189000 	C:\WINDOWS\System32\DriverStore\FileRepository\iigd_dch.inf_amd64_110cd0db47a9f8d6\igc1464.dll
0x00007ffac1110000 - 0x00007ffac1259000 	C:\WINDOWS\System32\DriverStore\FileRepository\iigd_dch.inf_amd64_110cd0db47a9f8d6\igdml64.dll
0x00007ffaf9c10000 - 0x00007ffaf9c39000 	C:\WINDOWS\System32\DriverStore\FileRepository\iigd_dch.inf_amd64_110cd0db47a9f8d6\igdinfo64.dll
0x00007ffaf9ca0000 - 0x00007ffaf9cdb000 	C:\WINDOWS\SYSTEM32\dxcore.dll
0x00007ffb14cb0000 - 0x00007ffb14d59000 	C:\WINDOWS\System32\clbcatq.dll
0x00007ffaf99c0000 - 0x00007ffaf9aff000 	C:\Windows\System32\Windows.UI.dll
0x00007ffaf98c0000 - 0x00007ffaf99b9000 	C:\Windows\System32\TextInputFramework.dll
0x00007ffaf9760000 - 0x00007ffaf98b2000 	C:\Windows\System32\InputHost.dll
0x00007ffb08690000 - 0x00007ffb08731000 	C:\Windows\System32\WindowManagementAPI.dll
0x00007ffb0bbb0000 - 0x00007ffb0bf0b000 	C:\Windows\System32\CoreUIComponents.dll
0x00007ffb0d7b0000 - 0x00007ffb0d8a2000 	C:\Windows\System32\CoreMessaging.dll
0x00007ffb0e730000 - 0x00007ffb0e826000 	C:\Windows\System32\PROPSYS.dll
0x00007ffb0e190000 - 0x00007ffb0e2e7000 	C:\WINDOWS\SYSTEM32\wintypes.dll
0x00007ffb096c0000 - 0x00007ffb098c3000 	C:\WINDOWS\SYSTEM32\twinapi.appcore.dll

dbghelp: loaded successfully - version: 4.0.5 - missing functions: none
symbol engine: initialized successfully - sym options: 0x614 - pdb path: .;C:\Users\User\.jdks\jbr-17.0.12\bin;C:\WINDOWS\SYSTEM32;C:\WINDOWS\WinSxS\amd64_microsoft.windows.common-controls_6595b64144ccf1df_6.0.19041.4355_none_60b8b9eb71f62e16;C:\Users\User\.jdks\jbr-17.0.12\bin\server;C:\Users\User\.openjfx\cache\22.0.2+4\amd64;C:\WINDOWS\System32\DriverStore\FileRepository\iigd_dch.inf_amd64_110cd0db47a9f8d6;C:\Program Files\Bonjour;C:\Program Files\Common Files\Microsoft Shared\Ink

VM Arguments:
jvm_args: --module-path=C:\Users\User\.m2\repository\org\openjfx\javafx-base\22.0.2\javafx-base-22.0.2-win.jar;C:\Users\User\.m2\repository\org\openjfx\javafx-base\22.0.2\javafx-base-22.0.2.jar;C:\Users\User\.m2\repository\org\openjfx\javafx-controls\22.0.2\javafx-controls-22.0.2-win.jar;C:\Users\User\.m2\repository\org\openjfx\javafx-controls\22.0.2\javafx-controls-22.0.2.jar;C:\Users\User\.m2\repository\org\openjfx\javafx-fxml\22.0.2\javafx-fxml-22.0.2-win.jar;C:\Users\User\.m2\repository\org\openjfx\javafx-fxml\22.0.2\javafx-fxml-22.0.2.jar;C:\Users\User\.m2\repository\org\openjfx\javafx-graphics\22.0.2\javafx-graphics-22.0.2-win.jar;C:\Users\User\.m2\repository\org\openjfx\javafx-graphics\22.0.2\javafx-graphics-22.0.2.jar --add-modules=javafx.base,javafx.controls,javafx.fxml,javafx.graphics 
java_command: controllers.Home
java_class_path (initial): C:\Users\User\Desktop\projet-javafx\target\classes;C:\Users\User\.m2\repository\com\google\protobuf\protobuf-java\3.21.9\protobuf-java-3.21.9.jar;C:\Users\User\.m2\repository\com\mysql\mysql-connector-j\8.0.33\mysql-connector-j-8.0.33.jar
Launcher Type: SUN_STANDARD

[Global flags]
     intx CICompilerCount                          = 4                                         {product} {ergonomic}
     uint ConcGCThreads                            = 3                                         {product} {ergonomic}
     uint G1ConcRefinementThreads                  = 10                                        {product} {ergonomic}
   size_t G1HeapRegionSize                         = 2097152                                   {product} {ergonomic}
    uintx GCDrainStackTargetSize                   = 64                                        {product} {ergonomic}
   size_t InitialHeapSize                          = 264241152                                 {product} {ergonomic}
   size_t MarkStackSize                            = 4194304                                   {product} {ergonomic}
   size_t MaxHeapSize                              = 4217372672                                {product} {ergonomic}
   size_t MaxNewSize                               = 2529165312                                {product} {ergonomic}
   size_t MinHeapDeltaBytes                        = 2097152                                   {product} {ergonomic}
   size_t MinHeapSize                              = 8388608                                   {product} {ergonomic}
    uintx NonNMethodCodeHeapSize                   = 5839372                                {pd product} {ergonomic}
    uintx NonProfiledCodeHeapSize                  = 122909434                              {pd product} {ergonomic}
    uintx ProfiledCodeHeapSize                     = 122909434                              {pd product} {ergonomic}
    uintx ReservedCodeCacheSize                    = 251658240                              {pd product} {ergonomic}
     bool SegmentedCodeCache                       = true                                      {product} {ergonomic}
   size_t SoftMaxHeapSize                          = 4217372672                             {manageable} {ergonomic}
     bool UseCompressedClassPointers               = true                           {product lp64_product} {ergonomic}
     bool UseCompressedOops                        = true                           {product lp64_product} {ergonomic}
     bool UseG1GC                                  = true                                      {product} {ergonomic}
     bool UseLargePagesIndividualAllocation        = false                                  {pd product} {ergonomic}

Logging:
Log output configuration:
 #0: stdout all=warning uptime,level,tags
 #1: stderr all=off uptime,level,tags

Environment Variables:
PATH=C:\oraclexe\app\oracle\product\11.2.0\server\bin;;C:\oraclexe\app\oracle\product\11.2.0\server\bin;C:\ProgramData\Oracle\Java\javapath;C:\Program Files (x86)\Common Files\Oracle\Java\javapath;C:\oraclexe\app\oracle\product\11.2.0\server\bin;D:\VMWare\bin\;C:\WINDOWS\system32;C:\WINDOWS;C:\WINDOWS\System32\Wbem;C:\WINDOWS\System32\WindowsPowerShell\v1.0\;C:\WINDOWS\System32\OpenSSH\;C:\Program Files (x86)\NVIDIA Corporation\PhysX\Common;C:\oraclexe\app\oracle\product\11.2.0\server\bin;C:\instantclient12_2;C:\oraclexe;C:\oraclexe\app\oracle\admin\XE;C:\Program Files\Git\cmd;C:\ProgramData\ComposerSetup\bin;C:\Users\User\.jdks\jbr-17.0.12\bin;C:\Users\User\AppData\Local\Programs\Python\Python313;C:\Users\User\AppData\Local\Programs\Python\Python313\Scripts;C:\Users\User\AppData\Roaming\Python\Python313\site-packages;C:\ProgramData\chocolatey\bin;C:\Program Files\NVIDIA Corporation\NVIDIA app\NvDLISR;C:\MailHog;C:\Users\User\AppData\Local\Programs\Python\Launcher\;C:\Users\User\scoop\shims;C:\Users\User\AppData\Local\Microsoft\WindowsApps;C:\Users\User\AppData\Local\Programs\Microsoft VS Code\bin;C:\xampp\php;C:\Users\User\AppData\Roaming\Composer\vendor\bin;C:\Users\User\AppData\Local\Microsoft\WinGet\Packages\Schniz.fnm_Microsoft.Winget.Source_8wekyb3d8bbwe;C:\Users\User\Downloads\node-v22.13.1-win-x64;
USERNAME=User
OS=Windows_NT
PROCESSOR_IDENTIFIER=Intel64 Family 6 Model 154 Stepping 3, GenuineIntel
TMP=C:\Users\User\AppData\Local\Temp
TEMP=C:\Users\User\AppData\Local\Temp



Periodic native trim disabled

JNI global refs:
JNI global refs: 38, weak refs: 0

JNI global refs memory usage: 843, weak refs: 841

OOME stack traces (most recent first):
Classloader memory used:
Loader jdk.internal.loader.ClassLoaders$AppClassLoader                                 : 2128K
Loader bootstrap                                                                       : 1869K
Loader jdk.internal.loader.ClassLoaders$PlatformClassLoader                            : 43002B
Loader jdk.internal.reflect.DelegatingClassLoader                                      : 7267B
Loader com.sun.javafx.reflect.MethodUtil                                               : 510B


---------------  S Y S T E M  ---------------

OS:
 Windows 10 , 64 bit Build 19041 (10.0.19041.5678)
OS uptime: 0 days 1:46 hours

CPU: total 12 (initial active 12) (6 cores per cpu, 2 threads per core) family 6 model 154 stepping 3 microcode 0x424, cx8, cmov, fxsr, ht, mmx, 3dnowpref, sse, sse2, sse3, ssse3, sse4.1, sse4.2, popcnt, lzcnt, tsc, tscinvbit, avx, avx2, aes, erms, clmul, bmi1, bmi2, adx, sha, fma, vzeroupper, clflush, clflushopt, clwb
Processor Information for all 12 processors :
  Max Mhz: 2000, Current Mhz: 2000, Mhz Limit: 2000

Memory: 4k page, system-wide physical 16085M (5484M free)
TotalPageFile size 20437M (AvailPageFile size 6908M)
current process WorkingSet (physical memory assigned to process): 662M, peak: 664M
current process commit charge ("private bytes"): 713M, peak: 727M

vm_info: OpenJDK 64-Bit Server VM (17.0.12+1-b1087.25) for windows-amd64 JRE (17.0.12+1-b1087.25), built on 2024-08-30 by "builduser" with MS VC++ 16.10 / 16.11 (VS2019)

END.
