#
# A fatal error has been detected by the Java Runtime Environment:
#
#  EXCEPTION_ACCESS_VIOLATION (0xc0000005) at pc=0x00007ffc71ecbd46, pid=5920, tid=13408
#
# JRE version: OpenJDK Runtime Environment JBR-17.0.12+1-1087.25-nomod (17.0.12+1) (build 17.0.12+1-b1087.25)
# Java VM: OpenJDK 64-Bit Server VM JBR-17.0.12+1-1087.25-nomod (17.0.12+1-b1087.25, mixed mode, tiered, compressed oops, compressed class ptrs, g1 gc, windows-amd64)
# Problematic frame:
# C  [glass.dll+0x1bd46]
#
# No core dump will be written. Minidumps are not enabled by default on client versions of Windows
#
# If you would like to submit a bug report, please visit:
#   https://youtrack.jetbrains.com/issues/JBR
# The crash happened outside the Java Virtual Machine in native code.
# See problematic frame for where to report the bug.
#

---------------  S U M M A R Y ------------

Command Line: --module-path=C:\Users\User\.m2\repository\org\openjfx\javafx-base\22.0.2\javafx-base-22.0.2-win.jar;C:\Users\User\.m2\repository\org\openjfx\javafx-base\22.0.2\javafx-base-22.0.2.jar;C:\Users\User\.m2\repository\org\openjfx\javafx-controls\22.0.2\javafx-controls-22.0.2-win.jar;C:\Users\User\.m2\repository\org\openjfx\javafx-controls\22.0.2\javafx-controls-22.0.2.jar;C:\Users\User\.m2\repository\org\openjfx\javafx-fxml\21.0.2\javafx-fxml-21.0.2-win.jar;C:\Users\User\.m2\repository\org\openjfx\javafx-fxml\21.0.2\javafx-fxml-21.0.2.jar;C:\Users\User\.m2\repository\org\openjfx\javafx-graphics\22.0.2\javafx-graphics-22.0.2-win.jar;C:\Users\User\.m2\repository\org\openjfx\javafx-graphics\22.0.2\javafx-graphics-22.0.2.jar --add-modules=javafx.base,javafx.controls,javafx.fxml,javafx.graphics controllers.Home

Host: 12th Gen Intel(R) Core(TM) i5-12450H, 12 cores, 15G,  Windows 10 , 64 bit Build 19041 (10.0.19041.5678)
Time: Mon Apr 14 21:05:50 2025 Romance Standard Time elapsed time: 7.683926 seconds (0d 0h 0m 7s)

---------------  T H R E A D  ---------------

Current thread (0x000001be6dfab810):  JavaThread "JavaFX Application Thread" [_thread_in_native, id=13408, stack(0x00000013c0e00000,0x00000013c0f00000)]

Stack: [0x00000013c0e00000,0x00000013c0f00000],  sp=0x00000013c0efde90,  free space=1015k
Native frames: (J=compiled Java code, j=interpreted, Vv=VM code, C=native code)
C  [glass.dll+0x1bd46]

Java frames: (J=compiled Java code, j=interpreted, Vv=VM code)
j  com.sun.glass.ui.win.WinWindow._close(J)Z+0 javafx.graphics@22.0.2
j  com.sun.glass.ui.Window.close()V+63 javafx.graphics@22.0.2
j  com.sun.glass.ui.win.WinWindow.close()V+8 javafx.graphics@22.0.2
j  com.sun.glass.ui.Application.terminate()V+75 javafx.graphics@22.0.2
j  com.sun.javafx.tk.quantum.QuantumToolkit.lambda$exit$14()Ljava/lang/Object;+5 javafx.graphics@22.0.2
j  com.sun.javafx.tk.quantum.QuantumToolkit$$Lambda$836+0x0000000800488fb8.get()Ljava/lang/Object;+0 javafx.graphics@22.0.2
j  com.sun.javafx.tk.quantum.QuantumToolkit.runWithRenderLock(Ljava/util/function/Supplier;)Ljava/lang/Object;+7 javafx.graphics@22.0.2
j  com.sun.javafx.tk.quantum.QuantumToolkit.exit()V+26 javafx.graphics@22.0.2
j  com.sun.javafx.application.PlatformImpl.lambda$tkExit$16()V+3 javafx.graphics@22.0.2
j  com.sun.javafx.application.PlatformImpl$$Lambda$835+0x0000000800488d78.run()V+0 javafx.graphics@22.0.2
j  com.sun.javafx.application.PlatformImpl.lambda$runAndWait$12(Ljava/lang/Runnable;Ljava/util/concurrent/CountDownLatch;)V+1 javafx.graphics@22.0.2
j  com.sun.javafx.application.PlatformImpl$$Lambda$100+0x00000008001169c0.run()V+8 javafx.graphics@22.0.2
j  com.sun.javafx.application.PlatformImpl.lambda$runLater$10(Ljava/lang/Runnable;)Ljava/lang/Void;+1 javafx.graphics@22.0.2
j  com.sun.javafx.application.PlatformImpl$$Lambda$102+0x0000000800117d98.run()Ljava/lang/Object;+4 javafx.graphics@22.0.2
J 1158 c1 java.security.AccessController.doPrivileged(Ljava/security/PrivilegedAction;Ljava/security/AccessControlContext;)Ljava/lang/Object; java.base@17.0.12 (17 bytes) @ 0x000001be4cf0e1dc [0x000001be4cf0e000+0x00000000000001dc]
j  com.sun.javafx.application.PlatformImpl.lambda$runLater$11(Ljava/lang/Runnable;Ljava/security/AccessControlContext;)V+7 javafx.graphics@22.0.2
j  com.sun.javafx.application.PlatformImpl$$Lambda$101+0x0000000800117478.run()V+8 javafx.graphics@22.0.2
J 4279 c1 com.sun.glass.ui.InvokeLaterDispatcher$Future.run()V javafx.graphics@22.0.2 (91 bytes) @ 0x000001be4d54a614 [0x000001be4d54a500+0x0000000000000114]
v  ~StubRoutines::call_stub
j  com.sun.glass.ui.win.WinApplication._runLoop(Ljava/lang/Runnable;)V+0 javafx.graphics@22.0.2
j  com.sun.glass.ui.win.WinApplication.lambda$runLoop$3(ILjava/lang/Runnable;)V+8 javafx.graphics@22.0.2
j  com.sun.glass.ui.win.WinApplication$$Lambda$87+0x00000008000eedd0.run()V+12 javafx.graphics@22.0.2
j  java.lang.Thread.run()V+11 java.base@17.0.12
v  ~StubRoutines::call_stub

siginfo: EXCEPTION_ACCESS_VIOLATION (0xc0000005), reading address 0x0000000000000128


Registers:
RAX=0x0000000000000000, RBX=0x0000000000000000, RCX=0x0000000000000000, RDX=0x0000000000000000
RSP=0x00000013c0efde90, RBP=0x0000000000000401, RSI=0x00000013c0efe210, RDI=0x00000013c0efe210
R8 =0x00000013c0efe210, R9 =0x0000000000000000, R10=0x0000000000000000, R11=0x0000000000000246
R12=0x00000013c0efe210, R13=0x0000000000000000, R14=0x0000000000000000, R15=0x00000013c0efe210
RIP=0x00007ffc71ecbd46, EFLAGS=0x0000000000010206


Register to memory mapping:

RIP=0x00007ffc71ecbd46 glass.dll
RAX=0x0 is NULL
RBX=0x0 is NULL
RCX=0x0 is NULL
RDX=0x0 is NULL
RSP=0x00000013c0efde90 is pointing into the stack for thread: 0x000001be6dfab810
RBP=0x0000000000000401 is an unknown value
RSI=0x00000013c0efe210 is pointing into the stack for thread: 0x000001be6dfab810
RDI=0x00000013c0efe210 is pointing into the stack for thread: 0x000001be6dfab810
R8 =0x00000013c0efe210 is pointing into the stack for thread: 0x000001be6dfab810
R9 =0x0 is NULL
R10=0x0 is NULL
R11=0x0000000000000246 is an unknown value
R12=0x00000013c0efe210 is pointing into the stack for thread: 0x000001be6dfab810
R13=0x0 is NULL
R14=0x0 is NULL
R15=0x00000013c0efe210 is pointing into the stack for thread: 0x000001be6dfab810


Top of Stack: (sp=0x00000013c0efde90)
0x00000013c0efde90:   0000000000000578 00000013c0efdea0
0x00000013c0efdea0:   0000000000180016 00007ffc71ed95d0
0x00000013c0efdeb0:   00000013c0efe210 00007ffc71ecaaf1
0x00000013c0efdec0:   0000000000000401 000001be6d6f17c0
0x00000013c0efded0:   00000013c0efe210 00007ffc71ed95d0
0x00000013c0efdee0:   0000000000000000 00007ffc71eba698
0x00000013c0efdef0:   000001be6d6f17c0 000001be6d010101
0x00000013c0efdf00:   00000013c0efc0c4 00000013c0efdeb8
0x00000013c0efdf10:   0000000000000000 00007ffc71eb177f
0x00000013c0efdf20:   000001be6d6f17c0 0000000000000401
0x00000013c0efdf30:   000001be6d6f17ec 00000000001305d4
0x00000013c0efdf40:   0000000000000000 0000000000000401
0x00000013c0efdf50:   0000000080000022 00007ffcab46ef5c
0x00000013c0efdf60:   0000000000000001 00000013c0efe150
0x00000013c0efdf70:   00000000001305d4 00000000001305d4
0x00000013c0efdf80:   000001be68b786d0 00007ffc00000004
0x00000013c0efdf90:   0000000000000168 00007ffc71ecce00
0x00000013c0efdfa0:   000001be00000000 0000000000000000
0x00000013c0efdfb0:   0000000000000000 0000000100000000
0x00000013c0efdfc0:   0000000080000022 0000000000000000
0x00000013c0efdfd0:   0000000000000000 000001be6dfab810
0x00000013c0efdfe0:   000001be6d1a7f30 0000000000000001
0x00000013c0efdff0:   000001be69881d01 000001be6dfab810
0x00000013c0efe000:   00007ffc0b5a2ca8 0000005000000000
0x00000013c0efe010:   000000000000002b 0000000000000000
0x00000013c0efe020:   0000000000000000 0000000000000000
0x00000013c0efe030:   0000000000000000 00000013c0efe051
0x00000013c0efe040:   000000000000002b 0000000000000030
0x00000013c0efe050:   6f635f6176614a00 6c675f6e75735f6d
0x00000013c0efe060:   00007ffc71eb1720 69576e69575f6e69
0x00000013c0efe070:   0000000000000048 0000000000000001
0x00000013c0efe080:   0000000000000000 0000000000000000 

Instructions: (pc=0x00007ffc71ecbd46)
0x00007ffc71ecbc46:   a8 00 00 00 41 5e 41 5d 41 5c 5e 5d 5b c3 cc cc
0x00007ffc71ecbc56:   cc cc cc cc cc cc cc cc cc cc b0 01 c3 cc cc cc
0x00007ffc71ecbc66:   cc cc cc cc cc cc cc cc cc cc 48 89 5c 24 08 57
0x00007ffc71ecbc76:   48 83 ec 30 48 8b fa 48 8b d9 48 39 91 28 01 00
0x00007ffc71ecbc86:   00 0f 84 a5 00 00 00 e8 ae 00 00 00 48 8b 93 28
0x00007ffc71ecbc96:   01 00 00 48 85 d2 75 04 48 8b 53 08 48 89 54 24
0x00007ffc71ecbca6:   20 4c 8b c7 48 85 ff 75 04 4c 8b 43 08 48 8d 0d
0x00007ffc71ecbcb6:   a6 03 01 00 4c 89 44 24 28 e8 7c 79 fe ff 48 8b
0x00007ffc71ecbcc6:   4c 24 20 4c 8d 44 24 20 48 8d 15 8b f9 ff ff ff
0x00007ffc71ecbcd6:   15 9d 09 02 00 48 8b 05 2e 0d 02 00 48 85 c0 75
0x00007ffc71ecbce6:   04 33 c9 eb 03 8b 48 48 4c 8d 44 24 20 48 8d 15
0x00007ffc71ecbcf6:   a6 f9 ff ff ff 15 80 09 02 00 48 89 bb 28 01 00
0x00007ffc71ecbd06:   00 e8 04 56 00 00 4c 8b 05 ad 10 02 00 48 8b c8
0x00007ffc71ecbd16:   48 8b 93 c8 00 00 00 4c 8b cf e8 db 95 fe ff e8
0x00007ffc71ecbd26:   e6 55 00 00 48 8b c8 e8 fe 54 00 00 48 8b 5c 24
0x00007ffc71ecbd36:   40 48 83 c4 30 5f c3 cc cc cc 40 57 48 83 ec 20
0x00007ffc71ecbd46:   48 8b 81 28 01 00 00 48 8b f9 48 85 c0 75 04 48
0x00007ffc71ecbd56:   8b 41 08 48 3b 05 a0 0f 02 00 75 3b 48 89 5c 24
0x00007ffc71ecbd66:   30 e8 a4 55 00 00 4c 8b 05 3d 10 02 00 48 8b c8
0x00007ffc71ecbd76:   48 8b 97 c8 00 00 00 48 8b d8 e8 7b 95 fe ff 48
0x00007ffc71ecbd86:   8b cb e8 a3 54 00 00 48 8b 5c 24 30 48 c7 05 63
0x00007ffc71ecbd96:   0f 02 00 00 00 00 00 48 83 c4 20 5f c3 cc cc cc
0x00007ffc71ecbda6:   cc cc cc cc cc cc cc cc cc cc 40 53 48 83 ec 50
0x00007ffc71ecbdb6:   48 8b 05 0b e4 01 00 48 33 c4 48 89 44 24 40 48
0x00007ffc71ecbdc6:   8b d9 48 8b 49 08 ff 15 26 08 02 00 85 c0 0f 85
0x00007ffc71ecbdd6:   1b 01 00 00 48 8b 4b 08 48 8d 54 24 30 ff 15 7f
0x00007ffc71ecbde6:   06 02 00 48 8b 4b 08 48 8d 54 24 20 ff 15 d8 06
0x00007ffc71ecbdf6:   02 00 48 8b 4b 08 4c 8d 44 24 20 41 b9 02 00 00
0x00007ffc71ecbe06:   00 33 d2 ff 15 c9 06 02 00 8b 44 24 24 2b 44 24
0x00007ffc71ecbe16:   34 8b 4c 24 20 2b 4c 24 30 8b 54 24 3c 2b 54 24
0x00007ffc71ecbe26:   2c 44 8b 44 24 38 44 2b 44 24 28 89 83 14 01 00
0x00007ffc71ecbe36:   00 89 8b 10 01 00 00 89 93 1c 01 00 00 44 89 83 


Stack slot to memory mapping:
stack at sp + 0 slots: 0x0000000000000578 is an unknown value
stack at sp + 1 slots: 0x00000013c0efdea0 is pointing into the stack for thread: 0x000001be6dfab810
stack at sp + 2 slots: 0x0000000000180016 is an unknown value
stack at sp + 3 slots: 0x00007ffc71ed95d0 glass.dll
stack at sp + 4 slots: 0x00000013c0efe210 is pointing into the stack for thread: 0x000001be6dfab810
stack at sp + 5 slots: 0x00007ffc71ecaaf1 glass.dll
stack at sp + 6 slots: 0x0000000000000401 is an unknown value
stack at sp + 7 slots: 0x000001be6d6f17c0 points into unknown readable memory: 0x00007ffc71eda838 | 38 a8 ed 71 fc 7f 00 00


Compiled method (c1)    7728 1158       3       java.security.AccessController::doPrivileged (17 bytes)
 total in heap  [0x000001be4cf0de10,0x000001be4cf0e548] = 1848
 relocation     [0x000001be4cf0df68,0x000001be4cf0dff0] = 136
 main code      [0x000001be4cf0e000,0x000001be4cf0e340] = 832
 stub code      [0x000001be4cf0e340,0x000001be4cf0e3b8] = 120
 metadata       [0x000001be4cf0e3b8,0x000001be4cf0e3d0] = 24
 scopes data    [0x000001be4cf0e3d0,0x000001be4cf0e480] = 176
 scopes pcs     [0x000001be4cf0e480,0x000001be4cf0e530] = 176
 dependencies   [0x000001be4cf0e530,0x000001be4cf0e538] = 8
 nul chk table  [0x000001be4cf0e538,0x000001be4cf0e548] = 16

[Constant Pool (empty)]

[MachCode]
[Verified Entry Point]
  # {method} {0x000001be6903bbf8} 'doPrivileged' '(Ljava/security/PrivilegedAction;Ljava/security/AccessControlContext;)Ljava/lang/Object;' in 'java/security/AccessController'
  # parm0:    rdx:rdx   = 'java/security/PrivilegedAction'
  # parm1:    r8:r8     = 'java/security/AccessControlContext'
  #           [sp+0x80]  (sp of caller)
  0x000001be4cf0e000: 8984 2400 | 90ff ff55 | 4883 ec70 

  0x000001be4cf0e00c: ;   {metadata(method data for {method} {0x000001be6903bbf8} 'doPrivileged' '(Ljava/security/PrivilegedAction;Ljava/security/AccessControlContext;)Ljava/lang/Object;' in 'java/security/AccessController')}
  0x000001be4cf0e00c: 48be 902d | b469 be01 | 0000 8bbe | cc00 0000 | 83c7 0289 | becc 0000 | 0081 e7fe | 0700 0083 
  0x000001be4cf0e02c: ff00 0f84 | 4402 0000 | 4c89 4424 | 4048 8954 

  0x000001be4cf0e03c: ;   {metadata(method data for {method} {0x000001be6903bbf8} 'doPrivileged' '(Ljava/security/PrivilegedAction;Ljava/security/AccessControlContext;)Ljava/lang/Object;' in 'java/security/AccessController')}
  0x000001be4cf0e03c: 2448 48be | 902d b469 | be01 0000 | 4883 8610 | 0100 0001 | 0f1f 8000 

  0x000001be4cf0e054: ;   {static_call}
  0x000001be4cf0e054: 0000 00e8 

  0x000001be4cf0e058: ; ImmutableOopMap {[64]=Oop [72]=Oop }
                      ;*invokestatic getCallerClass {reexecute=0 rethrow=0 return_oop=0}
                      ; - java.security.AccessController::doPrivileged@0 (line 397)
  0x000001be4cf0e058: e4eb 9207 

  0x000001be4cf0e05c: ;   {metadata(method data for {method} {0x000001be6903bbf8} 'doPrivileged' '(Ljava/security/PrivilegedAction;Ljava/security/AccessControlContext;)Ljava/lang/Object;' in 'java/security/AccessController')}
  0x000001be4cf0e05c: 48ba 902d | b469 be01 | 0000 4883 | 8220 0100 | 0001 488b | 5424 404c | 8bc0 4889 | 4424 500f 
  0x000001be4cf0e07c: ;   {static_call}
  0x000001be4cf0e07c: 1f40 00e8 

  0x000001be4cf0e080: ; ImmutableOopMap {[72]=Oop [80]=Oop }
                      ;*invokestatic checkContext {reexecute=0 rethrow=0 return_oop=0}
                      ; - java.security.AccessController::doPrivileged@6 (line 398)
  0x000001be4cf0e080: 1cf5 ffff | 4889 4424 

  0x000001be4cf0e088: ;   {metadata(method data for {method} {0x000001be6903bbf8} 'doPrivileged' '(Ljava/security/PrivilegedAction;Ljava/security/AccessControlContext;)Ljava/lang/Object;' in 'java/security/AccessController')}
  0x000001be4cf0e088: 5848 ba90 | 2db4 69be | 0100 0048 | 8382 3001 

  0x000001be4cf0e098: ;   {metadata(method data for {method} {0x000001be6903c8e8} 'executePrivileged' '(Ljava/security/PrivilegedAction;Ljava/security/AccessControlContext;Ljava/lang/Class;)Ljava/lang/Object;' in 'java/security/AccessController')}
  0x000001be4cf0e098: 0000 0148 | ba40 2557 | 69be 0100 | 008b b2cc | 0000 0083 | c602 89b2 | cc00 0000 | 81e6 feff 
  0x000001be4cf0e0b8: 1f00 83fe | 000f 84d6 | 0100 0048 

  0x000001be4cf0e0c4: ;   {metadata(method data for {method} {0x000001be6903c8e8} 'executePrivileged' '(Ljava/security/PrivilegedAction;Ljava/security/AccessControlContext;Ljava/lang/Class;)Ljava/lang/Object;' in 'java/security/AccessController')}
  0x000001be4cf0e0c4: 83f8 0048 | ba40 2557 | 69be 0100 | 0048 be10 | 0100 0000 | 0000 000f | 840a 0000 | 0048 be20 
  0x000001be4cf0e0e4: 0100 0000 | 0000 0048 | 8b3c 3248 | 8d7f 0148 | 893c 320f | 841f 0000 

  0x000001be4cf0e0fc: ;   {metadata(method data for {method} {0x000001be6903c8e8} 'executePrivileged' '(Ljava/security/PrivilegedAction;Ljava/security/AccessControlContext;Ljava/lang/Class;)Ljava/lang/Object;' in 'java/security/AccessController')}
  0x000001be4cf0e0fc: 0048 ba40 | 2557 69be | 0100 0048 | 8382 3001 | 0000 0148 | 8bd0 0f1f 

  0x000001be4cf0e114: ;   {static_call}
  0x000001be4cf0e114: 4400 00e8 

  0x000001be4cf0e118: ; ImmutableOopMap {[72]=Oop [80]=Oop [88]=Oop }
                      ;*invokestatic ensureMaterializedForStackWalk {reexecute=0 rethrow=0 return_oop=0}
                      ; - java.security.AccessController::executePrivileged@5 (line 772)
                      ; - java.security.AccessController::doPrivileged@13 (line 399)
  0x000001be4cf0e118: a4d8 9507 

  0x000001be4cf0e11c: ;   {metadata(method data for {method} {0x000001be6903c8e8} 'executePrivileged' '(Ljava/security/PrivilegedAction;Ljava/security/AccessControlContext;Ljava/lang/Class;)Ljava/lang/Object;' in 'java/security/AccessController')}
  0x000001be4cf0e11c: 48ba 4025 | 5769 be01 | 0000 ff82 | 4001 0000 | 488b 5424 | 4848 3b02 

  0x000001be4cf0e134: ;   {metadata(method data for {method} {0x000001be6903c8e8} 'executePrivileged' '(Ljava/security/PrivilegedAction;Ljava/security/AccessControlContext;Ljava/lang/Class;)Ljava/lang/Object;' in 'java/security/AccessController')}
  0x000001be4cf0e134: 488b f248 | bf40 2557 | 69be 0100 | 008b 7608 | 49ba 0000 | 0000 0800 | 0000 4903 | f248 3bb7 
  0x000001be4cf0e154: b001 0000 | 750d 4883 | 87b8 0100 | 0001 e966 | 0000 0048 | 3bb7 c001 | 0000 750d | 4883 87c8 
  0x000001be4cf0e174: 0100 0001 | e950 0000 | 0048 81bf | b001 0000 | 0000 0000 | 7517 4889 | b7b0 0100 | 0048 c787 
  0x000001be4cf0e194: b801 0000 | 0100 0000 | e92c 0000 | 0048 81bf | c001 0000 | 0000 0000 | 7517 4889 | b7c0 0100 
  0x000001be4cf0e1b4: 0048 c787 | c801 0000 | 0100 0000 | e908 0000 | 0048 8387 | a001 0000 | 0148 b820 | b284 6ebe 
  0x000001be4cf0e1d4: ;   {virtual_call}
  0x000001be4cf0e1d4: 0100 00e8 

  0x000001be4cf0e1d8: ; ImmutableOopMap {[80]=Oop [88]=Oop }
                      ;*invokeinterface run {reexecute=0 rethrow=0 return_oop=0}
                      ; - java.security.AccessController::executePrivileged@29 (line 776)
                      ; - java.security.AccessController::doPrivileged@13 (line 399)
  0x000001be4cf0e1d8: c41f 4507 

  0x000001be4cf0e1dc: ;   {metadata(method data for {method} {0x000001be6903c8e8} 'executePrivileged' '(Ljava/security/PrivilegedAction;Ljava/security/AccessControlContext;Ljava/lang/Class;)Ljava/lang/Object;' in 'java/security/AccessController')}
  0x000001be4cf0e1dc: 48be 4025 | 5769 be01 | 0000 ff86 | d801 0000 | 488b 7424 

  0x000001be4cf0e1f0: ;   {metadata(method data for {method} {0x000001be6903c8e8} 'executePrivileged' '(Ljava/security/PrivilegedAction;Ljava/security/AccessControlContext;Ljava/lang/Class;)Ljava/lang/Object;' in 'java/security/AccessController')}
  0x000001be4cf0e1f0: 5048 bf40 | 2557 69be | 0100 0048 | 8387 3802 

  0x000001be4cf0e200: ;   {metadata(method data for {method} {0x000001be690429e0} 'reachabilityFence' '(Ljava/lang/Object;)V' in 'java/lang/ref/Reference')}
  0x000001be4cf0e200: 0000 0148 | bff8 745e | 69be 0100 | 008b 9fcc | 0000 0083 | c302 899f | cc00 0000 | 81e3 feff 
  0x000001be4cf0e220: 1f00 83fb | 000f 8494 

  0x000001be4cf0e228: ;   {metadata(method data for {method} {0x000001be6903c8e8} 'executePrivileged' '(Ljava/security/PrivilegedAction;Ljava/security/AccessControlContext;Ljava/lang/Class;)Ljava/lang/Object;' in 'java/security/AccessController')}
  0x000001be4cf0e228: 0000 0048 | be40 2557 | 69be 0100 | 0048 8386 | 4802 0000 

  0x000001be4cf0e23c: ;   {metadata(method data for {method} {0x000001be690429e0} 'reachabilityFence' '(Ljava/lang/Object;)V' in 'java/lang/ref/Reference')}
  0x000001be4cf0e23c: 0148 bef8 | 745e 69be | 0100 008b | becc 0000 | 0083 c702 | 89be cc00 | 0000 81e7 | feff 1f00 
  0x000001be4cf0e25c: 83ff 000f | 847b 0000 | 0048 83c4 

  0x000001be4cf0e268: ;   {poll_return}
  0x000001be4cf0e268: 705d 493b | a750 0300 | 000f 878a | 0000 00c3 

  0x000001be4cf0e278: ;   {metadata({method} {0x000001be6903bbf8} 'doPrivileged' '(Ljava/security/PrivilegedAction;Ljava/security/AccessControlContext;)Ljava/lang/Object;' in 'java/security/AccessController')}
  0x000001be4cf0e278: 49ba f0bb | 0369 be01 | 0000 4c89 | 5424 0848 | c704 24ff 

  0x000001be4cf0e28c: ;   {runtime_call counter_overflow Runtime1 stub}
  0x000001be4cf0e28c: ffff ffe8 

  0x000001be4cf0e290: ; ImmutableOopMap {rdx=Oop r8=Oop }
                      ;*synchronization entry
                      ; - java.security.AccessController::doPrivileged@-1 (line 397)
  0x000001be4cf0e290: ecc6 4407 | e99b fdff 

  0x000001be4cf0e298: ;   {metadata({method} {0x000001be6903c8e8} 'executePrivileged' '(Ljava/security/PrivilegedAction;Ljava/security/AccessControlContext;Ljava/lang/Class;)Ljava/lang/Object;' in 'java/security/AccessController')}
  0x000001be4cf0e298: ff49 bae0 | c803 69be | 0100 004c | 8954 2408 | 48c7 0424 | ffff ffff 

  0x000001be4cf0e2b0: ;   {runtime_call counter_overflow Runtime1 stub}
  0x000001be4cf0e2b0: e8cb c644 

  0x000001be4cf0e2b4: ; ImmutableOopMap {[72]=Oop [80]=Oop rax=Oop [88]=Oop }
                      ;*synchronization entry
                      ; - java.security.AccessController::executePrivileged@-1 (line 771)
                      ; - java.security.AccessController::doPrivileged@13 (line 399)
  0x000001be4cf0e2b4: 07e9 09fe 

  0x000001be4cf0e2b8: ;   {runtime_call throw_null_pointer_exception Runtime1 stub}
  0x000001be4cf0e2b8: ffff e861 

  0x000001be4cf0e2bc: ; ImmutableOopMap {[80]=Oop rdx=Oop [88]=Oop }
                      ;*invokeinterface run {reexecute=0 rethrow=0 return_oop=0}
                      ; - java.security.AccessController::executePrivileged@29 (line 776)
                      ; - java.security.AccessController::doPrivileged@13 (line 399)
                      ;   {metadata({method} {0x000001be690429e0} 'reachabilityFence' '(Ljava/lang/Object;)V' in 'java/lang/ref/Reference')}
  0x000001be4cf0e2bc: 7244 0749 | bad8 2904 | 69be 0100 | 004c 8954 | 2408 48c7 | 0424 ffff 

  0x000001be4cf0e2d4: ;   {runtime_call counter_overflow Runtime1 stub}
  0x000001be4cf0e2d4: ffff e8a5 

  0x000001be4cf0e2d8: ; ImmutableOopMap {rax=Oop rsi=Oop }
                      ;*synchronization entry
                      ; - java.lang.ref.Reference::reachabilityFence@-1 (line 621)
                      ; - java.security.AccessController::executePrivileged@56 (line 781)
                      ; - java.security.AccessController::doPrivileged@13 (line 399)
  0x000001be4cf0e2d8: c644 07e9 | 4bff ffff 

  0x000001be4cf0e2e0: ;   {metadata({method} {0x000001be690429e0} 'reachabilityFence' '(Ljava/lang/Object;)V' in 'java/lang/ref/Reference')}
  0x000001be4cf0e2e0: 49ba d829 | 0469 be01 | 0000 4c89 | 5424 0848 | c704 24ff 

  0x000001be4cf0e2f4: ;   {runtime_call counter_overflow Runtime1 stub}
  0x000001be4cf0e2f4: ffff ffe8 

  0x000001be4cf0e2f8: ; ImmutableOopMap {rax=Oop }
                      ;*synchronization entry
                      ; - java.lang.ref.Reference::reachabilityFence@-1 (line 621)
                      ; - java.security.AccessController::executePrivileged@60 (line 782)
                      ; - java.security.AccessController::doPrivileged@13 (line 399)
  0x000001be4cf0e2f8: 84c6 4407 | e964 ffff 

  0x000001be4cf0e300: ;   {internal_word}
  0x000001be4cf0e300: ff49 ba6a | e2f0 4cbe | 0100 004d | 8997 6803 

  0x000001be4cf0e310: ;   {runtime_call SafepointBlob}
  0x000001be4cf0e310: 0000 e9e9 | 963a 0790 | 9049 8b87 | e003 0000 | 49c7 87e0 | 0300 0000 | 0000 0049 | c787 e803 
  0x000001be4cf0e330: 0000 0000 | 0000 4883 

  0x000001be4cf0e338: ;   {runtime_call unwind_exception Runtime1 stub}
  0x000001be4cf0e338: c470 5de9 | c062 4407 
[Stub Code]
  0x000001be4cf0e340: ;   {no_reloc}
  0x000001be4cf0e340: 0f1f 4400 

  0x000001be4cf0e344: ;   {static_stub}
  0x000001be4cf0e344: 0048 bb00 | 0000 0000 

  0x000001be4cf0e34c: ;   {runtime_call}
  0x000001be4cf0e34c: 0000 00e9 | fbff ffff 

  0x000001be4cf0e354: ;   {static_stub}
  0x000001be4cf0e354: 9048 bb00 | 0000 0000 

  0x000001be4cf0e35c: ;   {runtime_call}
  0x000001be4cf0e35c: 0000 00e9 | fbff ffff 

  0x000001be4cf0e364: ;   {static_stub}
  0x000001be4cf0e364: 9048 bb00 | 0000 0000 

  0x000001be4cf0e36c: ;   {runtime_call}
  0x000001be4cf0e36c: 0000 00e9 | fbff ffff 

  0x000001be4cf0e374: ;   {static_stub}
  0x000001be4cf0e374: 9048 bb00 | 0000 0000 

  0x000001be4cf0e37c: ;   {runtime_call}
  0x000001be4cf0e37c: 0000 00e9 | fbff ffff 
[Exception Handler]
  0x000001be4cf0e384: ;   {runtime_call handle_exception_from_callee Runtime1 stub}
  0x000001be4cf0e384: e877 8f44 

  0x000001be4cf0e388: ;   {external_word}
  0x000001be4cf0e388: 0748 b9a0 | 8d5b 0bfc | 7f00 0048 

  0x000001be4cf0e394: ;   {runtime_call MacroAssembler::debug64}
  0x000001be4cf0e394: 83e4 f049 | ba50 e123 | 0bfc 7f00 | 0041 ffd2 

  0x000001be4cf0e3a4: ;   {section_word}
  0x000001be4cf0e3a4: f449 baa5 | e3f0 4cbe | 0100 0041 

  0x000001be4cf0e3b0: ;   {runtime_call DeoptimizationBlob}
  0x000001be4cf0e3b0: 52e9 ea88 | 3a07 f4f4 
[/MachCode]


Compiled method (c1)    7800 4279   !   3       com.sun.glass.ui.InvokeLaterDispatcher$Future::run (91 bytes)
 total in heap  [0x000001be4d54a310,0x000001be4d54acb8] = 2472
 relocation     [0x000001be4d54a468,0x000001be4d54a4e8] = 128
 main code      [0x000001be4d54a500,0x000001be4d54a960] = 1120
 stub code      [0x000001be4d54a960,0x000001be4d54a9c8] = 104
 oops           [0x000001be4d54a9c8,0x000001be4d54a9d0] = 8
 metadata       [0x000001be4d54a9d0,0x000001be4d54a9d8] = 8
 scopes data    [0x000001be4d54a9d8,0x000001be4d54aa90] = 184
 scopes pcs     [0x000001be4d54aa90,0x000001be4d54aba0] = 272
 dependencies   [0x000001be4d54aba0,0x000001be4d54aba8] = 8
 handler table  [0x000001be4d54aba8,0x000001be4d54ac68] = 192
 nul chk table  [0x000001be4d54ac68,0x000001be4d54acb8] = 80

[Constant Pool (empty)]

[MachCode]
[Entry Point]
  # {method} {0x000001be69a5e530} 'run' '()V' in 'com/sun/glass/ui/InvokeLaterDispatcher$Future'
  #           [sp+0x70]  (sp of caller)
  0x000001be4d54a500: 448b 5208 | 49bb 0000 | 0000 0800 | 0000 4d03 | d34c 3bd0 

  0x000001be4d54a514: ;   {runtime_call ic_miss_stub}
  0x000001be4d54a514: 0f85 666b | d606 660f | 1f44 0000 
[Verified Entry Point]
  0x000001be4d54a520: 8984 2400 | 90ff ff55 | 4883 ec60 

  0x000001be4d54a52c: ;   {metadata(method data for {method} {0x000001be69a5e530} 'run' '()V' in 'com/sun/glass/ui/InvokeLaterDispatcher$Future')}
  0x000001be4d54a52c: 48be 703f | a96a be01 | 0000 8bbe | cc00 0000 | 83c7 0289 | becc 0000 | 0081 e7fe | 0700 0083 
  0x000001be4d54a54c: ff00 0f84 | fe02 0000 | 8b72 1048 | c1e6 0348 | 3b06 488b 

  0x000001be4d54a560: ;   {metadata(method data for {method} {0x000001be69a5e530} 'run' '()V' in 'com/sun/glass/ui/InvokeLaterDispatcher$Future')}
  0x000001be4d54a560: fe48 bb70 | 3fa9 6abe | 0100 008b | 7f08 49ba | 0000 0000 | 0800 0000 | 4903 fa48 | 3bbb 2001 
  0x000001be4d54a580: 0000 750d | 4883 8328 | 0100 0001 | e966 0000 | 0048 3bbb | 3001 0000 | 750d 4883 | 8338 0100 
  0x000001be4d54a5a0: 0001 e950 | 0000 0048 | 81bb 2001 | 0000 0000 | 0000 7517 | 4889 bb20 | 0100 0048 | c783 2801 
  0x000001be4d54a5c0: 0000 0100 | 0000 e92c | 0000 0048 | 81bb 3001 | 0000 0000 | 0000 7517 | 4889 bb30 | 0100 0048 
  0x000001be4d54a5e0: c783 3801 | 0000 0100 | 0000 e908 | 0000 0048 | 8383 1001 | 0000 0148 | 8954 2420 | 488b d666 
  0x000001be4d54a600: 0f1f 4400 | 0048 b8d0 | a14f 79be 

  0x000001be4d54a60c: ;   {virtual_call}
  0x000001be4d54a60c: 0100 00e8 

  0x000001be4d54a610: ; ImmutableOopMap {[32]=Oop }
                      ;*invokeinterface run {reexecute=0 rethrow=0 return_oop=0}
                      ; - com.sun.glass.ui.InvokeLaterDispatcher$Future::run@4 (line 95)
  0x000001be4d54a610: 8c5b e106 | 488b 5424 | 208b 4214 | 48c1 e003 

  0x000001be4d54a620: ; implicit exception: dispatches to 0x000001be4d54a878
  0x000001be4d54a620: 8bb0 7801 | 0000 48c1 | e603 488d | 7c24 4048 | 8977 0848 | 8b06 4883 | c801 4889 | 07f0 480f 
  0x000001be4d54a640: b13e 0f84 | 1300 0000 | 482b c448 | 81e0 07f0 | ffff 4889 | 070f 8527 | 0200 0048 | 8974 2428 
  0x000001be4d54a660: c642 0c01 | 8b52 1448 | c1e2 038b | 9278 0100 | 0048 c1e2 | 0348 3b02 

  0x000001be4d54a678: ;   {metadata(method data for {method} {0x000001be69a5e530} 'run' '()V' in 'com/sun/glass/ui/InvokeLaterDispatcher$Future')}
  0x000001be4d54a678: 488b fa48 | bb70 3fa9 | 6abe 0100 | 0048 8383 | 4801 0000 

  0x000001be4d54a68c: ;   {optimized virtual_call}
  0x000001be4d54a68c: 0166 90e8 

  0x000001be4d54a690: ; ImmutableOopMap {[40]=Oop [72]=Oop }
                      ;*invokevirtual notifyAll {reexecute=0 rethrow=0 return_oop=0}
                      ; - com.sun.glass.ui.InvokeLaterDispatcher$Future::run@31 (line 99)
  0x000001be4d54a690: acb3 3707 | 488d 4424 | 4048 8b10 | 4885 d20f | 840f 0000 | 0048 8b70 | 08f0 480f | b116 0f85 
  0x000001be4d54a6b0: eb01 0000 

  0x000001be4d54a6b4: ;   {metadata(method data for {method} {0x000001be69a5e530} 'run' '()V' in 'com/sun/glass/ui/InvokeLaterDispatcher$Future')}
  0x000001be4d54a6b4: 48b8 703f | a96a be01 | 0000 ff80 | 8001 0000 | e9c0 0000 | 0049 8b87 | e003 0000 | 4d33 d24d 
  0x000001be4d54a6d4: 8997 e003 | 0000 4d33 | d24d 8997 | e803 0000 | 8b72 1448 | c1e6 038b | b678 0100 | 0048 c1e6 
  0x000001be4d54a6f4: 0348 8d7c | 2440 4889 | 4424 3048 | 8977 0848 | 8b06 4883 | c801 4889 | 07f0 480f | b13e 0f84 
  0x000001be4d54a714: 1300 0000 | 482b c448 | 81e0 07f0 | ffff 4889 | 070f 8591 | 0100 0048 | 8974 2438 | c642 0c01 
  0x000001be4d54a734: 8b52 1448 | c1e2 038b | 9278 0100 | 0048 c1e2 | 0348 3b02 

  0x000001be4d54a748: ;   {metadata(method data for {method} {0x000001be69a5e530} 'run' '()V' in 'com/sun/glass/ui/InvokeLaterDispatcher$Future')}
  0x000001be4d54a748: 488b fa48 | bb70 3fa9 | 6abe 0100 | 0048 8383 | b001 0000 

  0x000001be4d54a75c: ;   {optimized virtual_call}
  0x000001be4d54a75c: 0166 90e8 

  0x000001be4d54a760: ; ImmutableOopMap {[48]=Oop [56]=Oop [72]=Oop }
                      ;*invokevirtual notifyAll {reexecute=0 rethrow=0 return_oop=0}
                      ; - com.sun.glass.ui.InvokeLaterDispatcher$Future::run@71 (line 99)
  0x000001be4d54a760: 1c6c d606 | 488d 4424 | 4048 8b30 | 4885 f60f | 840f 0000 | 0048 8b78 | 08f0 480f | b137 0f85 
  0x000001be4d54a780: 5501 0000 | e923 0000 

  0x000001be4d54a788: ;   {metadata(method data for {method} {0x000001be69a5e530} 'run' '()V' in 'com/sun/glass/ui/InvokeLaterDispatcher$Future')}
  0x000001be4d54a788: 0048 b870 | 3fa9 6abe | 0100 00ff | 8098 0100 | 0048 83c4 

  0x000001be4d54a79c: ;   {poll_return}
  0x000001be4d54a79c: 605d 493b | a750 0300 | 000f 8741 | 0100 00c3 

  0x000001be4d54a7ac: ;   {metadata(method data for {method} {0x000001be69a5e530} 'run' '()V' in 'com/sun/glass/ui/InvokeLaterDispatcher$Future')}
  0x000001be4d54a7ac: 48b8 703f | a96a be01 | 0000 ff80 | e801 0000 | 488b 4424 | 30e9 8b01 | 0000 498b | 87e0 0300 
  0x000001be4d54a7cc: 004d 33d2 | 4d89 97e0 | 0300 004d | 33d2 4d89 | 97e8 0300 | 0048 8bf0 | 488d 4424 | 4048 8b38 
  0x000001be4d54a7ec: 4885 ff0f | 840f 0000 | 0048 8b58 | 08f0 480f | b13b 0f85 | fe00 0000 | 488b c6e9 | 4501 0000 
  0x000001be4d54a80c: 498b 87e0 | 0300 004d | 33d2 4d89 | 97e0 0300 | 004d 33d2 | 4d89 97e8 | 0300 0048 | 8bf0 488d 
  0x000001be4d54a82c: 4424 4048 | 8b38 4885 | ff0f 840f | 0000 0048 | 8b58 08f0 | 480f b13b | 0f85 cb00 | 0000 488b 
  0x000001be4d54a84c: c6e9 ff00 

  0x000001be4d54a850: ;   {metadata({method} {0x000001be69a5e530} 'run' '()V' in 'com/sun/glass/ui/InvokeLaterDispatcher$Future')}
  0x000001be4d54a850: 0000 49ba | 28e5 a569 | be01 0000 | 4c89 5424 | 0848 c704 | 24ff ffff 

  0x000001be4d54a868: ;   {runtime_call counter_overflow Runtime1 stub}
  0x000001be4d54a868: ffe8 1201 

  0x000001be4d54a86c: ; ImmutableOopMap {rdx=Oop }
                      ;*synchronization entry
                      ; - com.sun.glass.ui.InvokeLaterDispatcher$Future::run@-1 (line 95)
  0x000001be4d54a86c: e106 e9e1 

  0x000001be4d54a870: ;   {runtime_call throw_null_pointer_exception Runtime1 stub}
  0x000001be4d54a870: fcff ffe8 

  0x000001be4d54a874: ; ImmutableOopMap {rdx=Oop rsi=Oop }
                      ;*invokeinterface run {reexecute=0 rethrow=0 return_oop=0}
                      ; - com.sun.glass.ui.InvokeLaterDispatcher$Future::run@4 (line 95)
  0x000001be4d54a874: a8ac e006 

  0x000001be4d54a878: ;   {runtime_call throw_null_pointer_exception Runtime1 stub}
  0x000001be4d54a878: e8a3 ace0 

  0x000001be4d54a87c: ; ImmutableOopMap {rdx=Oop }
                      ;*getfield LOCK {reexecute=1 rethrow=0 return_oop=0}
                      ; - (reexecute) com.sun.glass.ui.InvokeLaterDispatcher$Future::run@13 (line 97)
                      ;   {runtime_call throw_null_pointer_exception Runtime1 stub}
  0x000001be4d54a87c: 06e8 9eac 

  0x000001be4d54a880: ; ImmutableOopMap {rdx=Oop rsi=Oop }
                      ;*monitorenter {reexecute=0 rethrow=0 return_oop=0}
                      ; - com.sun.glass.ui.InvokeLaterDispatcher$Future::run@18 (line 97)
  0x000001be4d54a880: e006 4889 | 7424 0848 

  0x000001be4d54a888: ;   {runtime_call monitorenter_nofpu Runtime1 stub}
  0x000001be4d54a888: 893c 24e8 

  0x000001be4d54a88c: ; ImmutableOopMap {rdx=Oop rsi=Oop [72]=Oop }
                      ;*monitorenter {reexecute=0 rethrow=0 return_oop=0}
                      ; - com.sun.glass.ui.InvokeLaterDispatcher$Future::run@18 (line 97)
  0x000001be4d54a88c: 70dc e006 | e9c6 fdff 

  0x000001be4d54a894: ;   {runtime_call throw_null_pointer_exception Runtime1 stub}
  0x000001be4d54a894: ffe8 86ac 

  0x000001be4d54a898: ; ImmutableOopMap {[40]=Oop [72]=Oop }
                      ;*getfield LOCK {reexecute=1 rethrow=0 return_oop=0}
                      ; - (reexecute) com.sun.glass.ui.InvokeLaterDispatcher$Future::run@28 (line 99)
                      ;   {runtime_call throw_null_pointer_exception Runtime1 stub}
  0x000001be4d54a898: e006 e881 

  0x000001be4d54a89c: ; ImmutableOopMap {[40]=Oop rdx=Oop [72]=Oop }
                      ;*invokevirtual notifyAll {reexecute=0 rethrow=0 return_oop=0}
                      ; - com.sun.glass.ui.InvokeLaterDispatcher$Future::run@31 (line 99)
  0x000001be4d54a89c: ace0 0648 | 8d44 2440 | 4889 0424 

  0x000001be4d54a8a8: ;   {runtime_call monitorexit_nofpu Runtime1 stub}
  0x000001be4d54a8a8: e853 e2e0 | 06e9 02fe 

  0x000001be4d54a8b0: ;   {runtime_call throw_null_pointer_exception Runtime1 stub}
  0x000001be4d54a8b0: ffff e869 

  0x000001be4d54a8b4: ; ImmutableOopMap {rdx=Oop rax=Oop }
                      ;*getfield LOCK {reexecute=1 rethrow=0 return_oop=0}
                      ; - (reexecute) com.sun.glass.ui.InvokeLaterDispatcher$Future::run@52 (line 97)
                      ;   {runtime_call throw_null_pointer_exception Runtime1 stub}
  0x000001be4d54a8b4: ace0 06e8 

  0x000001be4d54a8b8: ; ImmutableOopMap {rdx=Oop rsi=Oop [48]=Oop }
                      ;*monitorenter {reexecute=0 rethrow=0 return_oop=0}
                      ; - com.sun.glass.ui.InvokeLaterDispatcher$Future::run@58 (line 97)
  0x000001be4d54a8b8: 64ac e006 | 4889 7424 | 0848 893c 

  0x000001be4d54a8c4: ;   {runtime_call monitorenter_nofpu Runtime1 stub}
  0x000001be4d54a8c4: 24e8 36dc 

  0x000001be4d54a8c8: ; ImmutableOopMap {rdx=Oop rsi=Oop [48]=Oop [72]=Oop }
                      ;*monitorenter {reexecute=0 rethrow=0 return_oop=0}
                      ; - com.sun.glass.ui.InvokeLaterDispatcher$Future::run@58 (line 97)
  0x000001be4d54a8c8: e006 e95c 

  0x000001be4d54a8cc: ;   {runtime_call throw_null_pointer_exception Runtime1 stub}
  0x000001be4d54a8cc: feff ffe8 

  0x000001be4d54a8d0: ; ImmutableOopMap {[56]=Oop [48]=Oop [72]=Oop }
                      ;*getfield LOCK {reexecute=1 rethrow=0 return_oop=0}
                      ; - (reexecute) com.sun.glass.ui.InvokeLaterDispatcher$Future::run@68 (line 99)
  0x000001be4d54a8d0: 4cac e006 

  0x000001be4d54a8d4: ;   {runtime_call throw_null_pointer_exception Runtime1 stub}
  0x000001be4d54a8d4: e847 ace0 

  0x000001be4d54a8d8: ; ImmutableOopMap {[56]=Oop [48]=Oop rdx=Oop [72]=Oop }
                      ;*invokevirtual notifyAll {reexecute=0 rethrow=0 return_oop=0}
                      ; - com.sun.glass.ui.InvokeLaterDispatcher$Future::run@71 (line 99)
  0x000001be4d54a8d8: 0648 8d44 | 2440 4889 

  0x000001be4d54a8e0: ;   {runtime_call monitorexit_nofpu Runtime1 stub}
  0x000001be4d54a8e0: 0424 e819 | e2e0 06e9 | 98fe ffff 

  0x000001be4d54a8ec: ;   {internal_word}
  0x000001be4d54a8ec: 49ba 9ea7 | 544d be01 | 0000 4d89 | 9768 0300 

  0x000001be4d54a8fc: ;   {runtime_call SafepointBlob}
  0x000001be4d54a8fc: 00e9 fed0 | d606 488d | 4424 4048 

  0x000001be4d54a908: ;   {runtime_call monitorexit_nofpu Runtime1 stub}
  0x000001be4d54a908: 8904 24e8 | f0e1 e006 | e9ef feff | ff48 8d44 | 2440 4889 

  0x000001be4d54a91c: ;   {runtime_call monitorexit_nofpu Runtime1 stub}
  0x000001be4d54a91c: 0424 e8dd | e1e0 06e9 | 22ff ffff | 488b 5424 | 20e9 97fd | ffff 9090 | 498b 87e0 | 0300 0049 
  0x000001be4d54a93c: c787 e003 | 0000 0000 | 0000 49c7 | 87e8 0300 | 0000 0000 | 0048 83c4 

  0x000001be4d54a954: ;   {runtime_call unwind_exception Runtime1 stub}
  0x000001be4d54a954: 605d e9a5 | 9ce0 06f4 | f4f4 f4f4 
[Stub Code]
  0x000001be4d54a960: ;   {no_reloc}
  0x000001be4d54a960: 0f1f 4400 

  0x000001be4d54a964: ;   {static_stub}
  0x000001be4d54a964: 0048 bb00 | 0000 0000 

  0x000001be4d54a96c: ;   {runtime_call}
  0x000001be4d54a96c: 0000 00e9 | fbff ffff 

  0x000001be4d54a974: ;   {static_stub}
  0x000001be4d54a974: 9048 bb00 | 0000 0000 

  0x000001be4d54a97c: ;   {runtime_call}
  0x000001be4d54a97c: 0000 00e9 | fbff ffff 

  0x000001be4d54a984: ;   {static_stub}
  0x000001be4d54a984: 9048 bb00 | 0000 0000 

  0x000001be4d54a98c: ;   {runtime_call}
  0x000001be4d54a98c: 0000 00e9 | fbff ffff 
[Exception Handler]
  0x000001be4d54a994: ;   {runtime_call handle_exception_from_callee Runtime1 stub}
  0x000001be4d54a994: e867 c9e0 

  0x000001be4d54a998: ;   {external_word}
  0x000001be4d54a998: 0648 b9a0 | 8d5b 0bfc | 7f00 0048 

  0x000001be4d54a9a4: ;   {runtime_call MacroAssembler::debug64}
  0x000001be4d54a9a4: 83e4 f049 | ba50 e123 | 0bfc 7f00 | 0041 ffd2 

  0x000001be4d54a9b4: ;   {section_word}
  0x000001be4d54a9b4: f449 bab5 | a954 4dbe | 0100 0041 

  0x000001be4d54a9c0: ;   {runtime_call DeoptimizationBlob}
  0x000001be4d54a9c0: 52e9 dac2 | d606 f4f4 
[/MachCode]


---------------  P R O C E S S  ---------------

Threads class SMR info:
_java_thread_list=0x000001be78879780, length=20, elements={
0x000001be47d6fd00, 0x000001be6d04da80, 0x000001be6d04e900, 0x000001be6d09c680,
0x000001be6d09f550, 0x000001be6d09ff10, 0x000001be6d0a08d0, 0x000001be6d0a15c0,
0x000001be6d0a1fc0, 0x000001be6d0a29c0, 0x000001be6d1a73f0, 0x000001be6d5f6a10,
0x000001be6dad3820, 0x000001be6df3fa60, 0x000001be6dfab810, 0x000001be6e5f1450,
0x000001be6e5f2950, 0x000001be6e8e4a70, 0x000001be78976400, 0x000001be78974fc0
}

Java Threads: ( => current thread )
  0x000001be47d6fd00 JavaThread "main" [_thread_blocked, id=2860, stack(0x00000013bf700000,0x00000013bf800000)]
  0x000001be6d04da80 JavaThread "Reference Handler" daemon [_thread_blocked, id=18016, stack(0x00000013bfe00000,0x00000013bff00000)]
  0x000001be6d04e900 JavaThread "Finalizer" daemon [_thread_blocked, id=20784, stack(0x00000013bff00000,0x00000013c0000000)]
  0x000001be6d09c680 JavaThread "Signal Dispatcher" daemon [_thread_blocked, id=18228, stack(0x00000013c0000000,0x00000013c0100000)]
  0x000001be6d09f550 JavaThread "Attach Listener" daemon [_thread_blocked, id=18656, stack(0x00000013c0100000,0x00000013c0200000)]
  0x000001be6d09ff10 JavaThread "Service Thread" daemon [_thread_blocked, id=13148, stack(0x00000013c0200000,0x00000013c0300000)]
  0x000001be6d0a08d0 JavaThread "Monitor Deflation Thread" daemon [_thread_blocked, id=5144, stack(0x00000013c0300000,0x00000013c0400000)]
  0x000001be6d0a15c0 JavaThread "C2 CompilerThread0" daemon [_thread_blocked, id=2200, stack(0x00000013c0400000,0x00000013c0500000)]
  0x000001be6d0a1fc0 JavaThread "C1 CompilerThread0" daemon [_thread_blocked, id=9392, stack(0x00000013c0500000,0x00000013c0600000)]
  0x000001be6d0a29c0 JavaThread "Sweeper thread" daemon [_thread_blocked, id=20732, stack(0x00000013c0600000,0x00000013c0700000)]
  0x000001be6d1a73f0 JavaThread "Common-Cleaner" daemon [_thread_blocked, id=8180, stack(0x00000013c0700000,0x00000013c0800000)]
  0x000001be6d5f6a10 JavaThread "Notification Thread" daemon [_thread_blocked, id=19012, stack(0x00000013c0a00000,0x00000013c0b00000)]
  0x000001be6dad3820 JavaThread "QuantumRenderer-0" daemon [_thread_blocked, id=6620, stack(0x00000013c0c00000,0x00000013c0d00000)]
  0x000001be6df3fa60 JavaThread "InvokeLaterDispatcher" daemon [_thread_blocked, id=15228, stack(0x00000013c0d00000,0x00000013c0e00000)]
=>0x000001be6dfab810 JavaThread "JavaFX Application Thread" [_thread_in_native, id=13408, stack(0x00000013c0e00000,0x00000013c0f00000)]
  0x000001be6e5f1450 JavaThread "JavaFX-Launcher" [_thread_blocked, id=20008, stack(0x00000013c1e00000,0x00000013c1f00000)]
  0x000001be6e5f2950 JavaThread "Thread-2" daemon [_thread_in_native, id=1512, stack(0x00000013c0900000,0x00000013c0a00000)]
  0x000001be6e8e4a70 JavaThread "mysql-cj-abandoned-connection-cleanup" daemon [_thread_blocked, id=13940, stack(0x00000013c2600000,0x00000013c2700000)]
  0x000001be78976400 JavaThread "Prism Font Disposer" daemon [_thread_blocked, id=19112, stack(0x00000013c2f00000,0x00000013c3000000)]
  0x000001be78974fc0 JavaThread "Cleaner-0" daemon [_thread_blocked, id=5448, stack(0x00000013c3000000,0x00000013c3100000)]

Other Threads:
  0x000001be6d049df0 VMThread "VM Thread" [stack: 0x00000013bfd00000,0x00000013bfe00000] [id=2288]
  0x000001be6d3b0a10 WatcherThread [stack: 0x00000013c0b00000,0x00000013c0c00000] [id=3116]
  0x000001be47ddb430 GCTaskThread "GC Thread#0" [stack: 0x00000013bf800000,0x00000013bf900000] [id=15952]
  0x000001be6e64f2a0 GCTaskThread "GC Thread#1" [stack: 0x00000013c1f00000,0x00000013c2000000] [id=12948]
  0x000001be6e64f560 GCTaskThread "GC Thread#2" [stack: 0x00000013c2000000,0x00000013c2100000] [id=17108]
  0x000001be6e64f820 GCTaskThread "GC Thread#3" [stack: 0x00000013c2100000,0x00000013c2200000] [id=19996]
  0x000001be6e64ed20 GCTaskThread "GC Thread#4" [stack: 0x00000013c2200000,0x00000013c2300000] [id=6948]
  0x000001be6e6505e0 GCTaskThread "GC Thread#5" [stack: 0x00000013c2300000,0x00000013c2400000] [id=4988]
  0x000001be6e64fae0 GCTaskThread "GC Thread#6" [stack: 0x00000013c2400000,0x00000013c2500000] [id=20276]
  0x000001be6e64fda0 GCTaskThread "GC Thread#7" [stack: 0x00000013c2700000,0x00000013c2800000] [id=16252]
  0x000001be6e64efe0 GCTaskThread "GC Thread#8" [stack: 0x00000013c2800000,0x00000013c2900000] [id=10652]
  0x000001be6e650060 GCTaskThread "GC Thread#9" [stack: 0x00000013c2900000,0x00000013c2a00000] [id=13260]
  0x000001be47debed0 ConcurrentGCThread "G1 Main Marker" [stack: 0x00000013bf900000,0x00000013bfa00000] [id=21424]
  0x000001be47dec8f0 ConcurrentGCThread "G1 Conc#0" [stack: 0x00000013bfa00000,0x00000013bfb00000] [id=8044]
  0x000001be6e650320 ConcurrentGCThread "G1 Conc#1" [stack: 0x00000013c2a00000,0x00000013c2b00000] [id=20580]
  0x000001be79412af0 ConcurrentGCThread "G1 Conc#2" [stack: 0x00000013c2b00000,0x00000013c2c00000] [id=18028]
  0x000001be68aec530 ConcurrentGCThread "G1 Refine#0" [stack: 0x00000013bfb00000,0x00000013bfc00000] [id=7348]
  0x000001be78de1e50 ConcurrentGCThread "G1 Refine#1" [stack: 0x00000013c0800000,0x00000013c0900000] [id=16028]
  0x000001be68aece70 ConcurrentGCThread "G1 Service" [stack: 0x00000013bfc00000,0x00000013bfd00000] [id=11784]

Threads with active compile tasks:

VM state: not at safepoint (normal execution)

VM Mutex/Monitor currently owned by a thread: None

Heap address: 0x0000000704a00000, size: 4022 MB, Compressed Oops mode: Zero based, Oop shift amount: 3

CDS archive(s) not mapped
Compressed class space mapped at: 0x0000000800000000-0x0000000840000000, reserved size: 1073741824
Narrow klass base: 0x0000000800000000, Narrow klass shift: 0, Narrow klass range: 0x40000000

GC Precious Log:
 CPUs: 12 total, 12 available
 Memory: 16085M
 Large Page Support: Disabled
 NUMA Support: Disabled
 Compressed Oops: Enabled (Zero based)
 Heap Region Size: 2M
 Heap Min Capacity: 8M
 Heap Initial Capacity: 252M
 Heap Max Capacity: 4022M
 Pre-touch: Disabled
 Parallel Workers: 10
 Concurrent Workers: 3
 Concurrent Refinement Workers: 10
 Periodic GC: Disabled

Heap:
 garbage-first heap   total 116736K, used 40147K [0x0000000704a00000, 0x0000000800000000)
  region size 2048K, 6 young (12288K), 5 survivors (10240K)
 Metaspace       used 33403K, committed 33664K, reserved 1114112K
  class space    used 4333K, committed 4480K, reserved 1048576K

Heap Regions: E=young(eden), S=young(survivor), O=old, HS=humongous(starts), HC=humongous(continues), CS=collection set, F=free, OA=open archive, CA=closed archive, TAMS=top-at-mark-start (previous, next)
|   0|0x0000000704a00000, 0x0000000704c00000, 0x0000000704c00000|100%|HS|  |TAMS 0x0000000704c00000, 0x0000000704a00000| Complete 
|   1|0x0000000704c00000, 0x0000000704e00000, 0x0000000704e00000|100%|HC|  |TAMS 0x0000000704e00000, 0x0000000704c00000| Complete 
|   2|0x0000000704e00000, 0x0000000705000000, 0x0000000705000000|100%|HC|  |TAMS 0x0000000705000000, 0x0000000704e00000| Complete 
|   3|0x0000000705000000, 0x0000000705200000, 0x0000000705200000|100%|HC|  |TAMS 0x0000000705200000, 0x0000000705000000| Complete 
|   4|0x0000000705200000, 0x0000000705400000, 0x0000000705400000|100%|HC|  |TAMS 0x0000000705400000, 0x0000000705200000| Complete 
|   5|0x0000000705400000, 0x0000000705600000, 0x0000000705600000|100%|HS|  |TAMS 0x0000000705600000, 0x0000000705400000| Complete 
|   6|0x0000000705600000, 0x0000000705800000, 0x0000000705800000|100%|HC|  |TAMS 0x0000000705800000, 0x0000000705600000| Complete 
|   7|0x0000000705800000, 0x0000000705a00000, 0x0000000705a00000|100%|HC|  |TAMS 0x0000000705a00000, 0x0000000705800000| Complete 
|   8|0x0000000705a00000, 0x0000000705c00000, 0x0000000705c00000|100%|HC|  |TAMS 0x0000000705c00000, 0x0000000705a00000| Complete 
|   9|0x0000000705c00000, 0x0000000705e00000, 0x0000000705e00000|100%|HC|  |TAMS 0x0000000705e00000, 0x0000000705c00000| Complete 
|  10|0x0000000705e00000, 0x0000000706000000, 0x0000000706000000|100%|HS|  |TAMS 0x0000000706000000, 0x0000000705e00000| Complete 
|  11|0x0000000706000000, 0x0000000706200000, 0x0000000706200000|100%| O|  |TAMS 0x0000000706000000, 0x0000000706000000| Untracked 
|  12|0x0000000706200000, 0x0000000706312600, 0x0000000706400000| 53%| O|  |TAMS 0x0000000706200000, 0x0000000706200000| Complete 
|  13|0x0000000706400000, 0x0000000706400000, 0x0000000706600000|  0%| F|  |TAMS 0x0000000706400000, 0x0000000706400000| Untracked 
|  14|0x0000000706600000, 0x0000000706600000, 0x0000000706800000|  0%| F|  |TAMS 0x0000000706600000, 0x0000000706600000| Untracked 
|  15|0x0000000706800000, 0x0000000706a00000, 0x0000000706a00000|100%|HS|  |TAMS 0x0000000706800000, 0x0000000706800000| Complete 
|  16|0x0000000706a00000, 0x0000000706c00000, 0x0000000706c00000|100%| O|  |TAMS 0x0000000706a00000, 0x0000000706a00000| Untracked 
|  17|0x0000000706c00000, 0x0000000706c22800, 0x0000000706e00000|  6%| O|  |TAMS 0x0000000706c00000, 0x0000000706c00000| Untracked 
|  18|0x0000000706e00000, 0x0000000706e00000, 0x0000000707000000|  0%| F|  |TAMS 0x0000000706e00000, 0x0000000706e00000| Untracked 
|  19|0x0000000707000000, 0x0000000707200000, 0x0000000707200000|100%| S|CS|TAMS 0x0000000707000000, 0x0000000707000000| Complete 
|  20|0x0000000707200000, 0x0000000707400000, 0x0000000707400000|100%| S|CS|TAMS 0x0000000707200000, 0x0000000707200000| Complete 
|  21|0x0000000707400000, 0x0000000707600000, 0x0000000707600000|100%| S|CS|TAMS 0x0000000707400000, 0x0000000707400000| Complete 
|  22|0x0000000707600000, 0x0000000707800000, 0x0000000707800000|100%| S|CS|TAMS 0x0000000707600000, 0x0000000707600000| Complete 
|  23|0x0000000707800000, 0x0000000707a00000, 0x0000000707a00000|100%| S|CS|TAMS 0x0000000707800000, 0x0000000707800000| Complete 
|  24|0x0000000707a00000, 0x0000000707a00000, 0x0000000707c00000|  0%| F|  |TAMS 0x0000000707a00000, 0x0000000707a00000| Untracked 
|  25|0x0000000707c00000, 0x0000000707c00000, 0x0000000707e00000|  0%| F|  |TAMS 0x0000000707c00000, 0x0000000707c00000| Untracked 
|  26|0x0000000707e00000, 0x0000000707e00000, 0x0000000708000000|  0%| F|  |TAMS 0x0000000707e00000, 0x0000000707e00000| Untracked 
|  27|0x0000000708000000, 0x0000000708000000, 0x0000000708200000|  0%| F|  |TAMS 0x0000000708000000, 0x0000000708000000| Untracked 
|  28|0x0000000708200000, 0x0000000708200000, 0x0000000708400000|  0%| F|  |TAMS 0x0000000708200000, 0x0000000708200000| Untracked 
|  29|0x0000000708400000, 0x0000000708400000, 0x0000000708600000|  0%| F|  |TAMS 0x0000000708400000, 0x0000000708400000| Untracked 
|  30|0x0000000708600000, 0x0000000708600000, 0x0000000708800000|  0%| F|  |TAMS 0x0000000708600000, 0x0000000708600000| Untracked 
|  31|0x0000000708800000, 0x0000000708800000, 0x0000000708a00000|  0%| F|  |TAMS 0x0000000708800000, 0x0000000708800000| Untracked 
|  32|0x0000000708a00000, 0x0000000708a00000, 0x0000000708c00000|  0%| F|  |TAMS 0x0000000708a00000, 0x0000000708a00000| Untracked 
|  33|0x0000000708c00000, 0x0000000708c00000, 0x0000000708e00000|  0%| F|  |TAMS 0x0000000708c00000, 0x0000000708c00000| Untracked 
|  34|0x0000000708e00000, 0x0000000708e00000, 0x0000000709000000|  0%| F|  |TAMS 0x0000000708e00000, 0x0000000708e00000| Untracked 
|  35|0x0000000709000000, 0x0000000709000000, 0x0000000709200000|  0%| F|  |TAMS 0x0000000709000000, 0x0000000709000000| Untracked 
|  36|0x0000000709200000, 0x0000000709200000, 0x0000000709400000|  0%| F|  |TAMS 0x0000000709200000, 0x0000000709200000| Untracked 
|  37|0x0000000709400000, 0x0000000709400000, 0x0000000709600000|  0%| F|  |TAMS 0x0000000709400000, 0x0000000709400000| Untracked 
|  38|0x0000000709600000, 0x0000000709600000, 0x0000000709800000|  0%| F|  |TAMS 0x0000000709600000, 0x0000000709600000| Untracked 
|  39|0x0000000709800000, 0x0000000709800000, 0x0000000709a00000|  0%| F|  |TAMS 0x0000000709800000, 0x0000000709800000| Untracked 
|  40|0x0000000709a00000, 0x0000000709a00000, 0x0000000709c00000|  0%| F|  |TAMS 0x0000000709a00000, 0x0000000709a00000| Untracked 
|  41|0x0000000709c00000, 0x0000000709c00000, 0x0000000709e00000|  0%| F|  |TAMS 0x0000000709c00000, 0x0000000709c00000| Untracked 
|  42|0x0000000709e00000, 0x0000000709e00000, 0x000000070a000000|  0%| F|  |TAMS 0x0000000709e00000, 0x0000000709e00000| Untracked 
|  43|0x000000070a000000, 0x000000070a000000, 0x000000070a200000|  0%| F|  |TAMS 0x000000070a000000, 0x000000070a000000| Untracked 
|  44|0x000000070a200000, 0x000000070a200000, 0x000000070a400000|  0%| F|  |TAMS 0x000000070a200000, 0x000000070a200000| Untracked 
|  45|0x000000070a400000, 0x000000070a400000, 0x000000070a600000|  0%| F|  |TAMS 0x000000070a400000, 0x000000070a400000| Untracked 
|  46|0x000000070a600000, 0x000000070a600000, 0x000000070a800000|  0%| F|  |TAMS 0x000000070a600000, 0x000000070a600000| Untracked 
|  47|0x000000070a800000, 0x000000070a800000, 0x000000070aa00000|  0%| F|  |TAMS 0x000000070a800000, 0x000000070a800000| Untracked 
|  48|0x000000070aa00000, 0x000000070aa00000, 0x000000070ac00000|  0%| F|  |TAMS 0x000000070aa00000, 0x000000070aa00000| Untracked 
|  49|0x000000070ac00000, 0x000000070ac00000, 0x000000070ae00000|  0%| F|  |TAMS 0x000000070ac00000, 0x000000070ac00000| Untracked 
|  50|0x000000070ae00000, 0x000000070ae00000, 0x000000070b000000|  0%| F|  |TAMS 0x000000070ae00000, 0x000000070ae00000| Untracked 
|  51|0x000000070b000000, 0x000000070b000000, 0x000000070b200000|  0%| F|  |TAMS 0x000000070b000000, 0x000000070b000000| Untracked 
|  52|0x000000070b200000, 0x000000070b200000, 0x000000070b400000|  0%| F|  |TAMS 0x000000070b200000, 0x000000070b200000| Untracked 
| 103|0x0000000711800000, 0x0000000711800000, 0x0000000711a00000|  0%| F|  |TAMS 0x0000000711800000, 0x0000000711800000| Untracked 
| 104|0x0000000711a00000, 0x0000000711a00000, 0x0000000711c00000|  0%| F|  |TAMS 0x0000000711a00000, 0x0000000711a00000| Untracked 
| 105|0x0000000711c00000, 0x0000000711c00000, 0x0000000711e00000|  0%| F|  |TAMS 0x0000000711c00000, 0x0000000711c00000| Untracked 
| 125|0x0000000714400000, 0x00000007144e91d0, 0x0000000714600000| 45%| E|  |TAMS 0x0000000714400000, 0x0000000714400000| Complete 

Card table byte_map: [0x000001be5d190000,0x000001be5d970000] _byte_map_base: 0x000001be5996b000

Marking Bits (Prev, Next): (CMBitMap*) 0x000001be47ddba90, (CMBitMap*) 0x000001be47ddba50
 Prev Bits: [0x000001be62030000, 0x000001be65f08000)
 Next Bits: [0x000001be5e150000, 0x000001be62028000)

Polling page: 0x000001be47e30000

Metaspace:

Usage:
  Non-class:     28.39 MB used.
      Class:      4.23 MB used.
       Both:     32.62 MB used.

Virtual space:
  Non-class space:       64.00 MB reserved,      28.50 MB ( 45%) committed,  1 nodes.
      Class space:        1.00 GB reserved,       4.38 MB ( <1%) committed,  1 nodes.
             Both:        1.06 GB reserved,      32.88 MB (  3%) committed. 

Chunk freelists:
   Non-Class:  3.19 MB
       Class:  11.45 MB
        Both:  14.64 MB

MaxMetaspaceSize: unlimited
CompressedClassSpaceSize: 1.00 GB
Initial GC threshold: 21.00 MB
Current GC threshold: 35.12 MB
CDS: off
MetaspaceReclaimPolicy: balanced
 - commit_granule_bytes: 65536.
 - commit_granule_words: 8192.
 - virtual_space_node_default_size: 8388608.
 - enlarge_chunks_in_place: 1.
 - new_chunks_are_fully_committed: 0.
 - uncommit_free_chunks: 1.
 - use_allocation_guard: 0.
 - handle_deallocations: 1.


Internal statistics:

num_allocs_failed_limit: 3.
num_arena_births: 228.
num_arena_deaths: 0.
num_vsnodes_births: 2.
num_vsnodes_deaths: 0.
num_space_committed: 526.
num_space_uncommitted: 0.
num_chunks_returned_to_freelist: 3.
num_chunks_taken_from_freelist: 1040.
num_chunk_merges: 0.
num_chunk_splits: 733.
num_chunks_enlarged: 581.
num_inconsistent_stats: 0.

CodeHeap 'non-profiled nmethods': size=120000Kb used=2836Kb max_used=2836Kb free=117163Kb
 bounds [0x000001be54800000, 0x000001be54ad0000, 0x000001be5bd30000]
CodeHeap 'profiled nmethods': size=120000Kb used=9633Kb max_used=9633Kb free=110366Kb
 bounds [0x000001be4cd30000, 0x000001be4d6a0000, 0x000001be54260000]
CodeHeap 'non-nmethods': size=5760Kb used=1482Kb max_used=1531Kb free=4277Kb
 bounds [0x000001be54260000, 0x000001be544d0000, 0x000001be54800000]
 total_blobs=5620 nmethods=4758 adapters=772
 compilation: enabled
              stopped_count=0, restarted_count=0
 full_count=0

Compilation events (20 events):
Event: 7.627 Thread 0x000001be6d0a1fc0 4758       3       com.sun.marlin.Renderer::produceAlphas (49 bytes)
Event: 7.628 Thread 0x000001be6d0a1fc0 nmethod 4758 0x000001be4d691510 code [0x000001be4d6916e0, 0x000001be4d691a48]
Event: 7.628 Thread 0x000001be6d0a1fc0 4759       3       com.sun.marlin.MaskMarlinAlphaConsumer::setMaxAlpha (19 bytes)
Event: 7.628 Thread 0x000001be6d0a1fc0 nmethod 4759 0x000001be4d691b90 code [0x000001be4d691d20, 0x000001be4d691ed8]
Event: 7.628 Thread 0x000001be6d0a1fc0 4760       3       com.sun.prism.impl.BaseContext::validateMaskTexture (274 bytes)
Event: 7.628 Thread 0x000001be6d0a1fc0 nmethod 4760 0x000001be4d691f90 code [0x000001be4d692260, 0x000001be4d693518]
Event: 7.628 Thread 0x000001be6d0a1fc0 4761       3       com.sun.javafx.image.impl.BaseByteToByteConverter$ByteAnyToSameConverter::convert (24 bytes)
Event: 7.629 Thread 0x000001be6d0a1fc0 nmethod 4761 0x000001be4d693a90 code [0x000001be4d693c40, 0x000001be4d693f88]
Event: 7.629 Thread 0x000001be6d0a1fc0 4751       3       com.sun.marlin.Renderer::init (216 bytes)
Event: 7.629 Thread 0x000001be6d0a1fc0 nmethod 4751 0x000001be4d694090 code [0x000001be4d694260, 0x000001be4d6945d8]
Event: 7.629 Thread 0x000001be6d0a1fc0 4752       3       com.sun.marlin.Renderer::pathDone (9 bytes)
Event: 7.629 Thread 0x000001be6d0a1fc0 nmethod 4752 0x000001be4d694710 code [0x000001be4d6948c0, 0x000001be4d694a38]
Event: 7.629 Thread 0x000001be6d0a1fc0 4753       3       com.sun.marlin.Renderer::endRendering (390 bytes)
Event: 7.630 Thread 0x000001be6d0a1fc0 nmethod 4753 0x000001be4d694b10 code [0x000001be4d694d60, 0x000001be4d695528]
Event: 7.630 Thread 0x000001be6d0a1fc0 4754       3       com.sun.marlin.Renderer::dispose (460 bytes)
Event: 7.631 Thread 0x000001be6d0a1fc0 nmethod 4754 0x000001be4d695790 code [0x000001be4d695b80, 0x000001be4d697688]
Event: 7.631 Thread 0x000001be6d0a1fc0 4755       3       com.sun.marlin.RendererContext::dispose (98 bytes)
Event: 7.631 Thread 0x000001be6d0a1fc0 nmethod 4755 0x000001be4d698090 code [0x000001be4d698240, 0x000001be4d6984d8]
Event: 7.663 Thread 0x000001be6d0a15c0 4763       4       java.util.ArrayList$Itr::checkForComodification (23 bytes)
Event: 7.664 Thread 0x000001be6d0a15c0 nmethod 4763 0x000001be54ac4e10 code [0x000001be54ac4f80, 0x000001be54ac5038]

GC Heap History (6 events):
Event: 0.580 GC heap before
{Heap before GC invocations=0 (full 0):
 garbage-first heap   total 258048K, used 20480K [0x0000000704a00000, 0x0000000800000000)
  region size 2048K, 11 young (22528K), 0 survivors (0K)
 Metaspace       used 12136K, committed 12352K, reserved 1114112K
  class space    used 1254K, committed 1344K, reserved 1048576K
}
Event: 0.584 GC heap after
{Heap after GC invocations=1 (full 0):
 garbage-first heap   total 258048K, used 3345K [0x0000000704a00000, 0x0000000800000000)
  region size 2048K, 2 young (4096K), 2 survivors (4096K)
 Metaspace       used 12136K, committed 12352K, reserved 1114112K
  class space    used 1254K, committed 1344K, reserved 1048576K
}
Event: 1.230 GC heap before
{Heap before GC invocations=1 (full 0):
 garbage-first heap   total 258048K, used 60689K [0x0000000704a00000, 0x0000000800000000)
  region size 2048K, 20 young (40960K), 2 survivors (4096K)
 Metaspace       used 21314K, committed 21504K, reserved 1114112K
  class space    used 2427K, committed 2560K, reserved 1048576K
}
Event: 1.236 GC heap after
{Heap after GC invocations=2 (full 0):
 garbage-first heap   total 258048K, used 30759K [0x0000000704a00000, 0x0000000800000000)
  region size 2048K, 3 young (6144K), 3 survivors (6144K)
 Metaspace       used 21314K, committed 21504K, reserved 1114112K
  class space    used 2427K, committed 2560K, reserved 1048576K
}
Event: 7.003 GC heap before
{Heap before GC invocations=3 (full 0):
 garbage-first heap   total 116736K, used 96295K [0x0000000704a00000, 0x0000000800000000)
  region size 2048K, 33 young (67584K), 3 survivors (6144K)
 Metaspace       used 33313K, committed 33600K, reserved 1114112K
  class space    used 4326K, committed 4480K, reserved 1048576K
}
Event: 7.014 GC heap after
{Heap after GC invocations=4 (full 0):
 garbage-first heap   total 116736K, used 40147K [0x0000000704a00000, 0x0000000800000000)
  region size 2048K, 5 young (10240K), 5 survivors (10240K)
 Metaspace       used 33313K, committed 33600K, reserved 1114112K
  class space    used 4326K, committed 4480K, reserved 1048576K
}

Dll operation events (2 events):
Event: 0.005 Loaded shared library C:\Users\User\.jdks\jbr-17.0.12\bin\java.dll
Event: 0.026 Loaded shared library C:\Users\User\.jdks\jbr-17.0.12\bin\jsvml.dll

Deoptimization events (20 events):
Event: 7.121 Thread 0x000001be6dad3820 Uncommon trap: trap_request=0xffffffbe fr.pc=0x000001be54ababc0 relative=0x0000000000002c00
Event: 7.121 Thread 0x000001be6dad3820 Uncommon trap: reason=profile_predicate action=maybe_recompile pc=0x000001be54ababc0 method=com.sun.prism.impl.shape.DMarlinPrismUtils.feedConsumer(Lcom/sun/marlin/RendererContext;Lcom/sun/javafx/geom/Path2D;Lcom/sun/javafx/geom/transform/BaseTransform;Lc
Event: 7.121 Thread 0x000001be6dad3820 DEOPT PACKING pc=0x000001be54ababc0 sp=0x00000013c0cfe3b0
Event: 7.121 Thread 0x000001be6dad3820 DEOPT UNPACKING pc=0x000001be542b69a3 sp=0x00000013c0cfe3b0 mode 2
Event: 7.122 Thread 0x000001be6dad3820 Uncommon trap: trap_request=0xffffffbe fr.pc=0x000001be54ab2840 relative=0x0000000000003600
Event: 7.122 Thread 0x000001be6dad3820 Uncommon trap: reason=profile_predicate action=maybe_recompile pc=0x000001be54ab2840 method=com.sun.prism.impl.shape.DMarlinPrismUtils.feedConsumer(Lcom/sun/marlin/RendererContext;Lcom/sun/javafx/geom/Path2D;Lcom/sun/javafx/geom/transform/BaseTransform;Lc
Event: 7.122 Thread 0x000001be6dad3820 DEOPT PACKING pc=0x000001be54ab2840 sp=0x00000013c0cfe390
Event: 7.122 Thread 0x000001be6dad3820 DEOPT UNPACKING pc=0x000001be542b69a3 sp=0x00000013c0cfe3c0 mode 2
Event: 7.137 Thread 0x000001be6dad3820 Uncommon trap: trap_request=0xffffffbe fr.pc=0x000001be54ababc0 relative=0x0000000000002c00
Event: 7.138 Thread 0x000001be6dad3820 Uncommon trap: reason=profile_predicate action=maybe_recompile pc=0x000001be54ababc0 method=com.sun.prism.impl.shape.DMarlinPrismUtils.feedConsumer(Lcom/sun/marlin/RendererContext;Lcom/sun/javafx/geom/Path2D;Lcom/sun/javafx/geom/transform/BaseTransform;Lc
Event: 7.138 Thread 0x000001be6dad3820 DEOPT PACKING pc=0x000001be54ababc0 sp=0x00000013c0cfe3b0
Event: 7.138 Thread 0x000001be6dad3820 DEOPT UNPACKING pc=0x000001be542b69a3 sp=0x00000013c0cfe3b0 mode 2
Event: 7.154 Thread 0x000001be6dad3820 Uncommon trap: trap_request=0xffffffbe fr.pc=0x000001be54ab2840 relative=0x0000000000003600
Event: 7.154 Thread 0x000001be6dad3820 Uncommon trap: reason=profile_predicate action=maybe_recompile pc=0x000001be54ab2840 method=com.sun.prism.impl.shape.DMarlinPrismUtils.feedConsumer(Lcom/sun/marlin/RendererContext;Lcom/sun/javafx/geom/Path2D;Lcom/sun/javafx/geom/transform/BaseTransform;Lc
Event: 7.154 Thread 0x000001be6dad3820 DEOPT PACKING pc=0x000001be54ab2840 sp=0x00000013c0cfe390
Event: 7.154 Thread 0x000001be6dad3820 DEOPT UNPACKING pc=0x000001be542b69a3 sp=0x00000013c0cfe3c0 mode 2
Event: 7.283 Thread 0x000001be6dad3820 Uncommon trap: trap_request=0xffffffde fr.pc=0x000001be54a5dd48 relative=0x00000000000006c8
Event: 7.283 Thread 0x000001be6dad3820 Uncommon trap: reason=class_check action=maybe_recompile pc=0x000001be54a5dd48 method=com.sun.javafx.sg.prism.NGNode.getContentBounds(Lcom/sun/javafx/geom/BaseBounds;Lcom/sun/javafx/geom/transform/BaseTransform;)Lcom/sun/javafx/geom/BaseBounds; @ 17 c2
Event: 7.283 Thread 0x000001be6dad3820 DEOPT PACKING pc=0x000001be54a5dd48 sp=0x00000013c0cfe730
Event: 7.283 Thread 0x000001be6dad3820 DEOPT UNPACKING pc=0x000001be542b69a3 sp=0x00000013c0cfe5e8 mode 2

Classes unloaded (0 events):
No events

Classes redefined (0 events):
No events

Internal exceptions (20 events):
Event: 1.519 Thread 0x000001be6dfab810 Exception <a 'java/lang/IncompatibleClassChangeError'{0x000000070a6ed188}: Found class java.lang.Object, but interface was expected> (0x000000070a6ed188) 
thrown [s\src\hotspot\share\interpreter\linkResolver.cpp, line 838]
Event: 1.565 Thread 0x000001be6dfab810 Exception <a 'java/io/FileNotFoundException'{0x000000070a5ddcf8}> (0x000000070a5ddcf8) 
thrown [s\src\hotspot\share\prims\jni.cpp, line 517]
Event: 1.584 Thread 0x000001be6dfab810 Exception <a 'java/lang/ClassNotFoundException'{0x000000070a2f9a90}: com/sun/javafx/scene/control/skin/resources/controls> (0x000000070a2f9a90) 
thrown [s\src\hotspot\share\prims\jni.cpp, line 536]
Event: 1.584 Thread 0x000001be6dfab810 Exception <a 'java/lang/ClassNotFoundException'{0x000000070a30a180}: com/sun/javafx/scene/control/skin/resources/controls_en> (0x000000070a30a180) 
thrown [s\src\hotspot\share\prims\jni.cpp, line 536]
Event: 1.584 Thread 0x000001be6dfab810 Exception <a 'java/lang/ClassNotFoundException'{0x000000070a30ba80}: com/sun/javafx/scene/control/skin/resources/controls_en_US> (0x000000070a30ba80) 
thrown [s\src\hotspot\share\prims\jni.cpp, line 536]
Event: 1.821 Thread 0x000001be6dfab810 Exception <a 'java/lang/NoSuchMethodError'{0x00000007097f0ff0}: 'java.lang.Object java.lang.invoke.DirectMethodHandle$Holder.newInvokeSpecial(java.lang.Object, java.lang.Object, int)'> (0x00000007097f0ff0) 
thrown [s\src\hotspot\share\interpreter\linkResolver.cpp, line 771]
Event: 1.892 Thread 0x000001be6dad3820 Exception <a 'java/lang/NoSuchMethodError'{0x000000070921a7e0}: 'int java.lang.invoke.DirectMethodHandle$Holder.invokeStaticInit(java.lang.Object, java.lang.Object)'> (0x000000070921a7e0) 
thrown [s\src\hotspot\share\interpreter\linkResolver.cpp, line 771]
Event: 2.028 Thread 0x000001be6dad3820 Exception <a 'java/lang/NoSuchMethodError'{0x0000000709182cc8}: 'java.lang.Object java.lang.invoke.DirectMethodHandle$Holder.invokeStaticInit(java.lang.Object, int)'> (0x0000000709182cc8) 
thrown [s\src\hotspot\share\interpreter\linkResolver.cpp, line 771]
Event: 2.161 Thread 0x000001be6dfab810 Exception <a 'java/lang/NoSuchMethodError'{0x0000000708f3ac28}: 'long java.lang.invoke.DirectMethodHandle$Holder.invokeStatic(java.lang.Object, java.lang.Object, java.lang.Object)'> (0x0000000708f3ac28) 
thrown [s\src\hotspot\share\interpreter\linkResolver.cpp, line 771]
Event: 2.162 Thread 0x000001be6dfab810 Exception <a 'java/lang/NoSuchMethodError'{0x0000000708f3e3d0}: 'long java.lang.invoke.DirectMethodHandle$Holder.invokeStaticInit(java.lang.Object, java.lang.Object, java.lang.Object)'> (0x0000000708f3e3d0) 
thrown [s\src\hotspot\share\interpreter\linkResolver.cpp, line 771]
Event: 2.163 Thread 0x000001be6dfab810 Exception <a 'java/lang/NoSuchMethodError'{0x0000000708f55fd0}: 'java.lang.Object java.lang.invoke.DirectMethodHandle$Holder.newInvokeSpecial(java.lang.Object, java.lang.Object, long)'> (0x0000000708f55fd0) 
thrown [s\src\hotspot\share\interpreter\linkResolver.cpp, line 771]
Event: 2.163 Thread 0x000001be6dfab810 Exception <a 'java/lang/NoSuchMethodError'{0x0000000708f59b40}: 'java.lang.Object java.lang.invoke.Invokers$Holder.linkToTargetMethod(java.lang.Object, long, java.lang.Object)'> (0x0000000708f59b40) 
thrown [s\src\hotspot\share\interpreter\linkResolver.cpp, line 771]
Event: 3.646 Thread 0x000001be6dfab810 Exception <a 'java/lang/NoSuchMethodError'{0x00000007088e6cd0}: 'void java.lang.invoke.DirectMethodHandle$Holder.invokeVirtual(java.lang.Object, java.lang.Object)'> (0x00000007088e6cd0) 
thrown [s\src\hotspot\share\interpreter\linkResolver.cpp, line 771]
Event: 4.981 Thread 0x000001be6dfab810 Exception <a 'java/lang/NoSuchMethodError'{0x00000007086978e8}: 'int java.lang.invoke.DirectMethodHandle$Holder.invokeSpecial(java.lang.Object, java.lang.Object, int)'> (0x00000007086978e8) 
thrown [s\src\hotspot\share\interpreter\linkResolver.cpp, line 771]
Event: 4.981 Thread 0x000001be6dfab810 Exception <a 'java/lang/NoSuchMethodError'{0x00000007086a88e8}: 'int java.lang.invoke.DirectMethodHandle$Holder.invokeVirtual(java.lang.Object, java.lang.Object)'> (0x00000007086a88e8) 
thrown [s\src\hotspot\share\interpreter\linkResolver.cpp, line 771]
Event: 4.983 Thread 0x000001be6dfab810 Exception <a 'java/lang/NoSuchMethodError'{0x00000007086b37e8}: 'void java.lang.invoke.DirectMethodHandle$Holder.invokeVirtual(java.lang.Object, java.lang.Object, int)'> (0x00000007086b37e8) 
thrown [s\src\hotspot\share\interpreter\linkResolver.cpp, line 771]
Event: 6.191 Thread 0x000001be6dfab810 Exception <a 'java/lang/ClassNotFoundException'{0x000000070800de70}: com/sun/javafx/scene/control/skin/resources/controls-nt> (0x000000070800de70) 
thrown [s\src\hotspot\share\prims\jni.cpp, line 536]
Event: 6.192 Thread 0x000001be6dfab810 Exception <a 'java/lang/ClassNotFoundException'{0x00000007080169d8}: com/sun/javafx/scene/control/skin/resources/controls-nt_en> (0x00000007080169d8) 
thrown [s\src\hotspot\share\prims\jni.cpp, line 536]
Event: 6.193 Thread 0x000001be6dfab810 Exception <a 'java/lang/ClassNotFoundException'{0x00000007080185d8}: com/sun/javafx/scene/control/skin/resources/controls-nt_en_US> (0x00000007080185d8) 
thrown [s\src\hotspot\share\prims\jni.cpp, line 536]
Event: 6.229 Thread 0x000001be6dfab810 Exception <a 'java/lang/NoSuchMethodError'{0x0000000707e941c0}: 'void java.lang.invoke.DirectMethodHandle$Holder.invokeSpecial(java.lang.Object, java.lang.Object, java.lang.Object, java.lang.Object, java.lang.Object, java.lang.Object)'> (0x0000000707e941c0) 
thrown [s\src\hotspot\share\interpreter\linkResolver.cpp, line 771]

VM Operations (20 events):
Event: 6.165 Executing VM operation: HandshakeAllThreads
Event: 6.165 Executing VM operation: HandshakeAllThreads done
Event: 6.177 Executing VM operation: HandshakeAllThreads
Event: 6.177 Executing VM operation: HandshakeAllThreads done
Event: 6.206 Executing VM operation: HandshakeAllThreads
Event: 6.206 Executing VM operation: HandshakeAllThreads done
Event: 6.210 Executing VM operation: HandshakeAllThreads
Event: 6.210 Executing VM operation: HandshakeAllThreads done
Event: 6.223 Executing VM operation: HandshakeAllThreads
Event: 6.223 Executing VM operation: HandshakeAllThreads done
Event: 6.227 Executing VM operation: HandshakeAllThreads
Event: 6.227 Executing VM operation: HandshakeAllThreads done
Event: 6.228 Executing VM operation: HandshakeAllThreads
Event: 6.228 Executing VM operation: HandshakeAllThreads done
Event: 6.320 Executing VM operation: HandshakeAllThreads
Event: 6.320 Executing VM operation: HandshakeAllThreads done
Event: 6.570 Executing VM operation: ICBufferFull
Event: 6.570 Executing VM operation: ICBufferFull done
Event: 7.003 Executing VM operation: G1CollectForAllocation
Event: 7.014 Executing VM operation: G1CollectForAllocation done

Events (20 events):
Event: 6.166 loading class java/text/DecimalFormat
Event: 6.167 loading class java/text/DecimalFormat done
Event: 6.167 loading class java/text/DigitList
Event: 6.168 loading class java/text/DigitList done
Event: 6.168 loading class java/text/DontCareFieldPosition
Event: 6.168 loading class java/text/DontCareFieldPosition done
Event: 6.168 loading class java/text/DontCareFieldPosition$1
Event: 6.168 loading class java/text/Format$FieldDelegate
Event: 6.168 loading class java/text/Format$FieldDelegate done
Event: 6.168 loading class java/text/DontCareFieldPosition$1 done
Event: 6.184 loading class java/time/format/FormatStyle
Event: 6.184 loading class java/time/format/FormatStyle done
Event: 6.203 Thread 0x000001be7a974930 Thread added: 0x000001be7a974930
Event: 6.260 Thread 0x000001be78742230 Thread added: 0x000001be78742230
Event: 6.522 Thread 0x000001be78742230 Thread exited: 0x000001be78742230
Event: 6.756 Thread 0x000001be7a974930 Thread exited: 0x000001be7a974930
Event: 7.657 loading class java/lang/Throwable$WrappedPrintStream
Event: 7.657 loading class java/lang/Throwable$PrintStreamOrWriter
Event: 7.657 loading class java/lang/Throwable$PrintStreamOrWriter done
Event: 7.657 loading class java/lang/Throwable$WrappedPrintStream done


Dynamic libraries:
0x00007ff640aa0000 - 0x00007ff640aaa000 	C:\Users\User\.jdks\jbr-17.0.12\bin\java.exe
0x00007ffcaccb0000 - 0x00007ffcacea8000 	C:\WINDOWS\SYSTEM32\ntdll.dll
0x00007ffcab9a0000 - 0x00007ffcaba62000 	C:\WINDOWS\System32\KERNEL32.DLL
0x00007ffcaa8a0000 - 0x00007ffcaab96000 	C:\WINDOWS\System32\KERNELBASE.dll
0x00007ffcaa490000 - 0x00007ffcaa590000 	C:\WINDOWS\System32\ucrtbase.dll
0x00007ffc93730000 - 0x00007ffc9374b000 	C:\Users\User\.jdks\jbr-17.0.12\bin\VCRUNTIME140.dll
0x00007ffc9ddd0000 - 0x00007ffc9dde7000 	C:\Users\User\.jdks\jbr-17.0.12\bin\jli.dll
0x00007ffcab460000 - 0x00007ffcab5fd000 	C:\WINDOWS\System32\USER32.dll
0x00007ffcaaca0000 - 0x00007ffcaacc2000 	C:\WINDOWS\System32\win32u.dll
0x00007ffcac150000 - 0x00007ffcac17b000 	C:\WINDOWS\System32\GDI32.dll
0x00007ffc8e920000 - 0x00007ffc8ebba000 	C:\WINDOWS\WinSxS\amd64_microsoft.windows.common-controls_6595b64144ccf1df_6.0.19041.4355_none_60b8b9eb71f62e16\COMCTL32.dll
0x00007ffcaa590000 - 0x00007ffcaa6aa000 	C:\WINDOWS\System32\gdi32full.dll
0x00007ffcab3c0000 - 0x00007ffcab45e000 	C:\WINDOWS\System32\msvcrt.dll
0x00007ffcaa340000 - 0x00007ffcaa3dd000 	C:\WINDOWS\System32\msvcp_win.dll
0x00007ffcacb00000 - 0x00007ffcacb2f000 	C:\WINDOWS\System32\IMM32.DLL
0x00007ffc9ddc0000 - 0x00007ffc9ddcc000 	C:\Users\User\.jdks\jbr-17.0.12\bin\vcruntime140_1.dll
0x00007ffc83920000 - 0x00007ffc839ad000 	C:\Users\User\.jdks\jbr-17.0.12\bin\msvcp140.dll
0x00007ffc0ac80000 - 0x00007ffc0b905000 	C:\Users\User\.jdks\jbr-17.0.12\bin\server\jvm.dll
0x00007ffcaca40000 - 0x00007ffcacaef000 	C:\WINDOWS\System32\ADVAPI32.dll
0x00007ffcab730000 - 0x00007ffcab7cf000 	C:\WINDOWS\System32\sechost.dll
0x00007ffcab600000 - 0x00007ffcab723000 	C:\WINDOWS\System32\RPCRT4.dll
0x00007ffcaac70000 - 0x00007ffcaac97000 	C:\WINDOWS\System32\bcrypt.dll
0x00007ffca98e0000 - 0x00007ffca992b000 	C:\WINDOWS\SYSTEM32\POWRPROF.dll
0x00007ffca29d0000 - 0x00007ffca29da000 	C:\WINDOWS\SYSTEM32\VERSION.dll
0x00007ffc6e530000 - 0x00007ffc6e539000 	C:\WINDOWS\SYSTEM32\WSOCK32.dll
0x00007ffcac1e0000 - 0x00007ffcac24b000 	C:\WINDOWS\System32\WS2_32.dll
0x00007ffca3080000 - 0x00007ffca30a7000 	C:\WINDOWS\SYSTEM32\WINMM.dll
0x00007ffca9740000 - 0x00007ffca9752000 	C:\WINDOWS\SYSTEM32\UMPDC.dll
0x00007ffca8b60000 - 0x00007ffca8b72000 	C:\WINDOWS\SYSTEM32\kernel.appcore.dll
0x00007ffc848e0000 - 0x00007ffc848ea000 	C:\Users\User\.jdks\jbr-17.0.12\bin\jimage.dll
0x00007ffca7f40000 - 0x00007ffca8124000 	C:\WINDOWS\SYSTEM32\DBGHELP.DLL
0x00007ffc93090000 - 0x00007ffc930c4000 	C:\WINDOWS\SYSTEM32\dbgcore.DLL
0x00007ffcaa6b0000 - 0x00007ffcaa732000 	C:\WINDOWS\System32\bcryptPrimitives.dll
0x00007ffc838f0000 - 0x00007ffc83915000 	C:\Users\User\.jdks\jbr-17.0.12\bin\java.dll
0x00007ffc838d0000 - 0x00007ffc838e8000 	C:\Users\User\.jdks\jbr-17.0.12\bin\zip.dll
0x00007ffc837f0000 - 0x00007ffc838c7000 	C:\Users\User\.jdks\jbr-17.0.12\bin\jsvml.dll
0x00007ffcac250000 - 0x00007ffcac9bf000 	C:\WINDOWS\System32\SHELL32.dll
0x00007ffca83a0000 - 0x00007ffca8b43000 	C:\WINDOWS\SYSTEM32\windows.storage.dll
0x00007ffcaad80000 - 0x00007ffcab0d5000 	C:\WINDOWS\System32\combase.dll
0x00007ffca9d70000 - 0x00007ffca9d9b000 	C:\WINDOWS\SYSTEM32\Wldp.dll
0x00007ffcab2f0000 - 0x00007ffcab3bd000 	C:\WINDOWS\System32\OLEAUT32.dll
0x00007ffcacb30000 - 0x00007ffcacbdd000 	C:\WINDOWS\System32\SHCORE.dll
0x00007ffcac9c0000 - 0x00007ffcaca15000 	C:\WINDOWS\System32\shlwapi.dll
0x00007ffcaa270000 - 0x00007ffcaa295000 	C:\WINDOWS\SYSTEM32\profapi.dll
0x00007ffc837d0000 - 0x00007ffc837e9000 	C:\Users\User\.jdks\jbr-17.0.12\bin\net.dll
0x00007ffca3ea0000 - 0x00007ffca3faa000 	C:\WINDOWS\SYSTEM32\WINHTTP.dll
0x00007ffca9ad0000 - 0x00007ffca9b3c000 	C:\WINDOWS\system32\mswsock.dll
0x00007ffc837b0000 - 0x00007ffc837c6000 	C:\Users\User\.jdks\jbr-17.0.12\bin\nio.dll
0x000001be68e90000 - 0x000001be68e93000 	C:\Users\User\.openjfx\cache\22.0.2+4\amd64\api-ms-win-core-console-l1-1-0.dll
0x000001be68ea0000 - 0x000001be68ea3000 	C:\Users\User\.openjfx\cache\22.0.2+4\amd64\api-ms-win-core-console-l1-2-0.dll
0x000001be68eb0000 - 0x000001be68eb3000 	C:\Users\User\.openjfx\cache\22.0.2+4\amd64\api-ms-win-core-datetime-l1-1-0.dll
0x000001be68ec0000 - 0x000001be68ec3000 	C:\Users\User\.openjfx\cache\22.0.2+4\amd64\api-ms-win-core-debug-l1-1-0.dll
0x000001be68ed0000 - 0x000001be68ed3000 	C:\Users\User\.openjfx\cache\22.0.2+4\amd64\api-ms-win-core-errorhandling-l1-1-0.dll
0x000001be68ee0000 - 0x000001be68ee4000 	C:\Users\User\.openjfx\cache\22.0.2+4\amd64\api-ms-win-core-file-l1-1-0.dll
0x000001be68ef0000 - 0x000001be68ef3000 	C:\Users\User\.openjfx\cache\22.0.2+4\amd64\api-ms-win-core-file-l1-2-0.dll
0x000001be68f00000 - 0x000001be68f03000 	C:\Users\User\.openjfx\cache\22.0.2+4\amd64\api-ms-win-core-file-l2-1-0.dll
0x000001be68f10000 - 0x000001be68f13000 	C:\Users\User\.openjfx\cache\22.0.2+4\amd64\api-ms-win-core-handle-l1-1-0.dll
0x000001be68f20000 - 0x000001be68f23000 	C:\Users\User\.openjfx\cache\22.0.2+4\amd64\api-ms-win-core-heap-l1-1-0.dll
0x000001be68f30000 - 0x000001be68f33000 	C:\Users\User\.openjfx\cache\22.0.2+4\amd64\api-ms-win-core-interlocked-l1-1-0.dll
0x000001be68f40000 - 0x000001be68f43000 	C:\Users\User\.openjfx\cache\22.0.2+4\amd64\api-ms-win-core-libraryloader-l1-1-0.dll
0x000001be68f50000 - 0x000001be68f53000 	C:\Users\User\.openjfx\cache\22.0.2+4\amd64\api-ms-win-core-localization-l1-2-0.dll
0x000001be68f60000 - 0x000001be68f63000 	C:\Users\User\.openjfx\cache\22.0.2+4\amd64\api-ms-win-core-memory-l1-1-0.dll
0x000001be68f70000 - 0x000001be68f73000 	C:\Users\User\.openjfx\cache\22.0.2+4\amd64\api-ms-win-core-namedpipe-l1-1-0.dll
0x000001be68f80000 - 0x000001be68f83000 	C:\Users\User\.openjfx\cache\22.0.2+4\amd64\api-ms-win-core-processenvironment-l1-1-0.dll
0x000001be68f90000 - 0x000001be68f93000 	C:\Users\User\.openjfx\cache\22.0.2+4\amd64\api-ms-win-core-processthreads-l1-1-0.dll
0x000001be68fa0000 - 0x000001be68fa3000 	C:\Users\User\.openjfx\cache\22.0.2+4\amd64\api-ms-win-core-processthreads-l1-1-1.dll
0x000001be68fb0000 - 0x000001be68fb3000 	C:\Users\User\.openjfx\cache\22.0.2+4\amd64\api-ms-win-core-profile-l1-1-0.dll
0x000001be68fc0000 - 0x000001be68fc3000 	C:\Users\User\.openjfx\cache\22.0.2+4\amd64\api-ms-win-core-rtlsupport-l1-1-0.dll
0x000001be68fd0000 - 0x000001be68fd3000 	C:\Users\User\.openjfx\cache\22.0.2+4\amd64\api-ms-win-core-string-l1-1-0.dll
0x000001be68fe0000 - 0x000001be68fe3000 	C:\Users\User\.openjfx\cache\22.0.2+4\amd64\api-ms-win-core-synch-l1-1-0.dll
0x000001be68ff0000 - 0x000001be68ff3000 	C:\Users\User\.openjfx\cache\22.0.2+4\amd64\api-ms-win-core-synch-l1-2-0.dll
0x000001be6dc00000 - 0x000001be6dc03000 	C:\Users\User\.openjfx\cache\22.0.2+4\amd64\api-ms-win-core-sysinfo-l1-1-0.dll
0x000001be6dc10000 - 0x000001be6dc13000 	C:\Users\User\.openjfx\cache\22.0.2+4\amd64\api-ms-win-core-timezone-l1-1-0.dll
0x000001be6dc20000 - 0x000001be6dc23000 	C:\Users\User\.openjfx\cache\22.0.2+4\amd64\api-ms-win-core-util-l1-1-0.dll
0x000001be6dc30000 - 0x000001be6dc33000 	C:\Users\User\.openjfx\cache\22.0.2+4\amd64\api-ms-win-crt-conio-l1-1-0.dll
0x000001be6dc40000 - 0x000001be6dc44000 	C:\Users\User\.openjfx\cache\22.0.2+4\amd64\api-ms-win-crt-convert-l1-1-0.dll
0x000001be6dc50000 - 0x000001be6dc53000 	C:\Users\User\.openjfx\cache\22.0.2+4\amd64\api-ms-win-crt-environment-l1-1-0.dll
0x000001be6dc60000 - 0x000001be6dc63000 	C:\Users\User\.openjfx\cache\22.0.2+4\amd64\api-ms-win-crt-filesystem-l1-1-0.dll
0x000001be6dc70000 - 0x000001be6dc73000 	C:\Users\User\.openjfx\cache\22.0.2+4\amd64\api-ms-win-crt-heap-l1-1-0.dll
0x000001be6dc80000 - 0x000001be6dc83000 	C:\Users\User\.openjfx\cache\22.0.2+4\amd64\api-ms-win-crt-locale-l1-1-0.dll
0x000001be6dc90000 - 0x000001be6dc95000 	C:\Users\User\.openjfx\cache\22.0.2+4\amd64\api-ms-win-crt-math-l1-1-0.dll
0x000001be6dca0000 - 0x000001be6dca5000 	C:\Users\User\.openjfx\cache\22.0.2+4\amd64\api-ms-win-crt-multibyte-l1-1-0.dll
0x000001be6dcb0000 - 0x000001be6dcc0000 	C:\Users\User\.openjfx\cache\22.0.2+4\amd64\api-ms-win-crt-private-l1-1-0.dll
0x000001be6dcc0000 - 0x000001be6dcc3000 	C:\Users\User\.openjfx\cache\22.0.2+4\amd64\api-ms-win-crt-process-l1-1-0.dll
0x000001be6dcd0000 - 0x000001be6dcd4000 	C:\Users\User\.openjfx\cache\22.0.2+4\amd64\api-ms-win-crt-runtime-l1-1-0.dll
0x000001be6dce0000 - 0x000001be6dce4000 	C:\Users\User\.openjfx\cache\22.0.2+4\amd64\api-ms-win-crt-stdio-l1-1-0.dll
0x000001be6dcf0000 - 0x000001be6dcf4000 	C:\Users\User\.openjfx\cache\22.0.2+4\amd64\api-ms-win-crt-string-l1-1-0.dll
0x000001be6dd00000 - 0x000001be6dd03000 	C:\Users\User\.openjfx\cache\22.0.2+4\amd64\api-ms-win-crt-time-l1-1-0.dll
0x000001be6dd10000 - 0x000001be6dd13000 	C:\Users\User\.openjfx\cache\22.0.2+4\amd64\api-ms-win-crt-utility-l1-1-0.dll
0x00007ffc71f00000 - 0x00007ffc71ffc000 	C:\Users\User\.openjfx\cache\22.0.2+4\amd64\ucrtbase.dll
0x00007ffc83700000 - 0x00007ffc8371b000 	C:\Users\User\.openjfx\cache\22.0.2+4\amd64\vcruntime140.dll
0x00007ffc836f0000 - 0x00007ffc836fc000 	C:\Users\User\.openjfx\cache\22.0.2+4\amd64\vcruntime140_1.dll
0x00007ffc72070000 - 0x00007ffc720fe000 	C:\Users\User\.openjfx\cache\22.0.2+4\amd64\msvcp140.dll
0x00007ffc836e0000 - 0x00007ffc836e9000 	C:\Users\User\.openjfx\cache\22.0.2+4\amd64\msvcp140_1.dll
0x00007ffc83690000 - 0x00007ffc836d1000 	C:\Users\User\.openjfx\cache\22.0.2+4\amd64\msvcp140_2.dll
0x00007ffc76410000 - 0x00007ffc76440000 	C:\Users\User\.openjfx\cache\22.0.2+4\amd64\prism_d3d.dll
0x00007ffc748b0000 - 0x00007ffc74a81000 	C:\WINDOWS\system32\d3d9.dll
0x00007ffca7a30000 - 0x00007ffca7a5f000 	C:\WINDOWS\SYSTEM32\dwmapi.dll
0x00007ffca4f90000 - 0x00007ffca502e000 	C:\WINDOWS\system32\uxtheme.dll
0x00007ffc59a60000 - 0x00007ffc59cd3000 	C:\WINDOWS\System32\DriverStore\FileRepository\iigd_dch.inf_amd64_110cd0db47a9f8d6\igdumdim64.dll
0x00007ffcab870000 - 0x00007ffcab99b000 	C:\WINDOWS\System32\ole32.dll
0x00007ffc58480000 - 0x00007ffc599b6000 	C:\WINDOWS\System32\DriverStore\FileRepository\iigd_dch.inf_amd64_110cd0db47a9f8d6\igd9trinity64.dll
0x00007ffca8bd0000 - 0x00007ffca8cc6000 	C:\WINDOWS\system32\dxgi.dll
0x00007ffc8f250000 - 0x00007ffc8f690000 	C:\WINDOWS\System32\DriverStore\FileRepository\iigd_dch.inf_amd64_110cd0db47a9f8d6\igdgmm64.dll
0x00007ffc8f950000 - 0x00007ffc8f976000 	C:\WINDOWS\System32\DriverStore\FileRepository\iigd_dch.inf_amd64_110cd0db47a9f8d6\igc64.dll
0x00007ffc6e290000 - 0x00007ffc6e2dd000 	C:\WINDOWS\SYSTEM32\ControlLib.dll
0x00007ffcaac20000 - 0x00007ffcaac6e000 	C:\WINDOWS\System32\CFGMGR32.dll
0x00007ffc8fe90000 - 0x00007ffc8ff2c000 	C:\WINDOWS\System32\DriverStore\FileRepository\iigd_dch.inf_amd64_110cd0db47a9f8d6\IntelControlLib.dll
0x00007ffc56f50000 - 0x00007ffc58478000 	C:\WINDOWS\System32\DriverStore\FileRepository\iigd_dch.inf_amd64_110cd0db47a9f8d6\igd9dxva64.dll
0x00007ffcabcd0000 - 0x00007ffcac141000 	C:\WINDOWS\System32\SETUPAPI.dll
0x00007ffc55220000 - 0x00007ffc56f4e000 	C:\WINDOWS\System32\DriverStore\FileRepository\iigd_dch.inf_amd64_110cd0db47a9f8d6\media_bin_64.dll
0x00007ffc71eb0000 - 0x00007ffc71ef5000 	C:\Users\User\.openjfx\cache\22.0.2+4\amd64\glass.dll
0x00007ffcabbf0000 - 0x00007ffcabcca000 	C:\WINDOWS\System32\COMDLG32.dll
0x00007ffcaba70000 - 0x00007ffcabb85000 	C:\WINDOWS\System32\MSCTF.dll
0x00007ffc86b60000 - 0x00007ffc8aa69000 	C:\WINDOWS\System32\DriverStore\FileRepository\iigd_dch.inf_amd64_110cd0db47a9f8d6\igc1464.dll
0x00007ffc5ef60000 - 0x00007ffc5f0a9000 	C:\WINDOWS\System32\DriverStore\FileRepository\iigd_dch.inf_amd64_110cd0db47a9f8d6\igdml64.dll
0x00007ffc7c210000 - 0x00007ffc7c239000 	C:\WINDOWS\System32\DriverStore\FileRepository\iigd_dch.inf_amd64_110cd0db47a9f8d6\igdinfo64.dll
0x00007ffc97cb0000 - 0x00007ffc97ceb000 	C:\WINDOWS\SYSTEM32\dxcore.dll
0x00007ffcaacd0000 - 0x00007ffcaad79000 	C:\WINDOWS\System32\clbcatq.dll
0x00007ffc7a6d0000 - 0x00007ffc7a80f000 	C:\Windows\System32\Windows.UI.dll
0x00007ffc9eb60000 - 0x00007ffc9ec01000 	C:\Windows\System32\WindowManagementAPI.dll
0x00007ffc7d230000 - 0x00007ffc7d382000 	C:\Windows\System32\InputHost.dll
0x00007ffc7d390000 - 0x00007ffc7d489000 	C:\Windows\System32\TextInputFramework.dll
0x00007ffca4150000 - 0x00007ffca42a7000 	C:\WINDOWS\SYSTEM32\wintypes.dll
0x00007ffc9e950000 - 0x00007ffc9eb53000 	C:\WINDOWS\SYSTEM32\twinapi.appcore.dll
0x00007ffca32c0000 - 0x00007ffca33b2000 	C:\Windows\System32\CoreMessaging.dll
0x00007ffca25d0000 - 0x00007ffca292b000 	C:\Windows\System32\CoreUIComponents.dll
0x00007ffca4a00000 - 0x00007ffca4af6000 	C:\Windows\System32\PROPSYS.dll

dbghelp: loaded successfully - version: 4.0.5 - missing functions: none
symbol engine: initialized successfully - sym options: 0x614 - pdb path: .;C:\Users\User\.jdks\jbr-17.0.12\bin;C:\WINDOWS\SYSTEM32;C:\WINDOWS\WinSxS\amd64_microsoft.windows.common-controls_6595b64144ccf1df_6.0.19041.4355_none_60b8b9eb71f62e16;C:\Users\User\.jdks\jbr-17.0.12\bin\server;C:\Users\User\.openjfx\cache\22.0.2+4\amd64;C:\WINDOWS\System32\DriverStore\FileRepository\iigd_dch.inf_amd64_110cd0db47a9f8d6;C:\Program Files\Bonjour;C:\Program Files\Common Files\Microsoft Shared\Ink

VM Arguments:
jvm_args: --module-path=C:\Users\User\.m2\repository\org\openjfx\javafx-base\22.0.2\javafx-base-22.0.2-win.jar;C:\Users\User\.m2\repository\org\openjfx\javafx-base\22.0.2\javafx-base-22.0.2.jar;C:\Users\User\.m2\repository\org\openjfx\javafx-controls\22.0.2\javafx-controls-22.0.2-win.jar;C:\Users\User\.m2\repository\org\openjfx\javafx-controls\22.0.2\javafx-controls-22.0.2.jar;C:\Users\User\.m2\repository\org\openjfx\javafx-fxml\21.0.2\javafx-fxml-21.0.2-win.jar;C:\Users\User\.m2\repository\org\openjfx\javafx-fxml\21.0.2\javafx-fxml-21.0.2.jar;C:\Users\User\.m2\repository\org\openjfx\javafx-graphics\22.0.2\javafx-graphics-22.0.2-win.jar;C:\Users\User\.m2\repository\org\openjfx\javafx-graphics\22.0.2\javafx-graphics-22.0.2.jar --add-modules=javafx.base,javafx.controls,javafx.fxml,javafx.graphics 
java_command: controllers.Home
java_class_path (initial): C:\Users\User\Desktop\projet-javafx\target\classes;C:\Users\User\.m2\repository\com\google\protobuf\protobuf-java\3.21.9\protobuf-java-3.21.9.jar;C:\Users\User\.m2\repository\com\mysql\mysql-connector-j\8.0.33\mysql-connector-j-8.0.33.jar
Launcher Type: SUN_STANDARD

[Global flags]
     intx CICompilerCount                          = 4                                         {product} {ergonomic}
     uint ConcGCThreads                            = 3                                         {product} {ergonomic}
     uint G1ConcRefinementThreads                  = 10                                        {product} {ergonomic}
   size_t G1HeapRegionSize                         = 2097152                                   {product} {ergonomic}
    uintx GCDrainStackTargetSize                   = 64                                        {product} {ergonomic}
   size_t InitialHeapSize                          = 264241152                                 {product} {ergonomic}
   size_t MarkStackSize                            = 4194304                                   {product} {ergonomic}
   size_t MaxHeapSize                              = 4217372672                                {product} {ergonomic}
   size_t MaxNewSize                               = 2529165312                                {product} {ergonomic}
   size_t MinHeapDeltaBytes                        = 2097152                                   {product} {ergonomic}
   size_t MinHeapSize                              = 8388608                                   {product} {ergonomic}
    uintx NonNMethodCodeHeapSize                   = 5839372                                {pd product} {ergonomic}
    uintx NonProfiledCodeHeapSize                  = 122909434                              {pd product} {ergonomic}
    uintx ProfiledCodeHeapSize                     = 122909434                              {pd product} {ergonomic}
    uintx ReservedCodeCacheSize                    = 251658240                              {pd product} {ergonomic}
     bool SegmentedCodeCache                       = true                                      {product} {ergonomic}
   size_t SoftMaxHeapSize                          = 4217372672                             {manageable} {ergonomic}
     bool UseCompressedClassPointers               = true                           {product lp64_product} {ergonomic}
     bool UseCompressedOops                        = true                           {product lp64_product} {ergonomic}
     bool UseG1GC                                  = true                                      {product} {ergonomic}
     bool UseLargePagesIndividualAllocation        = false                                  {pd product} {ergonomic}

Logging:
Log output configuration:
 #0: stdout all=warning uptime,level,tags
 #1: stderr all=off uptime,level,tags

Environment Variables:
PATH=C:\oraclexe\app\oracle\product\11.2.0\server\bin;;C:\oraclexe\app\oracle\product\11.2.0\server\bin;C:\ProgramData\Oracle\Java\javapath;C:\Program Files (x86)\Common Files\Oracle\Java\javapath;C:\oraclexe\app\oracle\product\11.2.0\server\bin;D:\VMWare\bin\;C:\WINDOWS\system32;C:\WINDOWS;C:\WINDOWS\System32\Wbem;C:\WINDOWS\System32\WindowsPowerShell\v1.0\;C:\WINDOWS\System32\OpenSSH\;C:\Program Files (x86)\NVIDIA Corporation\PhysX\Common;C:\oraclexe\app\oracle\product\11.2.0\server\bin;C:\instantclient12_2;C:\oraclexe;C:\oraclexe\app\oracle\admin\XE;C:\Program Files\Git\cmd;C:\ProgramData\ComposerSetup\bin;C:\Users\User\.jdks\jbr-17.0.12\bin;C:\Users\User\AppData\Local\Programs\Python\Python313;C:\Users\User\AppData\Local\Programs\Python\Python313\Scripts;C:\Users\User\AppData\Roaming\Python\Python313\site-packages;C:\ProgramData\chocolatey\bin;C:\Program Files\NVIDIA Corporation\NVIDIA app\NvDLISR;C:\MailHog;C:\Users\User\AppData\Local\Programs\Python\Launcher\;C:\Users\User\scoop\shims;C:\Users\User\AppData\Local\Microsoft\WindowsApps;C:\Users\User\AppData\Local\Programs\Microsoft VS Code\bin;C:\xampp\php;C:\Users\User\AppData\Roaming\Composer\vendor\bin;C:\Users\User\AppData\Local\Microsoft\WinGet\Packages\Schniz.fnm_Microsoft.Winget.Source_8wekyb3d8bbwe;C:\Users\User\Downloads\node-v22.13.1-win-x64;
USERNAME=User
OS=Windows_NT
PROCESSOR_IDENTIFIER=Intel64 Family 6 Model 154 Stepping 3, GenuineIntel
TMP=C:\Users\User\AppData\Local\Temp
TEMP=C:\Users\User\AppData\Local\Temp



Periodic native trim disabled

JNI global refs:
JNI global refs: 39, weak refs: 0

JNI global refs memory usage: 843, weak refs: 841

OOME stack traces (most recent first):
Classloader memory used:
Loader jdk.internal.loader.ClassLoaders$AppClassLoader                                 : 2167K
Loader bootstrap                                                                       : 1959K
Loader jdk.internal.loader.ClassLoaders$PlatformClassLoader                            : 43289B
Loader jdk.internal.reflect.DelegatingClassLoader                                      : 6367B
Loader com.sun.javafx.reflect.MethodUtil                                               : 364B


---------------  S Y S T E M  ---------------

OS:
 Windows 10 , 64 bit Build 19041 (10.0.19041.5678)
OS uptime: 0 days 0:49 hours

CPU: total 12 (initial active 12) (6 cores per cpu, 2 threads per core) family 6 model 154 stepping 3 microcode 0x424, cx8, cmov, fxsr, ht, mmx, 3dnowpref, sse, sse2, sse3, ssse3, sse4.1, sse4.2, popcnt, lzcnt, tsc, tscinvbit, avx, avx2, aes, erms, clmul, bmi1, bmi2, adx, sha, fma, vzeroupper, clflush, clflushopt, clwb
Processor Information for all 12 processors :
  Max Mhz: 2000, Current Mhz: 2000, Mhz Limit: 2000

Memory: 4k page, system-wide physical 16085M (3472M free)
TotalPageFile size 20437M (AvailPageFile size 4038M)
current process WorkingSet (physical memory assigned to process): 675M, peak: 675M
current process commit charge ("private bytes"): 722M, peak: 722M

vm_info: OpenJDK 64-Bit Server VM (17.0.12+1-b1087.25) for windows-amd64 JRE (17.0.12+1-b1087.25), built on 2024-08-30 by "builduser" with MS VC++ 16.10 / 16.11 (VS2019)

END.
