#
# A fatal error has been detected by the Java Runtime Environment:
#
#  EXCEPTION_ACCESS_VIOLATION (0xc0000005) at pc=0x00007ffc7207bd46, pid=4324, tid=16708
#
# JRE version: OpenJDK Runtime Environment JBR-17.0.12+1-1087.25-nomod (17.0.12+1) (build 17.0.12+1-b1087.25)
# Java VM: OpenJDK 64-Bit Server VM JBR-17.0.12+1-1087.25-nomod (17.0.12+1-b1087.25, mixed mode, tiered, compressed oops, compressed class ptrs, g1 gc, windows-amd64)
# Problematic frame:
# C  [glass.dll+0x1bd46]
#
# No core dump will be written. Minidumps are not enabled by default on client versions of Windows
#
# If you would like to submit a bug report, please visit:
#   https://youtrack.jetbrains.com/issues/JBR
# The crash happened outside the Java Virtual Machine in native code.
# See problematic frame for where to report the bug.
#

---------------  S U M M A R Y ------------

Command Line: --module-path=C:\Users\User\.m2\repository\org\openjfx\javafx-base\22.0.2\javafx-base-22.0.2-win.jar;C:\Users\User\.m2\repository\org\openjfx\javafx-base\22.0.2\javafx-base-22.0.2.jar;C:\Users\User\.m2\repository\org\openjfx\javafx-controls\22.0.2\javafx-controls-22.0.2-win.jar;C:\Users\User\.m2\repository\org\openjfx\javafx-controls\22.0.2\javafx-controls-22.0.2.jar;C:\Users\User\.m2\repository\org\openjfx\javafx-fxml\21.0.2\javafx-fxml-21.0.2-win.jar;C:\Users\User\.m2\repository\org\openjfx\javafx-fxml\21.0.2\javafx-fxml-21.0.2.jar;C:\Users\User\.m2\repository\org\openjfx\javafx-graphics\22.0.2\javafx-graphics-22.0.2-win.jar;C:\Users\User\.m2\repository\org\openjfx\javafx-graphics\22.0.2\javafx-graphics-22.0.2.jar --add-modules=javafx.base,javafx.controls,javafx.fxml,javafx.graphics controllers.Home

Host: 12th Gen Intel(R) Core(TM) i5-12450H, 12 cores, 15G,  Windows 10 , 64 bit Build 19041 (10.0.19041.5678)
Time: Mon Apr 14 21:04:45 2025 Romance Standard Time elapsed time: 8.919254 seconds (0d 0h 0m 8s)

---------------  T H R E A D  ---------------

Current thread (0x000001d29fc3ae40):  JavaThread "JavaFX Application Thread" [_thread_in_native, id=16708, stack(0x000000a9e4a00000,0x000000a9e4b00000)]

Stack: [0x000000a9e4a00000,0x000000a9e4b00000],  sp=0x000000a9e4afda40,  free space=1014k
Native frames: (J=compiled Java code, j=interpreted, Vv=VM code, C=native code)
C  [glass.dll+0x1bd46]

Java frames: (J=compiled Java code, j=interpreted, Vv=VM code)
j  com.sun.glass.ui.win.WinWindow._close(J)Z+0 javafx.graphics@22.0.2
j  com.sun.glass.ui.Window.close()V+63 javafx.graphics@22.0.2
j  com.sun.glass.ui.win.WinWindow.close()V+8 javafx.graphics@22.0.2
j  com.sun.glass.ui.Application.terminate()V+75 javafx.graphics@22.0.2
j  com.sun.javafx.tk.quantum.QuantumToolkit.lambda$exit$14()Ljava/lang/Object;+5 javafx.graphics@22.0.2
j  com.sun.javafx.tk.quantum.QuantumToolkit$$Lambda$836+0x000000080048cb50.get()Ljava/lang/Object;+0 javafx.graphics@22.0.2
j  com.sun.javafx.tk.quantum.QuantumToolkit.runWithRenderLock(Ljava/util/function/Supplier;)Ljava/lang/Object;+7 javafx.graphics@22.0.2
j  com.sun.javafx.tk.quantum.QuantumToolkit.exit()V+26 javafx.graphics@22.0.2
j  com.sun.javafx.application.PlatformImpl.lambda$tkExit$16()V+3 javafx.graphics@22.0.2
j  com.sun.javafx.application.PlatformImpl$$Lambda$835+0x000000080048c910.run()V+0 javafx.graphics@22.0.2
j  com.sun.javafx.application.PlatformImpl.lambda$runAndWait$12(Ljava/lang/Runnable;Ljava/util/concurrent/CountDownLatch;)V+1 javafx.graphics@22.0.2
j  com.sun.javafx.application.PlatformImpl$$Lambda$100+0x0000000800116be0.run()V+8 javafx.graphics@22.0.2
j  com.sun.javafx.application.PlatformImpl.lambda$runLater$10(Ljava/lang/Runnable;)Ljava/lang/Void;+1 javafx.graphics@22.0.2
j  com.sun.javafx.application.PlatformImpl$$Lambda$102+0x0000000800117d98.run()Ljava/lang/Object;+4 javafx.graphics@22.0.2
J 1146 c1 java.security.AccessController.doPrivileged(Ljava/security/PrivilegedAction;Ljava/security/AccessControlContext;)Ljava/lang/Object; java.base@17.0.12 (17 bytes) @ 0x000001d2801e655c [0x000001d2801e6380+0x00000000000001dc]
j  com.sun.javafx.application.PlatformImpl.lambda$runLater$11(Ljava/lang/Runnable;Ljava/security/AccessControlContext;)V+7 javafx.graphics@22.0.2
j  com.sun.javafx.application.PlatformImpl$$Lambda$101+0x0000000800117478.run()V+8 javafx.graphics@22.0.2
J 4568 c1 com.sun.glass.ui.InvokeLaterDispatcher$Future.run()V javafx.graphics@22.0.2 (91 bytes) @ 0x000001d2808ecd94 [0x000001d2808ecc80+0x0000000000000114]
v  ~StubRoutines::call_stub
j  com.sun.glass.ui.win.WinApplication._runLoop(Ljava/lang/Runnable;)V+0 javafx.graphics@22.0.2
j  com.sun.glass.ui.win.WinApplication.lambda$runLoop$3(ILjava/lang/Runnable;)V+8 javafx.graphics@22.0.2
j  com.sun.glass.ui.win.WinApplication$$Lambda$87+0x00000008000eedd0.run()V+12 javafx.graphics@22.0.2
j  java.lang.Thread.run()V+11 java.base@17.0.12
v  ~StubRoutines::call_stub

siginfo: EXCEPTION_ACCESS_VIOLATION (0xc0000005), reading address 0x0000000000000128


Registers:
RAX=0x0000000000000000, RBX=0x0000000000000000, RCX=0x0000000000000000, RDX=0x0000000000000000
RSP=0x000000a9e4afda40, RBP=0x0000000000000401, RSI=0x000000a9e4afddc0, RDI=0x000000a9e4afddc0
R8 =0x000000a9e4afddc0, R9 =0x0000000000000000, R10=0x0000000000000000, R11=0x0000000000000246
R12=0x000000a9e4afddc0, R13=0x0000000000000000, R14=0x0000000000000000, R15=0x000000a9e4afddc0
RIP=0x00007ffc7207bd46, EFLAGS=0x0000000000010202


Register to memory mapping:

RIP=0x00007ffc7207bd46 glass.dll
RAX=0x0 is NULL
RBX=0x0 is NULL
RCX=0x0 is NULL
RDX=0x0 is NULL
RSP=0x000000a9e4afda40 is pointing into the stack for thread: 0x000001d29fc3ae40
RBP=0x0000000000000401 is an unknown value
RSI=0x000000a9e4afddc0 is pointing into the stack for thread: 0x000001d29fc3ae40
RDI=0x000000a9e4afddc0 is pointing into the stack for thread: 0x000001d29fc3ae40
R8 =0x000000a9e4afddc0 is pointing into the stack for thread: 0x000001d29fc3ae40
R9 =0x0 is NULL
R10=0x0 is NULL
R11=0x0000000000000246 is an unknown value
R12=0x000000a9e4afddc0 is pointing into the stack for thread: 0x000001d29fc3ae40
R13=0x0 is NULL
R14=0x0 is NULL
R15=0x000000a9e4afddc0 is pointing into the stack for thread: 0x000001d29fc3ae40


Top of Stack: (sp=0x000000a9e4afda40)
0x000000a9e4afda40:   0000000000000578 000000a9e4afda50
0x000000a9e4afda50:   0000000000180016 00007ffc720895d0
0x000000a9e4afda60:   000000a9e4afddc0 00007ffc7207aaf1
0x000000a9e4afda70:   0000000000000401 000001d29f596810
0x000000a9e4afda80:   000000a9e4afddc0 00007ffc720895d0
0x000000a9e4afda90:   0000000000000000 00007ffc7206a698
0x000000a9e4afdaa0:   000001d29f596810 000001d29f010101
0x000000a9e4afdab0:   000000a9e4afc0a7 000000a9e4afda68
0x000000a9e4afdac0:   0000000000000000 00007ffc7206177f
0x000000a9e4afdad0:   000001d29f596810 0000000000000401
0x000000a9e4afdae0:   000001d29f59683c 00000000001c04f0
0x000000a9e4afdaf0:   0000000000000000 0000000000000401
0x000000a9e4afdb00:   0000000080000022 00007ffcab46ef5c
0x000000a9e4afdb10:   0000000000000001 000000a9e4afdd00
0x000000a9e4afdb20:   00000000001c04f0 00000000001c04f0
0x000000a9e4afdb30:   000001d29a83ca30 00007ffc00000004
0x000000a9e4afdb40:   0000000000000168 00007ffc7207ce00
0x000000a9e4afdb50:   000001d200000000 0000000000000000
0x000000a9e4afdb60:   0000000000000000 0000000100000000
0x000000a9e4afdb70:   0000000080000022 0000000000000000
0x000000a9e4afdb80:   0000000000000000 000001d29fc3ae40
0x000000a9e4afdb90:   000001d29aaf2040 0000000000000001
0x000000a9e4afdba0:   000001d29b87f701 000001d29fc3ae40
0x000000a9e4afdbb0:   00007ffc0b5a2ca8 0000005000000000
0x000000a9e4afdbc0:   000000000000002b 0000000000000000
0x000000a9e4afdbd0:   0000000000000000 0000000000000000
0x000000a9e4afdbe0:   0000000000000000 000000a9e4afdc01
0x000000a9e4afdbf0:   000000000000002b 0000000000000030
0x000000a9e4afdc00:   6f635f6176614a00 6c675f6e75735f6d
0x000000a9e4afdc10:   00007ffc72061720 69576e69575f6e69
0x000000a9e4afdc20:   0000000000000048 0000000000000001
0x000000a9e4afdc30:   0000000000000000 0000000000000000 

Instructions: (pc=0x00007ffc7207bd46)
0x00007ffc7207bc46:   a8 00 00 00 41 5e 41 5d 41 5c 5e 5d 5b c3 cc cc
0x00007ffc7207bc56:   cc cc cc cc cc cc cc cc cc cc b0 01 c3 cc cc cc
0x00007ffc7207bc66:   cc cc cc cc cc cc cc cc cc cc 48 89 5c 24 08 57
0x00007ffc7207bc76:   48 83 ec 30 48 8b fa 48 8b d9 48 39 91 28 01 00
0x00007ffc7207bc86:   00 0f 84 a5 00 00 00 e8 ae 00 00 00 48 8b 93 28
0x00007ffc7207bc96:   01 00 00 48 85 d2 75 04 48 8b 53 08 48 89 54 24
0x00007ffc7207bca6:   20 4c 8b c7 48 85 ff 75 04 4c 8b 43 08 48 8d 0d
0x00007ffc7207bcb6:   a6 03 01 00 4c 89 44 24 28 e8 7c 79 fe ff 48 8b
0x00007ffc7207bcc6:   4c 24 20 4c 8d 44 24 20 48 8d 15 8b f9 ff ff ff
0x00007ffc7207bcd6:   15 9d 09 02 00 48 8b 05 2e 0d 02 00 48 85 c0 75
0x00007ffc7207bce6:   04 33 c9 eb 03 8b 48 48 4c 8d 44 24 20 48 8d 15
0x00007ffc7207bcf6:   a6 f9 ff ff ff 15 80 09 02 00 48 89 bb 28 01 00
0x00007ffc7207bd06:   00 e8 04 56 00 00 4c 8b 05 ad 10 02 00 48 8b c8
0x00007ffc7207bd16:   48 8b 93 c8 00 00 00 4c 8b cf e8 db 95 fe ff e8
0x00007ffc7207bd26:   e6 55 00 00 48 8b c8 e8 fe 54 00 00 48 8b 5c 24
0x00007ffc7207bd36:   40 48 83 c4 30 5f c3 cc cc cc 40 57 48 83 ec 20
0x00007ffc7207bd46:   48 8b 81 28 01 00 00 48 8b f9 48 85 c0 75 04 48
0x00007ffc7207bd56:   8b 41 08 48 3b 05 a0 0f 02 00 75 3b 48 89 5c 24
0x00007ffc7207bd66:   30 e8 a4 55 00 00 4c 8b 05 3d 10 02 00 48 8b c8
0x00007ffc7207bd76:   48 8b 97 c8 00 00 00 48 8b d8 e8 7b 95 fe ff 48
0x00007ffc7207bd86:   8b cb e8 a3 54 00 00 48 8b 5c 24 30 48 c7 05 63
0x00007ffc7207bd96:   0f 02 00 00 00 00 00 48 83 c4 20 5f c3 cc cc cc
0x00007ffc7207bda6:   cc cc cc cc cc cc cc cc cc cc 40 53 48 83 ec 50
0x00007ffc7207bdb6:   48 8b 05 0b e4 01 00 48 33 c4 48 89 44 24 40 48
0x00007ffc7207bdc6:   8b d9 48 8b 49 08 ff 15 26 08 02 00 85 c0 0f 85
0x00007ffc7207bdd6:   1b 01 00 00 48 8b 4b 08 48 8d 54 24 30 ff 15 7f
0x00007ffc7207bde6:   06 02 00 48 8b 4b 08 48 8d 54 24 20 ff 15 d8 06
0x00007ffc7207bdf6:   02 00 48 8b 4b 08 4c 8d 44 24 20 41 b9 02 00 00
0x00007ffc7207be06:   00 33 d2 ff 15 c9 06 02 00 8b 44 24 24 2b 44 24
0x00007ffc7207be16:   34 8b 4c 24 20 2b 4c 24 30 8b 54 24 3c 2b 54 24
0x00007ffc7207be26:   2c 44 8b 44 24 38 44 2b 44 24 28 89 83 14 01 00
0x00007ffc7207be36:   00 89 8b 10 01 00 00 89 93 1c 01 00 00 44 89 83 


Stack slot to memory mapping:
stack at sp + 0 slots: 0x0000000000000578 is an unknown value
stack at sp + 1 slots: 0x000000a9e4afda50 is pointing into the stack for thread: 0x000001d29fc3ae40
stack at sp + 2 slots: 0x0000000000180016 is an unknown value
stack at sp + 3 slots: 0x00007ffc720895d0 glass.dll
stack at sp + 4 slots: 0x000000a9e4afddc0 is pointing into the stack for thread: 0x000001d29fc3ae40
stack at sp + 5 slots: 0x00007ffc7207aaf1 glass.dll
stack at sp + 6 slots: 0x0000000000000401 is an unknown value
stack at sp + 7 slots: 0x000001d29f596810 points into unknown readable memory: 0x00007ffc7208a838 | 38 a8 08 72 fc 7f 00 00


Compiled method (c1)    8971 1146       3       java.security.AccessController::doPrivileged (17 bytes)
 total in heap  [0x000001d2801e6190,0x000001d2801e68c8] = 1848
 relocation     [0x000001d2801e62e8,0x000001d2801e6370] = 136
 main code      [0x000001d2801e6380,0x000001d2801e66c0] = 832
 stub code      [0x000001d2801e66c0,0x000001d2801e6738] = 120
 metadata       [0x000001d2801e6738,0x000001d2801e6750] = 24
 scopes data    [0x000001d2801e6750,0x000001d2801e6800] = 176
 scopes pcs     [0x000001d2801e6800,0x000001d2801e68b0] = 176
 dependencies   [0x000001d2801e68b0,0x000001d2801e68b8] = 8
 nul chk table  [0x000001d2801e68b8,0x000001d2801e68c8] = 16

[Constant Pool (empty)]

[MachCode]
[Verified Entry Point]
  # {method} {0x000001d29b03bbf8} 'doPrivileged' '(Ljava/security/PrivilegedAction;Ljava/security/AccessControlContext;)Ljava/lang/Object;' in 'java/security/AccessController'
  # parm0:    rdx:rdx   = 'java/security/PrivilegedAction'
  # parm1:    r8:r8     = 'java/security/AccessControlContext'
  #           [sp+0x80]  (sp of caller)
  0x000001d2801e6380: 8984 2400 | 90ff ff55 | 4883 ec70 

  0x000001d2801e638c: ;   {metadata(method data for {method} {0x000001d29b03bbf8} 'doPrivileged' '(Ljava/security/PrivilegedAction;Ljava/security/AccessControlContext;)Ljava/lang/Object;' in 'java/security/AccessController')}
  0x000001d2801e638c: 48be 002a | b49b d201 | 0000 8bbe | cc00 0000 | 83c7 0289 | becc 0000 | 0081 e7fe | 0700 0083 
  0x000001d2801e63ac: ff00 0f84 | 4402 0000 | 4c89 4424 | 4048 8954 

  0x000001d2801e63bc: ;   {metadata(method data for {method} {0x000001d29b03bbf8} 'doPrivileged' '(Ljava/security/PrivilegedAction;Ljava/security/AccessControlContext;)Ljava/lang/Object;' in 'java/security/AccessController')}
  0x000001d2801e63bc: 2448 48be | 002a b49b | d201 0000 | 4883 8610 | 0100 0001 | 0f1f 8000 

  0x000001d2801e63d4: ;   {static_call}
  0x000001d2801e63d4: 0000 00e8 

  0x000001d2801e63d8: ; ImmutableOopMap {[64]=Oop [72]=Oop }
                      ;*invokestatic getCallerClass {reexecute=0 rethrow=0 return_oop=0}
                      ; - java.security.AccessController::doPrivileged@0 (line 397)
  0x000001d2801e63d8: 6435 9207 

  0x000001d2801e63dc: ;   {metadata(method data for {method} {0x000001d29b03bbf8} 'doPrivileged' '(Ljava/security/PrivilegedAction;Ljava/security/AccessControlContext;)Ljava/lang/Object;' in 'java/security/AccessController')}
  0x000001d2801e63dc: 48ba 002a | b49b d201 | 0000 4883 | 8220 0100 | 0001 488b | 5424 404c | 8bc0 4889 | 4424 500f 
  0x000001d2801e63fc: ;   {static_call}
  0x000001d2801e63fc: 1f40 00e8 

  0x000001d2801e6400: ; ImmutableOopMap {[72]=Oop [80]=Oop }
                      ;*invokestatic checkContext {reexecute=0 rethrow=0 return_oop=0}
                      ; - java.security.AccessController::doPrivileged@6 (line 398)
  0x000001d2801e6400: 1ce4 0100 | 4889 4424 

  0x000001d2801e6408: ;   {metadata(method data for {method} {0x000001d29b03bbf8} 'doPrivileged' '(Ljava/security/PrivilegedAction;Ljava/security/AccessControlContext;)Ljava/lang/Object;' in 'java/security/AccessController')}
  0x000001d2801e6408: 5848 ba00 | 2ab4 9bd2 | 0100 0048 | 8382 3001 

  0x000001d2801e6418: ;   {metadata(method data for {method} {0x000001d29b03c8e8} 'executePrivileged' '(Ljava/security/PrivilegedAction;Ljava/security/AccessControlContext;Ljava/lang/Class;)Ljava/lang/Object;' in 'java/security/AccessController')}
  0x000001d2801e6418: 0000 0148 | ba48 2b57 | 9bd2 0100 | 008b b2cc | 0000 0083 | c602 89b2 | cc00 0000 | 81e6 feff 
  0x000001d2801e6438: 1f00 83fe | 000f 84d6 | 0100 0048 

  0x000001d2801e6444: ;   {metadata(method data for {method} {0x000001d29b03c8e8} 'executePrivileged' '(Ljava/security/PrivilegedAction;Ljava/security/AccessControlContext;Ljava/lang/Class;)Ljava/lang/Object;' in 'java/security/AccessController')}
  0x000001d2801e6444: 83f8 0048 | ba48 2b57 | 9bd2 0100 | 0048 be10 | 0100 0000 | 0000 000f | 840a 0000 | 0048 be20 
  0x000001d2801e6464: 0100 0000 | 0000 0048 | 8b3c 3248 | 8d7f 0148 | 893c 320f | 841f 0000 

  0x000001d2801e647c: ;   {metadata(method data for {method} {0x000001d29b03c8e8} 'executePrivileged' '(Ljava/security/PrivilegedAction;Ljava/security/AccessControlContext;Ljava/lang/Class;)Ljava/lang/Object;' in 'java/security/AccessController')}
  0x000001d2801e647c: 0048 ba48 | 2b57 9bd2 | 0100 0048 | 8382 3001 | 0000 0148 | 8bd0 0f1f 

  0x000001d2801e6494: ;   {static_call}
  0x000001d2801e6494: 4400 00e8 

  0x000001d2801e6498: ; ImmutableOopMap {[72]=Oop [80]=Oop [88]=Oop }
                      ;*invokestatic ensureMaterializedForStackWalk {reexecute=0 rethrow=0 return_oop=0}
                      ; - java.security.AccessController::executePrivileged@5 (line 772)
                      ; - java.security.AccessController::doPrivileged@13 (line 399)
  0x000001d2801e6498: a457 9507 

  0x000001d2801e649c: ;   {metadata(method data for {method} {0x000001d29b03c8e8} 'executePrivileged' '(Ljava/security/PrivilegedAction;Ljava/security/AccessControlContext;Ljava/lang/Class;)Ljava/lang/Object;' in 'java/security/AccessController')}
  0x000001d2801e649c: 48ba 482b | 579b d201 | 0000 ff82 | 4001 0000 | 488b 5424 | 4848 3b02 

  0x000001d2801e64b4: ;   {metadata(method data for {method} {0x000001d29b03c8e8} 'executePrivileged' '(Ljava/security/PrivilegedAction;Ljava/security/AccessControlContext;Ljava/lang/Class;)Ljava/lang/Object;' in 'java/security/AccessController')}
  0x000001d2801e64b4: 488b f248 | bf48 2b57 | 9bd2 0100 | 008b 7608 | 49ba 0000 | 0000 0800 | 0000 4903 | f248 3bb7 
  0x000001d2801e64d4: b001 0000 | 750d 4883 | 87b8 0100 | 0001 e966 | 0000 0048 | 3bb7 c001 | 0000 750d | 4883 87c8 
  0x000001d2801e64f4: 0100 0001 | e950 0000 | 0048 81bf | b001 0000 | 0000 0000 | 7517 4889 | b7b0 0100 | 0048 c787 
  0x000001d2801e6514: b801 0000 | 0100 0000 | e92c 0000 | 0048 81bf | c001 0000 | 0000 0000 | 7517 4889 | b7c0 0100 
  0x000001d2801e6534: 0048 c787 | c801 0000 | 0100 0000 | e908 0000 | 0048 8387 | a001 0000 | 0148 b810 | af87 aad2 
  0x000001d2801e6554: ;   {virtual_call}
  0x000001d2801e6554: 0100 00e8 

  0x000001d2801e6558: ; ImmutableOopMap {[80]=Oop [88]=Oop }
                      ;*invokeinterface run {reexecute=0 rethrow=0 return_oop=0}
                      ; - java.security.AccessController::executePrivileged@29 (line 776)
                      ; - java.security.AccessController::doPrivileged@13 (line 399)
  0x000001d2801e6558: b4da 4407 

  0x000001d2801e655c: ;   {metadata(method data for {method} {0x000001d29b03c8e8} 'executePrivileged' '(Ljava/security/PrivilegedAction;Ljava/security/AccessControlContext;Ljava/lang/Class;)Ljava/lang/Object;' in 'java/security/AccessController')}
  0x000001d2801e655c: 48be 482b | 579b d201 | 0000 ff86 | d801 0000 | 488b 7424 

  0x000001d2801e6570: ;   {metadata(method data for {method} {0x000001d29b03c8e8} 'executePrivileged' '(Ljava/security/PrivilegedAction;Ljava/security/AccessControlContext;Ljava/lang/Class;)Ljava/lang/Object;' in 'java/security/AccessController')}
  0x000001d2801e6570: 5048 bf48 | 2b57 9bd2 | 0100 0048 | 8387 3802 

  0x000001d2801e6580: ;   {metadata(method data for {method} {0x000001d29b0429e0} 'reachabilityFence' '(Ljava/lang/Object;)V' in 'java/lang/ref/Reference')}
  0x000001d2801e6580: 0000 0148 | bfb0 4b5e | 9bd2 0100 | 008b 9fcc | 0000 0083 | c302 899f | cc00 0000 | 81e3 feff 
  0x000001d2801e65a0: 1f00 83fb | 000f 8494 

  0x000001d2801e65a8: ;   {metadata(method data for {method} {0x000001d29b03c8e8} 'executePrivileged' '(Ljava/security/PrivilegedAction;Ljava/security/AccessControlContext;Ljava/lang/Class;)Ljava/lang/Object;' in 'java/security/AccessController')}
  0x000001d2801e65a8: 0000 0048 | be48 2b57 | 9bd2 0100 | 0048 8386 | 4802 0000 

  0x000001d2801e65bc: ;   {metadata(method data for {method} {0x000001d29b0429e0} 'reachabilityFence' '(Ljava/lang/Object;)V' in 'java/lang/ref/Reference')}
  0x000001d2801e65bc: 0148 beb0 | 4b5e 9bd2 | 0100 008b | becc 0000 | 0083 c702 | 89be cc00 | 0000 81e7 | feff 1f00 
  0x000001d2801e65dc: 83ff 000f | 847b 0000 | 0048 83c4 

  0x000001d2801e65e8: ;   {poll_return}
  0x000001d2801e65e8: 705d 493b | a750 0300 | 000f 878a | 0000 00c3 

  0x000001d2801e65f8: ;   {metadata({method} {0x000001d29b03bbf8} 'doPrivileged' '(Ljava/security/PrivilegedAction;Ljava/security/AccessControlContext;)Ljava/lang/Object;' in 'java/security/AccessController')}
  0x000001d2801e65f8: 49ba f0bb | 039b d201 | 0000 4c89 | 5424 0848 | c704 24ff 

  0x000001d2801e660c: ;   {runtime_call counter_overflow Runtime1 stub}
  0x000001d2801e660c: ffff ffe8 

  0x000001d2801e6610: ; ImmutableOopMap {rdx=Oop r8=Oop }
                      ;*synchronization entry
                      ; - java.security.AccessController::doPrivileged@-1 (line 397)
  0x000001d2801e6610: 6c46 4407 | e99b fdff 

  0x000001d2801e6618: ;   {metadata({method} {0x000001d29b03c8e8} 'executePrivileged' '(Ljava/security/PrivilegedAction;Ljava/security/AccessControlContext;Ljava/lang/Class;)Ljava/lang/Object;' in 'java/security/AccessController')}
  0x000001d2801e6618: ff49 bae0 | c803 9bd2 | 0100 004c | 8954 2408 | 48c7 0424 | ffff ffff 

  0x000001d2801e6630: ;   {runtime_call counter_overflow Runtime1 stub}
  0x000001d2801e6630: e84b 4644 

  0x000001d2801e6634: ; ImmutableOopMap {[72]=Oop [80]=Oop rax=Oop [88]=Oop }
                      ;*synchronization entry
                      ; - java.security.AccessController::executePrivileged@-1 (line 771)
                      ; - java.security.AccessController::doPrivileged@13 (line 399)
  0x000001d2801e6634: 07e9 09fe 

  0x000001d2801e6638: ;   {runtime_call throw_null_pointer_exception Runtime1 stub}
  0x000001d2801e6638: ffff e861 

  0x000001d2801e663c: ; ImmutableOopMap {[80]=Oop rdx=Oop [88]=Oop }
                      ;*invokeinterface run {reexecute=0 rethrow=0 return_oop=0}
                      ; - java.security.AccessController::executePrivileged@29 (line 776)
                      ; - java.security.AccessController::doPrivileged@13 (line 399)
                      ;   {metadata({method} {0x000001d29b0429e0} 'reachabilityFence' '(Ljava/lang/Object;)V' in 'java/lang/ref/Reference')}
  0x000001d2801e663c: f243 0749 | bad8 2904 | 9bd2 0100 | 004c 8954 | 2408 48c7 | 0424 ffff 

  0x000001d2801e6654: ;   {runtime_call counter_overflow Runtime1 stub}
  0x000001d2801e6654: ffff e825 

  0x000001d2801e6658: ; ImmutableOopMap {rax=Oop rsi=Oop }
                      ;*synchronization entry
                      ; - java.lang.ref.Reference::reachabilityFence@-1 (line 621)
                      ; - java.security.AccessController::executePrivileged@56 (line 781)
                      ; - java.security.AccessController::doPrivileged@13 (line 399)
  0x000001d2801e6658: 4644 07e9 | 4bff ffff 

  0x000001d2801e6660: ;   {metadata({method} {0x000001d29b0429e0} 'reachabilityFence' '(Ljava/lang/Object;)V' in 'java/lang/ref/Reference')}
  0x000001d2801e6660: 49ba d829 | 049b d201 | 0000 4c89 | 5424 0848 | c704 24ff 

  0x000001d2801e6674: ;   {runtime_call counter_overflow Runtime1 stub}
  0x000001d2801e6674: ffff ffe8 

  0x000001d2801e6678: ; ImmutableOopMap {rax=Oop }
                      ;*synchronization entry
                      ; - java.lang.ref.Reference::reachabilityFence@-1 (line 621)
                      ; - java.security.AccessController::executePrivileged@60 (line 782)
                      ; - java.security.AccessController::doPrivileged@13 (line 399)
  0x000001d2801e6678: 0446 4407 | e964 ffff 

  0x000001d2801e6680: ;   {internal_word}
  0x000001d2801e6680: ff49 baea | 651e 80d2 | 0100 004d | 8997 6803 

  0x000001d2801e6690: ;   {runtime_call SafepointBlob}
  0x000001d2801e6690: 0000 e969 | 133a 0790 | 9049 8b87 | e003 0000 | 49c7 87e0 | 0300 0000 | 0000 0049 | c787 e803 
  0x000001d2801e66b0: 0000 0000 | 0000 4883 

  0x000001d2801e66b8: ;   {runtime_call unwind_exception Runtime1 stub}
  0x000001d2801e66b8: c470 5de9 | 4012 3b07 
[Stub Code]
  0x000001d2801e66c0: ;   {no_reloc}
  0x000001d2801e66c0: 0f1f 4400 

  0x000001d2801e66c4: ;   {static_stub}
  0x000001d2801e66c4: 0048 bb00 | 0000 0000 

  0x000001d2801e66cc: ;   {runtime_call}
  0x000001d2801e66cc: 0000 00e9 | fbff ffff 

  0x000001d2801e66d4: ;   {static_stub}
  0x000001d2801e66d4: 9048 bb30 | c603 9bd2 

  0x000001d2801e66dc: ;   {runtime_call I2C/C2I adapters}
  0x000001d2801e66dc: 0100 00e9 | 79ff 3907 

  0x000001d2801e66e4: ;   {static_stub}
  0x000001d2801e66e4: 9048 bb00 | 0000 0000 

  0x000001d2801e66ec: ;   {runtime_call}
  0x000001d2801e66ec: 0000 00e9 | fbff ffff 

  0x000001d2801e66f4: ;   {static_stub}
  0x000001d2801e66f4: 9048 bb00 | 0000 0000 

  0x000001d2801e66fc: ;   {runtime_call}
  0x000001d2801e66fc: 0000 00e9 | fbff ffff 
[Exception Handler]
  0x000001d2801e6704: ;   {runtime_call handle_exception_from_callee Runtime1 stub}
  0x000001d2801e6704: e877 0f44 

  0x000001d2801e6708: ;   {external_word}
  0x000001d2801e6708: 0748 b9a0 | 8d5b 0bfc | 7f00 0048 

  0x000001d2801e6714: ;   {runtime_call MacroAssembler::debug64}
  0x000001d2801e6714: 83e4 f049 | ba50 e123 | 0bfc 7f00 | 0041 ffd2 

  0x000001d2801e6724: ;   {section_word}
  0x000001d2801e6724: f449 ba25 | 671e 80d2 | 0100 0041 

  0x000001d2801e6730: ;   {runtime_call DeoptimizationBlob}
  0x000001d2801e6730: 52e9 6a05 | 3a07 f4f4 
[/MachCode]


Compiled method (c1)    9108 4568   !   3       com.sun.glass.ui.InvokeLaterDispatcher$Future::run (91 bytes)
 total in heap  [0x000001d2808eca90,0x000001d2808ed438] = 2472
 relocation     [0x000001d2808ecbe8,0x000001d2808ecc68] = 128
 main code      [0x000001d2808ecc80,0x000001d2808ed0e0] = 1120
 stub code      [0x000001d2808ed0e0,0x000001d2808ed148] = 104
 oops           [0x000001d2808ed148,0x000001d2808ed150] = 8
 metadata       [0x000001d2808ed150,0x000001d2808ed158] = 8
 scopes data    [0x000001d2808ed158,0x000001d2808ed210] = 184
 scopes pcs     [0x000001d2808ed210,0x000001d2808ed320] = 272
 dependencies   [0x000001d2808ed320,0x000001d2808ed328] = 8
 handler table  [0x000001d2808ed328,0x000001d2808ed3e8] = 192
 nul chk table  [0x000001d2808ed3e8,0x000001d2808ed438] = 80

[Constant Pool (empty)]

[MachCode]
[Entry Point]
  # {method} {0x000001d29ba5e4c0} 'run' '()V' in 'com/sun/glass/ui/InvokeLaterDispatcher$Future'
  #           [sp+0x70]  (sp of caller)
  0x000001d2808ecc80: 448b 5208 | 49bb 0000 | 0000 0800 | 0000 4d03 | d34c 3bd0 

  0x000001d2808ecc94: ;   {runtime_call ic_miss_stub}
  0x000001d2808ecc94: 0f85 e643 | c906 660f | 1f44 0000 
[Verified Entry Point]
  0x000001d2808ecca0: 8984 2400 | 90ff ff55 | 4883 ec60 

  0x000001d2808eccac: ;   {metadata(method data for {method} {0x000001d29ba5e4c0} 'run' '()V' in 'com/sun/glass/ui/InvokeLaterDispatcher$Future')}
  0x000001d2808eccac: 48be b873 | cb9c d201 | 0000 8bbe | cc00 0000 | 83c7 0289 | becc 0000 | 0081 e7fe | 0700 0083 
  0x000001d2808ecccc: ff00 0f84 | fe02 0000 | 8b72 1048 | c1e6 0348 | 3b06 488b 

  0x000001d2808ecce0: ;   {metadata(method data for {method} {0x000001d29ba5e4c0} 'run' '()V' in 'com/sun/glass/ui/InvokeLaterDispatcher$Future')}
  0x000001d2808ecce0: fe48 bbb8 | 73cb 9cd2 | 0100 008b | 7f08 49ba | 0000 0000 | 0800 0000 | 4903 fa48 | 3bbb 2001 
  0x000001d2808ecd00: 0000 750d | 4883 8328 | 0100 0001 | e966 0000 | 0048 3bbb | 3001 0000 | 750d 4883 | 8338 0100 
  0x000001d2808ecd20: 0001 e950 | 0000 0048 | 81bb 2001 | 0000 0000 | 0000 7517 | 4889 bb20 | 0100 0048 | c783 2801 
  0x000001d2808ecd40: 0000 0100 | 0000 e92c | 0000 0048 | 81bb 3001 | 0000 0000 | 0000 7517 | 4889 bb30 | 0100 0048 
  0x000001d2808ecd60: c783 3801 | 0000 0100 | 0000 e908 | 0000 0048 | 8383 1001 | 0000 0148 | 8954 2420 | 488b d666 
  0x000001d2808ecd80: 0f1f 4400 | 0048 b870 | 1273 a0d2 

  0x000001d2808ecd8c: ;   {virtual_call}
  0x000001d2808ecd8c: 0100 00e8 

  0x000001d2808ecd90: ; ImmutableOopMap {[32]=Oop }
                      ;*invokeinterface run {reexecute=0 rethrow=0 return_oop=0}
                      ; - com.sun.glass.ui.InvokeLaterDispatcher$Future::run@4 (line 95)
  0x000001d2808ecd90: 7c72 d406 | 488b 5424 | 208b 4214 | 48c1 e003 

  0x000001d2808ecda0: ; implicit exception: dispatches to 0x000001d2808ecff8
  0x000001d2808ecda0: 8bb0 7801 | 0000 48c1 | e603 488d | 7c24 4048 | 8977 0848 | 8b06 4883 | c801 4889 | 07f0 480f 
  0x000001d2808ecdc0: b13e 0f84 | 1300 0000 | 482b c448 | 81e0 07f0 | ffff 4889 | 070f 8527 | 0200 0048 | 8974 2428 
  0x000001d2808ecde0: c642 0c01 | 8b52 1448 | c1e2 038b | 9278 0100 | 0048 c1e2 | 0348 3b02 

  0x000001d2808ecdf8: ;   {metadata(method data for {method} {0x000001d29ba5e4c0} 'run' '()V' in 'com/sun/glass/ui/InvokeLaterDispatcher$Future')}
  0x000001d2808ecdf8: 488b fa48 | bbb8 73cb | 9cd2 0100 | 0048 8383 | 4801 0000 

  0x000001d2808ece0c: ;   {optimized virtual_call}
  0x000001d2808ece0c: 0166 90e8 

  0x000001d2808ece10: ; ImmutableOopMap {[40]=Oop [72]=Oop }
                      ;*invokevirtual notifyAll {reexecute=0 rethrow=0 return_oop=0}
                      ; - com.sun.glass.ui.InvokeLaterDispatcher$Future::run@31 (line 99)
  0x000001d2808ece10: ac50 2a07 | 488d 4424 | 4048 8b10 | 4885 d20f | 840f 0000 | 0048 8b70 | 08f0 480f | b116 0f85 
  0x000001d2808ece30: eb01 0000 

  0x000001d2808ece34: ;   {metadata(method data for {method} {0x000001d29ba5e4c0} 'run' '()V' in 'com/sun/glass/ui/InvokeLaterDispatcher$Future')}
  0x000001d2808ece34: 48b8 b873 | cb9c d201 | 0000 ff80 | 8001 0000 | e9c0 0000 | 0049 8b87 | e003 0000 | 4d33 d24d 
  0x000001d2808ece54: 8997 e003 | 0000 4d33 | d24d 8997 | e803 0000 | 8b72 1448 | c1e6 038b | b678 0100 | 0048 c1e6 
  0x000001d2808ece74: 0348 8d7c | 2440 4889 | 4424 3048 | 8977 0848 | 8b06 4883 | c801 4889 | 07f0 480f | b13e 0f84 
  0x000001d2808ece94: 1300 0000 | 482b c448 | 81e0 07f0 | ffff 4889 | 070f 8591 | 0100 0048 | 8974 2438 | c642 0c01 
  0x000001d2808eceb4: 8b52 1448 | c1e2 038b | 9278 0100 | 0048 c1e2 | 0348 3b02 

  0x000001d2808ecec8: ;   {metadata(method data for {method} {0x000001d29ba5e4c0} 'run' '()V' in 'com/sun/glass/ui/InvokeLaterDispatcher$Future')}
  0x000001d2808ecec8: 488b fa48 | bbb8 73cb | 9cd2 0100 | 0048 8383 | b001 0000 

  0x000001d2808ecedc: ;   {optimized virtual_call}
  0x000001d2808ecedc: 0166 90e8 

  0x000001d2808ecee0: ; ImmutableOopMap {[48]=Oop [56]=Oop [72]=Oop }
                      ;*invokevirtual notifyAll {reexecute=0 rethrow=0 return_oop=0}
                      ; - com.sun.glass.ui.InvokeLaterDispatcher$Future::run@71 (line 99)
  0x000001d2808ecee0: 9c44 c906 | 488d 4424 | 4048 8b30 | 4885 f60f | 840f 0000 | 0048 8b78 | 08f0 480f | b137 0f85 
  0x000001d2808ecf00: 5501 0000 | e923 0000 

  0x000001d2808ecf08: ;   {metadata(method data for {method} {0x000001d29ba5e4c0} 'run' '()V' in 'com/sun/glass/ui/InvokeLaterDispatcher$Future')}
  0x000001d2808ecf08: 0048 b8b8 | 73cb 9cd2 | 0100 00ff | 8098 0100 | 0048 83c4 

  0x000001d2808ecf1c: ;   {poll_return}
  0x000001d2808ecf1c: 605d 493b | a750 0300 | 000f 8741 | 0100 00c3 

  0x000001d2808ecf2c: ;   {metadata(method data for {method} {0x000001d29ba5e4c0} 'run' '()V' in 'com/sun/glass/ui/InvokeLaterDispatcher$Future')}
  0x000001d2808ecf2c: 48b8 b873 | cb9c d201 | 0000 ff80 | e801 0000 | 488b 4424 | 30e9 8b01 | 0000 498b | 87e0 0300 
  0x000001d2808ecf4c: 004d 33d2 | 4d89 97e0 | 0300 004d | 33d2 4d89 | 97e8 0300 | 0048 8bf0 | 488d 4424 | 4048 8b38 
  0x000001d2808ecf6c: 4885 ff0f | 840f 0000 | 0048 8b58 | 08f0 480f | b13b 0f85 | fe00 0000 | 488b c6e9 | 4501 0000 
  0x000001d2808ecf8c: 498b 87e0 | 0300 004d | 33d2 4d89 | 97e0 0300 | 004d 33d2 | 4d89 97e8 | 0300 0048 | 8bf0 488d 
  0x000001d2808ecfac: 4424 4048 | 8b38 4885 | ff0f 840f | 0000 0048 | 8b58 08f0 | 480f b13b | 0f85 cb00 | 0000 488b 
  0x000001d2808ecfcc: c6e9 ff00 

  0x000001d2808ecfd0: ;   {metadata({method} {0x000001d29ba5e4c0} 'run' '()V' in 'com/sun/glass/ui/InvokeLaterDispatcher$Future')}
  0x000001d2808ecfd0: 0000 49ba | b8e4 a59b | d201 0000 | 4c89 5424 | 0848 c704 | 24ff ffff 

  0x000001d2808ecfe8: ;   {runtime_call counter_overflow Runtime1 stub}
  0x000001d2808ecfe8: ffe8 92dc 

  0x000001d2808ecfec: ; ImmutableOopMap {rdx=Oop }
                      ;*synchronization entry
                      ; - com.sun.glass.ui.InvokeLaterDispatcher$Future::run@-1 (line 95)
  0x000001d2808ecfec: d306 e9e1 

  0x000001d2808ecff0: ;   {runtime_call throw_null_pointer_exception Runtime1 stub}
  0x000001d2808ecff0: fcff ffe8 

  0x000001d2808ecff4: ; ImmutableOopMap {rdx=Oop rsi=Oop }
                      ;*invokeinterface run {reexecute=0 rethrow=0 return_oop=0}
                      ; - com.sun.glass.ui.InvokeLaterDispatcher$Future::run@4 (line 95)
  0x000001d2808ecff4: a888 d306 

  0x000001d2808ecff8: ;   {runtime_call throw_null_pointer_exception Runtime1 stub}
  0x000001d2808ecff8: e8a3 88d3 

  0x000001d2808ecffc: ; ImmutableOopMap {rdx=Oop }
                      ;*getfield LOCK {reexecute=1 rethrow=0 return_oop=0}
                      ; - (reexecute) com.sun.glass.ui.InvokeLaterDispatcher$Future::run@13 (line 97)
                      ;   {runtime_call throw_null_pointer_exception Runtime1 stub}
  0x000001d2808ecffc: 06e8 9e88 

  0x000001d2808ed000: ; ImmutableOopMap {rdx=Oop rsi=Oop }
                      ;*monitorenter {reexecute=0 rethrow=0 return_oop=0}
                      ; - com.sun.glass.ui.InvokeLaterDispatcher$Future::run@18 (line 97)
  0x000001d2808ed000: d306 4889 | 7424 0848 

  0x000001d2808ed008: ;   {runtime_call monitorenter_nofpu Runtime1 stub}
  0x000001d2808ed008: 893c 24e8 

  0x000001d2808ed00c: ; ImmutableOopMap {rdx=Oop rsi=Oop [72]=Oop }
                      ;*monitorenter {reexecute=0 rethrow=0 return_oop=0}
                      ; - com.sun.glass.ui.InvokeLaterDispatcher$Future::run@18 (line 97)
  0x000001d2808ed00c: 70b8 d306 | e9c6 fdff 

  0x000001d2808ed014: ;   {runtime_call throw_null_pointer_exception Runtime1 stub}
  0x000001d2808ed014: ffe8 8688 

  0x000001d2808ed018: ; ImmutableOopMap {[40]=Oop [72]=Oop }
                      ;*getfield LOCK {reexecute=1 rethrow=0 return_oop=0}
                      ; - (reexecute) com.sun.glass.ui.InvokeLaterDispatcher$Future::run@28 (line 99)
                      ;   {runtime_call throw_null_pointer_exception Runtime1 stub}
  0x000001d2808ed018: d306 e881 

  0x000001d2808ed01c: ; ImmutableOopMap {[40]=Oop rdx=Oop [72]=Oop }
                      ;*invokevirtual notifyAll {reexecute=0 rethrow=0 return_oop=0}
                      ; - com.sun.glass.ui.InvokeLaterDispatcher$Future::run@31 (line 99)
  0x000001d2808ed01c: 88d3 0648 | 8d44 2440 | 4889 0424 

  0x000001d2808ed028: ;   {runtime_call monitorexit_nofpu Runtime1 stub}
  0x000001d2808ed028: e853 bed3 | 06e9 02fe 

  0x000001d2808ed030: ;   {runtime_call throw_null_pointer_exception Runtime1 stub}
  0x000001d2808ed030: ffff e869 

  0x000001d2808ed034: ; ImmutableOopMap {rdx=Oop rax=Oop }
                      ;*getfield LOCK {reexecute=1 rethrow=0 return_oop=0}
                      ; - (reexecute) com.sun.glass.ui.InvokeLaterDispatcher$Future::run@52 (line 97)
                      ;   {runtime_call throw_null_pointer_exception Runtime1 stub}
  0x000001d2808ed034: 88d3 06e8 

  0x000001d2808ed038: ; ImmutableOopMap {rdx=Oop rsi=Oop [48]=Oop }
                      ;*monitorenter {reexecute=0 rethrow=0 return_oop=0}
                      ; - com.sun.glass.ui.InvokeLaterDispatcher$Future::run@58 (line 97)
  0x000001d2808ed038: 6488 d306 | 4889 7424 | 0848 893c 

  0x000001d2808ed044: ;   {runtime_call monitorenter_nofpu Runtime1 stub}
  0x000001d2808ed044: 24e8 36b8 

  0x000001d2808ed048: ; ImmutableOopMap {rdx=Oop rsi=Oop [48]=Oop [72]=Oop }
                      ;*monitorenter {reexecute=0 rethrow=0 return_oop=0}
                      ; - com.sun.glass.ui.InvokeLaterDispatcher$Future::run@58 (line 97)
  0x000001d2808ed048: d306 e95c 

  0x000001d2808ed04c: ;   {runtime_call throw_null_pointer_exception Runtime1 stub}
  0x000001d2808ed04c: feff ffe8 

  0x000001d2808ed050: ; ImmutableOopMap {[56]=Oop [48]=Oop [72]=Oop }
                      ;*getfield LOCK {reexecute=1 rethrow=0 return_oop=0}
                      ; - (reexecute) com.sun.glass.ui.InvokeLaterDispatcher$Future::run@68 (line 99)
  0x000001d2808ed050: 4c88 d306 

  0x000001d2808ed054: ;   {runtime_call throw_null_pointer_exception Runtime1 stub}
  0x000001d2808ed054: e847 88d3 

  0x000001d2808ed058: ; ImmutableOopMap {[56]=Oop [48]=Oop rdx=Oop [72]=Oop }
                      ;*invokevirtual notifyAll {reexecute=0 rethrow=0 return_oop=0}
                      ; - com.sun.glass.ui.InvokeLaterDispatcher$Future::run@71 (line 99)
  0x000001d2808ed058: 0648 8d44 | 2440 4889 

  0x000001d2808ed060: ;   {runtime_call monitorexit_nofpu Runtime1 stub}
  0x000001d2808ed060: 0424 e819 | bed3 06e9 | 98fe ffff 

  0x000001d2808ed06c: ;   {internal_word}
  0x000001d2808ed06c: 49ba 1ecf | 8e80 d201 | 0000 4d89 | 9768 0300 

  0x000001d2808ed07c: ;   {runtime_call SafepointBlob}
  0x000001d2808ed07c: 00e9 7ea9 | c906 488d | 4424 4048 

  0x000001d2808ed088: ;   {runtime_call monitorexit_nofpu Runtime1 stub}
  0x000001d2808ed088: 8904 24e8 | f0bd d306 | e9ef feff | ff48 8d44 | 2440 4889 

  0x000001d2808ed09c: ;   {runtime_call monitorexit_nofpu Runtime1 stub}
  0x000001d2808ed09c: 0424 e8dd | bdd3 06e9 | 22ff ffff | 488b 5424 | 20e9 97fd | ffff 9090 | 498b 87e0 | 0300 0049 
  0x000001d2808ed0bc: c787 e003 | 0000 0000 | 0000 49c7 | 87e8 0300 | 0000 0000 | 0048 83c4 

  0x000001d2808ed0d4: ;   {runtime_call unwind_exception Runtime1 stub}
  0x000001d2808ed0d4: 605d e925 | a8ca 06f4 | f4f4 f4f4 
[Stub Code]
  0x000001d2808ed0e0: ;   {no_reloc}
  0x000001d2808ed0e0: 0f1f 4400 

  0x000001d2808ed0e4: ;   {static_stub}
  0x000001d2808ed0e4: 0048 bb00 | 0000 0000 

  0x000001d2808ed0ec: ;   {runtime_call}
  0x000001d2808ed0ec: 0000 00e9 | fbff ffff 

  0x000001d2808ed0f4: ;   {static_stub}
  0x000001d2808ed0f4: 9048 bb00 | 0000 0000 

  0x000001d2808ed0fc: ;   {runtime_call}
  0x000001d2808ed0fc: 0000 00e9 | fbff ffff 

  0x000001d2808ed104: ;   {static_stub}
  0x000001d2808ed104: 9048 bb00 | 0000 0000 

  0x000001d2808ed10c: ;   {runtime_call}
  0x000001d2808ed10c: 0000 00e9 | fbff ffff 
[Exception Handler]
  0x000001d2808ed114: ;   {runtime_call handle_exception_from_callee Runtime1 stub}
  0x000001d2808ed114: e867 a5d3 

  0x000001d2808ed118: ;   {external_word}
  0x000001d2808ed118: 0648 b9a0 | 8d5b 0bfc | 7f00 0048 

  0x000001d2808ed124: ;   {runtime_call MacroAssembler::debug64}
  0x000001d2808ed124: 83e4 f049 | ba50 e123 | 0bfc 7f00 | 0041 ffd2 

  0x000001d2808ed134: ;   {section_word}
  0x000001d2808ed134: f449 ba35 | d18e 80d2 | 0100 0041 

  0x000001d2808ed140: ;   {runtime_call DeoptimizationBlob}
  0x000001d2808ed140: 52e9 5a9b | c906 f4f4 
[/MachCode]


---------------  P R O C E S S  ---------------

Threads class SMR info:
_java_thread_list=0x000001d2a08a54c0, length=20, elements={
0x000001d2fb9210a0, 0x000001d29aaa1620, 0x000001d29aaa24a0, 0x000001d29aa8b680,
0x000001d29aa8c240, 0x000001d29aa8cd00, 0x000001d29aa8d6c0, 0x000001d29aa8e3b0,
0x000001d29aad1590, 0x000001d29aad3fa0, 0x000001d29aba4440, 0x000001d29f15dc60,
0x000001d29f1479e0, 0x000001d29fbd53b0, 0x000001d29fc3ae40, 0x000001d2a01a4200,
0x000001d2a026f9b0, 0x000001d2a0497030, 0x000001d2abd66f10, 0x000001d2abd63c70
}

Java Threads: ( => current thread )
  0x000001d2fb9210a0 JavaThread "main" [_thread_blocked, id=13132, stack(0x000000a9e3300000,0x000000a9e3400000)]
  0x000001d29aaa1620 JavaThread "Reference Handler" daemon [_thread_blocked, id=14884, stack(0x000000a9e3a00000,0x000000a9e3b00000)]
  0x000001d29aaa24a0 JavaThread "Finalizer" daemon [_thread_blocked, id=17628, stack(0x000000a9e3b00000,0x000000a9e3c00000)]
  0x000001d29aa8b680 JavaThread "Signal Dispatcher" daemon [_thread_blocked, id=18920, stack(0x000000a9e3c00000,0x000000a9e3d00000)]
  0x000001d29aa8c240 JavaThread "Attach Listener" daemon [_thread_blocked, id=11268, stack(0x000000a9e3d00000,0x000000a9e3e00000)]
  0x000001d29aa8cd00 JavaThread "Service Thread" daemon [_thread_blocked, id=18416, stack(0x000000a9e3e00000,0x000000a9e3f00000)]
  0x000001d29aa8d6c0 JavaThread "Monitor Deflation Thread" daemon [_thread_blocked, id=2432, stack(0x000000a9e3f00000,0x000000a9e4000000)]
  0x000001d29aa8e3b0 JavaThread "C2 CompilerThread0" daemon [_thread_blocked, id=12740, stack(0x000000a9e4000000,0x000000a9e4100000)]
  0x000001d29aad1590 JavaThread "C1 CompilerThread0" daemon [_thread_blocked, id=20620, stack(0x000000a9e4100000,0x000000a9e4200000)]
  0x000001d29aad3fa0 JavaThread "Sweeper thread" daemon [_thread_blocked, id=17284, stack(0x000000a9e4200000,0x000000a9e4300000)]
  0x000001d29aba4440 JavaThread "Common-Cleaner" daemon [_thread_blocked, id=6416, stack(0x000000a9e4300000,0x000000a9e4400000)]
  0x000001d29f15dc60 JavaThread "Notification Thread" daemon [_thread_blocked, id=10232, stack(0x000000a9e4600000,0x000000a9e4700000)]
  0x000001d29f1479e0 JavaThread "QuantumRenderer-0" daemon [_thread_blocked, id=17812, stack(0x000000a9e4800000,0x000000a9e4900000)]
  0x000001d29fbd53b0 JavaThread "InvokeLaterDispatcher" daemon [_thread_blocked, id=2284, stack(0x000000a9e4900000,0x000000a9e4a00000)]
=>0x000001d29fc3ae40 JavaThread "JavaFX Application Thread" [_thread_in_native, id=16708, stack(0x000000a9e4a00000,0x000000a9e4b00000)]
  0x000001d2a01a4200 JavaThread "JavaFX-Launcher" [_thread_blocked, id=6744, stack(0x000000a9e5b00000,0x000000a9e5c00000)]
  0x000001d2a026f9b0 JavaThread "Thread-2" daemon [_thread_in_native, id=8052, stack(0x000000a9e5a00000,0x000000a9e5b00000)]
  0x000001d2a0497030 JavaThread "mysql-cj-abandoned-connection-cleanup" daemon [_thread_blocked, id=18600, stack(0x000000a9e6200000,0x000000a9e6300000)]
  0x000001d2abd66f10 JavaThread "Prism Font Disposer" daemon [_thread_blocked, id=10732, stack(0x000000a9e6b00000,0x000000a9e6c00000)]
  0x000001d2abd63c70 JavaThread "Cleaner-0" daemon [_thread_blocked, id=14384, stack(0x000000a9e6c00000,0x000000a9e6d00000)]

Other Threads:
  0x000001d29a90ecc0 VMThread "VM Thread" [stack: 0x000000a9e3900000,0x000000a9e3a00000] [id=8828]
  0x000001d29f0e94a0 WatcherThread [stack: 0x000000a9e4700000,0x000000a9e4800000] [id=15736]
  0x000001d2fb98a5c0 GCTaskThread "GC Thread#0" [stack: 0x000000a9e3400000,0x000000a9e3500000] [id=12084]
  0x000001d2a01e1f90 GCTaskThread "GC Thread#1" [stack: 0x000000a9e5c00000,0x000000a9e5d00000] [id=20340]
  0x000001d2a01e6680 GCTaskThread "GC Thread#2" [stack: 0x000000a9e5d00000,0x000000a9e5e00000] [id=11960]
  0x000001d2a01e6940 GCTaskThread "GC Thread#3" [stack: 0x000000a9e5e00000,0x000000a9e5f00000] [id=20428]
  0x000001d2a01e6c00 GCTaskThread "GC Thread#4" [stack: 0x000000a9e5f00000,0x000000a9e6000000] [id=10260]
  0x000001d2a01fb8f0 GCTaskThread "GC Thread#5" [stack: 0x000000a9e6000000,0x000000a9e6100000] [id=9968]
  0x000001d2a01fcbb0 GCTaskThread "GC Thread#6" [stack: 0x000000a9e6100000,0x000000a9e6200000] [id=2804]
  0x000001d2ab3a3240 GCTaskThread "GC Thread#7" [stack: 0x000000a9e6300000,0x000000a9e6400000] [id=19216]
  0x000001d2aa5c9570 GCTaskThread "GC Thread#8" [stack: 0x000000a9e6400000,0x000000a9e6500000] [id=10344]
  0x000001d2aa5c9830 GCTaskThread "GC Thread#9" [stack: 0x000000a9e6500000,0x000000a9e6600000] [id=14828]
  0x000001d2fb99b060 ConcurrentGCThread "G1 Main Marker" [stack: 0x000000a9e3500000,0x000000a9e3600000] [id=12152]
  0x000001d2fb99da90 ConcurrentGCThread "G1 Conc#0" [stack: 0x000000a9e3600000,0x000000a9e3700000] [id=19008]
  0x000001d2ab9ce9f0 ConcurrentGCThread "G1 Conc#1" [stack: 0x000000a9e6600000,0x000000a9e6700000] [id=15156]
  0x000001d2aa94c0c0 ConcurrentGCThread "G1 Conc#2" [stack: 0x000000a9e6700000,0x000000a9e6800000] [id=20488]
  0x000001d29a7b3580 ConcurrentGCThread "G1 Refine#0" [stack: 0x000000a9e3700000,0x000000a9e3800000] [id=13784]
  0x000001d29a7b3fb0 ConcurrentGCThread "G1 Service" [stack: 0x000000a9e3800000,0x000000a9e3900000] [id=21148]

Threads with active compile tasks:

VM state: not at safepoint (normal execution)

VM Mutex/Monitor currently owned by a thread: None

Heap address: 0x0000000704a00000, size: 4022 MB, Compressed Oops mode: Zero based, Oop shift amount: 3

CDS archive(s) not mapped
Compressed class space mapped at: 0x0000000800000000-0x0000000840000000, reserved size: 1073741824
Narrow klass base: 0x0000000800000000, Narrow klass shift: 0, Narrow klass range: 0x40000000

GC Precious Log:
 CPUs: 12 total, 12 available
 Memory: 16085M
 Large Page Support: Disabled
 NUMA Support: Disabled
 Compressed Oops: Enabled (Zero based)
 Heap Region Size: 2M
 Heap Min Capacity: 8M
 Heap Initial Capacity: 252M
 Heap Max Capacity: 4022M
 Pre-touch: Disabled
 Parallel Workers: 10
 Concurrent Workers: 3
 Concurrent Refinement Workers: 10
 Periodic GC: Disabled

Heap:
 garbage-first heap   total 116736K, used 96469K [0x0000000704a00000, 0x0000000800000000)
  region size 2048K, 33 young (67584K), 3 survivors (6144K)
 Metaspace       used 33280K, committed 33600K, reserved 1114112K
  class space    used 4334K, committed 4480K, reserved 1048576K

Heap Regions: E=young(eden), S=young(survivor), O=old, HS=humongous(starts), HC=humongous(continues), CS=collection set, F=free, OA=open archive, CA=closed archive, TAMS=top-at-mark-start (previous, next)
|   0|0x0000000704a00000, 0x0000000704c00000, 0x0000000704c00000|100%|HS|  |TAMS 0x0000000704c00000, 0x0000000704a00000| Complete 
|   1|0x0000000704c00000, 0x0000000704e00000, 0x0000000704e00000|100%|HC|  |TAMS 0x0000000704e00000, 0x0000000704c00000| Complete 
|   2|0x0000000704e00000, 0x0000000705000000, 0x0000000705000000|100%|HC|  |TAMS 0x0000000705000000, 0x0000000704e00000| Complete 
|   3|0x0000000705000000, 0x0000000705200000, 0x0000000705200000|100%|HC|  |TAMS 0x0000000705200000, 0x0000000705000000| Complete 
|   4|0x0000000705200000, 0x0000000705400000, 0x0000000705400000|100%|HC|  |TAMS 0x0000000705400000, 0x0000000705200000| Complete 
|   5|0x0000000705400000, 0x0000000705600000, 0x0000000705600000|100%|HS|  |TAMS 0x0000000705600000, 0x0000000705400000| Complete 
|   6|0x0000000705600000, 0x0000000705800000, 0x0000000705800000|100%|HC|  |TAMS 0x0000000705800000, 0x0000000705600000| Complete 
|   7|0x0000000705800000, 0x0000000705a00000, 0x0000000705a00000|100%|HC|  |TAMS 0x0000000705a00000, 0x0000000705800000| Complete 
|   8|0x0000000705a00000, 0x0000000705c00000, 0x0000000705c00000|100%|HC|  |TAMS 0x0000000705c00000, 0x0000000705a00000| Complete 
|   9|0x0000000705c00000, 0x0000000705e00000, 0x0000000705e00000|100%|HC|  |TAMS 0x0000000705e00000, 0x0000000705c00000| Complete 
|  10|0x0000000705e00000, 0x0000000706000000, 0x0000000706000000|100%|HS|  |TAMS 0x0000000706000000, 0x0000000705e00000| Complete 
|  11|0x0000000706000000, 0x0000000706200000, 0x0000000706200000|100%| O|  |TAMS 0x0000000706200000, 0x0000000706000000| Untracked 
|  12|0x0000000706200000, 0x0000000706312600, 0x0000000706400000| 53%| O|  |TAMS 0x0000000706312600, 0x0000000706200000| Complete 
|  13|0x0000000706400000, 0x0000000706600000, 0x0000000706600000|100%|HS|  |TAMS 0x0000000706400000, 0x0000000706400000| Complete 
|  14|0x0000000706600000, 0x0000000706800000, 0x0000000706800000|100%|HS|  |TAMS 0x0000000706600000, 0x0000000706600000| Complete 
|  15|0x0000000706800000, 0x0000000706a00000, 0x0000000706a00000|100%|HS|  |TAMS 0x0000000706800000, 0x0000000706800000| Complete 
|  16|0x0000000706a00000, 0x0000000706a00000, 0x0000000706c00000|  0%| F|  |TAMS 0x0000000706a00000, 0x0000000706a00000| Untracked 
|  17|0x0000000706c00000, 0x0000000706c00000, 0x0000000706e00000|  0%| F|  |TAMS 0x0000000706c00000, 0x0000000706c00000| Untracked 
|  18|0x0000000706e00000, 0x0000000706e00000, 0x0000000707000000|  0%| F|  |TAMS 0x0000000706e00000, 0x0000000706e00000| Untracked 
|  19|0x0000000707000000, 0x0000000707000000, 0x0000000707200000|  0%| F|  |TAMS 0x0000000707000000, 0x0000000707000000| Untracked 
|  20|0x0000000707200000, 0x0000000707200000, 0x0000000707400000|  0%| F|  |TAMS 0x0000000707200000, 0x0000000707200000| Untracked 
|  21|0x0000000707400000, 0x0000000707400000, 0x0000000707600000|  0%| F|  |TAMS 0x0000000707400000, 0x0000000707400000| Untracked 
|  22|0x0000000707600000, 0x0000000707600000, 0x0000000707800000|  0%| F|  |TAMS 0x0000000707600000, 0x0000000707600000| Untracked 
|  23|0x0000000707800000, 0x0000000707800000, 0x0000000707a00000|  0%| F|  |TAMS 0x0000000707800000, 0x0000000707800000| Untracked 
|  24|0x0000000707a00000, 0x0000000707c00000, 0x0000000707c00000|100%| E|  |TAMS 0x0000000707a00000, 0x0000000707a00000| Complete 
|  25|0x0000000707c00000, 0x0000000707e00000, 0x0000000707e00000|100%| E|CS|TAMS 0x0000000707c00000, 0x0000000707c00000| Complete 
|  26|0x0000000707e00000, 0x0000000708000000, 0x0000000708000000|100%| E|CS|TAMS 0x0000000707e00000, 0x0000000707e00000| Complete 
|  27|0x0000000708000000, 0x0000000708200000, 0x0000000708200000|100%| E|CS|TAMS 0x0000000708000000, 0x0000000708000000| Complete 
|  28|0x0000000708200000, 0x0000000708400000, 0x0000000708400000|100%| E|CS|TAMS 0x0000000708200000, 0x0000000708200000| Complete 
|  29|0x0000000708400000, 0x0000000708600000, 0x0000000708600000|100%| E|CS|TAMS 0x0000000708400000, 0x0000000708400000| Complete 
|  30|0x0000000708600000, 0x0000000708800000, 0x0000000708800000|100%| E|CS|TAMS 0x0000000708600000, 0x0000000708600000| Complete 
|  31|0x0000000708800000, 0x0000000708a00000, 0x0000000708a00000|100%| E|CS|TAMS 0x0000000708800000, 0x0000000708800000| Complete 
|  32|0x0000000708a00000, 0x0000000708c00000, 0x0000000708c00000|100%| E|CS|TAMS 0x0000000708a00000, 0x0000000708a00000| Complete 
|  33|0x0000000708c00000, 0x0000000708e00000, 0x0000000708e00000|100%| E|CS|TAMS 0x0000000708c00000, 0x0000000708c00000| Complete 
|  34|0x0000000708e00000, 0x0000000709000000, 0x0000000709000000|100%| E|CS|TAMS 0x0000000708e00000, 0x0000000708e00000| Complete 
|  35|0x0000000709000000, 0x0000000709200000, 0x0000000709200000|100%| E|CS|TAMS 0x0000000709000000, 0x0000000709000000| Complete 
|  36|0x0000000709200000, 0x0000000709400000, 0x0000000709400000|100%| E|CS|TAMS 0x0000000709200000, 0x0000000709200000| Complete 
|  37|0x0000000709400000, 0x0000000709600000, 0x0000000709600000|100%| E|CS|TAMS 0x0000000709400000, 0x0000000709400000| Complete 
|  38|0x0000000709600000, 0x0000000709800000, 0x0000000709800000|100%| E|CS|TAMS 0x0000000709600000, 0x0000000709600000| Complete 
|  39|0x0000000709800000, 0x0000000709a00000, 0x0000000709a00000|100%| E|CS|TAMS 0x0000000709800000, 0x0000000709800000| Complete 
|  40|0x0000000709a00000, 0x0000000709c00000, 0x0000000709c00000|100%| E|CS|TAMS 0x0000000709a00000, 0x0000000709a00000| Complete 
|  41|0x0000000709c00000, 0x0000000709e00000, 0x0000000709e00000|100%| E|CS|TAMS 0x0000000709c00000, 0x0000000709c00000| Complete 
|  42|0x0000000709e00000, 0x000000070a000000, 0x000000070a000000|100%| E|CS|TAMS 0x0000000709e00000, 0x0000000709e00000| Complete 
|  43|0x000000070a000000, 0x000000070a200000, 0x000000070a200000|100%| E|CS|TAMS 0x000000070a000000, 0x000000070a000000| Complete 
|  44|0x000000070a200000, 0x000000070a400000, 0x000000070a400000|100%| E|CS|TAMS 0x000000070a200000, 0x000000070a200000| Complete 
|  45|0x000000070a400000, 0x000000070a600000, 0x000000070a600000|100%| E|CS|TAMS 0x000000070a400000, 0x000000070a400000| Complete 
|  46|0x000000070a600000, 0x000000070a800000, 0x000000070a800000|100%| E|CS|TAMS 0x000000070a600000, 0x000000070a600000| Complete 
|  47|0x000000070a800000, 0x000000070aa00000, 0x000000070aa00000|100%| E|CS|TAMS 0x000000070a800000, 0x000000070a800000| Complete 
|  48|0x000000070aa00000, 0x000000070ac00000, 0x000000070ac00000|100%| E|CS|TAMS 0x000000070aa00000, 0x000000070aa00000| Complete 
|  49|0x000000070ac00000, 0x000000070ae00000, 0x000000070ae00000|100%| E|CS|TAMS 0x000000070ac00000, 0x000000070ac00000| Complete 
|  50|0x000000070ae00000, 0x000000070b000000, 0x000000070b000000|100%| E|CS|TAMS 0x000000070ae00000, 0x000000070ae00000| Complete 
|  51|0x000000070b000000, 0x000000070b200000, 0x000000070b200000|100%| E|CS|TAMS 0x000000070b000000, 0x000000070b000000| Complete 
|  52|0x000000070b200000, 0x000000070b400000, 0x000000070b400000|100%| E|CS|TAMS 0x000000070b200000, 0x000000070b200000| Complete 
| 121|0x0000000713c00000, 0x0000000713d22fd0, 0x0000000713e00000| 56%| S|CS|TAMS 0x0000000713c00000, 0x0000000713c00000| Complete 
| 122|0x0000000713e00000, 0x0000000714000000, 0x0000000714000000|100%| S|CS|TAMS 0x0000000713e00000, 0x0000000713e00000| Complete 
| 123|0x0000000714000000, 0x0000000714200000, 0x0000000714200000|100%| S|CS|TAMS 0x0000000714000000, 0x0000000714000000| Complete 
| 125|0x0000000714400000, 0x0000000714600000, 0x0000000714600000|100%| E|CS|TAMS 0x0000000714400000, 0x0000000714400000| Complete 

Card table byte_map: [0x000001d28f000000,0x000001d28f7e0000] _byte_map_base: 0x000001d28b7db000

Marking Bits (Prev, Next): (CMBitMap*) 0x000001d2fb98ac20, (CMBitMap*) 0x000001d2fb98abe0
 Prev Bits: [0x000001d293ea0000, 0x000001d297d78000)
 Next Bits: [0x000001d28ffc0000, 0x000001d293e98000)

Polling page: 0x000001d2f98e0000

Metaspace:

Usage:
  Non-class:     28.27 MB used.
      Class:      4.23 MB used.
       Both:     32.50 MB used.

Virtual space:
  Non-class space:       64.00 MB reserved,      28.44 MB ( 44%) committed,  1 nodes.
      Class space:        1.00 GB reserved,       4.38 MB ( <1%) committed,  1 nodes.
             Both:        1.06 GB reserved,      32.81 MB (  3%) committed. 

Chunk freelists:
   Non-Class:  3.23 MB
       Class:  11.45 MB
        Both:  14.69 MB

MaxMetaspaceSize: unlimited
CompressedClassSpaceSize: 1.00 GB
Initial GC threshold: 21.00 MB
Current GC threshold: 35.12 MB
CDS: off
MetaspaceReclaimPolicy: balanced
 - commit_granule_bytes: 65536.
 - commit_granule_words: 8192.
 - virtual_space_node_default_size: 8388608.
 - enlarge_chunks_in_place: 1.
 - new_chunks_are_fully_committed: 0.
 - uncommit_free_chunks: 1.
 - use_allocation_guard: 0.
 - handle_deallocations: 1.


Internal statistics:

num_allocs_failed_limit: 3.
num_arena_births: 228.
num_arena_deaths: 0.
num_vsnodes_births: 2.
num_vsnodes_deaths: 0.
num_space_committed: 525.
num_space_uncommitted: 0.
num_chunks_returned_to_freelist: 3.
num_chunks_taken_from_freelist: 1036.
num_chunk_merges: 0.
num_chunk_splits: 734.
num_chunks_enlarged: 578.
num_inconsistent_stats: 0.

CodeHeap 'non-profiled nmethods': size=120000Kb used=2666Kb max_used=2666Kb free=117333Kb
 bounds [0x000001d287ad0000, 0x000001d287d70000, 0x000001d28f000000]
CodeHeap 'profiled nmethods': size=120000Kb used=9234Kb max_used=9234Kb free=110765Kb
 bounds [0x000001d280000000, 0x000001d280910000, 0x000001d287530000]
CodeHeap 'non-nmethods': size=5760Kb used=1483Kb max_used=1538Kb free=4276Kb
 bounds [0x000001d287530000, 0x000001d2877a0000, 0x000001d287ad0000]
 total_blobs=5461 nmethods=4599 adapters=772
 compilation: enabled
              stopped_count=0, restarted_count=0
 full_count=0

Compilation events (20 events):
Event: 8.640 Thread 0x000001d29aa8e3b0 nmethod 4595 0x000001d287d69890 code [0x000001d287d69a00, 0x000001d287d69a98]
Event: 8.862 Thread 0x000001d29aad1590 4596       3       com.sun.scenario.animation.shared.TimelineClipCore::setTime (17 bytes)
Event: 8.863 Thread 0x000001d29aad1590 nmethod 4596 0x000001d280902790 code [0x000001d280902960, 0x000001d280902d18]
Event: 8.863 Thread 0x000001d29aad1590 4597       3       javafx.animation.AnimationAccessorImpl::setCurrentTicks (6 bytes)
Event: 8.863 Thread 0x000001d29aad1590 nmethod 4597 0x000001d280902e90 code [0x000001d280903040, 0x000001d280903348]
Event: 8.865 Thread 0x000001d29aad1590 4598       3       java.util.concurrent.ConcurrentHashMap::isEmpty (15 bytes)
Event: 8.866 Thread 0x000001d29aad1590 nmethod 4598 0x000001d280903490 code [0x000001d280903640, 0x000001d2809037e8]
Event: 8.866 Thread 0x000001d29aad1590 4599       3       javafx.scene.Node::visibleProperty (25 bytes)
Event: 8.866 Thread 0x000001d29aa8e3b0 4600       4       com.sun.glass.ui.Application::GetApplication (4 bytes)
Event: 8.866 Thread 0x000001d29aad1590 nmethod 4599 0x000001d280903890 code [0x000001d280903a40, 0x000001d280903e08]
Event: 8.866 Thread 0x000001d29aa8e3b0 nmethod 4600 0x000001d287d69b90 code [0x000001d287d69d00, 0x000001d287d69d78]
Event: 8.866 Thread 0x000001d29aa8e3b0 4601       4       java.util.concurrent.ConcurrentHashMap$BaseIterator::hasNext (13 bytes)
Event: 8.866 Thread 0x000001d29aa8e3b0 nmethod 4601 0x000001d287d69e90 code [0x000001d287d6a000, 0x000001d287d6a098]
Event: 8.869 Thread 0x000001d29aad1590 4602       1       javafx.scene.Node$FocusPropertyBase::set (6 bytes)
Event: 8.869 Thread 0x000001d29aad1590 nmethod 4602 0x000001d287d6a190 code [0x000001d287d6a320, 0x000001d287d6a3f8]
Event: 8.870 Thread 0x000001d29aad1590 4603       3       javafx.scene.Node::pseudoClassStateChanged (59 bytes)
Event: 8.870 Thread 0x000001d29aad1590 nmethod 4603 0x000001d280903f90 code [0x000001d280904180, 0x000001d280904698]
Event: 8.883 Thread 0x000001d29aad1590 4604       1       com.sun.javafx.stage.WindowEventDispatcher::getLastDispatcher (5 bytes)
Event: 8.883 Thread 0x000001d29aad1590 nmethod 4604 0x000001d287d6a490 code [0x000001d287d6a620, 0x000001d287d6a6f8]
Event: 8.899 Thread 0x000001d29aa8e3b0 4605       4       java.util.ArrayList$Itr::next (66 bytes)

GC Heap History (6 events):
Event: 0.605 GC heap before
{Heap before GC invocations=0 (full 0):
 garbage-first heap   total 258048K, used 20480K [0x0000000704a00000, 0x0000000800000000)
  region size 2048K, 11 young (22528K), 0 survivors (0K)
 Metaspace       used 12126K, committed 12352K, reserved 1114112K
  class space    used 1254K, committed 1344K, reserved 1048576K
}
Event: 0.609 GC heap after
{Heap after GC invocations=1 (full 0):
 garbage-first heap   total 258048K, used 3631K [0x0000000704a00000, 0x0000000800000000)
  region size 2048K, 2 young (4096K), 2 survivors (4096K)
 Metaspace       used 12126K, committed 12352K, reserved 1114112K
  class space    used 1254K, committed 1344K, reserved 1048576K
}
Event: 1.253 GC heap before
{Heap before GC invocations=1 (full 0):
 garbage-first heap   total 258048K, used 60975K [0x0000000704a00000, 0x0000000800000000)
  region size 2048K, 19 young (38912K), 2 survivors (4096K)
 Metaspace       used 20591K, committed 20736K, reserved 1114112K
  class space    used 2369K, committed 2432K, reserved 1048576K
}
Event: 1.260 GC heap after
{Heap after GC invocations=2 (full 0):
 garbage-first heap   total 258048K, used 30685K [0x0000000704a00000, 0x0000000800000000)
  region size 2048K, 3 young (6144K), 3 survivors (6144K)
 Metaspace       used 20591K, committed 20736K, reserved 1114112K
  class space    used 2369K, committed 2432K, reserved 1048576K
}
Event: 1.284 GC heap before
{Heap before GC invocations=2 (full 0):
 garbage-first heap   total 258048K, used 32733K [0x0000000704a00000, 0x0000000800000000)
  region size 2048K, 5 young (10240K), 3 survivors (6144K)
 Metaspace       used 21322K, committed 21504K, reserved 1114112K
  class space    used 2428K, committed 2560K, reserved 1048576K
}
Event: 1.287 GC heap after
{Heap after GC invocations=3 (full 0):
 garbage-first heap   total 258048K, used 30933K [0x0000000704a00000, 0x0000000800000000)
  region size 2048K, 3 young (6144K), 3 survivors (6144K)
 Metaspace       used 21322K, committed 21504K, reserved 1114112K
  class space    used 2428K, committed 2560K, reserved 1048576K
}

Dll operation events (2 events):
Event: 0.006 Loaded shared library C:\Users\User\.jdks\jbr-17.0.12\bin\java.dll
Event: 0.027 Loaded shared library C:\Users\User\.jdks\jbr-17.0.12\bin\jsvml.dll

Deoptimization events (20 events):
Event: 5.971 Thread 0x000001d29f1479e0 Uncommon trap: trap_request=0xffffffde fr.pc=0x000001d287cfb940 relative=0x00000000000000a0
Event: 5.971 Thread 0x000001d29f1479e0 Uncommon trap: reason=class_check action=maybe_recompile pc=0x000001d287cfb940 method=com.sun.javafx.geom.transform.AffineBase.transform(Lcom/sun/javafx/geom/BaseBounds;Lcom/sun/javafx/geom/BaseBounds;)Lcom/sun/javafx/geom/BaseBounds; @ 11 c2
Event: 5.971 Thread 0x000001d29f1479e0 DEOPT PACKING pc=0x000001d287cfb940 sp=0x000000a9e48fec60
Event: 5.971 Thread 0x000001d29f1479e0 DEOPT UNPACKING pc=0x000001d2875869a3 sp=0x000000a9e48feb98 mode 2
Event: 5.971 Thread 0x000001d29f1479e0 Uncommon trap: trap_request=0xffffffde fr.pc=0x000001d287cfb530 relative=0x0000000000000090
Event: 5.971 Thread 0x000001d29f1479e0 Uncommon trap: reason=class_check action=maybe_recompile pc=0x000001d287cfb530 method=com.sun.javafx.geom.transform.AffineBase.transform(Lcom/sun/javafx/geom/BaseBounds;Lcom/sun/javafx/geom/BaseBounds;)Lcom/sun/javafx/geom/BaseBounds; @ 11 c2
Event: 5.971 Thread 0x000001d29f1479e0 DEOPT PACKING pc=0x000001d287cfb530 sp=0x000000a9e48fea90
Event: 5.971 Thread 0x000001d29f1479e0 DEOPT UNPACKING pc=0x000001d2875869a3 sp=0x000000a9e48fea40 mode 2
Event: 5.971 Thread 0x000001d29f1479e0 Uncommon trap: trap_request=0xffffff45 fr.pc=0x000001d287c802d0 relative=0x0000000000000050
Event: 5.971 Thread 0x000001d29f1479e0 Uncommon trap: reason=unstable_if action=reinterpret pc=0x000001d287c802d0 method=java.lang.Float.isNaN(F)Z @ 3 c2
Event: 5.971 Thread 0x000001d29f1479e0 DEOPT PACKING pc=0x000001d287c802d0 sp=0x000000a9e48fea80
Event: 5.971 Thread 0x000001d29f1479e0 DEOPT UNPACKING pc=0x000001d2875869a3 sp=0x000000a9e48fea10 mode 2
Event: 5.972 Thread 0x000001d29f1479e0 Uncommon trap: trap_request=0xffffff45 fr.pc=0x000001d287cdd23c relative=0x00000000000000bc
Event: 5.972 Thread 0x000001d29f1479e0 Uncommon trap: reason=unstable_if action=reinterpret pc=0x000001d287cdd23c method=com.sun.marlin.Helpers.outcode(DD[D)I @ 6 c2
Event: 5.972 Thread 0x000001d29f1479e0 DEOPT PACKING pc=0x000001d287cdd23c sp=0x000000a9e48fdf10
Event: 5.972 Thread 0x000001d29f1479e0 DEOPT UNPACKING pc=0x000001d2875869a3 sp=0x000000a9e48fdeb8 mode 2
Event: 7.988 Thread 0x000001d29fc3ae40 Uncommon trap: trap_request=0xffffff6e fr.pc=0x000001d287d65a84 relative=0x0000000000000204
Event: 7.988 Thread 0x000001d29fc3ae40 Uncommon trap: reason=loop_limit_check action=maybe_recompile pc=0x000001d287d65a84 method=javafx.scene.Parent.pickChildrenNode(Lcom/sun/javafx/geom/PickRay;Lcom/sun/javafx/scene/input/PickResultChooser;)Z @ 17 c2
Event: 7.988 Thread 0x000001d29fc3ae40 DEOPT PACKING pc=0x000001d287d65a84 sp=0x000000a9e4afa560
Event: 7.988 Thread 0x000001d29fc3ae40 DEOPT UNPACKING pc=0x000001d2875869a3 sp=0x000000a9e4afa310 mode 2

Classes unloaded (0 events):
No events

Classes redefined (0 events):
No events

Internal exceptions (20 events):
Event: 1.611 Thread 0x000001d29fc3ae40 Exception <a 'java/io/FileNotFoundException'{0x000000070a4e0418}> (0x000000070a4e0418) 
thrown [s\src\hotspot\share\prims\jni.cpp, line 517]
Event: 1.627 Thread 0x000001d29fc3ae40 Exception <a 'java/lang/ClassNotFoundException'{0x000000070a5fca60}: com/sun/javafx/scene/control/skin/resources/controls> (0x000000070a5fca60) 
thrown [s\src\hotspot\share\prims\jni.cpp, line 536]
Event: 1.628 Thread 0x000001d29fc3ae40 Exception <a 'java/lang/ClassNotFoundException'{0x000000070a20c240}: com/sun/javafx/scene/control/skin/resources/controls_en> (0x000000070a20c240) 
thrown [s\src\hotspot\share\prims\jni.cpp, line 536]
Event: 1.628 Thread 0x000001d29fc3ae40 Exception <a 'java/lang/ClassNotFoundException'{0x000000070a20db40}: com/sun/javafx/scene/control/skin/resources/controls_en_US> (0x000000070a20db40) 
thrown [s\src\hotspot\share\prims\jni.cpp, line 536]
Event: 1.864 Thread 0x000001d29fc3ae40 Exception <a 'java/lang/NoSuchMethodError'{0x00000007096dd6c8}: 'java.lang.Object java.lang.invoke.DirectMethodHandle$Holder.newInvokeSpecial(java.lang.Object, java.lang.Object, int)'> (0x00000007096dd6c8) 
thrown [s\src\hotspot\share\interpreter\linkResolver.cpp, line 771]
Event: 1.936 Thread 0x000001d29f1479e0 Exception <a 'java/lang/NoSuchMethodError'{0x000000070951ac80}: 'int java.lang.invoke.DirectMethodHandle$Holder.invokeStaticInit(java.lang.Object, java.lang.Object)'> (0x000000070951ac80) 
thrown [s\src\hotspot\share\interpreter\linkResolver.cpp, line 771]
Event: 2.075 Thread 0x000001d29f1479e0 Exception <a 'java/lang/NoSuchMethodError'{0x0000000709081548}: 'java.lang.Object java.lang.invoke.DirectMethodHandle$Holder.invokeStaticInit(java.lang.Object, int)'> (0x0000000709081548) 
thrown [s\src\hotspot\share\interpreter\linkResolver.cpp, line 771]
Event: 2.219 Thread 0x000001d29fc3ae40 Exception <a 'java/lang/NoSuchMethodError'{0x0000000708e261f8}: 'long java.lang.invoke.DirectMethodHandle$Holder.invokeStatic(java.lang.Object, java.lang.Object, java.lang.Object)'> (0x0000000708e261f8) 
thrown [s\src\hotspot\share\interpreter\linkResolver.cpp, line 771]
Event: 2.219 Thread 0x000001d29fc3ae40 Exception <a 'java/lang/NoSuchMethodError'{0x0000000708e299a0}: 'long java.lang.invoke.DirectMethodHandle$Holder.invokeStaticInit(java.lang.Object, java.lang.Object, java.lang.Object)'> (0x0000000708e299a0) 
thrown [s\src\hotspot\share\interpreter\linkResolver.cpp, line 771]
Event: 2.220 Thread 0x000001d29fc3ae40 Exception <a 'java/lang/NoSuchMethodError'{0x0000000708e415a0}: 'java.lang.Object java.lang.invoke.DirectMethodHandle$Holder.newInvokeSpecial(java.lang.Object, java.lang.Object, long)'> (0x0000000708e415a0) 
thrown [s\src\hotspot\share\interpreter\linkResolver.cpp, line 771]
Event: 2.220 Thread 0x000001d29fc3ae40 Exception <a 'java/lang/NoSuchMethodError'{0x0000000708e45110}: 'java.lang.Object java.lang.invoke.Invokers$Holder.linkToTargetMethod(java.lang.Object, long, java.lang.Object)'> (0x0000000708e45110) 
thrown [s\src\hotspot\share\interpreter\linkResolver.cpp, line 771]
Event: 3.664 Thread 0x000001d29fc3ae40 Exception <a 'java/lang/NoSuchMethodError'{0x0000000708a92ba8}: 'int java.lang.invoke.DirectMethodHandle$Holder.invokeSpecial(java.lang.Object, java.lang.Object, int)'> (0x0000000708a92ba8) 
thrown [s\src\hotspot\share\interpreter\linkResolver.cpp, line 771]
Event: 3.665 Thread 0x000001d29fc3ae40 Exception <a 'java/lang/NoSuchMethodError'{0x0000000708aa3ba8}: 'int java.lang.invoke.DirectMethodHandle$Holder.invokeVirtual(java.lang.Object, java.lang.Object)'> (0x0000000708aa3ba8) 
thrown [s\src\hotspot\share\interpreter\linkResolver.cpp, line 771]
Event: 3.666 Thread 0x000001d29fc3ae40 Exception <a 'java/lang/NoSuchMethodError'{0x0000000708aaeaa8}: 'void java.lang.invoke.DirectMethodHandle$Holder.invokeVirtual(java.lang.Object, java.lang.Object, int)'> (0x0000000708aaeaa8) 
thrown [s\src\hotspot\share\interpreter\linkResolver.cpp, line 771]
Event: 5.844 Thread 0x000001d29fc3ae40 Exception <a 'java/lang/ClassNotFoundException'{0x000000070820ef08}: com/sun/javafx/scene/control/skin/resources/controls-nt> (0x000000070820ef08) 
thrown [s\src\hotspot\share\prims\jni.cpp, line 536]
Event: 5.844 Thread 0x000001d29fc3ae40 Exception <a 'java/lang/ClassNotFoundException'{0x0000000708217a70}: com/sun/javafx/scene/control/skin/resources/controls-nt_en> (0x0000000708217a70) 
thrown [s\src\hotspot\share\prims\jni.cpp, line 536]
Event: 5.844 Thread 0x000001d29fc3ae40 Exception <a 'java/lang/ClassNotFoundException'{0x0000000708219670}: com/sun/javafx/scene/control/skin/resources/controls-nt_en_US> (0x0000000708219670) 
thrown [s\src\hotspot\share\prims\jni.cpp, line 536]
Event: 5.845 Thread 0x000001d29fc3ae40 Implicit null exception at 0x000001d287cbefd0 to 0x000001d287cbf040
Event: 5.885 Thread 0x000001d29fc3ae40 Exception <a 'java/lang/NoSuchMethodError'{0x0000000708096878}: 'void java.lang.invoke.DirectMethodHandle$Holder.invokeSpecial(java.lang.Object, java.lang.Object, java.lang.Object, java.lang.Object, java.lang.Object, java.lang.Object)'> (0x0000000708096878) 
thrown [s\src\hotspot\share\interpreter\linkResolver.cpp, line 771]
Event: 8.638 Thread 0x000001d29fc3ae40 Exception <a 'java/lang/NoSuchMethodError'{0x0000000707f7e740}: 'void java.lang.invoke.DirectMethodHandle$Holder.invokeVirtual(java.lang.Object, java.lang.Object)'> (0x0000000707f7e740) 
thrown [s\src\hotspot\share\interpreter\linkResolver.cpp, line 771]

VM Operations (20 events):
Event: 3.668 Executing VM operation: HandshakeAllThreads
Event: 3.668 Executing VM operation: HandshakeAllThreads done
Event: 4.619 Executing VM operation: ICBufferFull
Event: 4.619 Executing VM operation: ICBufferFull done
Event: 5.620 Executing VM operation: Cleanup
Event: 5.620 Executing VM operation: Cleanup done
Event: 5.821 Executing VM operation: HandshakeAllThreads
Event: 5.821 Executing VM operation: HandshakeAllThreads done
Event: 5.833 Executing VM operation: HandshakeAllThreads
Event: 5.833 Executing VM operation: HandshakeAllThreads done
Event: 5.856 Executing VM operation: HandshakeAllThreads
Event: 5.856 Executing VM operation: HandshakeAllThreads done
Event: 5.883 Executing VM operation: HandshakeAllThreads
Event: 5.883 Executing VM operation: HandshakeAllThreads done
Event: 5.884 Executing VM operation: HandshakeAllThreads
Event: 5.884 Executing VM operation: HandshakeAllThreads done
Event: 6.841 Executing VM operation: ICBufferFull
Event: 6.841 Executing VM operation: ICBufferFull done
Event: 8.842 Executing VM operation: Cleanup
Event: 8.842 Executing VM operation: Cleanup done

Events (20 events):
Event: 5.821 loading class java/lang/CharacterData00 done
Event: 5.822 loading class java/text/DecimalFormat
Event: 5.823 loading class java/text/DecimalFormat done
Event: 5.824 loading class java/text/DigitList
Event: 5.824 loading class java/text/DigitList done
Event: 5.824 loading class java/text/DontCareFieldPosition
Event: 5.824 loading class java/text/DontCareFieldPosition done
Event: 5.824 loading class java/text/DontCareFieldPosition$1
Event: 5.824 loading class java/text/Format$FieldDelegate
Event: 5.824 loading class java/text/Format$FieldDelegate done
Event: 5.824 loading class java/text/DontCareFieldPosition$1 done
Event: 5.838 loading class java/time/format/FormatStyle
Event: 5.838 loading class java/time/format/FormatStyle done
Event: 5.916 Thread 0x000001d2aa7e25d0 Thread added: 0x000001d2aa7e25d0
Event: 6.062 Thread 0x000001d2aa7e25d0 Thread exited: 0x000001d2aa7e25d0
Event: 6.223 Thread 0x000001d2aa7e2b20 Thread exited: 0x000001d2aa7e2b20
Event: 8.892 loading class java/lang/Throwable$WrappedPrintStream
Event: 8.892 loading class java/lang/Throwable$PrintStreamOrWriter
Event: 8.892 loading class java/lang/Throwable$PrintStreamOrWriter done
Event: 8.892 loading class java/lang/Throwable$WrappedPrintStream done


Dynamic libraries:
0x00007ff640aa0000 - 0x00007ff640aaa000 	C:\Users\User\.jdks\jbr-17.0.12\bin\java.exe
0x00007ffcaccb0000 - 0x00007ffcacea8000 	C:\WINDOWS\SYSTEM32\ntdll.dll
0x00007ffcab9a0000 - 0x00007ffcaba62000 	C:\WINDOWS\System32\KERNEL32.DLL
0x00007ffcaa8a0000 - 0x00007ffcaab96000 	C:\WINDOWS\System32\KERNELBASE.dll
0x00007ffcaa490000 - 0x00007ffcaa590000 	C:\WINDOWS\System32\ucrtbase.dll
0x00007ffc9ddd0000 - 0x00007ffc9dde7000 	C:\Users\User\.jdks\jbr-17.0.12\bin\jli.dll
0x00007ffc93770000 - 0x00007ffc9378b000 	C:\Users\User\.jdks\jbr-17.0.12\bin\VCRUNTIME140.dll
0x00007ffcab460000 - 0x00007ffcab5fd000 	C:\WINDOWS\System32\USER32.dll
0x00007ffcaaca0000 - 0x00007ffcaacc2000 	C:\WINDOWS\System32\win32u.dll
0x00007ffcac150000 - 0x00007ffcac17b000 	C:\WINDOWS\System32\GDI32.dll
0x00007ffcaa590000 - 0x00007ffcaa6aa000 	C:\WINDOWS\System32\gdi32full.dll
0x00007ffc8e920000 - 0x00007ffc8ebba000 	C:\WINDOWS\WinSxS\amd64_microsoft.windows.common-controls_6595b64144ccf1df_6.0.19041.4355_none_60b8b9eb71f62e16\COMCTL32.dll
0x00007ffcaa340000 - 0x00007ffcaa3dd000 	C:\WINDOWS\System32\msvcp_win.dll
0x00007ffcab3c0000 - 0x00007ffcab45e000 	C:\WINDOWS\System32\msvcrt.dll
0x00007ffcacb00000 - 0x00007ffcacb2f000 	C:\WINDOWS\System32\IMM32.DLL
0x00007ffc9ddc0000 - 0x00007ffc9ddcc000 	C:\Users\User\.jdks\jbr-17.0.12\bin\vcruntime140_1.dll
0x00007ffc83920000 - 0x00007ffc839ad000 	C:\Users\User\.jdks\jbr-17.0.12\bin\msvcp140.dll
0x00007ffc0ac80000 - 0x00007ffc0b905000 	C:\Users\User\.jdks\jbr-17.0.12\bin\server\jvm.dll
0x00007ffcaca40000 - 0x00007ffcacaef000 	C:\WINDOWS\System32\ADVAPI32.dll
0x00007ffcab730000 - 0x00007ffcab7cf000 	C:\WINDOWS\System32\sechost.dll
0x00007ffcab600000 - 0x00007ffcab723000 	C:\WINDOWS\System32\RPCRT4.dll
0x00007ffcaac70000 - 0x00007ffcaac97000 	C:\WINDOWS\System32\bcrypt.dll
0x00007ffc6e530000 - 0x00007ffc6e539000 	C:\WINDOWS\SYSTEM32\WSOCK32.dll
0x00007ffca3080000 - 0x00007ffca30a7000 	C:\WINDOWS\SYSTEM32\WINMM.dll
0x00007ffca98e0000 - 0x00007ffca992b000 	C:\WINDOWS\SYSTEM32\POWRPROF.dll
0x00007ffcac1e0000 - 0x00007ffcac24b000 	C:\WINDOWS\System32\WS2_32.dll
0x00007ffca29d0000 - 0x00007ffca29da000 	C:\WINDOWS\SYSTEM32\VERSION.dll
0x00007ffca9740000 - 0x00007ffca9752000 	C:\WINDOWS\SYSTEM32\UMPDC.dll
0x00007ffca8b60000 - 0x00007ffca8b72000 	C:\WINDOWS\SYSTEM32\kernel.appcore.dll
0x00007ffc93760000 - 0x00007ffc9376a000 	C:\Users\User\.jdks\jbr-17.0.12\bin\jimage.dll
0x00007ffca7f40000 - 0x00007ffca8124000 	C:\WINDOWS\SYSTEM32\DBGHELP.DLL
0x00007ffc93090000 - 0x00007ffc930c4000 	C:\WINDOWS\SYSTEM32\dbgcore.DLL
0x00007ffcaa6b0000 - 0x00007ffcaa732000 	C:\WINDOWS\System32\bcryptPrimitives.dll
0x00007ffc838f0000 - 0x00007ffc83915000 	C:\Users\User\.jdks\jbr-17.0.12\bin\java.dll
0x00007ffc93730000 - 0x00007ffc93748000 	C:\Users\User\.jdks\jbr-17.0.12\bin\zip.dll
0x00007ffc83810000 - 0x00007ffc838e7000 	C:\Users\User\.jdks\jbr-17.0.12\bin\jsvml.dll
0x00007ffcac250000 - 0x00007ffcac9bf000 	C:\WINDOWS\System32\SHELL32.dll
0x00007ffca83a0000 - 0x00007ffca8b43000 	C:\WINDOWS\SYSTEM32\windows.storage.dll
0x00007ffcaad80000 - 0x00007ffcab0d5000 	C:\WINDOWS\System32\combase.dll
0x00007ffca9d70000 - 0x00007ffca9d9b000 	C:\WINDOWS\SYSTEM32\Wldp.dll
0x00007ffcab2f0000 - 0x00007ffcab3bd000 	C:\WINDOWS\System32\OLEAUT32.dll
0x00007ffcacb30000 - 0x00007ffcacbdd000 	C:\WINDOWS\System32\SHCORE.dll
0x00007ffcac9c0000 - 0x00007ffcaca15000 	C:\WINDOWS\System32\shlwapi.dll
0x00007ffcaa270000 - 0x00007ffcaa295000 	C:\WINDOWS\SYSTEM32\profapi.dll
0x00007ffc848d0000 - 0x00007ffc848e9000 	C:\Users\User\.jdks\jbr-17.0.12\bin\net.dll
0x00007ffca3ea0000 - 0x00007ffca3faa000 	C:\WINDOWS\SYSTEM32\WINHTTP.dll
0x00007ffca9ad0000 - 0x00007ffca9b3c000 	C:\WINDOWS\system32\mswsock.dll
0x00007ffc837f0000 - 0x00007ffc83806000 	C:\Users\User\.jdks\jbr-17.0.12\bin\nio.dll
0x000001d29af40000 - 0x000001d29af43000 	C:\Users\User\.openjfx\cache\22.0.2+4\amd64\api-ms-win-core-console-l1-1-0.dll
0x000001d29af50000 - 0x000001d29af53000 	C:\Users\User\.openjfx\cache\22.0.2+4\amd64\api-ms-win-core-console-l1-2-0.dll
0x000001d29af60000 - 0x000001d29af63000 	C:\Users\User\.openjfx\cache\22.0.2+4\amd64\api-ms-win-core-datetime-l1-1-0.dll
0x000001d29af70000 - 0x000001d29af73000 	C:\Users\User\.openjfx\cache\22.0.2+4\amd64\api-ms-win-core-debug-l1-1-0.dll
0x000001d29af80000 - 0x000001d29af83000 	C:\Users\User\.openjfx\cache\22.0.2+4\amd64\api-ms-win-core-errorhandling-l1-1-0.dll
0x000001d29af90000 - 0x000001d29af94000 	C:\Users\User\.openjfx\cache\22.0.2+4\amd64\api-ms-win-core-file-l1-1-0.dll
0x000001d29afa0000 - 0x000001d29afa3000 	C:\Users\User\.openjfx\cache\22.0.2+4\amd64\api-ms-win-core-file-l1-2-0.dll
0x000001d29afb0000 - 0x000001d29afb3000 	C:\Users\User\.openjfx\cache\22.0.2+4\amd64\api-ms-win-core-file-l2-1-0.dll
0x000001d29afc0000 - 0x000001d29afc3000 	C:\Users\User\.openjfx\cache\22.0.2+4\amd64\api-ms-win-core-handle-l1-1-0.dll
0x000001d29afd0000 - 0x000001d29afd3000 	C:\Users\User\.openjfx\cache\22.0.2+4\amd64\api-ms-win-core-heap-l1-1-0.dll
0x000001d29afe0000 - 0x000001d29afe3000 	C:\Users\User\.openjfx\cache\22.0.2+4\amd64\api-ms-win-core-interlocked-l1-1-0.dll
0x000001d29aff0000 - 0x000001d29aff3000 	C:\Users\User\.openjfx\cache\22.0.2+4\amd64\api-ms-win-core-libraryloader-l1-1-0.dll
0x000001d29f800000 - 0x000001d29f803000 	C:\Users\User\.openjfx\cache\22.0.2+4\amd64\api-ms-win-core-localization-l1-2-0.dll
0x000001d29f810000 - 0x000001d29f813000 	C:\Users\User\.openjfx\cache\22.0.2+4\amd64\api-ms-win-core-memory-l1-1-0.dll
0x000001d29f820000 - 0x000001d29f823000 	C:\Users\User\.openjfx\cache\22.0.2+4\amd64\api-ms-win-core-namedpipe-l1-1-0.dll
0x000001d29f830000 - 0x000001d29f833000 	C:\Users\User\.openjfx\cache\22.0.2+4\amd64\api-ms-win-core-processenvironment-l1-1-0.dll
0x000001d29f840000 - 0x000001d29f843000 	C:\Users\User\.openjfx\cache\22.0.2+4\amd64\api-ms-win-core-processthreads-l1-1-0.dll
0x000001d29f850000 - 0x000001d29f853000 	C:\Users\User\.openjfx\cache\22.0.2+4\amd64\api-ms-win-core-processthreads-l1-1-1.dll
0x000001d29f860000 - 0x000001d29f863000 	C:\Users\User\.openjfx\cache\22.0.2+4\amd64\api-ms-win-core-profile-l1-1-0.dll
0x000001d29f870000 - 0x000001d29f873000 	C:\Users\User\.openjfx\cache\22.0.2+4\amd64\api-ms-win-core-rtlsupport-l1-1-0.dll
0x000001d29f880000 - 0x000001d29f883000 	C:\Users\User\.openjfx\cache\22.0.2+4\amd64\api-ms-win-core-string-l1-1-0.dll
0x000001d29f890000 - 0x000001d29f893000 	C:\Users\User\.openjfx\cache\22.0.2+4\amd64\api-ms-win-core-synch-l1-1-0.dll
0x000001d29f8a0000 - 0x000001d29f8a3000 	C:\Users\User\.openjfx\cache\22.0.2+4\amd64\api-ms-win-core-synch-l1-2-0.dll
0x000001d29f8b0000 - 0x000001d29f8b3000 	C:\Users\User\.openjfx\cache\22.0.2+4\amd64\api-ms-win-core-sysinfo-l1-1-0.dll
0x000001d29f8c0000 - 0x000001d29f8c3000 	C:\Users\User\.openjfx\cache\22.0.2+4\amd64\api-ms-win-core-timezone-l1-1-0.dll
0x000001d29f8d0000 - 0x000001d29f8d3000 	C:\Users\User\.openjfx\cache\22.0.2+4\amd64\api-ms-win-core-util-l1-1-0.dll
0x000001d29f8e0000 - 0x000001d29f8e3000 	C:\Users\User\.openjfx\cache\22.0.2+4\amd64\api-ms-win-crt-conio-l1-1-0.dll
0x000001d29f8f0000 - 0x000001d29f8f4000 	C:\Users\User\.openjfx\cache\22.0.2+4\amd64\api-ms-win-crt-convert-l1-1-0.dll
0x000001d29f900000 - 0x000001d29f903000 	C:\Users\User\.openjfx\cache\22.0.2+4\amd64\api-ms-win-crt-environment-l1-1-0.dll
0x000001d29f910000 - 0x000001d29f913000 	C:\Users\User\.openjfx\cache\22.0.2+4\amd64\api-ms-win-crt-filesystem-l1-1-0.dll
0x000001d29f920000 - 0x000001d29f923000 	C:\Users\User\.openjfx\cache\22.0.2+4\amd64\api-ms-win-crt-heap-l1-1-0.dll
0x000001d29f930000 - 0x000001d29f933000 	C:\Users\User\.openjfx\cache\22.0.2+4\amd64\api-ms-win-crt-locale-l1-1-0.dll
0x000001d29f940000 - 0x000001d29f945000 	C:\Users\User\.openjfx\cache\22.0.2+4\amd64\api-ms-win-crt-math-l1-1-0.dll
0x000001d29f950000 - 0x000001d29f955000 	C:\Users\User\.openjfx\cache\22.0.2+4\amd64\api-ms-win-crt-multibyte-l1-1-0.dll
0x000001d29f960000 - 0x000001d29f970000 	C:\Users\User\.openjfx\cache\22.0.2+4\amd64\api-ms-win-crt-private-l1-1-0.dll
0x000001d29f970000 - 0x000001d29f973000 	C:\Users\User\.openjfx\cache\22.0.2+4\amd64\api-ms-win-crt-process-l1-1-0.dll
0x000001d29f980000 - 0x000001d29f984000 	C:\Users\User\.openjfx\cache\22.0.2+4\amd64\api-ms-win-crt-runtime-l1-1-0.dll
0x000001d29f990000 - 0x000001d29f994000 	C:\Users\User\.openjfx\cache\22.0.2+4\amd64\api-ms-win-crt-stdio-l1-1-0.dll
0x000001d29f9a0000 - 0x000001d29f9a4000 	C:\Users\User\.openjfx\cache\22.0.2+4\amd64\api-ms-win-crt-string-l1-1-0.dll
0x000001d29f9b0000 - 0x000001d29f9b3000 	C:\Users\User\.openjfx\cache\22.0.2+4\amd64\api-ms-win-crt-time-l1-1-0.dll
0x000001d29f9c0000 - 0x000001d29f9c3000 	C:\Users\User\.openjfx\cache\22.0.2+4\amd64\api-ms-win-crt-utility-l1-1-0.dll
0x00007ffc71f00000 - 0x00007ffc71ffc000 	C:\Users\User\.openjfx\cache\22.0.2+4\amd64\ucrtbase.dll
0x00007ffc83740000 - 0x00007ffc8375b000 	C:\Users\User\.openjfx\cache\22.0.2+4\amd64\vcruntime140.dll
0x00007ffc83730000 - 0x00007ffc8373c000 	C:\Users\User\.openjfx\cache\22.0.2+4\amd64\vcruntime140_1.dll
0x00007ffc836a0000 - 0x00007ffc8372e000 	C:\Users\User\.openjfx\cache\22.0.2+4\amd64\msvcp140.dll
0x00007ffc83690000 - 0x00007ffc83699000 	C:\Users\User\.openjfx\cache\22.0.2+4\amd64\msvcp140_1.dll
0x00007ffc720b0000 - 0x00007ffc720f1000 	C:\Users\User\.openjfx\cache\22.0.2+4\amd64\msvcp140_2.dll
0x00007ffc76410000 - 0x00007ffc76440000 	C:\Users\User\.openjfx\cache\22.0.2+4\amd64\prism_d3d.dll
0x00007ffc748b0000 - 0x00007ffc74a81000 	C:\WINDOWS\system32\d3d9.dll
0x00007ffca7a30000 - 0x00007ffca7a5f000 	C:\WINDOWS\SYSTEM32\dwmapi.dll
0x00007ffca4f90000 - 0x00007ffca502e000 	C:\WINDOWS\system32\uxtheme.dll
0x00007ffc59a60000 - 0x00007ffc59cd3000 	C:\WINDOWS\System32\DriverStore\FileRepository\iigd_dch.inf_amd64_110cd0db47a9f8d6\igdumdim64.dll
0x00007ffcab870000 - 0x00007ffcab99b000 	C:\WINDOWS\System32\ole32.dll
0x00007ffc58480000 - 0x00007ffc599b6000 	C:\WINDOWS\System32\DriverStore\FileRepository\iigd_dch.inf_amd64_110cd0db47a9f8d6\igd9trinity64.dll
0x00007ffca8bd0000 - 0x00007ffca8cc6000 	C:\WINDOWS\system32\dxgi.dll
0x00007ffc8f250000 - 0x00007ffc8f690000 	C:\WINDOWS\System32\DriverStore\FileRepository\iigd_dch.inf_amd64_110cd0db47a9f8d6\igdgmm64.dll
0x00007ffc8f950000 - 0x00007ffc8f976000 	C:\WINDOWS\System32\DriverStore\FileRepository\iigd_dch.inf_amd64_110cd0db47a9f8d6\igc64.dll
0x00007ffc6e290000 - 0x00007ffc6e2dd000 	C:\WINDOWS\SYSTEM32\ControlLib.dll
0x00007ffcaac20000 - 0x00007ffcaac6e000 	C:\WINDOWS\System32\CFGMGR32.dll
0x00007ffc8fe90000 - 0x00007ffc8ff2c000 	C:\WINDOWS\System32\DriverStore\FileRepository\iigd_dch.inf_amd64_110cd0db47a9f8d6\IntelControlLib.dll
0x00007ffc56f50000 - 0x00007ffc58478000 	C:\WINDOWS\System32\DriverStore\FileRepository\iigd_dch.inf_amd64_110cd0db47a9f8d6\igd9dxva64.dll
0x00007ffcabcd0000 - 0x00007ffcac141000 	C:\WINDOWS\System32\SETUPAPI.dll
0x00007ffc55220000 - 0x00007ffc56f4e000 	C:\WINDOWS\System32\DriverStore\FileRepository\iigd_dch.inf_amd64_110cd0db47a9f8d6\media_bin_64.dll
0x00007ffc72060000 - 0x00007ffc720a5000 	C:\Users\User\.openjfx\cache\22.0.2+4\amd64\glass.dll
0x00007ffcabbf0000 - 0x00007ffcabcca000 	C:\WINDOWS\System32\COMDLG32.dll
0x00007ffcaba70000 - 0x00007ffcabb85000 	C:\WINDOWS\System32\MSCTF.dll
0x00007ffc86b60000 - 0x00007ffc8aa69000 	C:\WINDOWS\System32\DriverStore\FileRepository\iigd_dch.inf_amd64_110cd0db47a9f8d6\igc1464.dll
0x00007ffc5ef60000 - 0x00007ffc5f0a9000 	C:\WINDOWS\System32\DriverStore\FileRepository\iigd_dch.inf_amd64_110cd0db47a9f8d6\igdml64.dll
0x00007ffc7c210000 - 0x00007ffc7c239000 	C:\WINDOWS\System32\DriverStore\FileRepository\iigd_dch.inf_amd64_110cd0db47a9f8d6\igdinfo64.dll
0x00007ffc97cb0000 - 0x00007ffc97ceb000 	C:\WINDOWS\SYSTEM32\dxcore.dll
0x00007ffcaacd0000 - 0x00007ffcaad79000 	C:\WINDOWS\System32\clbcatq.dll
0x00007ffc7a6d0000 - 0x00007ffc7a80f000 	C:\Windows\System32\Windows.UI.dll
0x00007ffc7d230000 - 0x00007ffc7d382000 	C:\Windows\System32\InputHost.dll
0x00007ffc7d390000 - 0x00007ffc7d489000 	C:\Windows\System32\TextInputFramework.dll
0x00007ffc9eb60000 - 0x00007ffc9ec01000 	C:\Windows\System32\WindowManagementAPI.dll
0x00007ffca4a00000 - 0x00007ffca4af6000 	C:\Windows\System32\PROPSYS.dll
0x00007ffca4150000 - 0x00007ffca42a7000 	C:\WINDOWS\SYSTEM32\wintypes.dll
0x00007ffca25d0000 - 0x00007ffca292b000 	C:\Windows\System32\CoreUIComponents.dll
0x00007ffca32c0000 - 0x00007ffca33b2000 	C:\Windows\System32\CoreMessaging.dll
0x00007ffca95d0000 - 0x00007ffca9603000 	C:\WINDOWS\SYSTEM32\ntmarta.dll

dbghelp: loaded successfully - version: 4.0.5 - missing functions: none
symbol engine: initialized successfully - sym options: 0x614 - pdb path: .;C:\Users\User\.jdks\jbr-17.0.12\bin;C:\WINDOWS\SYSTEM32;C:\WINDOWS\WinSxS\amd64_microsoft.windows.common-controls_6595b64144ccf1df_6.0.19041.4355_none_60b8b9eb71f62e16;C:\Users\User\.jdks\jbr-17.0.12\bin\server;C:\Users\User\.openjfx\cache\22.0.2+4\amd64;C:\WINDOWS\System32\DriverStore\FileRepository\iigd_dch.inf_amd64_110cd0db47a9f8d6;C:\Program Files\Bonjour;C:\Program Files\Common Files\Microsoft Shared\Ink

VM Arguments:
jvm_args: --module-path=C:\Users\User\.m2\repository\org\openjfx\javafx-base\22.0.2\javafx-base-22.0.2-win.jar;C:\Users\User\.m2\repository\org\openjfx\javafx-base\22.0.2\javafx-base-22.0.2.jar;C:\Users\User\.m2\repository\org\openjfx\javafx-controls\22.0.2\javafx-controls-22.0.2-win.jar;C:\Users\User\.m2\repository\org\openjfx\javafx-controls\22.0.2\javafx-controls-22.0.2.jar;C:\Users\User\.m2\repository\org\openjfx\javafx-fxml\21.0.2\javafx-fxml-21.0.2-win.jar;C:\Users\User\.m2\repository\org\openjfx\javafx-fxml\21.0.2\javafx-fxml-21.0.2.jar;C:\Users\User\.m2\repository\org\openjfx\javafx-graphics\22.0.2\javafx-graphics-22.0.2-win.jar;C:\Users\User\.m2\repository\org\openjfx\javafx-graphics\22.0.2\javafx-graphics-22.0.2.jar --add-modules=javafx.base,javafx.controls,javafx.fxml,javafx.graphics 
java_command: controllers.Home
java_class_path (initial): C:\Users\User\Desktop\projet-javafx\target\classes;C:\Users\User\.m2\repository\com\google\protobuf\protobuf-java\3.21.9\protobuf-java-3.21.9.jar;C:\Users\User\.m2\repository\com\mysql\mysql-connector-j\8.0.33\mysql-connector-j-8.0.33.jar
Launcher Type: SUN_STANDARD

[Global flags]
     intx CICompilerCount                          = 4                                         {product} {ergonomic}
     uint ConcGCThreads                            = 3                                         {product} {ergonomic}
     uint G1ConcRefinementThreads                  = 10                                        {product} {ergonomic}
   size_t G1HeapRegionSize                         = 2097152                                   {product} {ergonomic}
    uintx GCDrainStackTargetSize                   = 64                                        {product} {ergonomic}
   size_t InitialHeapSize                          = 264241152                                 {product} {ergonomic}
   size_t MarkStackSize                            = 4194304                                   {product} {ergonomic}
   size_t MaxHeapSize                              = 4217372672                                {product} {ergonomic}
   size_t MaxNewSize                               = 2529165312                                {product} {ergonomic}
   size_t MinHeapDeltaBytes                        = 2097152                                   {product} {ergonomic}
   size_t MinHeapSize                              = 8388608                                   {product} {ergonomic}
    uintx NonNMethodCodeHeapSize                   = 5839372                                {pd product} {ergonomic}
    uintx NonProfiledCodeHeapSize                  = 122909434                              {pd product} {ergonomic}
    uintx ProfiledCodeHeapSize                     = 122909434                              {pd product} {ergonomic}
    uintx ReservedCodeCacheSize                    = 251658240                              {pd product} {ergonomic}
     bool SegmentedCodeCache                       = true                                      {product} {ergonomic}
   size_t SoftMaxHeapSize                          = 4217372672                             {manageable} {ergonomic}
     bool UseCompressedClassPointers               = true                           {product lp64_product} {ergonomic}
     bool UseCompressedOops                        = true                           {product lp64_product} {ergonomic}
     bool UseG1GC                                  = true                                      {product} {ergonomic}
     bool UseLargePagesIndividualAllocation        = false                                  {pd product} {ergonomic}

Logging:
Log output configuration:
 #0: stdout all=warning uptime,level,tags
 #1: stderr all=off uptime,level,tags

Environment Variables:
PATH=C:\oraclexe\app\oracle\product\11.2.0\server\bin;;C:\oraclexe\app\oracle\product\11.2.0\server\bin;C:\ProgramData\Oracle\Java\javapath;C:\Program Files (x86)\Common Files\Oracle\Java\javapath;C:\oraclexe\app\oracle\product\11.2.0\server\bin;D:\VMWare\bin\;C:\WINDOWS\system32;C:\WINDOWS;C:\WINDOWS\System32\Wbem;C:\WINDOWS\System32\WindowsPowerShell\v1.0\;C:\WINDOWS\System32\OpenSSH\;C:\Program Files (x86)\NVIDIA Corporation\PhysX\Common;C:\oraclexe\app\oracle\product\11.2.0\server\bin;C:\instantclient12_2;C:\oraclexe;C:\oraclexe\app\oracle\admin\XE;C:\Program Files\Git\cmd;C:\ProgramData\ComposerSetup\bin;C:\Users\User\.jdks\jbr-17.0.12\bin;C:\Users\User\AppData\Local\Programs\Python\Python313;C:\Users\User\AppData\Local\Programs\Python\Python313\Scripts;C:\Users\User\AppData\Roaming\Python\Python313\site-packages;C:\ProgramData\chocolatey\bin;C:\Program Files\NVIDIA Corporation\NVIDIA app\NvDLISR;C:\MailHog;C:\Users\User\AppData\Local\Programs\Python\Launcher\;C:\Users\User\scoop\shims;C:\Users\User\AppData\Local\Microsoft\WindowsApps;C:\Users\User\AppData\Local\Programs\Microsoft VS Code\bin;C:\xampp\php;C:\Users\User\AppData\Roaming\Composer\vendor\bin;C:\Users\User\AppData\Local\Microsoft\WinGet\Packages\Schniz.fnm_Microsoft.Winget.Source_8wekyb3d8bbwe;C:\Users\User\Downloads\node-v22.13.1-win-x64;
USERNAME=User
OS=Windows_NT
PROCESSOR_IDENTIFIER=Intel64 Family 6 Model 154 Stepping 3, GenuineIntel
TMP=C:\Users\User\AppData\Local\Temp
TEMP=C:\Users\User\AppData\Local\Temp



Periodic native trim disabled

JNI global refs:
JNI global refs: 38, weak refs: 0

JNI global refs memory usage: 843, weak refs: 841

OOME stack traces (most recent first):
Classloader memory used:
Loader jdk.internal.loader.ClassLoaders$AppClassLoader                                 : 2157K
Loader bootstrap                                                                       : 1953K
Loader jdk.internal.loader.ClassLoaders$PlatformClassLoader                            : 43250B
Loader jdk.internal.reflect.DelegatingClassLoader                                      : 6161B
Loader com.sun.javafx.reflect.MethodUtil                                               : 510B


---------------  S Y S T E M  ---------------

OS:
 Windows 10 , 64 bit Build 19041 (10.0.19041.5678)
OS uptime: 0 days 0:48 hours

CPU: total 12 (initial active 12) (6 cores per cpu, 2 threads per core) family 6 model 154 stepping 3 microcode 0x424, cx8, cmov, fxsr, ht, mmx, 3dnowpref, sse, sse2, sse3, ssse3, sse4.1, sse4.2, popcnt, lzcnt, tsc, tscinvbit, avx, avx2, aes, erms, clmul, bmi1, bmi2, adx, sha, fma, vzeroupper, clflush, clflushopt, clwb
Processor Information for all 12 processors :
  Max Mhz: 2000, Current Mhz: 2000, Mhz Limit: 2000

Memory: 4k page, system-wide physical 16085M (3424M free)
TotalPageFile size 20437M (AvailPageFile size 3966M)
current process WorkingSet (physical memory assigned to process): 663M, peak: 663M
current process commit charge ("private bytes"): 720M, peak: 720M

vm_info: OpenJDK 64-Bit Server VM (17.0.12+1-b1087.25) for windows-amd64 JRE (17.0.12+1-b1087.25), built on 2024-08-30 by "builduser" with MS VC++ 16.10 / 16.11 (VS2019)

END.
