#
# A fatal error has been detected by the Java Runtime Environment:
#
#  EXCEPTION_ACCESS_VIOLATION (0xc0000005) at pc=0x00007ffac27bbd46, pid=10864, tid=20200
#
# JRE version: OpenJDK Runtime Environment JBR-17.0.12+1-1087.25-nomod (17.0.12+1) (build 17.0.12+1-b1087.25)
# Java VM: OpenJDK 64-Bit Server VM JBR-17.0.12+1-1087.25-nomod (17.0.12+1-b1087.25, mixed mode, tiered, compressed oops, compressed class ptrs, g1 gc, windows-amd64)
# Problematic frame:
# C  [glass.dll+0x1bd46]
#
# No core dump will be written. Minidumps are not enabled by default on client versions of Windows
#
# If you would like to submit a bug report, please visit:
#   https://youtrack.jetbrains.com/issues/JBR
# The crash happened outside the Java Virtual Machine in native code.
# See problematic frame for where to report the bug.
#

---------------  S U M M A R Y ------------

Command Line: --module-path=C:\Users\User\.m2\repository\org\openjfx\javafx-base\22.0.2\javafx-base-22.0.2-win.jar;C:\Users\User\.m2\repository\org\openjfx\javafx-base\22.0.2\javafx-base-22.0.2.jar;C:\Users\User\.m2\repository\org\openjfx\javafx-controls\22.0.2\javafx-controls-22.0.2-win.jar;C:\Users\User\.m2\repository\org\openjfx\javafx-controls\22.0.2\javafx-controls-22.0.2.jar;C:\Users\User\.m2\repository\org\openjfx\javafx-fxml\22.0.2\javafx-fxml-22.0.2-win.jar;C:\Users\User\.m2\repository\org\openjfx\javafx-fxml\22.0.2\javafx-fxml-22.0.2.jar;C:\Users\User\.m2\repository\org\openjfx\javafx-graphics\22.0.2\javafx-graphics-22.0.2-win.jar;C:\Users\User\.m2\repository\org\openjfx\javafx-graphics\22.0.2\javafx-graphics-22.0.2.jar --add-modules=javafx.base,javafx.controls,javafx.fxml,javafx.graphics controllers.Home

Host: 12th Gen Intel(R) Core(TM) i5-12450H, 12 cores, 15G,  Windows 10 , 64 bit Build 19041 (10.0.19041.5678)
Time: Wed Apr 23 17:47:56 2025 Romance Standard Time elapsed time: 3.588218 seconds (0d 0h 0m 3s)

---------------  T H R E A D  ---------------

Current thread (0x0000019e4c8c22e0):  JavaThread "JavaFX Application Thread" [_thread_in_native, id=20200, stack(0x0000008fbea00000,0x0000008fbeb00000)]

Stack: [0x0000008fbea00000,0x0000008fbeb00000],  sp=0x0000008fbeafded0,  free space=1015k
Native frames: (J=compiled Java code, j=interpreted, Vv=VM code, C=native code)
C  [glass.dll+0x1bd46]

Java frames: (J=compiled Java code, j=interpreted, Vv=VM code)
j  com.sun.glass.ui.win.WinWindow._close(J)Z+0 javafx.graphics@22.0.2
j  com.sun.glass.ui.Window.close()V+63 javafx.graphics@22.0.2
j  com.sun.glass.ui.win.WinWindow.close()V+8 javafx.graphics@22.0.2
j  com.sun.glass.ui.Application.terminate()V+75 javafx.graphics@22.0.2
j  com.sun.javafx.tk.quantum.QuantumToolkit.lambda$exit$14()Ljava/lang/Object;+5 javafx.graphics@22.0.2
j  com.sun.javafx.tk.quantum.QuantumToolkit$$Lambda$817+0x0000000800439938.get()Ljava/lang/Object;+0 javafx.graphics@22.0.2
j  com.sun.javafx.tk.quantum.QuantumToolkit.runWithRenderLock(Ljava/util/function/Supplier;)Ljava/lang/Object;+7 javafx.graphics@22.0.2
j  com.sun.javafx.tk.quantum.QuantumToolkit.exit()V+26 javafx.graphics@22.0.2
j  com.sun.javafx.application.PlatformImpl.lambda$tkExit$16()V+3 javafx.graphics@22.0.2
j  com.sun.javafx.application.PlatformImpl$$Lambda$816+0x00000008004396f8.run()V+0 javafx.graphics@22.0.2
j  com.sun.javafx.application.PlatformImpl.lambda$runAndWait$12(Ljava/lang/Runnable;Ljava/util/concurrent/CountDownLatch;)V+1 javafx.graphics@22.0.2
j  com.sun.javafx.application.PlatformImpl$$Lambda$100+0x00000008001169c0.run()V+8 javafx.graphics@22.0.2
j  com.sun.javafx.application.PlatformImpl.lambda$runLater$10(Ljava/lang/Runnable;)Ljava/lang/Void;+1 javafx.graphics@22.0.2
j  com.sun.javafx.application.PlatformImpl$$Lambda$102+0x0000000800117d98.run()Ljava/lang/Object;+4 javafx.graphics@22.0.2
J 1152 c1 java.security.AccessController.doPrivileged(Ljava/security/PrivilegedAction;Ljava/security/AccessControlContext;)Ljava/lang/Object; java.base@17.0.12 (17 bytes) @ 0x0000019e30ff705c [0x0000019e30ff6e80+0x00000000000001dc]
j  com.sun.javafx.application.PlatformImpl.lambda$runLater$11(Ljava/lang/Runnable;Ljava/security/AccessControlContext;)V+7 javafx.graphics@22.0.2
j  com.sun.javafx.application.PlatformImpl$$Lambda$101+0x0000000800117478.run()V+8 javafx.graphics@22.0.2
j  com.sun.glass.ui.InvokeLaterDispatcher$Future.run()V+4 javafx.graphics@22.0.2
v  ~StubRoutines::call_stub
j  com.sun.glass.ui.win.WinApplication._runLoop(Ljava/lang/Runnable;)V+0 javafx.graphics@22.0.2
j  com.sun.glass.ui.win.WinApplication.lambda$runLoop$3(ILjava/lang/Runnable;)V+8 javafx.graphics@22.0.2
j  com.sun.glass.ui.win.WinApplication$$Lambda$87+0x00000008000eedd0.run()V+12 javafx.graphics@22.0.2
j  java.lang.Thread.run()V+11 java.base@17.0.12
v  ~StubRoutines::call_stub

siginfo: EXCEPTION_ACCESS_VIOLATION (0xc0000005), reading address 0x0000000000000128


Registers:
RAX=0x0000000000000000, RBX=0x0000000000000000, RCX=0x0000000000000000, RDX=0x0000000000000000
RSP=0x0000008fbeafded0, RBP=0x0000000000000401, RSI=0x0000008fbeafe250, RDI=0x0000008fbeafe250
R8 =0x0000008fbeafe250, R9 =0x0000000000000000, R10=0x0000000000000000, R11=0x0000000000000246
R12=0x0000008fbeafe250, R13=0x0000000000000000, R14=0x0000000000000000, R15=0x0000008fbeafe250
RIP=0x00007ffac27bbd46, EFLAGS=0x0000000000010202


Register to memory mapping:

RIP=0x00007ffac27bbd46 glass.dll
RAX=0x0 is NULL
RBX=0x0 is NULL
RCX=0x0 is NULL
RDX=0x0 is NULL
RSP=0x0000008fbeafded0 is pointing into the stack for thread: 0x0000019e4c8c22e0
RBP=0x0000000000000401 is an unknown value
RSI=0x0000008fbeafe250 is pointing into the stack for thread: 0x0000019e4c8c22e0
RDI=0x0000008fbeafe250 is pointing into the stack for thread: 0x0000019e4c8c22e0
R8 =0x0000008fbeafe250 is pointing into the stack for thread: 0x0000019e4c8c22e0
R9 =0x0 is NULL
R10=0x0 is NULL
R11=0x0000000000000246 is an unknown value
R12=0x0000008fbeafe250 is pointing into the stack for thread: 0x0000019e4c8c22e0
R13=0x0 is NULL
R14=0x0 is NULL
R15=0x0000008fbeafe250 is pointing into the stack for thread: 0x0000019e4c8c22e0


Top of Stack: (sp=0x0000008fbeafded0)
0x0000008fbeafded0:   0000000000000578 0000008fbeafdee0
0x0000008fbeafdee0:   0000000000180016 00007ffac27c95d0
0x0000008fbeafdef0:   0000008fbeafe250 00007ffac27baaf1
0x0000008fbeafdf00:   0000000000000401 0000019e515d84b0
0x0000008fbeafdf10:   0000008fbeafe250 00007ffac27c95d0
0x0000008fbeafdf20:   0000000000000000 00007ffac27aa698
0x0000008fbeafdf30:   0000019e515d84b0 0000019e4c010101
0x0000008fbeafdf40:   0000008fbeafc08c 0000008fbeafdef8
0x0000008fbeafdf50:   0000000000000000 00007ffac27a177f
0x0000008fbeafdf60:   0000019e515d84b0 0000000000000401
0x0000008fbeafdf70:   0000019e515d84dc 00000000000d04fa
0x0000008fbeafdf80:   0000000000000000 0000000000000401
0x0000008fbeafdf90:   0000000080000022 00007ffb152fef5c
0x0000008fbeafdfa0:   0000000000000001 0000008fbeafe190
0x0000008fbeafdfb0:   00000000000d04fa 00000000000d04fa
0x0000008fbeafdfc0:   0000019e4bc2ae20 00007ffa00000004
0x0000008fbeafdfd0:   0000000000000168 00007ffac27bce00
0x0000008fbeafdfe0:   0000019e00000000 0000000000000000
0x0000008fbeafdff0:   0000000000000000 0000000100000000
0x0000008fbeafe000:   0000000080000022 0000000000000000
0x0000008fbeafe010:   0000000000000000 0000019e4c8c22e0
0x0000008fbeafe020:   0000019e4c773870 0000000000000001
0x0000008fbeafe030:   0000019e4d881d01 0000019e4c8c22e0
0x0000008fbeafe040:   00007ffab0b32ca8 0000005000000000
0x0000008fbeafe050:   000000000000002b 0000000000000000
0x0000008fbeafe060:   0000000000000000 0000000000000000
0x0000008fbeafe070:   0000000000000000 0000008fbeafe091
0x0000008fbeafe080:   000000000000002b 0000000000000030
0x0000008fbeafe090:   6f635f6176614a00 6c675f6e75735f6d
0x0000008fbeafe0a0:   00007ffac27a1720 69576e69575f6e69
0x0000008fbeafe0b0:   0000000000000048 0000000000000001
0x0000008fbeafe0c0:   0000000000000000 0000000000000000 

Instructions: (pc=0x00007ffac27bbd46)
0x00007ffac27bbc46:   a8 00 00 00 41 5e 41 5d 41 5c 5e 5d 5b c3 cc cc
0x00007ffac27bbc56:   cc cc cc cc cc cc cc cc cc cc b0 01 c3 cc cc cc
0x00007ffac27bbc66:   cc cc cc cc cc cc cc cc cc cc 48 89 5c 24 08 57
0x00007ffac27bbc76:   48 83 ec 30 48 8b fa 48 8b d9 48 39 91 28 01 00
0x00007ffac27bbc86:   00 0f 84 a5 00 00 00 e8 ae 00 00 00 48 8b 93 28
0x00007ffac27bbc96:   01 00 00 48 85 d2 75 04 48 8b 53 08 48 89 54 24
0x00007ffac27bbca6:   20 4c 8b c7 48 85 ff 75 04 4c 8b 43 08 48 8d 0d
0x00007ffac27bbcb6:   a6 03 01 00 4c 89 44 24 28 e8 7c 79 fe ff 48 8b
0x00007ffac27bbcc6:   4c 24 20 4c 8d 44 24 20 48 8d 15 8b f9 ff ff ff
0x00007ffac27bbcd6:   15 9d 09 02 00 48 8b 05 2e 0d 02 00 48 85 c0 75
0x00007ffac27bbce6:   04 33 c9 eb 03 8b 48 48 4c 8d 44 24 20 48 8d 15
0x00007ffac27bbcf6:   a6 f9 ff ff ff 15 80 09 02 00 48 89 bb 28 01 00
0x00007ffac27bbd06:   00 e8 04 56 00 00 4c 8b 05 ad 10 02 00 48 8b c8
0x00007ffac27bbd16:   48 8b 93 c8 00 00 00 4c 8b cf e8 db 95 fe ff e8
0x00007ffac27bbd26:   e6 55 00 00 48 8b c8 e8 fe 54 00 00 48 8b 5c 24
0x00007ffac27bbd36:   40 48 83 c4 30 5f c3 cc cc cc 40 57 48 83 ec 20
0x00007ffac27bbd46:   48 8b 81 28 01 00 00 48 8b f9 48 85 c0 75 04 48
0x00007ffac27bbd56:   8b 41 08 48 3b 05 a0 0f 02 00 75 3b 48 89 5c 24
0x00007ffac27bbd66:   30 e8 a4 55 00 00 4c 8b 05 3d 10 02 00 48 8b c8
0x00007ffac27bbd76:   48 8b 97 c8 00 00 00 48 8b d8 e8 7b 95 fe ff 48
0x00007ffac27bbd86:   8b cb e8 a3 54 00 00 48 8b 5c 24 30 48 c7 05 63
0x00007ffac27bbd96:   0f 02 00 00 00 00 00 48 83 c4 20 5f c3 cc cc cc
0x00007ffac27bbda6:   cc cc cc cc cc cc cc cc cc cc 40 53 48 83 ec 50
0x00007ffac27bbdb6:   48 8b 05 0b e4 01 00 48 33 c4 48 89 44 24 40 48
0x00007ffac27bbdc6:   8b d9 48 8b 49 08 ff 15 26 08 02 00 85 c0 0f 85
0x00007ffac27bbdd6:   1b 01 00 00 48 8b 4b 08 48 8d 54 24 30 ff 15 7f
0x00007ffac27bbde6:   06 02 00 48 8b 4b 08 48 8d 54 24 20 ff 15 d8 06
0x00007ffac27bbdf6:   02 00 48 8b 4b 08 4c 8d 44 24 20 41 b9 02 00 00
0x00007ffac27bbe06:   00 33 d2 ff 15 c9 06 02 00 8b 44 24 24 2b 44 24
0x00007ffac27bbe16:   34 8b 4c 24 20 2b 4c 24 30 8b 54 24 3c 2b 54 24
0x00007ffac27bbe26:   2c 44 8b 44 24 38 44 2b 44 24 28 89 83 14 01 00
0x00007ffac27bbe36:   00 89 8b 10 01 00 00 89 93 1c 01 00 00 44 89 83 


Stack slot to memory mapping:
stack at sp + 0 slots: 0x0000000000000578 is an unknown value
stack at sp + 1 slots: 0x0000008fbeafdee0 is pointing into the stack for thread: 0x0000019e4c8c22e0
stack at sp + 2 slots: 0x0000000000180016 is an unknown value
stack at sp + 3 slots: 0x00007ffac27c95d0 glass.dll
stack at sp + 4 slots: 0x0000008fbeafe250 is pointing into the stack for thread: 0x0000019e4c8c22e0
stack at sp + 5 slots: 0x00007ffac27baaf1 glass.dll
stack at sp + 6 slots: 0x0000000000000401 is an unknown value
stack at sp + 7 slots: 0x0000019e515d84b0 points into unknown readable memory: 0x00007ffac27ca838 | 38 a8 7c c2 fa 7f 00 00


Compiled method (c1)    3617 1152       3       java.security.AccessController::doPrivileged (17 bytes)
 total in heap  [0x0000019e30ff6c90,0x0000019e30ff73c8] = 1848
 relocation     [0x0000019e30ff6de8,0x0000019e30ff6e70] = 136
 main code      [0x0000019e30ff6e80,0x0000019e30ff71c0] = 832
 stub code      [0x0000019e30ff71c0,0x0000019e30ff7238] = 120
 metadata       [0x0000019e30ff7238,0x0000019e30ff7250] = 24
 scopes data    [0x0000019e30ff7250,0x0000019e30ff7300] = 176
 scopes pcs     [0x0000019e30ff7300,0x0000019e30ff73b0] = 176
 dependencies   [0x0000019e30ff73b0,0x0000019e30ff73b8] = 8
 nul chk table  [0x0000019e30ff73b8,0x0000019e30ff73c8] = 16

[Constant Pool (empty)]

[MachCode]
[Verified Entry Point]
  # {method} {0x0000019e4d03bbf8} 'doPrivileged' '(Ljava/security/PrivilegedAction;Ljava/security/AccessControlContext;)Ljava/lang/Object;' in 'java/security/AccessController'
  # parm0:    rdx:rdx   = 'java/security/PrivilegedAction'
  # parm1:    r8:r8     = 'java/security/AccessControlContext'
  #           [sp+0x80]  (sp of caller)
  0x0000019e30ff6e80: 8984 2400 | 90ff ff55 | 4883 ec70 

  0x0000019e30ff6e8c: ;   {metadata(method data for {method} {0x0000019e4d03bbf8} 'doPrivileged' '(Ljava/security/PrivilegedAction;Ljava/security/AccessControlContext;)Ljava/lang/Object;' in 'java/security/AccessController')}
  0x0000019e30ff6e8c: 48be 0042 | b44d 9e01 | 0000 8bbe | cc00 0000 | 83c7 0289 | becc 0000 | 0081 e7fe | 0700 0083 
  0x0000019e30ff6eac: ff00 0f84 | 4402 0000 | 4c89 4424 | 4048 8954 

  0x0000019e30ff6ebc: ;   {metadata(method data for {method} {0x0000019e4d03bbf8} 'doPrivileged' '(Ljava/security/PrivilegedAction;Ljava/security/AccessControlContext;)Ljava/lang/Object;' in 'java/security/AccessController')}
  0x0000019e30ff6ebc: 2448 48be | 0042 b44d | 9e01 0000 | 4883 8610 | 0100 0001 | 0f1f 8000 

  0x0000019e30ff6ed4: ;   {static_call}
  0x0000019e30ff6ed4: 0000 00e8 

  0x0000019e30ff6ed8: ; ImmutableOopMap {[64]=Oop [72]=Oop }
                      ;*invokestatic getCallerClass {reexecute=0 rethrow=0 return_oop=0}
                      ; - java.security.AccessController::doPrivileged@0 (line 397)
  0x0000019e30ff6ed8: 6412 9207 

  0x0000019e30ff6edc: ;   {metadata(method data for {method} {0x0000019e4d03bbf8} 'doPrivileged' '(Ljava/security/PrivilegedAction;Ljava/security/AccessControlContext;)Ljava/lang/Object;' in 'java/security/AccessController')}
  0x0000019e30ff6edc: 48ba 0042 | b44d 9e01 | 0000 4883 | 8220 0100 | 0001 488b | 5424 404c | 8bc0 4889 | 4424 500f 
  0x0000019e30ff6efc: ;   {static_call}
  0x0000019e30ff6efc: 1f40 00e8 

  0x0000019e30ff6f00: ; ImmutableOopMap {[72]=Oop [80]=Oop }
                      ;*invokestatic checkContext {reexecute=0 rethrow=0 return_oop=0}
                      ; - java.security.AccessController::doPrivileged@6 (line 398)
  0x0000019e30ff6f00: 1cf5 ffff | 4889 4424 

  0x0000019e30ff6f08: ;   {metadata(method data for {method} {0x0000019e4d03bbf8} 'doPrivileged' '(Ljava/security/PrivilegedAction;Ljava/security/AccessControlContext;)Ljava/lang/Object;' in 'java/security/AccessController')}
  0x0000019e30ff6f08: 5848 ba00 | 42b4 4d9e | 0100 0048 | 8382 3001 

  0x0000019e30ff6f18: ;   {metadata(method data for {method} {0x0000019e4d03c8e8} 'executePrivileged' '(Ljava/security/PrivilegedAction;Ljava/security/AccessControlContext;Ljava/lang/Class;)Ljava/lang/Object;' in 'java/security/AccessController')}
  0x0000019e30ff6f18: 0000 0148 | ba50 cb64 | 4d9e 0100 | 008b b2cc | 0000 0083 | c602 89b2 | cc00 0000 | 81e6 feff 
  0x0000019e30ff6f38: 1f00 83fe | 000f 84d6 | 0100 0048 

  0x0000019e30ff6f44: ;   {metadata(method data for {method} {0x0000019e4d03c8e8} 'executePrivileged' '(Ljava/security/PrivilegedAction;Ljava/security/AccessControlContext;Ljava/lang/Class;)Ljava/lang/Object;' in 'java/security/AccessController')}
  0x0000019e30ff6f44: 83f8 0048 | ba50 cb64 | 4d9e 0100 | 0048 be10 | 0100 0000 | 0000 000f | 840a 0000 | 0048 be20 
  0x0000019e30ff6f64: 0100 0000 | 0000 0048 | 8b3c 3248 | 8d7f 0148 | 893c 320f | 841f 0000 

  0x0000019e30ff6f7c: ;   {metadata(method data for {method} {0x0000019e4d03c8e8} 'executePrivileged' '(Ljava/security/PrivilegedAction;Ljava/security/AccessControlContext;Ljava/lang/Class;)Ljava/lang/Object;' in 'java/security/AccessController')}
  0x0000019e30ff6f7c: 0048 ba50 | cb64 4d9e | 0100 0048 | 8382 3001 | 0000 0148 | 8bd0 0f1f 

  0x0000019e30ff6f94: ;   {static_call}
  0x0000019e30ff6f94: 4400 00e8 

  0x0000019e30ff6f98: ; ImmutableOopMap {[72]=Oop [80]=Oop [88]=Oop }
                      ;*invokestatic ensureMaterializedForStackWalk {reexecute=0 rethrow=0 return_oop=0}
                      ; - java.security.AccessController::executePrivileged@5 (line 772)
                      ; - java.security.AccessController::doPrivileged@13 (line 399)
  0x0000019e30ff6f98: 2415 9507 

  0x0000019e30ff6f9c: ;   {metadata(method data for {method} {0x0000019e4d03c8e8} 'executePrivileged' '(Ljava/security/PrivilegedAction;Ljava/security/AccessControlContext;Ljava/lang/Class;)Ljava/lang/Object;' in 'java/security/AccessController')}
  0x0000019e30ff6f9c: 48ba 50cb | 644d 9e01 | 0000 ff82 | 4001 0000 | 488b 5424 | 4848 3b02 

  0x0000019e30ff6fb4: ;   {metadata(method data for {method} {0x0000019e4d03c8e8} 'executePrivileged' '(Ljava/security/PrivilegedAction;Ljava/security/AccessControlContext;Ljava/lang/Class;)Ljava/lang/Object;' in 'java/security/AccessController')}
  0x0000019e30ff6fb4: 488b f248 | bf50 cb64 | 4d9e 0100 | 008b 7608 | 49ba 0000 | 0000 0800 | 0000 4903 | f248 3bb7 
  0x0000019e30ff6fd4: b001 0000 | 750d 4883 | 87b8 0100 | 0001 e966 | 0000 0048 | 3bb7 c001 | 0000 750d | 4883 87c8 
  0x0000019e30ff6ff4: 0100 0001 | e950 0000 | 0048 81bf | b001 0000 | 0000 0000 | 7517 4889 | b7b0 0100 | 0048 c787 
  0x0000019e30ff7014: b801 0000 | 0100 0000 | e92c 0000 | 0048 81bf | c001 0000 | 0000 0000 | 7517 4889 | b7c0 0100 
  0x0000019e30ff7034: 0048 c787 | c801 0000 | 0100 0000 | e908 0000 | 0048 8387 | a001 0000 | 0148 b800 | 6e4b 5c9e 
  0x0000019e30ff7054: ;   {virtual_call}
  0x0000019e30ff7054: 0100 00e8 

  0x0000019e30ff7058: ; ImmutableOopMap {[80]=Oop [88]=Oop }
                      ;*invokeinterface run {reexecute=0 rethrow=0 return_oop=0}
                      ; - java.security.AccessController::executePrivileged@29 (line 776)
                      ; - java.security.AccessController::doPrivileged@13 (line 399)
  0x0000019e30ff7058: 3482 4407 

  0x0000019e30ff705c: ;   {metadata(method data for {method} {0x0000019e4d03c8e8} 'executePrivileged' '(Ljava/security/PrivilegedAction;Ljava/security/AccessControlContext;Ljava/lang/Class;)Ljava/lang/Object;' in 'java/security/AccessController')}
  0x0000019e30ff705c: 48be 50cb | 644d 9e01 | 0000 ff86 | d801 0000 | 488b 7424 

  0x0000019e30ff7070: ;   {metadata(method data for {method} {0x0000019e4d03c8e8} 'executePrivileged' '(Ljava/security/PrivilegedAction;Ljava/security/AccessControlContext;Ljava/lang/Class;)Ljava/lang/Object;' in 'java/security/AccessController')}
  0x0000019e30ff7070: 5048 bf50 | cb64 4d9e | 0100 0048 | 8387 3802 

  0x0000019e30ff7080: ;   {metadata(method data for {method} {0x0000019e4d0429e0} 'reachabilityFence' '(Ljava/lang/Object;)V' in 'java/lang/ref/Reference')}
  0x0000019e30ff7080: 0000 0148 | bf88 2e5e | 4d9e 0100 | 008b 9fcc | 0000 0083 | c302 899f | cc00 0000 | 81e3 feff 
  0x0000019e30ff70a0: 1f00 83fb | 000f 8494 

  0x0000019e30ff70a8: ;   {metadata(method data for {method} {0x0000019e4d03c8e8} 'executePrivileged' '(Ljava/security/PrivilegedAction;Ljava/security/AccessControlContext;Ljava/lang/Class;)Ljava/lang/Object;' in 'java/security/AccessController')}
  0x0000019e30ff70a8: 0000 0048 | be50 cb64 | 4d9e 0100 | 0048 8386 | 4802 0000 

  0x0000019e30ff70bc: ;   {metadata(method data for {method} {0x0000019e4d0429e0} 'reachabilityFence' '(Ljava/lang/Object;)V' in 'java/lang/ref/Reference')}
  0x0000019e30ff70bc: 0148 be88 | 2e5e 4d9e | 0100 008b | becc 0000 | 0083 c702 | 89be cc00 | 0000 81e7 | feff 1f00 
  0x0000019e30ff70dc: 83ff 000f | 847b 0000 | 0048 83c4 

  0x0000019e30ff70e8: ;   {poll_return}
  0x0000019e30ff70e8: 705d 493b | a750 0300 | 000f 878a | 0000 00c3 

  0x0000019e30ff70f8: ;   {metadata({method} {0x0000019e4d03bbf8} 'doPrivileged' '(Ljava/security/PrivilegedAction;Ljava/security/AccessControlContext;)Ljava/lang/Object;' in 'java/security/AccessController')}
  0x0000019e30ff70f8: 49ba f0bb | 034d 9e01 | 0000 4c89 | 5424 0848 | c704 24ff 

  0x0000019e30ff710c: ;   {runtime_call counter_overflow Runtime1 stub}
  0x0000019e30ff710c: ffff ffe8 

  0x0000019e30ff7110: ; ImmutableOopMap {rdx=Oop r8=Oop }
                      ;*synchronization entry
                      ; - java.security.AccessController::doPrivileged@-1 (line 397)
  0x0000019e30ff7110: 6c38 4407 | e99b fdff 

  0x0000019e30ff7118: ;   {metadata({method} {0x0000019e4d03c8e8} 'executePrivileged' '(Ljava/security/PrivilegedAction;Ljava/security/AccessControlContext;Ljava/lang/Class;)Ljava/lang/Object;' in 'java/security/AccessController')}
  0x0000019e30ff7118: ff49 bae0 | c803 4d9e | 0100 004c | 8954 2408 | 48c7 0424 | ffff ffff 

  0x0000019e30ff7130: ;   {runtime_call counter_overflow Runtime1 stub}
  0x0000019e30ff7130: e84b 3844 

  0x0000019e30ff7134: ; ImmutableOopMap {[72]=Oop [80]=Oop rax=Oop [88]=Oop }
                      ;*synchronization entry
                      ; - java.security.AccessController::executePrivileged@-1 (line 771)
                      ; - java.security.AccessController::doPrivileged@13 (line 399)
  0x0000019e30ff7134: 07e9 09fe 

  0x0000019e30ff7138: ;   {runtime_call throw_null_pointer_exception Runtime1 stub}
  0x0000019e30ff7138: ffff e861 

  0x0000019e30ff713c: ; ImmutableOopMap {[80]=Oop rdx=Oop [88]=Oop }
                      ;*invokeinterface run {reexecute=0 rethrow=0 return_oop=0}
                      ; - java.security.AccessController::executePrivileged@29 (line 776)
                      ; - java.security.AccessController::doPrivileged@13 (line 399)
                      ;   {metadata({method} {0x0000019e4d0429e0} 'reachabilityFence' '(Ljava/lang/Object;)V' in 'java/lang/ref/Reference')}
  0x0000019e30ff713c: e743 0749 | bad8 2904 | 4d9e 0100 | 004c 8954 | 2408 48c7 | 0424 ffff 

  0x0000019e30ff7154: ;   {runtime_call counter_overflow Runtime1 stub}
  0x0000019e30ff7154: ffff e825 

  0x0000019e30ff7158: ; ImmutableOopMap {rax=Oop rsi=Oop }
                      ;*synchronization entry
                      ; - java.lang.ref.Reference::reachabilityFence@-1 (line 621)
                      ; - java.security.AccessController::executePrivileged@56 (line 781)
                      ; - java.security.AccessController::doPrivileged@13 (line 399)
  0x0000019e30ff7158: 3844 07e9 | 4bff ffff 

  0x0000019e30ff7160: ;   {metadata({method} {0x0000019e4d0429e0} 'reachabilityFence' '(Ljava/lang/Object;)V' in 'java/lang/ref/Reference')}
  0x0000019e30ff7160: 49ba d829 | 044d 9e01 | 0000 4c89 | 5424 0848 | c704 24ff 

  0x0000019e30ff7174: ;   {runtime_call counter_overflow Runtime1 stub}
  0x0000019e30ff7174: ffff ffe8 

  0x0000019e30ff7178: ; ImmutableOopMap {rax=Oop }
                      ;*synchronization entry
                      ; - java.lang.ref.Reference::reachabilityFence@-1 (line 621)
                      ; - java.security.AccessController::executePrivileged@60 (line 782)
                      ; - java.security.AccessController::doPrivileged@13 (line 399)
  0x0000019e30ff7178: 0438 4407 | e964 ffff 

  0x0000019e30ff7180: ;   {internal_word}
  0x0000019e30ff7180: ff49 baea | 70ff 309e | 0100 004d | 8997 6803 

  0x0000019e30ff7190: ;   {runtime_call SafepointBlob}
  0x0000019e30ff7190: 0000 e969 | 083a 0790 | 9049 8b87 | e003 0000 | 49c7 87e0 | 0300 0000 | 0000 0049 | c787 e803 
  0x0000019e30ff71b0: 0000 0000 | 0000 4883 

  0x0000019e30ff71b8: ;   {runtime_call unwind_exception Runtime1 stub}
  0x0000019e30ff71b8: c470 5de9 | 4007 3b07 
[Stub Code]
  0x0000019e30ff71c0: ;   {no_reloc}
  0x0000019e30ff71c0: 0f1f 4400 

  0x0000019e30ff71c4: ;   {static_stub}
  0x0000019e30ff71c4: 0048 bb00 | 0000 0000 

  0x0000019e30ff71cc: ;   {runtime_call}
  0x0000019e30ff71cc: 0000 00e9 | fbff ffff 

  0x0000019e30ff71d4: ;   {static_stub}
  0x0000019e30ff71d4: 9048 bb00 | 0000 0000 

  0x0000019e30ff71dc: ;   {runtime_call}
  0x0000019e30ff71dc: 0000 00e9 | fbff ffff 

  0x0000019e30ff71e4: ;   {static_stub}
  0x0000019e30ff71e4: 9048 bb00 | 0000 0000 

  0x0000019e30ff71ec: ;   {runtime_call}
  0x0000019e30ff71ec: 0000 00e9 | fbff ffff 

  0x0000019e30ff71f4: ;   {static_stub}
  0x0000019e30ff71f4: 9048 bb00 | 0000 0000 

  0x0000019e30ff71fc: ;   {runtime_call}
  0x0000019e30ff71fc: 0000 00e9 | fbff ffff 
[Exception Handler]
  0x0000019e30ff7204: ;   {runtime_call handle_exception_from_callee Runtime1 stub}
  0x0000019e30ff7204: e877 0444 

  0x0000019e30ff7208: ;   {external_word}
  0x0000019e30ff7208: 0748 b9a0 | 8db4 b0fa | 7f00 0048 

  0x0000019e30ff7214: ;   {runtime_call MacroAssembler::debug64}
  0x0000019e30ff7214: 83e4 f049 | ba50 e17c | b0fa 7f00 | 0041 ffd2 

  0x0000019e30ff7224: ;   {section_word}
  0x0000019e30ff7224: f449 ba25 | 72ff 309e | 0100 0041 

  0x0000019e30ff7230: ;   {runtime_call DeoptimizationBlob}
  0x0000019e30ff7230: 52e9 6afa | 3907 f4f4 
[/MachCode]


---------------  P R O C E S S  ---------------

Threads class SMR info:
_java_thread_list=0x0000019e51eeff90, length=20, elements={
0x0000019e2d634000, 0x0000019e4c6f2550, 0x0000019e4c6f32e0, 0x0000019e4c6fe4f0,
0x0000019e4c74f400, 0x0000019e4c74fcd0, 0x0000019e4c7509b0, 0x0000019e4c7519b0,
0x0000019e4c7522c0, 0x0000019e4c754be0, 0x0000019e4c8bf550, 0x0000019e4c8c0990,
0x0000019e4c8c18c0, 0x0000019e4c8c13b0, 0x0000019e4c8c22e0, 0x0000019e4c8c1dd0,
0x0000019e4c8c0ea0, 0x0000019e4c8c0480, 0x0000019e4c8c27f0, 0x0000019e4c8bfa60
}

Java Threads: ( => current thread )
  0x0000019e2d634000 JavaThread "main" [_thread_blocked, id=5588, stack(0x0000008fbd300000,0x0000008fbd400000)]
  0x0000019e4c6f2550 JavaThread "Reference Handler" daemon [_thread_blocked, id=20684, stack(0x0000008fbda00000,0x0000008fbdb00000)]
  0x0000019e4c6f32e0 JavaThread "Finalizer" daemon [_thread_blocked, id=10724, stack(0x0000008fbdb00000,0x0000008fbdc00000)]
  0x0000019e4c6fe4f0 JavaThread "Signal Dispatcher" daemon [_thread_blocked, id=5300, stack(0x0000008fbdc00000,0x0000008fbdd00000)]
  0x0000019e4c74f400 JavaThread "Attach Listener" daemon [_thread_blocked, id=15212, stack(0x0000008fbdd00000,0x0000008fbde00000)]
  0x0000019e4c74fcd0 JavaThread "Service Thread" daemon [_thread_blocked, id=20912, stack(0x0000008fbde00000,0x0000008fbdf00000)]
  0x0000019e4c7509b0 JavaThread "Monitor Deflation Thread" daemon [_thread_blocked, id=13380, stack(0x0000008fbdf00000,0x0000008fbe000000)]
  0x0000019e4c7519b0 JavaThread "C2 CompilerThread0" daemon [_thread_in_native, id=15468, stack(0x0000008fbe000000,0x0000008fbe100000)]
  0x0000019e4c7522c0 JavaThread "C1 CompilerThread0" daemon [_thread_blocked, id=17812, stack(0x0000008fbe100000,0x0000008fbe200000)]
  0x0000019e4c754be0 JavaThread "Sweeper thread" daemon [_thread_blocked, id=20064, stack(0x0000008fbe200000,0x0000008fbe300000)]
  0x0000019e4c8bf550 JavaThread "Common-Cleaner" daemon [_thread_blocked, id=17188, stack(0x0000008fbe300000,0x0000008fbe400000)]
  0x0000019e4c8c0990 JavaThread "Notification Thread" daemon [_thread_blocked, id=15864, stack(0x0000008fbe600000,0x0000008fbe700000)]
  0x0000019e4c8c18c0 JavaThread "QuantumRenderer-0" daemon [_thread_blocked, id=12876, stack(0x0000008fbe800000,0x0000008fbe900000)]
  0x0000019e4c8c13b0 JavaThread "InvokeLaterDispatcher" daemon [_thread_blocked, id=16700, stack(0x0000008fbe900000,0x0000008fbea00000)]
=>0x0000019e4c8c22e0 JavaThread "JavaFX Application Thread" [_thread_in_native, id=20200, stack(0x0000008fbea00000,0x0000008fbeb00000)]
  0x0000019e4c8c1dd0 JavaThread "JavaFX-Launcher" [_thread_blocked, id=2712, stack(0x0000008fbfa00000,0x0000008fbfb00000)]
  0x0000019e4c8c0ea0 JavaThread "Thread-2" daemon [_thread_in_native, id=4716, stack(0x0000008fbe500000,0x0000008fbe600000)]
  0x0000019e4c8c0480 JavaThread "mysql-cj-abandoned-connection-cleanup" daemon [_thread_blocked, id=20380, stack(0x0000008fc0200000,0x0000008fc0300000)]
  0x0000019e4c8c27f0 JavaThread "Prism Font Disposer" daemon [_thread_blocked, id=6716, stack(0x0000008fc0e00000,0x0000008fc0f00000)]
  0x0000019e4c8bfa60 JavaThread "Cleaner-0" daemon [_thread_blocked, id=15028, stack(0x0000008fc0f00000,0x0000008fc1000000)]

Other Threads:
  0x0000019e4c6eaa40 VMThread "VM Thread" [stack: 0x0000008fbd900000,0x0000008fbda00000] [id=14016]
  0x0000019e51090d20 WatcherThread [stack: 0x0000008fbe700000,0x0000008fbe800000] [id=20024]
  0x0000019e2d69b200 GCTaskThread "GC Thread#0" [stack: 0x0000008fbd400000,0x0000008fbd500000] [id=2988]
  0x0000019e51ecfd80 GCTaskThread "GC Thread#1" [stack: 0x0000008fbfb00000,0x0000008fbfc00000] [id=20016]
  0x0000019e51efa170 GCTaskThread "GC Thread#2" [stack: 0x0000008fbfc00000,0x0000008fbfd00000] [id=18376]
  0x0000019e51f4b020 GCTaskThread "GC Thread#3" [stack: 0x0000008fbfd00000,0x0000008fbfe00000] [id=20324]
  0x0000019e51f9a300 GCTaskThread "GC Thread#4" [stack: 0x0000008fbfe00000,0x0000008fbff00000] [id=17172]
  0x0000019e51f9ae00 GCTaskThread "GC Thread#5" [stack: 0x0000008fbff00000,0x0000008fc0000000] [id=15304]
  0x0000019e51f9a5c0 GCTaskThread "GC Thread#6" [stack: 0x0000008fc0000000,0x0000008fc0100000] [id=9164]
  0x0000019e51f9a880 GCTaskThread "GC Thread#7" [stack: 0x0000008fc0300000,0x0000008fc0400000] [id=15752]
  0x0000019e51f9b900 GCTaskThread "GC Thread#8" [stack: 0x0000008fc0400000,0x0000008fc0500000] [id=17964]
  0x0000019e51f9bbc0 GCTaskThread "GC Thread#9" [stack: 0x0000008fc0500000,0x0000008fc0600000] [id=8960]
  0x0000019e2d6abbb0 ConcurrentGCThread "G1 Main Marker" [stack: 0x0000008fbd500000,0x0000008fbd600000] [id=2892]
  0x0000019e2d6ae4f0 ConcurrentGCThread "G1 Conc#0" [stack: 0x0000008fbd600000,0x0000008fbd700000] [id=14916]
  0x0000019e51f9b0c0 ConcurrentGCThread "G1 Conc#1" [stack: 0x0000008fc0600000,0x0000008fc0700000] [id=9408]
  0x0000019e51f9a040 ConcurrentGCThread "G1 Conc#2" [stack: 0x0000008fc0700000,0x0000008fc0800000] [id=12232]
  0x0000019e4bba5a10 ConcurrentGCThread "G1 Refine#0" [stack: 0x0000008fbd700000,0x0000008fbd800000] [id=15460]
  0x0000019e5cc299f0 ConcurrentGCThread "G1 Refine#1" [stack: 0x0000008fc0800000,0x0000008fc0900000] [id=3104]
  0x0000019e5233f840 ConcurrentGCThread "G1 Refine#2" [stack: 0x0000008fc0900000,0x0000008fc0a00000] [id=18472]
  0x0000019e5c0cfa60 ConcurrentGCThread "G1 Refine#3" [stack: 0x0000008fc0a00000,0x0000008fc0b00000] [id=18524]
  0x0000019e4bba6350 ConcurrentGCThread "G1 Service" [stack: 0x0000008fbd800000,0x0000008fbd900000] [id=17320]

Threads with active compile tasks:

VM state: not at safepoint (normal execution)

VM Mutex/Monitor currently owned by a thread: None

Heap address: 0x0000000704a00000, size: 4022 MB, Compressed Oops mode: Zero based, Oop shift amount: 3

CDS archive(s) not mapped
Compressed class space mapped at: 0x0000000800000000-0x0000000840000000, reserved size: 1073741824
Narrow klass base: 0x0000000800000000, Narrow klass shift: 0, Narrow klass range: 0x40000000

GC Precious Log:
 CPUs: 12 total, 12 available
 Memory: 16085M
 Large Page Support: Disabled
 NUMA Support: Disabled
 Compressed Oops: Enabled (Zero based)
 Heap Region Size: 2M
 Heap Min Capacity: 8M
 Heap Initial Capacity: 252M
 Heap Max Capacity: 4022M
 Pre-touch: Disabled
 Parallel Workers: 10
 Concurrent Workers: 3
 Concurrent Refinement Workers: 10
 Periodic GC: Disabled

Heap:
 garbage-first heap   total 110592K, used 83857K [0x0000000704a00000, 0x0000000800000000)
  region size 2048K, 28 young (57344K), 3 survivors (6144K)
 Metaspace       used 32000K, committed 32256K, reserved 1114112K
  class space    used 4233K, committed 4352K, reserved 1048576K

Heap Regions: E=young(eden), S=young(survivor), O=old, HS=humongous(starts), HC=humongous(continues), CS=collection set, F=free, OA=open archive, CA=closed archive, TAMS=top-at-mark-start (previous, next)
|   0|0x0000000704a00000, 0x0000000704c00000, 0x0000000704c00000|100%|HS|  |TAMS 0x0000000704c00000, 0x0000000704a00000| Complete 
|   1|0x0000000704c00000, 0x0000000704e00000, 0x0000000704e00000|100%|HC|  |TAMS 0x0000000704e00000, 0x0000000704c00000| Complete 
|   2|0x0000000704e00000, 0x0000000705000000, 0x0000000705000000|100%|HC|  |TAMS 0x0000000705000000, 0x0000000704e00000| Complete 
|   3|0x0000000705000000, 0x0000000705200000, 0x0000000705200000|100%|HC|  |TAMS 0x0000000705200000, 0x0000000705000000| Complete 
|   4|0x0000000705200000, 0x0000000705400000, 0x0000000705400000|100%|HC|  |TAMS 0x0000000705400000, 0x0000000705200000| Complete 
|   5|0x0000000705400000, 0x0000000705600000, 0x0000000705600000|100%|HS|  |TAMS 0x0000000705600000, 0x0000000705400000| Complete 
|   6|0x0000000705600000, 0x0000000705800000, 0x0000000705800000|100%|HC|  |TAMS 0x0000000705800000, 0x0000000705600000| Complete 
|   7|0x0000000705800000, 0x0000000705a00000, 0x0000000705a00000|100%|HC|  |TAMS 0x0000000705a00000, 0x0000000705800000| Complete 
|   8|0x0000000705a00000, 0x0000000705c00000, 0x0000000705c00000|100%|HC|  |TAMS 0x0000000705c00000, 0x0000000705a00000| Complete 
|   9|0x0000000705c00000, 0x0000000705e00000, 0x0000000705e00000|100%|HC|  |TAMS 0x0000000705e00000, 0x0000000705c00000| Complete 
|  10|0x0000000705e00000, 0x0000000706000000, 0x0000000706000000|100%|HS|  |TAMS 0x0000000706000000, 0x0000000705e00000| Complete 
|  11|0x0000000706000000, 0x00000007061e4400, 0x0000000706200000| 94%| O|  |TAMS 0x0000000706000000, 0x0000000706000000| Untracked 
|  12|0x0000000706200000, 0x0000000706400000, 0x0000000706400000|100%|HS|  |TAMS 0x0000000706200000, 0x0000000706200000| Complete 
|  13|0x0000000706400000, 0x0000000706600000, 0x0000000706600000|100%|HS|  |TAMS 0x0000000706400000, 0x0000000706400000| Complete 
|  14|0x0000000706600000, 0x0000000706600000, 0x0000000706800000|  0%| F|  |TAMS 0x0000000706600000, 0x0000000706600000| Untracked 
|  15|0x0000000706800000, 0x0000000706800000, 0x0000000706a00000|  0%| F|  |TAMS 0x0000000706800000, 0x0000000706800000| Untracked 
|  16|0x0000000706a00000, 0x0000000706a00000, 0x0000000706c00000|  0%| F|  |TAMS 0x0000000706a00000, 0x0000000706a00000| Untracked 
|  17|0x0000000706c00000, 0x0000000706c00000, 0x0000000706e00000|  0%| F|  |TAMS 0x0000000706c00000, 0x0000000706c00000| Untracked 
|  18|0x0000000706e00000, 0x0000000706e00000, 0x0000000707000000|  0%| F|  |TAMS 0x0000000706e00000, 0x0000000706e00000| Untracked 
|  19|0x0000000707000000, 0x0000000707000000, 0x0000000707200000|  0%| F|  |TAMS 0x0000000707000000, 0x0000000707000000| Untracked 
|  20|0x0000000707200000, 0x0000000707200000, 0x0000000707400000|  0%| F|  |TAMS 0x0000000707200000, 0x0000000707200000| Untracked 
|  21|0x0000000707400000, 0x0000000707400000, 0x0000000707600000|  0%| F|  |TAMS 0x0000000707400000, 0x0000000707400000| Untracked 
|  22|0x0000000707600000, 0x0000000707600000, 0x0000000707800000|  0%| F|  |TAMS 0x0000000707600000, 0x0000000707600000| Untracked 
|  23|0x0000000707800000, 0x0000000707800000, 0x0000000707a00000|  0%| F|  |TAMS 0x0000000707800000, 0x0000000707800000| Untracked 
|  24|0x0000000707a00000, 0x0000000707a00000, 0x0000000707c00000|  0%| F|  |TAMS 0x0000000707a00000, 0x0000000707a00000| Untracked 
|  25|0x0000000707c00000, 0x0000000707c00000, 0x0000000707e00000|  0%| F|  |TAMS 0x0000000707c00000, 0x0000000707c00000| Untracked 
|  26|0x0000000707e00000, 0x0000000707fd78b0, 0x0000000708000000| 92%| E|  |TAMS 0x0000000707e00000, 0x0000000707e00000| Complete 
|  27|0x0000000708000000, 0x0000000708200000, 0x0000000708200000|100%| E|CS|TAMS 0x0000000708000000, 0x0000000708000000| Complete 
|  28|0x0000000708200000, 0x0000000708400000, 0x0000000708400000|100%| E|CS|TAMS 0x0000000708200000, 0x0000000708200000| Complete 
|  29|0x0000000708400000, 0x0000000708600000, 0x0000000708600000|100%| E|CS|TAMS 0x0000000708400000, 0x0000000708400000| Complete 
|  30|0x0000000708600000, 0x0000000708800000, 0x0000000708800000|100%| E|CS|TAMS 0x0000000708600000, 0x0000000708600000| Complete 
|  31|0x0000000708800000, 0x0000000708a00000, 0x0000000708a00000|100%| E|CS|TAMS 0x0000000708800000, 0x0000000708800000| Complete 
|  32|0x0000000708a00000, 0x0000000708c00000, 0x0000000708c00000|100%| E|CS|TAMS 0x0000000708a00000, 0x0000000708a00000| Complete 
|  33|0x0000000708c00000, 0x0000000708e00000, 0x0000000708e00000|100%| E|CS|TAMS 0x0000000708c00000, 0x0000000708c00000| Complete 
|  34|0x0000000708e00000, 0x0000000709000000, 0x0000000709000000|100%| E|CS|TAMS 0x0000000708e00000, 0x0000000708e00000| Complete 
|  35|0x0000000709000000, 0x0000000709200000, 0x0000000709200000|100%| E|CS|TAMS 0x0000000709000000, 0x0000000709000000| Complete 
|  36|0x0000000709200000, 0x0000000709400000, 0x0000000709400000|100%| E|CS|TAMS 0x0000000709200000, 0x0000000709200000| Complete 
|  37|0x0000000709400000, 0x0000000709600000, 0x0000000709600000|100%| E|CS|TAMS 0x0000000709400000, 0x0000000709400000| Complete 
|  38|0x0000000709600000, 0x0000000709800000, 0x0000000709800000|100%| E|CS|TAMS 0x0000000709600000, 0x0000000709600000| Complete 
|  39|0x0000000709800000, 0x0000000709a00000, 0x0000000709a00000|100%| E|CS|TAMS 0x0000000709800000, 0x0000000709800000| Complete 
|  40|0x0000000709a00000, 0x0000000709c00000, 0x0000000709c00000|100%| E|CS|TAMS 0x0000000709a00000, 0x0000000709a00000| Complete 
|  41|0x0000000709c00000, 0x0000000709e00000, 0x0000000709e00000|100%| E|CS|TAMS 0x0000000709c00000, 0x0000000709c00000| Complete 
|  42|0x0000000709e00000, 0x000000070a000000, 0x000000070a000000|100%| E|CS|TAMS 0x0000000709e00000, 0x0000000709e00000| Complete 
|  43|0x000000070a000000, 0x000000070a200000, 0x000000070a200000|100%| E|CS|TAMS 0x000000070a000000, 0x000000070a000000| Complete 
|  44|0x000000070a200000, 0x000000070a400000, 0x000000070a400000|100%| E|CS|TAMS 0x000000070a200000, 0x000000070a200000| Complete 
|  45|0x000000070a400000, 0x000000070a600000, 0x000000070a600000|100%| E|CS|TAMS 0x000000070a400000, 0x000000070a400000| Complete 
|  46|0x000000070a600000, 0x000000070a800000, 0x000000070a800000|100%| E|CS|TAMS 0x000000070a600000, 0x000000070a600000| Complete 
|  47|0x000000070a800000, 0x000000070aa00000, 0x000000070aa00000|100%| E|CS|TAMS 0x000000070a800000, 0x000000070a800000| Complete 
|  48|0x000000070aa00000, 0x000000070ac00000, 0x000000070ac00000|100%| E|CS|TAMS 0x000000070aa00000, 0x000000070aa00000| Complete 
|  49|0x000000070ac00000, 0x000000070ae00000, 0x000000070ae00000|100%| E|CS|TAMS 0x000000070ac00000, 0x000000070ac00000| Complete 
| 103|0x0000000711800000, 0x0000000711a00000, 0x0000000711a00000|100%| S|CS|TAMS 0x0000000711800000, 0x0000000711800000| Complete 
| 104|0x0000000711a00000, 0x0000000711c00000, 0x0000000711c00000|100%| S|CS|TAMS 0x0000000711a00000, 0x0000000711a00000| Complete 
| 105|0x0000000711c00000, 0x0000000711e00000, 0x0000000711e00000|100%| S|CS|TAMS 0x0000000711c00000, 0x0000000711c00000| Complete 
| 125|0x0000000714400000, 0x0000000714600000, 0x0000000714600000|100%| E|CS|TAMS 0x0000000714400000, 0x0000000714400000| Complete 

Card table byte_map: [0x0000019e40b40000,0x0000019e41320000] _byte_map_base: 0x0000019e3d31b000

Marking Bits (Prev, Next): (CMBitMap*) 0x0000019e2d69b770, (CMBitMap*) 0x0000019e2d69b730
 Prev Bits: [0x0000019e459e0000, 0x0000019e498b8000)
 Next Bits: [0x0000019e41b00000, 0x0000019e459d8000)

Polling page: 0x0000019e2b550000

Metaspace:

Usage:
  Non-class:     27.12 MB used.
      Class:      4.13 MB used.
       Both:     31.25 MB used.

Virtual space:
  Non-class space:       64.00 MB reserved,      27.25 MB ( 43%) committed,  1 nodes.
      Class space:        1.00 GB reserved,       4.25 MB ( <1%) committed,  1 nodes.
             Both:        1.06 GB reserved,      31.50 MB (  3%) committed. 

Chunk freelists:
   Non-Class:  4.33 MB
       Class:  11.76 MB
        Both:  16.09 MB

MaxMetaspaceSize: unlimited
CompressedClassSpaceSize: 1.00 GB
Initial GC threshold: 21.00 MB
Current GC threshold: 35.12 MB
CDS: off
MetaspaceReclaimPolicy: balanced
 - commit_granule_bytes: 65536.
 - commit_granule_words: 8192.
 - virtual_space_node_default_size: 8388608.
 - enlarge_chunks_in_place: 1.
 - new_chunks_are_fully_committed: 0.
 - uncommit_free_chunks: 1.
 - use_allocation_guard: 0.
 - handle_deallocations: 1.


Internal statistics:

num_allocs_failed_limit: 3.
num_arena_births: 224.
num_arena_deaths: 0.
num_vsnodes_births: 2.
num_vsnodes_deaths: 0.
num_space_committed: 504.
num_space_uncommitted: 0.
num_chunks_returned_to_freelist: 3.
num_chunks_taken_from_freelist: 999.
num_chunk_merges: 0.
num_chunk_splits: 712.
num_chunks_enlarged: 557.
num_inconsistent_stats: 0.

CodeHeap 'non-profiled nmethods': size=120000Kb used=2036Kb max_used=2036Kb free=117963Kb
 bounds [0x0000019e388e0000, 0x0000019e38b50000, 0x0000019e3fe10000]
CodeHeap 'profiled nmethods': size=120000Kb used=7936Kb max_used=7936Kb free=112063Kb
 bounds [0x0000019e30e10000, 0x0000019e315e0000, 0x0000019e38340000]
CodeHeap 'non-nmethods': size=5760Kb used=1476Kb max_used=1524Kb free=4283Kb
 bounds [0x0000019e38340000, 0x0000019e385b0000, 0x0000019e388e0000]
 total_blobs=4767 nmethods=3916 adapters=761
 compilation: enabled
              stopped_count=0, restarted_count=0
 full_count=0

Compilation events (20 events):
Event: 3.552 Thread 0x0000019e4c7522c0 3911       3       javafx.collections.WeakListChangeListener::wasGarbageCollected (16 bytes)
Event: 3.552 Thread 0x0000019e4c7522c0 nmethod 3911 0x0000019e315c9210 code [0x0000019e315c93a0, 0x0000019e315c95d8]
Event: 3.552 Thread 0x0000019e4c7522c0 3910       1       javafx.scene.Node$FocusPropertyBase::set (6 bytes)
Event: 3.552 Thread 0x0000019e4c7522c0 nmethod 3910 0x0000019e38acd790 code [0x0000019e38acd920, 0x0000019e38acd9f8]
Event: 3.552 Thread 0x0000019e4c7522c0 3905       1       com.sun.prism.paint.Paint$Type::isImagePattern (5 bytes)
Event: 3.552 Thread 0x0000019e4c7522c0 nmethod 3905 0x0000019e38acda90 code [0x0000019e38acdc20, 0x0000019e38acdcf8]
Event: 3.553 Thread 0x0000019e4c7522c0 3915       3       com.sun.prism.impl.BaseResourcePool$WeakLinkedList::getResource (11 bytes)
Event: 3.553 Thread 0x0000019e4c7522c0 nmethod 3915 0x0000019e315c9690 code [0x0000019e315c9840, 0x0000019e315c9b18]
Event: 3.553 Thread 0x0000019e4c7522c0 3916       3       java.lang.reflect.AccessibleObject::checkCanSetAccessible (9 bytes)
Event: 3.554 Thread 0x0000019e4c7522c0 nmethod 3916 0x0000019e315c9c10 code [0x0000019e315c9da0, 0x0000019e315c9ee8]
Event: 3.554 Thread 0x0000019e4c7522c0 3917       3       java.lang.reflect.AccessibleObject::checkCanSetAccessible (368 bytes)
Event: 3.555 Thread 0x0000019e4c7522c0 nmethod 3917 0x0000019e315c9f90 code [0x0000019e315ca6c0, 0x0000019e315ce048]
Event: 3.555 Thread 0x0000019e4c7522c0 3919       3       javafx.event.Event::copyFor (45 bytes)
Event: 3.555 Thread 0x0000019e4c7522c0 nmethod 3919 0x0000019e315cf390 code [0x0000019e315cf580, 0x0000019e315cfb18]
Event: 3.555 Thread 0x0000019e4c7522c0 3918       1       javafx.scene.Camera::getViewHeight (5 bytes)
Event: 3.555 Thread 0x0000019e4c7522c0 nmethod 3918 0x0000019e38acdd90 code [0x0000019e38acdf20, 0x0000019e38acdff8]
Event: 3.577 Thread 0x0000019e4c7522c0 3920       3       java.util.ArrayList::fastRemove (44 bytes)
Event: 3.577 Thread 0x0000019e4c7519b0 nmethod 3901 0x0000019e38ace090 code [0x0000019e38ace380, 0x0000019e38ad0590]
Event: 3.577 Thread 0x0000019e4c7522c0 nmethod 3920 0x0000019e315cfc90 code [0x0000019e315cfe40, 0x0000019e315d0248]
Event: 3.577 Thread 0x0000019e4c7519b0 3913       4       com.sun.javafx.geom.transform.AffineBase::doTransform (657 bytes)

GC Heap History (4 events):
Event: 0.428 GC heap before
{Heap before GC invocations=0 (full 0):
 garbage-first heap   total 258048K, used 20480K [0x0000000704a00000, 0x0000000800000000)
  region size 2048K, 11 young (22528K), 0 survivors (0K)
 Metaspace       used 12120K, committed 12352K, reserved 1114112K
  class space    used 1254K, committed 1344K, reserved 1048576K
}
Event: 0.430 GC heap after
{Heap after GC invocations=1 (full 0):
 garbage-first heap   total 258048K, used 3548K [0x0000000704a00000, 0x0000000800000000)
  region size 2048K, 2 young (4096K), 2 survivors (4096K)
 Metaspace       used 12120K, committed 12352K, reserved 1114112K
  class space    used 1254K, committed 1344K, reserved 1048576K
}
Event: 0.871 GC heap before
{Heap before GC invocations=1 (full 0):
 garbage-first heap   total 258048K, used 60892K [0x0000000704a00000, 0x0000000800000000)
  region size 2048K, 20 young (40960K), 2 survivors (4096K)
 Metaspace       used 21313K, committed 21504K, reserved 1114112K
  class space    used 2423K, committed 2496K, reserved 1048576K
}
Event: 0.876 GC heap after
{Heap after GC invocations=2 (full 0):
 garbage-first heap   total 258048K, used 30609K [0x0000000704a00000, 0x0000000800000000)
  region size 2048K, 3 young (6144K), 3 survivors (6144K)
 Metaspace       used 21313K, committed 21504K, reserved 1114112K
  class space    used 2423K, committed 2496K, reserved 1048576K
}

Dll operation events (2 events):
Event: 0.004 Loaded shared library C:\Users\User\.jdks\jbr-17.0.12\bin\java.dll
Event: 0.020 Loaded shared library C:\Users\User\.jdks\jbr-17.0.12\bin\jsvml.dll

Deoptimization events (20 events):
Event: 3.259 Thread 0x0000019e4c8c18c0 DEOPT PACKING pc=0x0000019e31487209 sp=0x0000008fbe8fd770
Event: 3.259 Thread 0x0000019e4c8c18c0 DEOPT UNPACKING pc=0x0000019e38397143 sp=0x0000008fbe8fcbc0 mode 0
Event: 3.339 Thread 0x0000019e4c8c18c0 DEOPT PACKING pc=0x0000019e31486fc8 sp=0x0000008fbe8fd770
Event: 3.339 Thread 0x0000019e4c8c18c0 DEOPT UNPACKING pc=0x0000019e38397143 sp=0x0000008fbe8fcbc0 mode 0
Event: 3.419 Thread 0x0000019e4c8c22e0 Uncommon trap: trap_request=0xffffff45 fr.pc=0x0000019e38a8976c relative=0x000000000000030c
Event: 3.419 Thread 0x0000019e4c8c22e0 Uncommon trap: reason=unstable_if action=reinterpret pc=0x0000019e38a8976c method=javafx.scene.Parent.setChildDirty(Ljavafx/scene/Node;Z)V @ 22 c2
Event: 3.419 Thread 0x0000019e4c8c22e0 DEOPT PACKING pc=0x0000019e38a8976c sp=0x0000008fbeafa6b0
Event: 3.419 Thread 0x0000019e4c8c22e0 DEOPT UNPACKING pc=0x0000019e383969a3 sp=0x0000008fbeafa520 mode 2
Event: 3.549 Thread 0x0000019e4c8c18c0 Uncommon trap: trap_request=0xffffff6e fr.pc=0x0000019e38acc710 relative=0x00000000000007f0
Event: 3.549 Thread 0x0000019e4c8c18c0 Uncommon trap: reason=loop_limit_check action=maybe_recompile pc=0x0000019e38acc710 method=com.sun.javafx.geom.transform.AffineBase.doTransform([FI[FIII)V @ 464 c2
Event: 3.549 Thread 0x0000019e4c8c18c0 DEOPT PACKING pc=0x0000019e38acc710 sp=0x0000008fbe8fd7c0
Event: 3.549 Thread 0x0000019e4c8c18c0 DEOPT UNPACKING pc=0x0000019e383969a3 sp=0x0000008fbe8fd6d8 mode 2
Event: 3.551 Thread 0x0000019e4c8c18c0 Uncommon trap: trap_request=0xffffff6e fr.pc=0x0000019e38ac4450 relative=0x0000000000003fb0
Event: 3.551 Thread 0x0000019e4c8c18c0 Uncommon trap: reason=loop_limit_check action=maybe_recompile pc=0x0000019e38ac4450 method=com.sun.marlin.Renderer._endRendering(IILcom/sun/marlin/MarlinAlphaConsumer;)V @ 1116 c2
Event: 3.551 Thread 0x0000019e4c8c18c0 DEOPT PACKING pc=0x0000019e38ac4450 sp=0x0000008fbe8fd0c0
Event: 3.551 Thread 0x0000019e4c8c18c0 DEOPT UNPACKING pc=0x0000019e383969a3 sp=0x0000008fbe8fcf68 mode 2
Event: 3.551 Thread 0x0000019e4c8c18c0 Uncommon trap: trap_request=0xffffff6e fr.pc=0x0000019e38ab60bc relative=0x00000000000062fc
Event: 3.551 Thread 0x0000019e4c8c18c0 Uncommon trap: reason=loop_limit_check action=maybe_recompile pc=0x0000019e38ab60bc method=com.sun.marlin.Renderer._endRendering(IILcom/sun/marlin/MarlinAlphaConsumer;)V @ 1116 c2
Event: 3.551 Thread 0x0000019e4c8c18c0 DEOPT PACKING pc=0x0000019e38ab60bc sp=0x0000008fbe8fd020
Event: 3.551 Thread 0x0000019e4c8c18c0 DEOPT UNPACKING pc=0x0000019e383969a3 sp=0x0000008fbe8fcf78 mode 2

Classes unloaded (0 events):
No events

Classes redefined (0 events):
No events

Internal exceptions (20 events):
Event: 0.989 Thread 0x0000019e4c8c22e0 Implicit null exception at 0x0000019e3890038f to 0x0000019e38900409
Event: 1.001 Thread 0x0000019e4c8c22e0 Exception <a 'java/io/FileNotFoundException'{0x000000070a70c4a0}> (0x000000070a70c4a0) 
thrown [s\src\hotspot\share\prims\jni.cpp, line 517]
Event: 1.082 Thread 0x0000019e4c8c22e0 Exception <a 'java/lang/NoSuchMethodError'{0x000000070a07f8a8}: 'java.lang.Object java.lang.invoke.DirectMethodHandle$Holder.invokeInterface(java.lang.Object, java.lang.Object, java.lang.Object)'> (0x000000070a07f8a8) 
thrown [s\src\hotspot\share\interpreter\linkResolver.cpp, line 771]
Event: 1.082 Thread 0x0000019e4c8c22e0 Exception <a 'java/lang/IncompatibleClassChangeError'{0x000000070a083218}: Found class java.lang.Object, but interface was expected> (0x000000070a083218) 
thrown [s\src\hotspot\share\interpreter\linkResolver.cpp, line 838]
Event: 1.113 Thread 0x0000019e4c8c22e0 Exception <a 'java/io/FileNotFoundException'{0x0000000709e84940}> (0x0000000709e84940) 
thrown [s\src\hotspot\share\prims\jni.cpp, line 517]
Event: 1.125 Thread 0x0000019e4c8c22e0 Exception <a 'java/lang/ClassNotFoundException'{0x0000000709fa5478}: com/sun/javafx/scene/control/skin/resources/controls> (0x0000000709fa5478) 
thrown [s\src\hotspot\share\prims\jni.cpp, line 536]
Event: 1.126 Thread 0x0000019e4c8c22e0 Exception <a 'java/lang/ClassNotFoundException'{0x0000000709fb3b48}: com/sun/javafx/scene/control/skin/resources/controls_en> (0x0000000709fb3b48) 
thrown [s\src\hotspot\share\prims\jni.cpp, line 536]
Event: 1.126 Thread 0x0000019e4c8c22e0 Exception <a 'java/lang/ClassNotFoundException'{0x0000000709fb5448}: com/sun/javafx/scene/control/skin/resources/controls_en_US> (0x0000000709fb5448) 
thrown [s\src\hotspot\share\prims\jni.cpp, line 536]
Event: 1.275 Thread 0x0000019e4c8c22e0 Exception <a 'java/lang/NoSuchMethodError'{0x0000000709113b50}: 'java.lang.Object java.lang.invoke.DirectMethodHandle$Holder.newInvokeSpecial(java.lang.Object, java.lang.Object, int)'> (0x0000000709113b50) 
thrown [s\src\hotspot\share\interpreter\linkResolver.cpp, line 771]
Event: 1.319 Thread 0x0000019e4c8c18c0 Exception <a 'java/lang/NoSuchMethodError'{0x0000000708f1ac08}: 'int java.lang.invoke.DirectMethodHandle$Holder.invokeStaticInit(java.lang.Object, java.lang.Object)'> (0x0000000708f1ac08) 
thrown [s\src\hotspot\share\interpreter\linkResolver.cpp, line 771]
Event: 1.421 Thread 0x0000019e4c8c18c0 Exception <a 'java/lang/NoSuchMethodError'{0x0000000708a883c8}: 'java.lang.Object java.lang.invoke.DirectMethodHandle$Holder.invokeStaticInit(java.lang.Object, int)'> (0x0000000708a883c8) 
thrown [s\src\hotspot\share\interpreter\linkResolver.cpp, line 771]
Event: 1.518 Thread 0x0000019e4c8c22e0 Exception <a 'java/lang/NoSuchMethodError'{0x0000000708840ad0}: 'long java.lang.invoke.DirectMethodHandle$Holder.invokeStatic(java.lang.Object, java.lang.Object, java.lang.Object)'> (0x0000000708840ad0) 
thrown [s\src\hotspot\share\interpreter\linkResolver.cpp, line 771]
Event: 1.518 Thread 0x0000019e4c8c22e0 Exception <a 'java/lang/NoSuchMethodError'{0x0000000708844278}: 'long java.lang.invoke.DirectMethodHandle$Holder.invokeStaticInit(java.lang.Object, java.lang.Object, java.lang.Object)'> (0x0000000708844278) 
thrown [s\src\hotspot\share\interpreter\linkResolver.cpp, line 771]
Event: 1.519 Thread 0x0000019e4c8c22e0 Exception <a 'java/lang/NoSuchMethodError'{0x000000070885be78}: 'java.lang.Object java.lang.invoke.DirectMethodHandle$Holder.newInvokeSpecial(java.lang.Object, java.lang.Object, long)'> (0x000000070885be78) 
thrown [s\src\hotspot\share\interpreter\linkResolver.cpp, line 771]
Event: 1.519 Thread 0x0000019e4c8c22e0 Exception <a 'java/lang/NoSuchMethodError'{0x000000070885f9e8}: 'java.lang.Object java.lang.invoke.Invokers$Holder.linkToTargetMethod(java.lang.Object, long, java.lang.Object)'> (0x000000070885f9e8) 
thrown [s\src\hotspot\share\interpreter\linkResolver.cpp, line 771]
Event: 2.267 Thread 0x0000019e4c8c22e0 Exception <a 'java/lang/ClassNotFoundException'{0x0000000708436f58}: com/sun/javafx/scene/control/skin/resources/controls-nt> (0x0000000708436f58) 
thrown [s\src\hotspot\share\prims\jni.cpp, line 536]
Event: 2.267 Thread 0x0000019e4c8c22e0 Exception <a 'java/lang/ClassNotFoundException'{0x000000070843faa8}: com/sun/javafx/scene/control/skin/resources/controls-nt_en> (0x000000070843faa8) 
thrown [s\src\hotspot\share\prims\jni.cpp, line 536]
Event: 2.268 Thread 0x0000019e4c8c22e0 Exception <a 'java/lang/ClassNotFoundException'{0x00000007084416a8}: com/sun/javafx/scene/control/skin/resources/controls-nt_en_US> (0x00000007084416a8) 
thrown [s\src\hotspot\share\prims\jni.cpp, line 536]
Event: 2.292 Thread 0x0000019e4c8c22e0 Exception <a 'java/lang/NoSuchMethodError'{0x00000007082bb928}: 'void java.lang.invoke.DirectMethodHandle$Holder.invokeSpecial(java.lang.Object, java.lang.Object, java.lang.Object, java.lang.Object, java.lang.Object, java.lang.Object)'> (0x00000007082bb928) 
thrown [s\src\hotspot\share\interpreter\linkResolver.cpp, line 771]
Event: 3.414 Thread 0x0000019e4c8c22e0 Exception <a 'java/lang/NoSuchMethodError'{0x00000007081dd280}: 'void java.lang.invoke.DirectMethodHandle$Holder.invokeVirtual(java.lang.Object, java.lang.Object)'> (0x00000007081dd280) 
thrown [s\src\hotspot\share\interpreter\linkResolver.cpp, line 771]

VM Operations (20 events):
Event: 1.225 Executing VM operation: ICBufferFull
Event: 1.225 Executing VM operation: ICBufferFull done
Event: 1.515 Executing VM operation: ICBufferFull
Event: 1.515 Executing VM operation: ICBufferFull done
Event: 2.251 Executing VM operation: HandshakeAllThreads
Event: 2.251 Executing VM operation: HandshakeAllThreads done
Event: 2.254 Executing VM operation: HandshakeAllThreads
Event: 2.254 Executing VM operation: HandshakeAllThreads done
Event: 2.290 Executing VM operation: HandshakeAllThreads
Event: 2.290 Executing VM operation: HandshakeAllThreads done
Event: 2.291 Executing VM operation: HandshakeAllThreads
Event: 2.291 Executing VM operation: HandshakeAllThreads done
Event: 2.291 Executing VM operation: HandshakeAllThreads
Event: 2.291 Executing VM operation: HandshakeAllThreads done
Event: 2.291 Executing VM operation: HandshakeAllThreads
Event: 2.291 Executing VM operation: HandshakeAllThreads done
Event: 2.293 Executing VM operation: ICBufferFull
Event: 2.293 Executing VM operation: ICBufferFull done
Event: 3.294 Executing VM operation: Cleanup
Event: 3.294 Executing VM operation: Cleanup done

Events (20 events):
Event: 1.697 Thread 0x0000019e5204f330 Thread exited: 0x0000019e5204f330
Event: 1.697 Thread 0x0000019e4c9854f0 Thread exited: 0x0000019e4c9854f0
Event: 2.248 Thread 0x0000019e5d923150 Thread added: 0x0000019e5d923150
Event: 2.257 loading class java/time/chrono/Chronology
Event: 2.258 loading class java/time/chrono/Chronology done
Event: 2.259 loading class java/time/chrono/IsoChronology
Event: 2.259 loading class java/time/chrono/AbstractChronology
Event: 2.259 loading class java/time/chrono/AbstractChronology done
Event: 2.259 loading class java/time/chrono/IsoChronology done
Event: 2.260 loading class java/time/format/FormatStyle
Event: 2.260 loading class java/time/format/FormatStyle done
Event: 2.306 Thread 0x0000019e5dc51ff0 Thread added: 0x0000019e5dc51ff0
Event: 2.666 Thread 0x0000019e5dc51ff0 Thread exited: 0x0000019e5dc51ff0
Event: 2.683 Thread 0x0000019e5d923150 Thread exited: 0x0000019e5d923150
Event: 3.008 Thread 0x0000019e517aa090 Thread added: 0x0000019e517aa090
Event: 3.243 Thread 0x0000019e517aa090 Thread exited: 0x0000019e517aa090
Event: 3.572 loading class java/lang/Throwable$WrappedPrintStream
Event: 3.573 loading class java/lang/Throwable$PrintStreamOrWriter
Event: 3.573 loading class java/lang/Throwable$PrintStreamOrWriter done
Event: 3.573 loading class java/lang/Throwable$WrappedPrintStream done


Dynamic libraries:
0x00007ff745fe0000 - 0x00007ff745fea000 	C:\Users\User\.jdks\jbr-17.0.12\bin\java.exe
0x00007ffb16c90000 - 0x00007ffb16e88000 	C:\WINDOWS\SYSTEM32\ntdll.dll
0x00007ffb16660000 - 0x00007ffb16722000 	C:\WINDOWS\System32\KERNEL32.DLL
0x00007ffb14830000 - 0x00007ffb14b26000 	C:\WINDOWS\System32\KERNELBASE.dll
0x00007ffb14440000 - 0x00007ffb14540000 	C:\WINDOWS\System32\ucrtbase.dll
0x00007ffae84c0000 - 0x00007ffae84db000 	C:\Users\User\.jdks\jbr-17.0.12\bin\VCRUNTIME140.dll
0x00007ffb0d280000 - 0x00007ffb0d297000 	C:\Users\User\.jdks\jbr-17.0.12\bin\jli.dll
0x00007ffb152f0000 - 0x00007ffb1548d000 	C:\WINDOWS\System32\USER32.dll
0x00007ffb14800000 - 0x00007ffb14822000 	C:\WINDOWS\System32\win32u.dll
0x00007ffb165a0000 - 0x00007ffb165cb000 	C:\WINDOWS\System32\GDI32.dll
0x00007ffaf3ac0000 - 0x00007ffaf3d5a000 	C:\WINDOWS\WinSxS\amd64_microsoft.windows.common-controls_6595b64144ccf1df_6.0.19041.4355_none_60b8b9eb71f62e16\COMCTL32.dll
0x00007ffb14320000 - 0x00007ffb1443a000 	C:\WINDOWS\System32\gdi32full.dll
0x00007ffb14b30000 - 0x00007ffb14bcd000 	C:\WINDOWS\System32\msvcp_win.dll
0x00007ffb167d0000 - 0x00007ffb1686e000 	C:\WINDOWS\System32\msvcrt.dll
0x00007ffb165d0000 - 0x00007ffb165ff000 	C:\WINDOWS\System32\IMM32.DLL
0x00007ffb0d270000 - 0x00007ffb0d27c000 	C:\Users\User\.jdks\jbr-17.0.12\bin\vcruntime140_1.dll
0x00007ffae8430000 - 0x00007ffae84bd000 	C:\Users\User\.jdks\jbr-17.0.12\bin\msvcp140.dll
0x00007ffab0210000 - 0x00007ffab0e95000 	C:\Users\User\.jdks\jbr-17.0.12\bin\server\jvm.dll
0x00007ffb15240000 - 0x00007ffb152ef000 	C:\WINDOWS\System32\ADVAPI32.dll
0x00007ffb16730000 - 0x00007ffb167cf000 	C:\WINDOWS\System32\sechost.dll
0x00007ffb15e10000 - 0x00007ffb15f33000 	C:\WINDOWS\System32\RPCRT4.dll
0x00007ffb14bd0000 - 0x00007ffb14bf7000 	C:\WINDOWS\System32\bcrypt.dll
0x00007ffae5180000 - 0x00007ffae5189000 	C:\WINDOWS\SYSTEM32\WSOCK32.dll
0x00007ffb138b0000 - 0x00007ffb138fb000 	C:\WINDOWS\SYSTEM32\POWRPROF.dll
0x00007ffb0bf10000 - 0x00007ffb0bf37000 	C:\WINDOWS\SYSTEM32\WINMM.dll
0x00007ffb16210000 - 0x00007ffb1627b000 	C:\WINDOWS\System32\WS2_32.dll
0x00007ffb0a0c0000 - 0x00007ffb0a0ca000 	C:\WINDOWS\SYSTEM32\VERSION.dll
0x00007ffb13720000 - 0x00007ffb13732000 	C:\WINDOWS\SYSTEM32\UMPDC.dll
0x00007ffb12b30000 - 0x00007ffb12b42000 	C:\WINDOWS\SYSTEM32\kernel.appcore.dll
0x00007ffb0b710000 - 0x00007ffb0b71a000 	C:\Users\User\.jdks\jbr-17.0.12\bin\jimage.dll
0x00007ffb11bb0000 - 0x00007ffb11d94000 	C:\WINDOWS\SYSTEM32\DBGHELP.DLL
0x00007ffaf3f50000 - 0x00007ffaf3f84000 	C:\WINDOWS\SYSTEM32\dbgcore.DLL
0x00007ffb14540000 - 0x00007ffb145c2000 	C:\WINDOWS\System32\bcryptPrimitives.dll
0x00007ffae83f0000 - 0x00007ffae8415000 	C:\Users\User\.jdks\jbr-17.0.12\bin\java.dll
0x00007ffae83d0000 - 0x00007ffae83e8000 	C:\Users\User\.jdks\jbr-17.0.12\bin\zip.dll
0x00007ffac8040000 - 0x00007ffac8117000 	C:\Users\User\.jdks\jbr-17.0.12\bin\jsvml.dll
0x00007ffb156a0000 - 0x00007ffb15e0f000 	C:\WINDOWS\System32\SHELL32.dll
0x00007ffb12380000 - 0x00007ffb12b23000 	C:\WINDOWS\SYSTEM32\windows.storage.dll
0x00007ffb168f0000 - 0x00007ffb16c45000 	C:\WINDOWS\System32\combase.dll
0x00007ffb13d50000 - 0x00007ffb13d7b000 	C:\WINDOWS\SYSTEM32\Wldp.dll
0x00007ffb16130000 - 0x00007ffb161fd000 	C:\WINDOWS\System32\OLEAUT32.dll
0x00007ffb15f50000 - 0x00007ffb15ffd000 	C:\WINDOWS\System32\SHCORE.dll
0x00007ffb151e0000 - 0x00007ffb15235000 	C:\WINDOWS\System32\shlwapi.dll
0x00007ffb14250000 - 0x00007ffb14275000 	C:\WINDOWS\SYSTEM32\profapi.dll
0x00007ffacb730000 - 0x00007ffacb749000 	C:\Users\User\.jdks\jbr-17.0.12\bin\net.dll
0x00007ffb0dec0000 - 0x00007ffb0dfca000 	C:\WINDOWS\SYSTEM32\WINHTTP.dll
0x00007ffb13ab0000 - 0x00007ffb13b1c000 	C:\WINDOWS\system32\mswsock.dll
0x00007ffacb6a0000 - 0x00007ffacb6b6000 	C:\Users\User\.jdks\jbr-17.0.12\bin\nio.dll
0x0000019e2b620000 - 0x0000019e2b623000 	C:\Users\User\.openjfx\cache\22.0.2+4\amd64\api-ms-win-core-console-l1-1-0.dll
0x0000019e2b630000 - 0x0000019e2b633000 	C:\Users\User\.openjfx\cache\22.0.2+4\amd64\api-ms-win-core-console-l1-2-0.dll
0x0000019e2d530000 - 0x0000019e2d533000 	C:\Users\User\.openjfx\cache\22.0.2+4\amd64\api-ms-win-core-datetime-l1-1-0.dll
0x0000019e2d540000 - 0x0000019e2d543000 	C:\Users\User\.openjfx\cache\22.0.2+4\amd64\api-ms-win-core-debug-l1-1-0.dll
0x0000019e2d550000 - 0x0000019e2d553000 	C:\Users\User\.openjfx\cache\22.0.2+4\amd64\api-ms-win-core-errorhandling-l1-1-0.dll
0x0000019e2d560000 - 0x0000019e2d564000 	C:\Users\User\.openjfx\cache\22.0.2+4\amd64\api-ms-win-core-file-l1-1-0.dll
0x0000019e2d570000 - 0x0000019e2d573000 	C:\Users\User\.openjfx\cache\22.0.2+4\amd64\api-ms-win-core-file-l1-2-0.dll
0x0000019e2d580000 - 0x0000019e2d583000 	C:\Users\User\.openjfx\cache\22.0.2+4\amd64\api-ms-win-core-file-l2-1-0.dll
0x0000019e2d590000 - 0x0000019e2d593000 	C:\Users\User\.openjfx\cache\22.0.2+4\amd64\api-ms-win-core-handle-l1-1-0.dll
0x0000019e2d5a0000 - 0x0000019e2d5a3000 	C:\Users\User\.openjfx\cache\22.0.2+4\amd64\api-ms-win-core-heap-l1-1-0.dll
0x0000019e2d5b0000 - 0x0000019e2d5b3000 	C:\Users\User\.openjfx\cache\22.0.2+4\amd64\api-ms-win-core-interlocked-l1-1-0.dll
0x0000019e2d5c0000 - 0x0000019e2d5c3000 	C:\Users\User\.openjfx\cache\22.0.2+4\amd64\api-ms-win-core-libraryloader-l1-1-0.dll
0x0000019e2d5d0000 - 0x0000019e2d5d3000 	C:\Users\User\.openjfx\cache\22.0.2+4\amd64\api-ms-win-core-localization-l1-2-0.dll
0x0000019e2d5e0000 - 0x0000019e2d5e3000 	C:\Users\User\.openjfx\cache\22.0.2+4\amd64\api-ms-win-core-memory-l1-1-0.dll
0x0000019e4cb80000 - 0x0000019e4cb83000 	C:\Users\User\.openjfx\cache\22.0.2+4\amd64\api-ms-win-core-namedpipe-l1-1-0.dll
0x0000019e4cb90000 - 0x0000019e4cb93000 	C:\Users\User\.openjfx\cache\22.0.2+4\amd64\api-ms-win-core-processenvironment-l1-1-0.dll
0x0000019e4cba0000 - 0x0000019e4cba3000 	C:\Users\User\.openjfx\cache\22.0.2+4\amd64\api-ms-win-core-processthreads-l1-1-0.dll
0x0000019e4cbb0000 - 0x0000019e4cbb3000 	C:\Users\User\.openjfx\cache\22.0.2+4\amd64\api-ms-win-core-processthreads-l1-1-1.dll
0x0000019e4cbc0000 - 0x0000019e4cbc3000 	C:\Users\User\.openjfx\cache\22.0.2+4\amd64\api-ms-win-core-profile-l1-1-0.dll
0x0000019e4cbd0000 - 0x0000019e4cbd3000 	C:\Users\User\.openjfx\cache\22.0.2+4\amd64\api-ms-win-core-rtlsupport-l1-1-0.dll
0x0000019e4cbe0000 - 0x0000019e4cbe3000 	C:\Users\User\.openjfx\cache\22.0.2+4\amd64\api-ms-win-core-string-l1-1-0.dll
0x0000019e4cbf0000 - 0x0000019e4cbf3000 	C:\Users\User\.openjfx\cache\22.0.2+4\amd64\api-ms-win-core-synch-l1-1-0.dll
0x0000019e4cc00000 - 0x0000019e4cc03000 	C:\Users\User\.openjfx\cache\22.0.2+4\amd64\api-ms-win-core-synch-l1-2-0.dll
0x0000019e4cc10000 - 0x0000019e4cc13000 	C:\Users\User\.openjfx\cache\22.0.2+4\amd64\api-ms-win-core-sysinfo-l1-1-0.dll
0x0000019e4cc20000 - 0x0000019e4cc23000 	C:\Users\User\.openjfx\cache\22.0.2+4\amd64\api-ms-win-core-timezone-l1-1-0.dll
0x0000019e4cc30000 - 0x0000019e4cc33000 	C:\Users\User\.openjfx\cache\22.0.2+4\amd64\api-ms-win-core-util-l1-1-0.dll
0x0000019e4cc40000 - 0x0000019e4cc43000 	C:\Users\User\.openjfx\cache\22.0.2+4\amd64\api-ms-win-crt-conio-l1-1-0.dll
0x0000019e4cc50000 - 0x0000019e4cc54000 	C:\Users\User\.openjfx\cache\22.0.2+4\amd64\api-ms-win-crt-convert-l1-1-0.dll
0x0000019e4cc60000 - 0x0000019e4cc63000 	C:\Users\User\.openjfx\cache\22.0.2+4\amd64\api-ms-win-crt-environment-l1-1-0.dll
0x0000019e4cc70000 - 0x0000019e4cc73000 	C:\Users\User\.openjfx\cache\22.0.2+4\amd64\api-ms-win-crt-filesystem-l1-1-0.dll
0x0000019e4cc80000 - 0x0000019e4cc83000 	C:\Users\User\.openjfx\cache\22.0.2+4\amd64\api-ms-win-crt-heap-l1-1-0.dll
0x0000019e4cc90000 - 0x0000019e4cc93000 	C:\Users\User\.openjfx\cache\22.0.2+4\amd64\api-ms-win-crt-locale-l1-1-0.dll
0x0000019e4cca0000 - 0x0000019e4cca5000 	C:\Users\User\.openjfx\cache\22.0.2+4\amd64\api-ms-win-crt-math-l1-1-0.dll
0x0000019e4ccb0000 - 0x0000019e4ccb5000 	C:\Users\User\.openjfx\cache\22.0.2+4\amd64\api-ms-win-crt-multibyte-l1-1-0.dll
0x0000019e4ccc0000 - 0x0000019e4ccd0000 	C:\Users\User\.openjfx\cache\22.0.2+4\amd64\api-ms-win-crt-private-l1-1-0.dll
0x0000019e4ccd0000 - 0x0000019e4ccd3000 	C:\Users\User\.openjfx\cache\22.0.2+4\amd64\api-ms-win-crt-process-l1-1-0.dll
0x0000019e4cce0000 - 0x0000019e4cce4000 	C:\Users\User\.openjfx\cache\22.0.2+4\amd64\api-ms-win-crt-runtime-l1-1-0.dll
0x0000019e4ccf0000 - 0x0000019e4ccf4000 	C:\Users\User\.openjfx\cache\22.0.2+4\amd64\api-ms-win-crt-stdio-l1-1-0.dll
0x0000019e4cd00000 - 0x0000019e4cd04000 	C:\Users\User\.openjfx\cache\22.0.2+4\amd64\api-ms-win-crt-string-l1-1-0.dll
0x0000019e4cd10000 - 0x0000019e4cd13000 	C:\Users\User\.openjfx\cache\22.0.2+4\amd64\api-ms-win-crt-time-l1-1-0.dll
0x0000019e4cd20000 - 0x0000019e4cd23000 	C:\Users\User\.openjfx\cache\22.0.2+4\amd64\api-ms-win-crt-utility-l1-1-0.dll
0x00007ffabd990000 - 0x00007ffabda8c000 	C:\Users\User\.openjfx\cache\22.0.2+4\amd64\ucrtbase.dll
0x00007ffacb220000 - 0x00007ffacb23b000 	C:\Users\User\.openjfx\cache\22.0.2+4\amd64\vcruntime140.dll
0x00007ffacb670000 - 0x00007ffacb67c000 	C:\Users\User\.openjfx\cache\22.0.2+4\amd64\vcruntime140_1.dll
0x00007ffac2870000 - 0x00007ffac28fe000 	C:\Users\User\.openjfx\cache\22.0.2+4\amd64\msvcp140.dll
0x00007ffacb210000 - 0x00007ffacb219000 	C:\Users\User\.openjfx\cache\22.0.2+4\amd64\msvcp140_1.dll
0x00007ffac7ff0000 - 0x00007ffac8031000 	C:\Users\User\.openjfx\cache\22.0.2+4\amd64\msvcp140_2.dll
0x00007ffac2840000 - 0x00007ffac2870000 	C:\Users\User\.openjfx\cache\22.0.2+4\amd64\prism_d3d.dll
0x00007ffaf9e00000 - 0x00007ffaf9fd1000 	C:\WINDOWS\system32\d3d9.dll
0x00007ffb11ec0000 - 0x00007ffb11eef000 	C:\WINDOWS\SYSTEM32\dwmapi.dll
0x00007ffb0ef70000 - 0x00007ffb0f00e000 	C:\WINDOWS\system32\uxtheme.dll
0x00007ffab8f10000 - 0x00007ffab9183000 	C:\WINDOWS\System32\DriverStore\FileRepository\iigd_dch.inf_amd64_110cd0db47a9f8d6\igdumdim64.dll
0x00007ffb16000000 - 0x00007ffb1612b000 	C:\WINDOWS\System32\ole32.dll
0x00007ffab79d0000 - 0x00007ffab8f06000 	C:\WINDOWS\System32\DriverStore\FileRepository\iigd_dch.inf_amd64_110cd0db47a9f8d6\igd9trinity64.dll
0x00007ffb12bf0000 - 0x00007ffb12ce6000 	C:\WINDOWS\system32\dxgi.dll
0x00007ffaf5e60000 - 0x00007ffaf62a0000 	C:\WINDOWS\System32\DriverStore\FileRepository\iigd_dch.inf_amd64_110cd0db47a9f8d6\igdgmm64.dll
0x00007ffaf6a10000 - 0x00007ffaf6a36000 	C:\WINDOWS\System32\DriverStore\FileRepository\iigd_dch.inf_amd64_110cd0db47a9f8d6\igc64.dll
0x00007ffabe640000 - 0x00007ffabe68d000 	C:\WINDOWS\SYSTEM32\ControlLib.dll
0x00007ffb147b0000 - 0x00007ffb147fe000 	C:\WINDOWS\System32\CFGMGR32.dll
0x00007ffaf7ba0000 - 0x00007ffaf7c3c000 	C:\WINDOWS\System32\DriverStore\FileRepository\iigd_dch.inf_amd64_110cd0db47a9f8d6\IntelControlLib.dll
0x00007ffab64a0000 - 0x00007ffab79c8000 	C:\WINDOWS\System32\DriverStore\FileRepository\iigd_dch.inf_amd64_110cd0db47a9f8d6\igd9dxva64.dll
0x00007ffb14d60000 - 0x00007ffb151d1000 	C:\WINDOWS\System32\SETUPAPI.dll
0x00007ffab4770000 - 0x00007ffab649e000 	C:\WINDOWS\System32\DriverStore\FileRepository\iigd_dch.inf_amd64_110cd0db47a9f8d6\media_bin_64.dll
0x00007ffac27a0000 - 0x00007ffac27e5000 	C:\Users\User\.openjfx\cache\22.0.2+4\amd64\glass.dll
0x00007ffb155c0000 - 0x00007ffb1569a000 	C:\WINDOWS\System32\COMDLG32.dll
0x00007ffb154a0000 - 0x00007ffb155b5000 	C:\WINDOWS\System32\MSCTF.dll
0x00007ffaee280000 - 0x00007ffaf2189000 	C:\WINDOWS\System32\DriverStore\FileRepository\iigd_dch.inf_amd64_110cd0db47a9f8d6\igc1464.dll
0x00007ffac1110000 - 0x00007ffac1259000 	C:\WINDOWS\System32\DriverStore\FileRepository\iigd_dch.inf_amd64_110cd0db47a9f8d6\igdml64.dll
0x00007ffaf9c10000 - 0x00007ffaf9c39000 	C:\WINDOWS\System32\DriverStore\FileRepository\iigd_dch.inf_amd64_110cd0db47a9f8d6\igdinfo64.dll
0x00007ffaf9ca0000 - 0x00007ffaf9cdb000 	C:\WINDOWS\SYSTEM32\dxcore.dll
0x00007ffb14cb0000 - 0x00007ffb14d59000 	C:\WINDOWS\System32\clbcatq.dll
0x00007ffaf99c0000 - 0x00007ffaf9aff000 	C:\Windows\System32\Windows.UI.dll
0x00007ffb08690000 - 0x00007ffb08731000 	C:\Windows\System32\WindowManagementAPI.dll
0x00007ffaf98c0000 - 0x00007ffaf99b9000 	C:\Windows\System32\TextInputFramework.dll
0x00007ffaf9760000 - 0x00007ffaf98b2000 	C:\Windows\System32\InputHost.dll
0x00007ffb0e190000 - 0x00007ffb0e2e7000 	C:\WINDOWS\SYSTEM32\wintypes.dll
0x00007ffb096c0000 - 0x00007ffb098c3000 	C:\WINDOWS\SYSTEM32\twinapi.appcore.dll
0x00007ffb0d7b0000 - 0x00007ffb0d8a2000 	C:\Windows\System32\CoreMessaging.dll
0x00007ffb0bbb0000 - 0x00007ffb0bf0b000 	C:\Windows\System32\CoreUIComponents.dll
0x00007ffb0e730000 - 0x00007ffb0e826000 	C:\Windows\System32\PROPSYS.dll

dbghelp: loaded successfully - version: 4.0.5 - missing functions: none
symbol engine: initialized successfully - sym options: 0x614 - pdb path: .;C:\Users\User\.jdks\jbr-17.0.12\bin;C:\WINDOWS\SYSTEM32;C:\WINDOWS\WinSxS\amd64_microsoft.windows.common-controls_6595b64144ccf1df_6.0.19041.4355_none_60b8b9eb71f62e16;C:\Users\User\.jdks\jbr-17.0.12\bin\server;C:\Users\User\.openjfx\cache\22.0.2+4\amd64;C:\WINDOWS\System32\DriverStore\FileRepository\iigd_dch.inf_amd64_110cd0db47a9f8d6;C:\Program Files\Bonjour;C:\Program Files\Common Files\Microsoft Shared\Ink

VM Arguments:
jvm_args: --module-path=C:\Users\User\.m2\repository\org\openjfx\javafx-base\22.0.2\javafx-base-22.0.2-win.jar;C:\Users\User\.m2\repository\org\openjfx\javafx-base\22.0.2\javafx-base-22.0.2.jar;C:\Users\User\.m2\repository\org\openjfx\javafx-controls\22.0.2\javafx-controls-22.0.2-win.jar;C:\Users\User\.m2\repository\org\openjfx\javafx-controls\22.0.2\javafx-controls-22.0.2.jar;C:\Users\User\.m2\repository\org\openjfx\javafx-fxml\22.0.2\javafx-fxml-22.0.2-win.jar;C:\Users\User\.m2\repository\org\openjfx\javafx-fxml\22.0.2\javafx-fxml-22.0.2.jar;C:\Users\User\.m2\repository\org\openjfx\javafx-graphics\22.0.2\javafx-graphics-22.0.2-win.jar;C:\Users\User\.m2\repository\org\openjfx\javafx-graphics\22.0.2\javafx-graphics-22.0.2.jar --add-modules=javafx.base,javafx.controls,javafx.fxml,javafx.graphics 
java_command: controllers.Home
java_class_path (initial): C:\Users\User\Desktop\projet-javafx\target\classes;C:\Users\User\.m2\repository\com\google\protobuf\protobuf-java\3.21.9\protobuf-java-3.21.9.jar;C:\Users\User\.m2\repository\com\mysql\mysql-connector-j\8.0.33\mysql-connector-j-8.0.33.jar
Launcher Type: SUN_STANDARD

[Global flags]
     intx CICompilerCount                          = 4                                         {product} {ergonomic}
     uint ConcGCThreads                            = 3                                         {product} {ergonomic}
     uint G1ConcRefinementThreads                  = 10                                        {product} {ergonomic}
   size_t G1HeapRegionSize                         = 2097152                                   {product} {ergonomic}
    uintx GCDrainStackTargetSize                   = 64                                        {product} {ergonomic}
   size_t InitialHeapSize                          = 264241152                                 {product} {ergonomic}
   size_t MarkStackSize                            = 4194304                                   {product} {ergonomic}
   size_t MaxHeapSize                              = 4217372672                                {product} {ergonomic}
   size_t MaxNewSize                               = 2529165312                                {product} {ergonomic}
   size_t MinHeapDeltaBytes                        = 2097152                                   {product} {ergonomic}
   size_t MinHeapSize                              = 8388608                                   {product} {ergonomic}
    uintx NonNMethodCodeHeapSize                   = 5839372                                {pd product} {ergonomic}
    uintx NonProfiledCodeHeapSize                  = 122909434                              {pd product} {ergonomic}
    uintx ProfiledCodeHeapSize                     = 122909434                              {pd product} {ergonomic}
    uintx ReservedCodeCacheSize                    = 251658240                              {pd product} {ergonomic}
     bool SegmentedCodeCache                       = true                                      {product} {ergonomic}
   size_t SoftMaxHeapSize                          = 4217372672                             {manageable} {ergonomic}
     bool UseCompressedClassPointers               = true                           {product lp64_product} {ergonomic}
     bool UseCompressedOops                        = true                           {product lp64_product} {ergonomic}
     bool UseG1GC                                  = true                                      {product} {ergonomic}
     bool UseLargePagesIndividualAllocation        = false                                  {pd product} {ergonomic}

Logging:
Log output configuration:
 #0: stdout all=warning uptime,level,tags
 #1: stderr all=off uptime,level,tags

Environment Variables:
PATH=C:\oraclexe\app\oracle\product\11.2.0\server\bin;;C:\oraclexe\app\oracle\product\11.2.0\server\bin;C:\ProgramData\Oracle\Java\javapath;C:\Program Files (x86)\Common Files\Oracle\Java\javapath;C:\oraclexe\app\oracle\product\11.2.0\server\bin;D:\VMWare\bin\;C:\WINDOWS\system32;C:\WINDOWS;C:\WINDOWS\System32\Wbem;C:\WINDOWS\System32\WindowsPowerShell\v1.0\;C:\WINDOWS\System32\OpenSSH\;C:\Program Files (x86)\NVIDIA Corporation\PhysX\Common;C:\oraclexe\app\oracle\product\11.2.0\server\bin;C:\instantclient12_2;C:\oraclexe;C:\oraclexe\app\oracle\admin\XE;C:\Program Files\Git\cmd;C:\ProgramData\ComposerSetup\bin;C:\Users\User\.jdks\jbr-17.0.12\bin;C:\Users\User\AppData\Local\Programs\Python\Python313;C:\Users\User\AppData\Local\Programs\Python\Python313\Scripts;C:\Users\User\AppData\Roaming\Python\Python313\site-packages;C:\ProgramData\chocolatey\bin;C:\Program Files\NVIDIA Corporation\NVIDIA app\NvDLISR;C:\MailHog;C:\Users\User\AppData\Local\Programs\Python\Launcher\;C:\Users\User\scoop\shims;C:\Users\User\AppData\Local\Microsoft\WindowsApps;C:\Users\User\AppData\Local\Programs\Microsoft VS Code\bin;C:\xampp\php;C:\Users\User\AppData\Roaming\Composer\vendor\bin;C:\Users\User\AppData\Local\Microsoft\WinGet\Packages\Schniz.fnm_Microsoft.Winget.Source_8wekyb3d8bbwe;C:\Users\User\Downloads\node-v22.13.1-win-x64;
USERNAME=User
OS=Windows_NT
PROCESSOR_IDENTIFIER=Intel64 Family 6 Model 154 Stepping 3, GenuineIntel
TMP=C:\Users\User\AppData\Local\Temp
TEMP=C:\Users\User\AppData\Local\Temp



Periodic native trim disabled

JNI global refs:
JNI global refs: 38, weak refs: 0

JNI global refs memory usage: 843, weak refs: 841

OOME stack traces (most recent first):
Classloader memory used:
Loader jdk.internal.loader.ClassLoaders$AppClassLoader                                 : 2082K
Loader bootstrap                                                                       : 1868K
Loader jdk.internal.loader.ClassLoaders$PlatformClassLoader                            : 42915B
Loader jdk.internal.reflect.DelegatingClassLoader                                      : 7020B
Loader com.sun.javafx.reflect.MethodUtil                                               : 510B


---------------  S Y S T E M  ---------------

OS:
 Windows 10 , 64 bit Build 19041 (10.0.19041.5678)
OS uptime: 0 days 1:50 hours

CPU: total 12 (initial active 12) (6 cores per cpu, 2 threads per core) family 6 model 154 stepping 3 microcode 0x424, cx8, cmov, fxsr, ht, mmx, 3dnowpref, sse, sse2, sse3, ssse3, sse4.1, sse4.2, popcnt, lzcnt, tsc, tscinvbit, avx, avx2, aes, erms, clmul, bmi1, bmi2, adx, sha, fma, vzeroupper, clflush, clflushopt, clwb
Processor Information for all 12 processors :
  Max Mhz: 2000, Current Mhz: 2000, Mhz Limit: 2000

Memory: 4k page, system-wide physical 16085M (5197M free)
TotalPageFile size 20437M (AvailPageFile size 6694M)
current process WorkingSet (physical memory assigned to process): 650M, peak: 653M
current process commit charge ("private bytes"): 714M, peak: 717M

vm_info: OpenJDK 64-Bit Server VM (17.0.12+1-b1087.25) for windows-amd64 JRE (17.0.12+1-b1087.25), built on 2024-08-30 by "builduser" with MS VC++ 16.10 / 16.11 (VS2019)

END.
