#
# A fatal error has been detected by the Java Runtime Environment:
#
#  EXCEPTION_ACCESS_VIOLATION (0xc0000005) at pc=0x00007ffc718fbd46, pid=9572, tid=18124
#
# JRE version: OpenJDK Runtime Environment JBR-17.0.12+1-1087.25-nomod (17.0.12+1) (build 17.0.12+1-b1087.25)
# Java VM: OpenJDK 64-Bit Server VM JBR-17.0.12+1-1087.25-nomod (17.0.12+1-b1087.25, mixed mode, tiered, compressed oops, compressed class ptrs, g1 gc, windows-amd64)
# Problematic frame:
# C  [glass.dll+0x1bd46]
#
# No core dump will be written. Minidumps are not enabled by default on client versions of Windows
#
# If you would like to submit a bug report, please visit:
#   https://youtrack.jetbrains.com/issues/JBR
# The crash happened outside the Java Virtual Machine in native code.
# See problematic frame for where to report the bug.
#

---------------  S U M M A R Y ------------

Command Line: --module-path=C:\Users\User\.m2\repository\org\openjfx\javafx-base\22.0.2\javafx-base-22.0.2-win.jar;C:\Users\User\.m2\repository\org\openjfx\javafx-base\22.0.2\javafx-base-22.0.2.jar;C:\Users\User\.m2\repository\org\openjfx\javafx-controls\22.0.2\javafx-controls-22.0.2-win.jar;C:\Users\User\.m2\repository\org\openjfx\javafx-controls\22.0.2\javafx-controls-22.0.2.jar;C:\Users\User\.m2\repository\org\openjfx\javafx-fxml\21.0.2\javafx-fxml-21.0.2-win.jar;C:\Users\User\.m2\repository\org\openjfx\javafx-fxml\21.0.2\javafx-fxml-21.0.2.jar;C:\Users\User\.m2\repository\org\openjfx\javafx-graphics\22.0.2\javafx-graphics-22.0.2-win.jar;C:\Users\User\.m2\repository\org\openjfx\javafx-graphics\22.0.2\javafx-graphics-22.0.2.jar --add-modules=javafx.base,javafx.controls,javafx.fxml,javafx.graphics controllers.Home

Host: 12th Gen Intel(R) Core(TM) i5-12450H, 12 cores, 15G,  Windows 10 , 64 bit Build 19041 (10.0.19041.5678)
Time: Mon Apr 14 21:09:13 2025 Romance Standard Time elapsed time: 11.781588 seconds (0d 0h 0m 11s)

---------------  T H R E A D  ---------------

Current thread (0x00000201a62a7cc0):  JavaThread "JavaFX Application Thread" [_thread_in_native, id=18124, stack(0x0000003e11000000,0x0000003e11100000)]

Stack: [0x0000003e11000000,0x0000003e11100000],  sp=0x0000003e110fe1f0,  free space=1016k
Native frames: (J=compiled Java code, j=interpreted, Vv=VM code, C=native code)
C  [glass.dll+0x1bd46]

Java frames: (J=compiled Java code, j=interpreted, Vv=VM code)
j  com.sun.glass.ui.win.WinWindow._close(J)Z+0 javafx.graphics@22.0.2
j  com.sun.glass.ui.Window.close()V+63 javafx.graphics@22.0.2
j  com.sun.glass.ui.win.WinWindow.close()V+8 javafx.graphics@22.0.2
j  com.sun.glass.ui.Application.terminate()V+75 javafx.graphics@22.0.2
j  com.sun.javafx.tk.quantum.QuantumToolkit.lambda$exit$14()Ljava/lang/Object;+5 javafx.graphics@22.0.2
j  com.sun.javafx.tk.quantum.QuantumToolkit$$Lambda$836+0x0000000800456d50.get()Ljava/lang/Object;+0 javafx.graphics@22.0.2
j  com.sun.javafx.tk.quantum.QuantumToolkit.runWithRenderLock(Ljava/util/function/Supplier;)Ljava/lang/Object;+7 javafx.graphics@22.0.2
j  com.sun.javafx.tk.quantum.QuantumToolkit.exit()V+26 javafx.graphics@22.0.2
j  com.sun.javafx.application.PlatformImpl.lambda$tkExit$16()V+3 javafx.graphics@22.0.2
j  com.sun.javafx.application.PlatformImpl$$Lambda$835+0x0000000800456b10.run()V+0 javafx.graphics@22.0.2
j  com.sun.javafx.application.PlatformImpl.lambda$runAndWait$12(Ljava/lang/Runnable;Ljava/util/concurrent/CountDownLatch;)V+1 javafx.graphics@22.0.2
j  com.sun.javafx.application.PlatformImpl$$Lambda$100+0x00000008001169c0.run()V+8 javafx.graphics@22.0.2
j  com.sun.javafx.application.PlatformImpl.lambda$runLater$10(Ljava/lang/Runnable;)Ljava/lang/Void;+1 javafx.graphics@22.0.2
j  com.sun.javafx.application.PlatformImpl$$Lambda$102+0x0000000800117d98.run()Ljava/lang/Object;+4 javafx.graphics@22.0.2
J 1208 c1 java.security.AccessController.doPrivileged(Ljava/security/PrivilegedAction;Ljava/security/AccessControlContext;)Ljava/lang/Object; java.base@17.0.12 (17 bytes) @ 0x0000020185b3b3dc [0x0000020185b3b200+0x00000000000001dc]
j  com.sun.javafx.application.PlatformImpl.lambda$runLater$11(Ljava/lang/Runnable;Ljava/security/AccessControlContext;)V+7 javafx.graphics@22.0.2
j  com.sun.javafx.application.PlatformImpl$$Lambda$101+0x0000000800117478.run()V+8 javafx.graphics@22.0.2
J 4260 c1 com.sun.glass.ui.InvokeLaterDispatcher$Future.run()V javafx.graphics@22.0.2 (91 bytes) @ 0x000002018614cb14 [0x000002018614ca00+0x0000000000000114]
v  ~StubRoutines::call_stub
j  com.sun.glass.ui.win.WinApplication._runLoop(Ljava/lang/Runnable;)V+0 javafx.graphics@22.0.2
j  com.sun.glass.ui.win.WinApplication.lambda$runLoop$3(ILjava/lang/Runnable;)V+8 javafx.graphics@22.0.2
j  com.sun.glass.ui.win.WinApplication$$Lambda$87+0x00000008000eedd0.run()V+12 javafx.graphics@22.0.2
j  java.lang.Thread.run()V+11 java.base@17.0.12
v  ~StubRoutines::call_stub

siginfo: EXCEPTION_ACCESS_VIOLATION (0xc0000005), reading address 0x0000000000000128


Registers:
RAX=0x0000000000000000, RBX=0x0000000000000000, RCX=0x0000000000000000, RDX=0x0000000000000000
RSP=0x0000003e110fe1f0, RBP=0x0000000000000401, RSI=0x0000003e110fe570, RDI=0x0000003e110fe570
R8 =0x0000003e110fe570, R9 =0x0000000000000000, R10=0x0000000000000000, R11=0x0000000000000246
R12=0x0000003e110fe570, R13=0x0000000000000000, R14=0x0000000000000000, R15=0x0000003e110fe570
RIP=0x00007ffc718fbd46, EFLAGS=0x0000000000010206


Register to memory mapping:

RIP=0x00007ffc718fbd46 glass.dll
RAX=0x0 is NULL
RBX=0x0 is NULL
RCX=0x0 is NULL
RDX=0x0 is NULL
RSP=0x0000003e110fe1f0 is pointing into the stack for thread: 0x00000201a62a7cc0
RBP=0x0000000000000401 is an unknown value
RSI=0x0000003e110fe570 is pointing into the stack for thread: 0x00000201a62a7cc0
RDI=0x0000003e110fe570 is pointing into the stack for thread: 0x00000201a62a7cc0
R8 =0x0000003e110fe570 is pointing into the stack for thread: 0x00000201a62a7cc0
R9 =0x0 is NULL
R10=0x0 is NULL
R11=0x0000000000000246 is an unknown value
R12=0x0000003e110fe570 is pointing into the stack for thread: 0x00000201a62a7cc0
R13=0x0 is NULL
R14=0x0 is NULL
R15=0x0000003e110fe570 is pointing into the stack for thread: 0x00000201a62a7cc0


Top of Stack: (sp=0x0000003e110fe1f0)
0x0000003e110fe1f0:   0000000000000578 0000003e110fe200
0x0000003e110fe200:   0000000000180016 00007ffc719095d0
0x0000003e110fe210:   0000003e110fe570 00007ffc718faaf1
0x0000003e110fe220:   0000000000000401 00000201a1d1e890
0x0000003e110fe230:   0000003e110fe570 00007ffc719095d0
0x0000003e110fe240:   0000000000000000 00007ffc718ea698
0x0000003e110fe250:   00000201a1d1e890 00000201a6010101
0x0000003e110fe260:   0000003e110fc0c3 0000003e110fe218
0x0000003e110fe270:   0000000000000000 00007ffc718e177f
0x0000003e110fe280:   00000201a1d1e890 0000000000000401
0x0000003e110fe290:   00000201a1d1e8bc 00000000001805d4
0x0000003e110fe2a0:   0000000000000000 0000000000000401
0x0000003e110fe2b0:   0000000080000022 00007ffcab46ef5c
0x0000003e110fe2c0:   0000000000000001 0000003e110fe4b0
0x0000003e110fe2d0:   00000000001805d4 00000000001805d4
0x0000003e110fe2e0:   00000201a0f99060 00007ffc00000004
0x0000003e110fe2f0:   0000000000000168 00007ffc718fce00
0x0000003e110fe300:   0000020100000000 0000000000000000
0x0000003e110fe310:   0000000000000000 0000000100000000
0x0000003e110fe320:   0000000080000022 0000000000000000
0x0000003e110fe330:   0000000000000000 00000201a62a7cc0
0x0000003e110fe340:   00000201a12a7310 0000000000000001
0x0000003e110fe350:   00000201a2888f01 00000201a62a7cc0
0x0000003e110fe360:   00007ffc0b5a2ca8 0000005000000000
0x0000003e110fe370:   000000000000002b 0000000000000000
0x0000003e110fe380:   0000000000000000 0000000000000000
0x0000003e110fe390:   0000000000000000 0000003e110fe3b1
0x0000003e110fe3a0:   000000000000002b 0000000000000030
0x0000003e110fe3b0:   6f635f6176614a00 6c675f6e75735f6d
0x0000003e110fe3c0:   00007ffc718e1720 69576e69575f6e69
0x0000003e110fe3d0:   0000000000000048 0000000000000001
0x0000003e110fe3e0:   0000000000000000 0000000000000000 

Instructions: (pc=0x00007ffc718fbd46)
0x00007ffc718fbc46:   a8 00 00 00 41 5e 41 5d 41 5c 5e 5d 5b c3 cc cc
0x00007ffc718fbc56:   cc cc cc cc cc cc cc cc cc cc b0 01 c3 cc cc cc
0x00007ffc718fbc66:   cc cc cc cc cc cc cc cc cc cc 48 89 5c 24 08 57
0x00007ffc718fbc76:   48 83 ec 30 48 8b fa 48 8b d9 48 39 91 28 01 00
0x00007ffc718fbc86:   00 0f 84 a5 00 00 00 e8 ae 00 00 00 48 8b 93 28
0x00007ffc718fbc96:   01 00 00 48 85 d2 75 04 48 8b 53 08 48 89 54 24
0x00007ffc718fbca6:   20 4c 8b c7 48 85 ff 75 04 4c 8b 43 08 48 8d 0d
0x00007ffc718fbcb6:   a6 03 01 00 4c 89 44 24 28 e8 7c 79 fe ff 48 8b
0x00007ffc718fbcc6:   4c 24 20 4c 8d 44 24 20 48 8d 15 8b f9 ff ff ff
0x00007ffc718fbcd6:   15 9d 09 02 00 48 8b 05 2e 0d 02 00 48 85 c0 75
0x00007ffc718fbce6:   04 33 c9 eb 03 8b 48 48 4c 8d 44 24 20 48 8d 15
0x00007ffc718fbcf6:   a6 f9 ff ff ff 15 80 09 02 00 48 89 bb 28 01 00
0x00007ffc718fbd06:   00 e8 04 56 00 00 4c 8b 05 ad 10 02 00 48 8b c8
0x00007ffc718fbd16:   48 8b 93 c8 00 00 00 4c 8b cf e8 db 95 fe ff e8
0x00007ffc718fbd26:   e6 55 00 00 48 8b c8 e8 fe 54 00 00 48 8b 5c 24
0x00007ffc718fbd36:   40 48 83 c4 30 5f c3 cc cc cc 40 57 48 83 ec 20
0x00007ffc718fbd46:   48 8b 81 28 01 00 00 48 8b f9 48 85 c0 75 04 48
0x00007ffc718fbd56:   8b 41 08 48 3b 05 a0 0f 02 00 75 3b 48 89 5c 24
0x00007ffc718fbd66:   30 e8 a4 55 00 00 4c 8b 05 3d 10 02 00 48 8b c8
0x00007ffc718fbd76:   48 8b 97 c8 00 00 00 48 8b d8 e8 7b 95 fe ff 48
0x00007ffc718fbd86:   8b cb e8 a3 54 00 00 48 8b 5c 24 30 48 c7 05 63
0x00007ffc718fbd96:   0f 02 00 00 00 00 00 48 83 c4 20 5f c3 cc cc cc
0x00007ffc718fbda6:   cc cc cc cc cc cc cc cc cc cc 40 53 48 83 ec 50
0x00007ffc718fbdb6:   48 8b 05 0b e4 01 00 48 33 c4 48 89 44 24 40 48
0x00007ffc718fbdc6:   8b d9 48 8b 49 08 ff 15 26 08 02 00 85 c0 0f 85
0x00007ffc718fbdd6:   1b 01 00 00 48 8b 4b 08 48 8d 54 24 30 ff 15 7f
0x00007ffc718fbde6:   06 02 00 48 8b 4b 08 48 8d 54 24 20 ff 15 d8 06
0x00007ffc718fbdf6:   02 00 48 8b 4b 08 4c 8d 44 24 20 41 b9 02 00 00
0x00007ffc718fbe06:   00 33 d2 ff 15 c9 06 02 00 8b 44 24 24 2b 44 24
0x00007ffc718fbe16:   34 8b 4c 24 20 2b 4c 24 30 8b 54 24 3c 2b 54 24
0x00007ffc718fbe26:   2c 44 8b 44 24 38 44 2b 44 24 28 89 83 14 01 00
0x00007ffc718fbe36:   00 89 8b 10 01 00 00 89 93 1c 01 00 00 44 89 83 


Stack slot to memory mapping:
stack at sp + 0 slots: 0x0000000000000578 is an unknown value
stack at sp + 1 slots: 0x0000003e110fe200 is pointing into the stack for thread: 0x00000201a62a7cc0
stack at sp + 2 slots: 0x0000000000180016 is an unknown value
stack at sp + 3 slots: 0x00007ffc719095d0 glass.dll
stack at sp + 4 slots: 0x0000003e110fe570 is pointing into the stack for thread: 0x00000201a62a7cc0
stack at sp + 5 slots: 0x00007ffc718faaf1 glass.dll
stack at sp + 6 slots: 0x0000000000000401 is an unknown value
stack at sp + 7 slots: 0x00000201a1d1e890 points into unknown readable memory: 0x00007ffc7190a838 | 38 a8 90 71 fc 7f 00 00


Compiled method (c1)   11826 1208       3       java.security.AccessController::doPrivileged (17 bytes)
 total in heap  [0x0000020185b3b010,0x0000020185b3b748] = 1848
 relocation     [0x0000020185b3b168,0x0000020185b3b1f0] = 136
 main code      [0x0000020185b3b200,0x0000020185b3b540] = 832
 stub code      [0x0000020185b3b540,0x0000020185b3b5b8] = 120
 metadata       [0x0000020185b3b5b8,0x0000020185b3b5d0] = 24
 scopes data    [0x0000020185b3b5d0,0x0000020185b3b680] = 176
 scopes pcs     [0x0000020185b3b680,0x0000020185b3b730] = 176
 dependencies   [0x0000020185b3b730,0x0000020185b3b738] = 8
 nul chk table  [0x0000020185b3b738,0x0000020185b3b748] = 16

[Constant Pool (empty)]

[MachCode]
[Verified Entry Point]
  # {method} {0x00000201a203bbf8} 'doPrivileged' '(Ljava/security/PrivilegedAction;Ljava/security/AccessControlContext;)Ljava/lang/Object;' in 'java/security/AccessController'
  # parm0:    rdx:rdx   = 'java/security/PrivilegedAction'
  # parm1:    r8:r8     = 'java/security/AccessControlContext'
  #           [sp+0x80]  (sp of caller)
  0x0000020185b3b200: 8984 2400 | 90ff ff55 | 4883 ec70 

  0x0000020185b3b20c: ;   {metadata(method data for {method} {0x00000201a203bbf8} 'doPrivileged' '(Ljava/security/PrivilegedAction;Ljava/security/AccessControlContext;)Ljava/lang/Object;' in 'java/security/AccessController')}
  0x0000020185b3b20c: 48be 08fa | b4a2 0102 | 0000 8bbe | cc00 0000 | 83c7 0289 | becc 0000 | 0081 e7fe | 0700 0083 
  0x0000020185b3b22c: ff00 0f84 | 4402 0000 | 4c89 4424 | 4048 8954 

  0x0000020185b3b23c: ;   {metadata(method data for {method} {0x00000201a203bbf8} 'doPrivileged' '(Ljava/security/PrivilegedAction;Ljava/security/AccessControlContext;)Ljava/lang/Object;' in 'java/security/AccessController')}
  0x0000020185b3b23c: 2448 48be | 08fa b4a2 | 0102 0000 | 4883 8610 | 0100 0001 | 0f1f 8000 

  0x0000020185b3b254: ;   {static_call}
  0x0000020185b3b254: 0000 00e8 

  0x0000020185b3b258: ; ImmutableOopMap {[64]=Oop [72]=Oop }
                      ;*invokestatic getCallerClass {reexecute=0 rethrow=0 return_oop=0}
                      ; - java.security.AccessController::doPrivileged@0 (line 397)
  0x0000020185b3b258: e4c9 8e07 

  0x0000020185b3b25c: ;   {metadata(method data for {method} {0x00000201a203bbf8} 'doPrivileged' '(Ljava/security/PrivilegedAction;Ljava/security/AccessControlContext;)Ljava/lang/Object;' in 'java/security/AccessController')}
  0x0000020185b3b25c: 48ba 08fa | b4a2 0102 | 0000 4883 | 8220 0100 | 0001 488b | 5424 404c | 8bc0 4889 | 4424 500f 
  0x0000020185b3b27c: ;   {static_call}
  0x0000020185b3b27c: 1f40 00e8 

  0x0000020185b3b280: ; ImmutableOopMap {[72]=Oop [80]=Oop }
                      ;*invokestatic checkContext {reexecute=0 rethrow=0 return_oop=0}
                      ; - java.security.AccessController::doPrivileged@6 (line 398)
  0x0000020185b3b280: 1cb5 feff | 4889 4424 

  0x0000020185b3b288: ;   {metadata(method data for {method} {0x00000201a203bbf8} 'doPrivileged' '(Ljava/security/PrivilegedAction;Ljava/security/AccessControlContext;)Ljava/lang/Object;' in 'java/security/AccessController')}
  0x0000020185b3b288: 5848 ba08 | fab4 a201 | 0200 0048 | 8382 3001 

  0x0000020185b3b298: ;   {metadata(method data for {method} {0x00000201a203c8e8} 'executePrivileged' '(Ljava/security/PrivilegedAction;Ljava/security/AccessControlContext;Ljava/lang/Class;)Ljava/lang/Object;' in 'java/security/AccessController')}
  0x0000020185b3b298: 0000 0148 | ba80 c064 | a201 0200 | 008b b2cc | 0000 0083 | c602 89b2 | cc00 0000 | 81e6 feff 
  0x0000020185b3b2b8: 1f00 83fe | 000f 84d6 | 0100 0048 

  0x0000020185b3b2c4: ;   {metadata(method data for {method} {0x00000201a203c8e8} 'executePrivileged' '(Ljava/security/PrivilegedAction;Ljava/security/AccessControlContext;Ljava/lang/Class;)Ljava/lang/Object;' in 'java/security/AccessController')}
  0x0000020185b3b2c4: 83f8 0048 | ba80 c064 | a201 0200 | 0048 be10 | 0100 0000 | 0000 000f | 840a 0000 | 0048 be20 
  0x0000020185b3b2e4: 0100 0000 | 0000 0048 | 8b3c 3248 | 8d7f 0148 | 893c 320f | 841f 0000 

  0x0000020185b3b2fc: ;   {metadata(method data for {method} {0x00000201a203c8e8} 'executePrivileged' '(Ljava/security/PrivilegedAction;Ljava/security/AccessControlContext;Ljava/lang/Class;)Ljava/lang/Object;' in 'java/security/AccessController')}
  0x0000020185b3b2fc: 0048 ba80 | c064 a201 | 0200 0048 | 8382 3001 | 0000 0148 | 8bd0 0f1f 

  0x0000020185b3b314: ;   {static_call}
  0x0000020185b3b314: 4400 00e8 

  0x0000020185b3b318: ; ImmutableOopMap {[72]=Oop [80]=Oop [88]=Oop }
                      ;*invokestatic ensureMaterializedForStackWalk {reexecute=0 rethrow=0 return_oop=0}
                      ; - java.security.AccessController::executePrivileged@5 (line 772)
                      ; - java.security.AccessController::doPrivileged@13 (line 399)
  0x0000020185b3b318: a45e 9207 

  0x0000020185b3b31c: ;   {metadata(method data for {method} {0x00000201a203c8e8} 'executePrivileged' '(Ljava/security/PrivilegedAction;Ljava/security/AccessControlContext;Ljava/lang/Class;)Ljava/lang/Object;' in 'java/security/AccessController')}
  0x0000020185b3b31c: 48ba 80c0 | 64a2 0102 | 0000 ff82 | 4001 0000 | 488b 5424 | 4848 3b02 

  0x0000020185b3b334: ;   {metadata(method data for {method} {0x00000201a203c8e8} 'executePrivileged' '(Ljava/security/PrivilegedAction;Ljava/security/AccessControlContext;Ljava/lang/Class;)Ljava/lang/Object;' in 'java/security/AccessController')}
  0x0000020185b3b334: 488b f248 | bf80 c064 | a201 0200 | 008b 7608 | 49ba 0000 | 0000 0800 | 0000 4903 | f248 3bb7 
  0x0000020185b3b354: b001 0000 | 750d 4883 | 87b8 0100 | 0001 e966 | 0000 0048 | 3bb7 c001 | 0000 750d | 4883 87c8 
  0x0000020185b3b374: 0100 0001 | e950 0000 | 0048 81bf | b001 0000 | 0000 0000 | 7517 4889 | b7b0 0100 | 0048 c787 
  0x0000020185b3b394: b801 0000 | 0100 0000 | e92c 0000 | 0048 81bf | c001 0000 | 0000 0000 | 7517 4889 | b7c0 0100 
  0x0000020185b3b3b4: 0048 c787 | c801 0000 | 0100 0000 | e908 0000 | 0048 8387 | a001 0000 | 0148 b890 | adbe b001 
  0x0000020185b3b3d4: ;   {virtual_call}
  0x0000020185b3b3d4: 0200 00e8 

  0x0000020185b3b3d8: ; ImmutableOopMap {[80]=Oop [88]=Oop }
                      ;*invokeinterface run {reexecute=0 rethrow=0 return_oop=0}
                      ; - java.security.AccessController::executePrivileged@29 (line 776)
                      ; - java.security.AccessController::doPrivileged@13 (line 399)
  0x0000020185b3b3d8: b441 4107 

  0x0000020185b3b3dc: ;   {metadata(method data for {method} {0x00000201a203c8e8} 'executePrivileged' '(Ljava/security/PrivilegedAction;Ljava/security/AccessControlContext;Ljava/lang/Class;)Ljava/lang/Object;' in 'java/security/AccessController')}
  0x0000020185b3b3dc: 48be 80c0 | 64a2 0102 | 0000 ff86 | d801 0000 | 488b 7424 

  0x0000020185b3b3f0: ;   {metadata(method data for {method} {0x00000201a203c8e8} 'executePrivileged' '(Ljava/security/PrivilegedAction;Ljava/security/AccessControlContext;Ljava/lang/Class;)Ljava/lang/Object;' in 'java/security/AccessController')}
  0x0000020185b3b3f0: 5048 bf80 | c064 a201 | 0200 0048 | 8387 3802 

  0x0000020185b3b400: ;   {metadata(method data for {method} {0x00000201a20429e0} 'reachabilityFence' '(Ljava/lang/Object;)V' in 'java/lang/ref/Reference')}
  0x0000020185b3b400: 0000 0148 | bf30 6e5e | a201 0200 | 008b 9fcc | 0000 0083 | c302 899f | cc00 0000 | 81e3 feff 
  0x0000020185b3b420: 1f00 83fb | 000f 8494 

  0x0000020185b3b428: ;   {metadata(method data for {method} {0x00000201a203c8e8} 'executePrivileged' '(Ljava/security/PrivilegedAction;Ljava/security/AccessControlContext;Ljava/lang/Class;)Ljava/lang/Object;' in 'java/security/AccessController')}
  0x0000020185b3b428: 0000 0048 | be80 c064 | a201 0200 | 0048 8386 | 4802 0000 

  0x0000020185b3b43c: ;   {metadata(method data for {method} {0x00000201a20429e0} 'reachabilityFence' '(Ljava/lang/Object;)V' in 'java/lang/ref/Reference')}
  0x0000020185b3b43c: 0148 be30 | 6e5e a201 | 0200 008b | becc 0000 | 0083 c702 | 89be cc00 | 0000 81e7 | feff 1f00 
  0x0000020185b3b45c: 83ff 000f | 847b 0000 | 0048 83c4 

  0x0000020185b3b468: ;   {poll_return}
  0x0000020185b3b468: 705d 493b | a750 0300 | 000f 878a | 0000 00c3 

  0x0000020185b3b478: ;   {metadata({method} {0x00000201a203bbf8} 'doPrivileged' '(Ljava/security/PrivilegedAction;Ljava/security/AccessControlContext;)Ljava/lang/Object;' in 'java/security/AccessController')}
  0x0000020185b3b478: 49ba f0bb | 03a2 0102 | 0000 4c89 | 5424 0848 | c704 24ff 

  0x0000020185b3b48c: ;   {runtime_call counter_overflow Runtime1 stub}
  0x0000020185b3b48c: ffff ffe8 

  0x0000020185b3b490: ; ImmutableOopMap {rdx=Oop r8=Oop }
                      ;*synchronization entry
                      ; - java.security.AccessController::doPrivileged@-1 (line 397)
  0x0000020185b3b490: ecf4 4007 | e99b fdff 

  0x0000020185b3b498: ;   {metadata({method} {0x00000201a203c8e8} 'executePrivileged' '(Ljava/security/PrivilegedAction;Ljava/security/AccessControlContext;Ljava/lang/Class;)Ljava/lang/Object;' in 'java/security/AccessController')}
  0x0000020185b3b498: ff49 bae0 | c803 a201 | 0200 004c | 8954 2408 | 48c7 0424 | ffff ffff 

  0x0000020185b3b4b0: ;   {runtime_call counter_overflow Runtime1 stub}
  0x0000020185b3b4b0: e8cb f440 

  0x0000020185b3b4b4: ; ImmutableOopMap {[72]=Oop [80]=Oop rax=Oop [88]=Oop }
                      ;*synchronization entry
                      ; - java.security.AccessController::executePrivileged@-1 (line 771)
                      ; - java.security.AccessController::doPrivileged@13 (line 399)
  0x0000020185b3b4b4: 07e9 09fe 

  0x0000020185b3b4b8: ;   {runtime_call throw_null_pointer_exception Runtime1 stub}
  0x0000020185b3b4b8: ffff e8e1 

  0x0000020185b3b4bc: ; ImmutableOopMap {[80]=Oop rdx=Oop [88]=Oop }
                      ;*invokeinterface run {reexecute=0 rethrow=0 return_oop=0}
                      ; - java.security.AccessController::executePrivileged@29 (line 776)
                      ; - java.security.AccessController::doPrivileged@13 (line 399)
                      ;   {metadata({method} {0x00000201a20429e0} 'reachabilityFence' '(Ljava/lang/Object;)V' in 'java/lang/ref/Reference')}
  0x0000020185b3b4bc: a340 0749 | bad8 2904 | a201 0200 | 004c 8954 | 2408 48c7 | 0424 ffff 

  0x0000020185b3b4d4: ;   {runtime_call counter_overflow Runtime1 stub}
  0x0000020185b3b4d4: ffff e8a5 

  0x0000020185b3b4d8: ; ImmutableOopMap {rax=Oop rsi=Oop }
                      ;*synchronization entry
                      ; - java.lang.ref.Reference::reachabilityFence@-1 (line 621)
                      ; - java.security.AccessController::executePrivileged@56 (line 781)
                      ; - java.security.AccessController::doPrivileged@13 (line 399)
  0x0000020185b3b4d8: f440 07e9 | 4bff ffff 

  0x0000020185b3b4e0: ;   {metadata({method} {0x00000201a20429e0} 'reachabilityFence' '(Ljava/lang/Object;)V' in 'java/lang/ref/Reference')}
  0x0000020185b3b4e0: 49ba d829 | 04a2 0102 | 0000 4c89 | 5424 0848 | c704 24ff 

  0x0000020185b3b4f4: ;   {runtime_call counter_overflow Runtime1 stub}
  0x0000020185b3b4f4: ffff ffe8 

  0x0000020185b3b4f8: ; ImmutableOopMap {rax=Oop }
                      ;*synchronization entry
                      ; - java.lang.ref.Reference::reachabilityFence@-1 (line 621)
                      ; - java.security.AccessController::executePrivileged@60 (line 782)
                      ; - java.security.AccessController::doPrivileged@13 (line 399)
  0x0000020185b3b4f8: 84f4 4007 | e964 ffff 

  0x0000020185b3b500: ;   {internal_word}
  0x0000020185b3b500: ff49 ba6a | b4b3 8501 | 0200 004d | 8997 6803 

  0x0000020185b3b510: ;   {runtime_call SafepointBlob}
  0x0000020185b3b510: 0000 e9e9 | c436 0790 | 9049 8b87 | e003 0000 | 49c7 87e0 | 0300 0000 | 0000 0049 | c787 e803 
  0x0000020185b3b530: 0000 0000 | 0000 4883 

  0x0000020185b3b538: ;   {runtime_call unwind_exception Runtime1 stub}
  0x0000020185b3b538: c470 5de9 | c090 4007 
[Stub Code]
  0x0000020185b3b540: ;   {no_reloc}
  0x0000020185b3b540: 0f1f 4400 

  0x0000020185b3b544: ;   {static_stub}
  0x0000020185b3b544: 0048 bb00 | 0000 0000 

  0x0000020185b3b54c: ;   {runtime_call}
  0x0000020185b3b54c: 0000 00e9 | fbff ffff 

  0x0000020185b3b554: ;   {static_stub}
  0x0000020185b3b554: 9048 bb00 | 0000 0000 

  0x0000020185b3b55c: ;   {runtime_call}
  0x0000020185b3b55c: 0000 00e9 | fbff ffff 

  0x0000020185b3b564: ;   {static_stub}
  0x0000020185b3b564: 9048 bb00 | 0000 0000 

  0x0000020185b3b56c: ;   {runtime_call}
  0x0000020185b3b56c: 0000 00e9 | fbff ffff 

  0x0000020185b3b574: ;   {static_stub}
  0x0000020185b3b574: 9048 bb00 | 0000 0000 

  0x0000020185b3b57c: ;   {runtime_call}
  0x0000020185b3b57c: 0000 00e9 | fbff ffff 
[Exception Handler]
  0x0000020185b3b584: ;   {runtime_call handle_exception_from_callee Runtime1 stub}
  0x0000020185b3b584: e8f7 c040 

  0x0000020185b3b588: ;   {external_word}
  0x0000020185b3b588: 0748 b9a0 | 8d5b 0bfc | 7f00 0048 

  0x0000020185b3b594: ;   {runtime_call MacroAssembler::debug64}
  0x0000020185b3b594: 83e4 f049 | ba50 e123 | 0bfc 7f00 | 0041 ffd2 

  0x0000020185b3b5a4: ;   {section_word}
  0x0000020185b3b5a4: f449 baa5 | b5b3 8501 | 0200 0041 

  0x0000020185b3b5b0: ;   {runtime_call DeoptimizationBlob}
  0x0000020185b3b5b0: 52e9 eab6 | 3607 f4f4 
[/MachCode]


Compiled method (c1)   11896 4260   !   3       com.sun.glass.ui.InvokeLaterDispatcher$Future::run (91 bytes)
 total in heap  [0x000002018614c810,0x000002018614d1b8] = 2472
 relocation     [0x000002018614c968,0x000002018614c9e8] = 128
 main code      [0x000002018614ca00,0x000002018614ce60] = 1120
 stub code      [0x000002018614ce60,0x000002018614cec8] = 104
 oops           [0x000002018614cec8,0x000002018614ced0] = 8
 metadata       [0x000002018614ced0,0x000002018614ced8] = 8
 scopes data    [0x000002018614ced8,0x000002018614cf90] = 184
 scopes pcs     [0x000002018614cf90,0x000002018614d0a0] = 272
 dependencies   [0x000002018614d0a0,0x000002018614d0a8] = 8
 handler table  [0x000002018614d0a8,0x000002018614d168] = 192
 nul chk table  [0x000002018614d168,0x000002018614d1b8] = 80

[Constant Pool (empty)]

[MachCode]
[Entry Point]
  # {method} {0x00000201a2a5ed10} 'run' '()V' in 'com/sun/glass/ui/InvokeLaterDispatcher$Future'
  #           [sp+0x70]  (sp of caller)
  0x000002018614ca00: 448b 5208 | 49bb 0000 | 0000 0800 | 0000 4d03 | d34c 3bd0 

  0x000002018614ca14: ;   {runtime_call ic_miss_stub}
  0x000002018614ca14: 0f85 6646 | d506 660f | 1f44 0000 
[Verified Entry Point]
  0x000002018614ca20: 8984 2400 | 90ff ff55 | 4883 ec60 

  0x000002018614ca2c: ;   {metadata(method data for {method} {0x00000201a2a5ed10} 'run' '()V' in 'com/sun/glass/ui/InvokeLaterDispatcher$Future')}
  0x000002018614ca2c: 48be 103b | a8a3 0102 | 0000 8bbe | cc00 0000 | 83c7 0289 | becc 0000 | 0081 e7fe | 0700 0083 
  0x000002018614ca4c: ff00 0f84 | fe02 0000 | 8b72 1048 | c1e6 0348 | 3b06 488b 

  0x000002018614ca60: ;   {metadata(method data for {method} {0x00000201a2a5ed10} 'run' '()V' in 'com/sun/glass/ui/InvokeLaterDispatcher$Future')}
  0x000002018614ca60: fe48 bb10 | 3ba8 a301 | 0200 008b | 7f08 49ba | 0000 0000 | 0800 0000 | 4903 fa48 | 3bbb 2001 
  0x000002018614ca80: 0000 750d | 4883 8328 | 0100 0001 | e966 0000 | 0048 3bbb | 3001 0000 | 750d 4883 | 8338 0100 
  0x000002018614caa0: 0001 e950 | 0000 0048 | 81bb 2001 | 0000 0000 | 0000 7517 | 4889 bb20 | 0100 0048 | c783 2801 
  0x000002018614cac0: 0000 0100 | 0000 e92c | 0000 0048 | 81bb 3001 | 0000 0000 | 0000 7517 | 4889 bb30 | 0100 0048 
  0x000002018614cae0: c783 3801 | 0000 0100 | 0000 e908 | 0000 0048 | 8383 1001 | 0000 0148 | 8954 2420 | 488b d666 
  0x000002018614cb00: 0f1f 4400 | 0048 b850 | 1c30 b301 

  0x000002018614cb0c: ;   {virtual_call}
  0x000002018614cb0c: 0200 00e8 

  0x000002018614cb10: ; ImmutableOopMap {[32]=Oop }
                      ;*invokeinterface run {reexecute=0 rethrow=0 return_oop=0}
                      ; - com.sun.glass.ui.InvokeLaterDispatcher$Future::run@4 (line 95)
  0x000002018614cb10: 7c2a e006 | 488b 5424 | 208b 4214 | 48c1 e003 

  0x000002018614cb20: ; implicit exception: dispatches to 0x000002018614cd78
  0x000002018614cb20: 8bb0 7801 | 0000 48c1 | e603 488d | 7c24 4048 | 8977 0848 | 8b06 4883 | c801 4889 | 07f0 480f 
  0x000002018614cb40: b13e 0f84 | 1300 0000 | 482b c448 | 81e0 07f0 | ffff 4889 | 070f 8527 | 0200 0048 | 8974 2428 
  0x000002018614cb60: c642 0c01 | 8b52 1448 | c1e2 038b | 9278 0100 | 0048 c1e2 | 0348 3b02 

  0x000002018614cb78: ;   {metadata(method data for {method} {0x00000201a2a5ed10} 'run' '()V' in 'com/sun/glass/ui/InvokeLaterDispatcher$Future')}
  0x000002018614cb78: 488b fa48 | bb10 3ba8 | a301 0200 | 0048 8383 | 4801 0000 

  0x000002018614cb8c: ;   {optimized virtual_call}
  0x000002018614cb8c: 0166 90e8 

  0x000002018614cb90: ; ImmutableOopMap {[40]=Oop [72]=Oop }
                      ;*invokevirtual notifyAll {reexecute=0 rethrow=0 return_oop=0}
                      ; - com.sun.glass.ui.InvokeLaterDispatcher$Future::run@31 (line 99)
  0x000002018614cb90: 2cdf 3707 | 488d 4424 | 4048 8b10 | 4885 d20f | 840f 0000 | 0048 8b70 | 08f0 480f | b116 0f85 
  0x000002018614cbb0: eb01 0000 

  0x000002018614cbb4: ;   {metadata(method data for {method} {0x00000201a2a5ed10} 'run' '()V' in 'com/sun/glass/ui/InvokeLaterDispatcher$Future')}
  0x000002018614cbb4: 48b8 103b | a8a3 0102 | 0000 ff80 | 8001 0000 | e9c0 0000 | 0049 8b87 | e003 0000 | 4d33 d24d 
  0x000002018614cbd4: 8997 e003 | 0000 4d33 | d24d 8997 | e803 0000 | 8b72 1448 | c1e6 038b | b678 0100 | 0048 c1e6 
  0x000002018614cbf4: 0348 8d7c | 2440 4889 | 4424 3048 | 8977 0848 | 8b06 4883 | c801 4889 | 07f0 480f | b13e 0f84 
  0x000002018614cc14: 1300 0000 | 482b c448 | 81e0 07f0 | ffff 4889 | 070f 8591 | 0100 0048 | 8974 2438 | c642 0c01 
  0x000002018614cc34: 8b52 1448 | c1e2 038b | 9278 0100 | 0048 c1e2 | 0348 3b02 

  0x000002018614cc48: ;   {metadata(method data for {method} {0x00000201a2a5ed10} 'run' '()V' in 'com/sun/glass/ui/InvokeLaterDispatcher$Future')}
  0x000002018614cc48: 488b fa48 | bb10 3ba8 | a301 0200 | 0048 8383 | b001 0000 

  0x000002018614cc5c: ;   {optimized virtual_call}
  0x000002018614cc5c: 0166 90e8 

  0x000002018614cc60: ; ImmutableOopMap {[48]=Oop [56]=Oop [72]=Oop }
                      ;*invokevirtual notifyAll {reexecute=0 rethrow=0 return_oop=0}
                      ; - com.sun.glass.ui.InvokeLaterDispatcher$Future::run@71 (line 99)
  0x000002018614cc60: 1c47 d506 | 488d 4424 | 4048 8b30 | 4885 f60f | 840f 0000 | 0048 8b78 | 08f0 480f | b137 0f85 
  0x000002018614cc80: 5501 0000 | e923 0000 

  0x000002018614cc88: ;   {metadata(method data for {method} {0x00000201a2a5ed10} 'run' '()V' in 'com/sun/glass/ui/InvokeLaterDispatcher$Future')}
  0x000002018614cc88: 0048 b810 | 3ba8 a301 | 0200 00ff | 8098 0100 | 0048 83c4 

  0x000002018614cc9c: ;   {poll_return}
  0x000002018614cc9c: 605d 493b | a750 0300 | 000f 8741 | 0100 00c3 

  0x000002018614ccac: ;   {metadata(method data for {method} {0x00000201a2a5ed10} 'run' '()V' in 'com/sun/glass/ui/InvokeLaterDispatcher$Future')}
  0x000002018614ccac: 48b8 103b | a8a3 0102 | 0000 ff80 | e801 0000 | 488b 4424 | 30e9 8b01 | 0000 498b | 87e0 0300 
  0x000002018614cccc: 004d 33d2 | 4d89 97e0 | 0300 004d | 33d2 4d89 | 97e8 0300 | 0048 8bf0 | 488d 4424 | 4048 8b38 
  0x000002018614ccec: 4885 ff0f | 840f 0000 | 0048 8b58 | 08f0 480f | b13b 0f85 | fe00 0000 | 488b c6e9 | 4501 0000 
  0x000002018614cd0c: 498b 87e0 | 0300 004d | 33d2 4d89 | 97e0 0300 | 004d 33d2 | 4d89 97e8 | 0300 0048 | 8bf0 488d 
  0x000002018614cd2c: 4424 4048 | 8b38 4885 | ff0f 840f | 0000 0048 | 8b58 08f0 | 480f b13b | 0f85 cb00 | 0000 488b 
  0x000002018614cd4c: c6e9 ff00 

  0x000002018614cd50: ;   {metadata({method} {0x00000201a2a5ed10} 'run' '()V' in 'com/sun/glass/ui/InvokeLaterDispatcher$Future')}
  0x000002018614cd50: 0000 49ba | 08ed a5a2 | 0102 0000 | 4c89 5424 | 0848 c704 | 24ff ffff 

  0x000002018614cd68: ;   {runtime_call counter_overflow Runtime1 stub}
  0x000002018614cd68: ffe8 12dc 

  0x000002018614cd6c: ; ImmutableOopMap {rdx=Oop }
                      ;*synchronization entry
                      ; - com.sun.glass.ui.InvokeLaterDispatcher$Future::run@-1 (line 95)
  0x000002018614cd6c: df06 e9e1 

  0x000002018614cd70: ;   {runtime_call throw_null_pointer_exception Runtime1 stub}
  0x000002018614cd70: fcff ffe8 

  0x000002018614cd74: ; ImmutableOopMap {rdx=Oop rsi=Oop }
                      ;*invokeinterface run {reexecute=0 rethrow=0 return_oop=0}
                      ; - com.sun.glass.ui.InvokeLaterDispatcher$Future::run@4 (line 95)
  0x000002018614cd74: 288b df06 

  0x000002018614cd78: ;   {runtime_call throw_null_pointer_exception Runtime1 stub}
  0x000002018614cd78: e823 8bdf 

  0x000002018614cd7c: ; ImmutableOopMap {rdx=Oop }
                      ;*getfield LOCK {reexecute=1 rethrow=0 return_oop=0}
                      ; - (reexecute) com.sun.glass.ui.InvokeLaterDispatcher$Future::run@13 (line 97)
                      ;   {runtime_call throw_null_pointer_exception Runtime1 stub}
  0x000002018614cd7c: 06e8 1e8b 

  0x000002018614cd80: ; ImmutableOopMap {rdx=Oop rsi=Oop }
                      ;*monitorenter {reexecute=0 rethrow=0 return_oop=0}
                      ; - com.sun.glass.ui.InvokeLaterDispatcher$Future::run@18 (line 97)
  0x000002018614cd80: df06 4889 | 7424 0848 

  0x000002018614cd88: ;   {runtime_call monitorenter_nofpu Runtime1 stub}
  0x000002018614cd88: 893c 24e8 

  0x000002018614cd8c: ; ImmutableOopMap {rdx=Oop rsi=Oop [72]=Oop }
                      ;*monitorenter {reexecute=0 rethrow=0 return_oop=0}
                      ; - com.sun.glass.ui.InvokeLaterDispatcher$Future::run@18 (line 97)
  0x000002018614cd8c: f0ba df06 | e9c6 fdff 

  0x000002018614cd94: ;   {runtime_call throw_null_pointer_exception Runtime1 stub}
  0x000002018614cd94: ffe8 068b 

  0x000002018614cd98: ; ImmutableOopMap {[40]=Oop [72]=Oop }
                      ;*getfield LOCK {reexecute=1 rethrow=0 return_oop=0}
                      ; - (reexecute) com.sun.glass.ui.InvokeLaterDispatcher$Future::run@28 (line 99)
                      ;   {runtime_call throw_null_pointer_exception Runtime1 stub}
  0x000002018614cd98: df06 e801 

  0x000002018614cd9c: ; ImmutableOopMap {[40]=Oop rdx=Oop [72]=Oop }
                      ;*invokevirtual notifyAll {reexecute=0 rethrow=0 return_oop=0}
                      ; - com.sun.glass.ui.InvokeLaterDispatcher$Future::run@31 (line 99)
  0x000002018614cd9c: 8bdf 0648 | 8d44 2440 | 4889 0424 

  0x000002018614cda8: ;   {runtime_call monitorexit_nofpu Runtime1 stub}
  0x000002018614cda8: e8d3 c0df | 06e9 02fe 

  0x000002018614cdb0: ;   {runtime_call throw_null_pointer_exception Runtime1 stub}
  0x000002018614cdb0: ffff e8e9 

  0x000002018614cdb4: ; ImmutableOopMap {rdx=Oop rax=Oop }
                      ;*getfield LOCK {reexecute=1 rethrow=0 return_oop=0}
                      ; - (reexecute) com.sun.glass.ui.InvokeLaterDispatcher$Future::run@52 (line 97)
                      ;   {runtime_call throw_null_pointer_exception Runtime1 stub}
  0x000002018614cdb4: 8adf 06e8 

  0x000002018614cdb8: ; ImmutableOopMap {rdx=Oop rsi=Oop [48]=Oop }
                      ;*monitorenter {reexecute=0 rethrow=0 return_oop=0}
                      ; - com.sun.glass.ui.InvokeLaterDispatcher$Future::run@58 (line 97)
  0x000002018614cdb8: e48a df06 | 4889 7424 | 0848 893c 

  0x000002018614cdc4: ;   {runtime_call monitorenter_nofpu Runtime1 stub}
  0x000002018614cdc4: 24e8 b6ba 

  0x000002018614cdc8: ; ImmutableOopMap {rdx=Oop rsi=Oop [48]=Oop [72]=Oop }
                      ;*monitorenter {reexecute=0 rethrow=0 return_oop=0}
                      ; - com.sun.glass.ui.InvokeLaterDispatcher$Future::run@58 (line 97)
  0x000002018614cdc8: df06 e95c 

  0x000002018614cdcc: ;   {runtime_call throw_null_pointer_exception Runtime1 stub}
  0x000002018614cdcc: feff ffe8 

  0x000002018614cdd0: ; ImmutableOopMap {[56]=Oop [48]=Oop [72]=Oop }
                      ;*getfield LOCK {reexecute=1 rethrow=0 return_oop=0}
                      ; - (reexecute) com.sun.glass.ui.InvokeLaterDispatcher$Future::run@68 (line 99)
  0x000002018614cdd0: cc8a df06 

  0x000002018614cdd4: ;   {runtime_call throw_null_pointer_exception Runtime1 stub}
  0x000002018614cdd4: e8c7 8adf 

  0x000002018614cdd8: ; ImmutableOopMap {[56]=Oop [48]=Oop rdx=Oop [72]=Oop }
                      ;*invokevirtual notifyAll {reexecute=0 rethrow=0 return_oop=0}
                      ; - com.sun.glass.ui.InvokeLaterDispatcher$Future::run@71 (line 99)
  0x000002018614cdd8: 0648 8d44 | 2440 4889 

  0x000002018614cde0: ;   {runtime_call monitorexit_nofpu Runtime1 stub}
  0x000002018614cde0: 0424 e899 | c0df 06e9 | 98fe ffff 

  0x000002018614cdec: ;   {internal_word}
  0x000002018614cdec: 49ba 9ecc | 1486 0102 | 0000 4d89 | 9768 0300 

  0x000002018614cdfc: ;   {runtime_call SafepointBlob}
  0x000002018614cdfc: 00e9 feab | d506 488d | 4424 4048 

  0x000002018614ce08: ;   {runtime_call monitorexit_nofpu Runtime1 stub}
  0x000002018614ce08: 8904 24e8 | 70c0 df06 | e9ef feff | ff48 8d44 | 2440 4889 

  0x000002018614ce1c: ;   {runtime_call monitorexit_nofpu Runtime1 stub}
  0x000002018614ce1c: 0424 e85d | c0df 06e9 | 22ff ffff | 488b 5424 | 20e9 97fd | ffff 9090 | 498b 87e0 | 0300 0049 
  0x000002018614ce3c: c787 e003 | 0000 0000 | 0000 49c7 | 87e8 0300 | 0000 0000 | 0048 83c4 

  0x000002018614ce54: ;   {runtime_call unwind_exception Runtime1 stub}
  0x000002018614ce54: 605d e9a5 | 77df 06f4 | f4f4 f4f4 
[Stub Code]
  0x000002018614ce60: ;   {no_reloc}
  0x000002018614ce60: 0f1f 4400 

  0x000002018614ce64: ;   {static_stub}
  0x000002018614ce64: 0048 bb00 | 0000 0000 

  0x000002018614ce6c: ;   {runtime_call}
  0x000002018614ce6c: 0000 00e9 | fbff ffff 

  0x000002018614ce74: ;   {static_stub}
  0x000002018614ce74: 9048 bb00 | 0000 0000 

  0x000002018614ce7c: ;   {runtime_call}
  0x000002018614ce7c: 0000 00e9 | fbff ffff 

  0x000002018614ce84: ;   {static_stub}
  0x000002018614ce84: 9048 bb00 | 0000 0000 

  0x000002018614ce8c: ;   {runtime_call}
  0x000002018614ce8c: 0000 00e9 | fbff ffff 
[Exception Handler]
  0x000002018614ce94: ;   {runtime_call handle_exception_from_callee Runtime1 stub}
  0x000002018614ce94: e8e7 a7df 

  0x000002018614ce98: ;   {external_word}
  0x000002018614ce98: 0648 b9a0 | 8d5b 0bfc | 7f00 0048 

  0x000002018614cea4: ;   {runtime_call MacroAssembler::debug64}
  0x000002018614cea4: 83e4 f049 | ba50 e123 | 0bfc 7f00 | 0041 ffd2 

  0x000002018614ceb4: ;   {section_word}
  0x000002018614ceb4: f449 bab5 | ce14 8601 | 0200 0041 

  0x000002018614cec0: ;   {runtime_call DeoptimizationBlob}
  0x000002018614cec0: 52e9 da9d | d506 f4f4 
[/MachCode]


---------------  P R O C E S S  ---------------

Threads class SMR info:
_java_thread_list=0x00000201b1289390, length=20, elements={
0x000002018213f6a0, 0x00000201a11ec170, 0x00000201a11ecff0, 0x00000201a123c790,
0x00000201a123f660, 0x00000201a1240020, 0x00000201a12409e0, 0x00000201a12416d0,
0x00000201a1242870, 0x00000201a1242e80, 0x00000201a136b2e0, 0x00000201a16f8e70,
0x00000201a1c249d0, 0x00000201a6314d90, 0x00000201a62a7cc0, 0x00000201a68a6840,
0x00000201a68e5a40, 0x00000201b1673040, 0x00000201b20839a0, 0x00000201b2082a70
}

Java Threads: ( => current thread )
  0x000002018213f6a0 JavaThread "main" [_thread_blocked, id=20336, stack(0x0000003e0f900000,0x0000003e0fa00000)]
  0x00000201a11ec170 JavaThread "Reference Handler" daemon [_thread_blocked, id=17492, stack(0x0000003e10000000,0x0000003e10100000)]
  0x00000201a11ecff0 JavaThread "Finalizer" daemon [_thread_blocked, id=16708, stack(0x0000003e10100000,0x0000003e10200000)]
  0x00000201a123c790 JavaThread "Signal Dispatcher" daemon [_thread_blocked, id=4072, stack(0x0000003e10200000,0x0000003e10300000)]
  0x00000201a123f660 JavaThread "Attach Listener" daemon [_thread_blocked, id=7072, stack(0x0000003e10300000,0x0000003e10400000)]
  0x00000201a1240020 JavaThread "Service Thread" daemon [_thread_blocked, id=12304, stack(0x0000003e10400000,0x0000003e10500000)]
  0x00000201a12409e0 JavaThread "Monitor Deflation Thread" daemon [_thread_blocked, id=2164, stack(0x0000003e10500000,0x0000003e10600000)]
  0x00000201a12416d0 JavaThread "C2 CompilerThread0" daemon [_thread_blocked, id=20744, stack(0x0000003e10600000,0x0000003e10700000)]
  0x00000201a1242870 JavaThread "C1 CompilerThread0" daemon [_thread_blocked, id=7400, stack(0x0000003e10700000,0x0000003e10800000)]
  0x00000201a1242e80 JavaThread "Sweeper thread" daemon [_thread_blocked, id=12700, stack(0x0000003e10800000,0x0000003e10900000)]
  0x00000201a136b2e0 JavaThread "Common-Cleaner" daemon [_thread_blocked, id=8852, stack(0x0000003e10900000,0x0000003e10a00000)]
  0x00000201a16f8e70 JavaThread "Notification Thread" daemon [_thread_blocked, id=15048, stack(0x0000003e10c00000,0x0000003e10d00000)]
  0x00000201a1c249d0 JavaThread "QuantumRenderer-0" daemon [_thread_blocked, id=16544, stack(0x0000003e10e00000,0x0000003e10f00000)]
  0x00000201a6314d90 JavaThread "InvokeLaterDispatcher" daemon [_thread_blocked, id=20504, stack(0x0000003e10f00000,0x0000003e11000000)]
=>0x00000201a62a7cc0 JavaThread "JavaFX Application Thread" [_thread_in_native, id=18124, stack(0x0000003e11000000,0x0000003e11100000)]
  0x00000201a68a6840 JavaThread "JavaFX-Launcher" [_thread_blocked, id=18732, stack(0x0000003e12000000,0x0000003e12100000)]
  0x00000201a68e5a40 JavaThread "Thread-2" daemon [_thread_in_native, id=3080, stack(0x0000003e10b00000,0x0000003e10c00000)]
  0x00000201b1673040 JavaThread "mysql-cj-abandoned-connection-cleanup" daemon [_thread_blocked, id=1972, stack(0x0000003e12800000,0x0000003e12900000)]
  0x00000201b20839a0 JavaThread "Prism Font Disposer" daemon [_thread_blocked, id=5688, stack(0x0000003e13400000,0x0000003e13500000)]
  0x00000201b2082a70 JavaThread "Cleaner-0" daemon [_thread_blocked, id=16856, stack(0x0000003e13500000,0x0000003e13600000)]

Other Threads:
  0x00000201a11e9630 VMThread "VM Thread" [stack: 0x0000003e0ff00000,0x0000003e10000000] [id=8492]
  0x00000201a171c510 WatcherThread [stack: 0x0000003e10d00000,0x0000003e10e00000] [id=15356]
  0x00000201821a9c50 GCTaskThread "GC Thread#0" [stack: 0x0000003e0fa00000,0x0000003e0fb00000] [id=8732]
  0x00000201a68d6050 GCTaskThread "GC Thread#1" [stack: 0x0000003e12100000,0x0000003e12200000] [id=13272]
  0x00000201a68d44d0 GCTaskThread "GC Thread#2" [stack: 0x0000003e12200000,0x0000003e12300000] [id=21240]
  0x00000201a68d5ad0 GCTaskThread "GC Thread#3" [stack: 0x0000003e12300000,0x0000003e12400000] [id=15716]
  0x00000201a68d4fd0 GCTaskThread "GC Thread#4" [stack: 0x0000003e12400000,0x0000003e12500000] [id=3480]
  0x00000201a68d5810 GCTaskThread "GC Thread#5" [stack: 0x0000003e12500000,0x0000003e12600000] [id=8808]
  0x00000201a68d4d10 GCTaskThread "GC Thread#6" [stack: 0x0000003e12600000,0x0000003e12700000] [id=17632]
  0x00000201a68d4790 GCTaskThread "GC Thread#7" [stack: 0x0000003e12900000,0x0000003e12a00000] [id=10512]
  0x00000201a68d5290 GCTaskThread "GC Thread#8" [stack: 0x0000003e12a00000,0x0000003e12b00000] [id=5496]
  0x00000201a68d4a50 GCTaskThread "GC Thread#9" [stack: 0x0000003e12b00000,0x0000003e12c00000] [id=15284]
  0x00000201821ba6f0 ConcurrentGCThread "G1 Main Marker" [stack: 0x0000003e0fb00000,0x0000003e0fc00000] [id=14404]
  0x00000201821bb110 ConcurrentGCThread "G1 Conc#0" [stack: 0x0000003e0fc00000,0x0000003e0fd00000] [id=8240]
  0x00000201a68d5550 ConcurrentGCThread "G1 Conc#1" [stack: 0x0000003e12c00000,0x0000003e12d00000] [id=9408]
  0x00000201a68d5d90 ConcurrentGCThread "G1 Conc#2" [stack: 0x0000003e12e00000,0x0000003e12f00000] [id=2568]
  0x00000201821feb00 ConcurrentGCThread "G1 Refine#0" [stack: 0x0000003e0fd00000,0x0000003e0fe00000] [id=7156]
  0x00000201b0f71c70 ConcurrentGCThread "G1 Refine#1" [stack: 0x0000003e12d00000,0x0000003e12e00000] [id=13252]
  0x00000201a6c88690 ConcurrentGCThread "G1 Refine#2" [stack: 0x0000003e12f00000,0x0000003e13000000] [id=20040]
  0x00000201a6eea2d0 ConcurrentGCThread "G1 Refine#3" [stack: 0x0000003e13000000,0x0000003e13100000] [id=9284]
  0x00000201a0f0c780 ConcurrentGCThread "G1 Service" [stack: 0x0000003e0fe00000,0x0000003e0ff00000] [id=16940]

Threads with active compile tasks:

VM state: not at safepoint (normal execution)

VM Mutex/Monitor currently owned by a thread: None

Heap address: 0x0000000704a00000, size: 4022 MB, Compressed Oops mode: Zero based, Oop shift amount: 3

CDS archive(s) not mapped
Compressed class space mapped at: 0x0000000800000000-0x0000000840000000, reserved size: 1073741824
Narrow klass base: 0x0000000800000000, Narrow klass shift: 0, Narrow klass range: 0x40000000

GC Precious Log:
 CPUs: 12 total, 12 available
 Memory: 16085M
 Large Page Support: Disabled
 NUMA Support: Disabled
 Compressed Oops: Enabled (Zero based)
 Heap Region Size: 2M
 Heap Min Capacity: 8M
 Heap Initial Capacity: 252M
 Heap Max Capacity: 4022M
 Pre-touch: Disabled
 Parallel Workers: 10
 Concurrent Workers: 3
 Concurrent Refinement Workers: 10
 Periodic GC: Disabled

Heap:
 garbage-first heap   total 116736K, used 61668K [0x0000000704a00000, 0x0000000800000000)
  region size 2048K, 12 young (24576K), 1 survivors (2048K)
 Metaspace       used 33474K, committed 33728K, reserved 1114112K
  class space    used 4327K, committed 4480K, reserved 1048576K

Heap Regions: E=young(eden), S=young(survivor), O=old, HS=humongous(starts), HC=humongous(continues), CS=collection set, F=free, OA=open archive, CA=closed archive, TAMS=top-at-mark-start (previous, next)
|   0|0x0000000704a00000, 0x0000000704c00000, 0x0000000704c00000|100%|HS|  |TAMS 0x0000000704c00000, 0x0000000704a00000| Complete 
|   1|0x0000000704c00000, 0x0000000704e00000, 0x0000000704e00000|100%|HC|  |TAMS 0x0000000704e00000, 0x0000000704c00000| Complete 
|   2|0x0000000704e00000, 0x0000000705000000, 0x0000000705000000|100%|HC|  |TAMS 0x0000000705000000, 0x0000000704e00000| Complete 
|   3|0x0000000705000000, 0x0000000705200000, 0x0000000705200000|100%|HC|  |TAMS 0x0000000705200000, 0x0000000705000000| Complete 
|   4|0x0000000705200000, 0x0000000705400000, 0x0000000705400000|100%|HC|  |TAMS 0x0000000705400000, 0x0000000705200000| Complete 
|   5|0x0000000705400000, 0x0000000705600000, 0x0000000705600000|100%|HS|  |TAMS 0x0000000705600000, 0x0000000705400000| Complete 
|   6|0x0000000705600000, 0x0000000705800000, 0x0000000705800000|100%|HC|  |TAMS 0x0000000705800000, 0x0000000705600000| Complete 
|   7|0x0000000705800000, 0x0000000705a00000, 0x0000000705a00000|100%|HC|  |TAMS 0x0000000705a00000, 0x0000000705800000| Complete 
|   8|0x0000000705a00000, 0x0000000705c00000, 0x0000000705c00000|100%|HC|  |TAMS 0x0000000705c00000, 0x0000000705a00000| Complete 
|   9|0x0000000705c00000, 0x0000000705e00000, 0x0000000705e00000|100%|HC|  |TAMS 0x0000000705e00000, 0x0000000705c00000| Complete 
|  10|0x0000000705e00000, 0x0000000706000000, 0x0000000706000000|100%|HS|  |TAMS 0x0000000706000000, 0x0000000705e00000| Complete 
|  11|0x0000000706000000, 0x0000000706200000, 0x0000000706200000|100%| O|  |TAMS 0x0000000706000000, 0x0000000706000000| Untracked 
|  12|0x0000000706200000, 0x0000000706400000, 0x0000000706400000|100%|HS|  |TAMS 0x0000000706200000, 0x0000000706200000| Complete 
|  13|0x0000000706400000, 0x0000000706600000, 0x0000000706600000|100%| O|  |TAMS 0x0000000706400000, 0x0000000706400000| Untracked 
|  14|0x0000000706600000, 0x0000000706800000, 0x0000000706800000|100%|HS|  |TAMS 0x0000000706600000, 0x0000000706600000| Complete 
|  15|0x0000000706800000, 0x0000000706a00000, 0x0000000706a00000|100%| O|  |TAMS 0x0000000706800000, 0x0000000706800000| Untracked 
|  16|0x0000000706a00000, 0x0000000706c00000, 0x0000000706c00000|100%| O|  |TAMS 0x0000000706a00000, 0x0000000706a00000| Untracked 
|  17|0x0000000706c00000, 0x0000000706e00000, 0x0000000706e00000|100%| O|  |TAMS 0x0000000706c00000, 0x0000000706c00000| Untracked 
|  18|0x0000000706e00000, 0x0000000707000000, 0x0000000707000000|100%| O|  |TAMS 0x0000000706e00000, 0x0000000706e00000| Untracked 
|  19|0x0000000707000000, 0x0000000707196200, 0x0000000707200000| 79%| O|  |TAMS 0x0000000707000000, 0x0000000707000000| Untracked 
|  20|0x0000000707200000, 0x0000000707200000, 0x0000000707400000|  0%| F|  |TAMS 0x0000000707200000, 0x0000000707200000| Untracked 
|  21|0x0000000707400000, 0x0000000707400000, 0x0000000707600000|  0%| F|  |TAMS 0x0000000707400000, 0x0000000707400000| Untracked 
|  22|0x0000000707600000, 0x0000000707600000, 0x0000000707800000|  0%| F|  |TAMS 0x0000000707600000, 0x0000000707600000| Untracked 
|  23|0x0000000707800000, 0x0000000707800000, 0x0000000707a00000|  0%| F|  |TAMS 0x0000000707800000, 0x0000000707800000| Untracked 
|  24|0x0000000707a00000, 0x0000000707a00000, 0x0000000707c00000|  0%| F|  |TAMS 0x0000000707a00000, 0x0000000707a00000| Untracked 
|  25|0x0000000707c00000, 0x0000000707c00000, 0x0000000707e00000|  0%| F|  |TAMS 0x0000000707c00000, 0x0000000707c00000| Untracked 
|  26|0x0000000707e00000, 0x0000000707e00000, 0x0000000708000000|  0%| F|  |TAMS 0x0000000707e00000, 0x0000000707e00000| Untracked 
|  27|0x0000000708000000, 0x0000000708000000, 0x0000000708200000|  0%| F|  |TAMS 0x0000000708000000, 0x0000000708000000| Untracked 
|  28|0x0000000708200000, 0x0000000708200000, 0x0000000708400000|  0%| F|  |TAMS 0x0000000708200000, 0x0000000708200000| Untracked 
|  29|0x0000000708400000, 0x0000000708400000, 0x0000000708600000|  0%| F|  |TAMS 0x0000000708400000, 0x0000000708400000| Untracked 
|  30|0x0000000708600000, 0x0000000708600000, 0x0000000708800000|  0%| F|  |TAMS 0x0000000708600000, 0x0000000708600000| Untracked 
|  31|0x0000000708800000, 0x0000000708800000, 0x0000000708a00000|  0%| F|  |TAMS 0x0000000708800000, 0x0000000708800000| Untracked 
|  32|0x0000000708a00000, 0x0000000708a00000, 0x0000000708c00000|  0%| F|  |TAMS 0x0000000708a00000, 0x0000000708a00000| Untracked 
|  33|0x0000000708c00000, 0x0000000708c00000, 0x0000000708e00000|  0%| F|  |TAMS 0x0000000708c00000, 0x0000000708c00000| Untracked 
|  34|0x0000000708e00000, 0x0000000708e00000, 0x0000000709000000|  0%| F|  |TAMS 0x0000000708e00000, 0x0000000708e00000| Untracked 
|  35|0x0000000709000000, 0x0000000709000000, 0x0000000709200000|  0%| F|  |TAMS 0x0000000709000000, 0x0000000709000000| Untracked 
|  36|0x0000000709200000, 0x0000000709200000, 0x0000000709400000|  0%| F|  |TAMS 0x0000000709200000, 0x0000000709200000| Untracked 
|  37|0x0000000709400000, 0x0000000709400000, 0x0000000709600000|  0%| F|  |TAMS 0x0000000709400000, 0x0000000709400000| Untracked 
|  38|0x0000000709600000, 0x0000000709600000, 0x0000000709800000|  0%| F|  |TAMS 0x0000000709600000, 0x0000000709600000| Untracked 
|  39|0x0000000709800000, 0x0000000709800000, 0x0000000709a00000|  0%| F|  |TAMS 0x0000000709800000, 0x0000000709800000| Untracked 
|  40|0x0000000709a00000, 0x0000000709a00000, 0x0000000709c00000|  0%| F|  |TAMS 0x0000000709a00000, 0x0000000709a00000| Untracked 
|  41|0x0000000709c00000, 0x0000000709c00000, 0x0000000709e00000|  0%| F|  |TAMS 0x0000000709c00000, 0x0000000709c00000| Untracked 
|  42|0x0000000709e00000, 0x0000000709e00000, 0x000000070a000000|  0%| F|  |TAMS 0x0000000709e00000, 0x0000000709e00000| Untracked 
|  43|0x000000070a000000, 0x000000070a000000, 0x000000070a200000|  0%| F|  |TAMS 0x000000070a000000, 0x000000070a000000| Untracked 
|  44|0x000000070a200000, 0x000000070a200000, 0x000000070a400000|  0%| F|  |TAMS 0x000000070a200000, 0x000000070a200000| Untracked 
|  45|0x000000070a400000, 0x000000070a443128, 0x000000070a600000| 13%| E|  |TAMS 0x000000070a400000, 0x000000070a400000| Complete 
|  46|0x000000070a600000, 0x000000070a800000, 0x000000070a800000|100%| E|CS|TAMS 0x000000070a600000, 0x000000070a600000| Complete 
|  47|0x000000070a800000, 0x000000070aa00000, 0x000000070aa00000|100%| E|CS|TAMS 0x000000070a800000, 0x000000070a800000| Complete 
|  48|0x000000070aa00000, 0x000000070ac00000, 0x000000070ac00000|100%| E|CS|TAMS 0x000000070aa00000, 0x000000070aa00000| Complete 
|  49|0x000000070ac00000, 0x000000070ae00000, 0x000000070ae00000|100%| E|CS|TAMS 0x000000070ac00000, 0x000000070ac00000| Complete 
|  50|0x000000070ae00000, 0x000000070b000000, 0x000000070b000000|100%| E|CS|TAMS 0x000000070ae00000, 0x000000070ae00000| Complete 
|  51|0x000000070b000000, 0x000000070b200000, 0x000000070b200000|100%| E|CS|TAMS 0x000000070b000000, 0x000000070b000000| Complete 
|  52|0x000000070b200000, 0x000000070b400000, 0x000000070b400000|100%| E|CS|TAMS 0x000000070b200000, 0x000000070b200000| Complete 
| 103|0x0000000711800000, 0x0000000711a00000, 0x0000000711a00000|100%| E|CS|TAMS 0x0000000711800000, 0x0000000711800000| Complete 
| 104|0x0000000711a00000, 0x0000000711c00000, 0x0000000711c00000|100%| E|CS|TAMS 0x0000000711a00000, 0x0000000711a00000| Complete 
| 105|0x0000000711c00000, 0x0000000711ca31a0, 0x0000000711e00000| 31%| S|CS|TAMS 0x0000000711c00000, 0x0000000711c00000| Complete 
| 125|0x0000000714400000, 0x0000000714600000, 0x0000000714600000|100%| E|CS|TAMS 0x0000000714400000, 0x0000000714400000| Complete 

Card table byte_map: [0x0000020195650000,0x0000020195e30000] _byte_map_base: 0x0000020191e2b000

Marking Bits (Prev, Next): (CMBitMap*) 0x00000201821aa2b0, (CMBitMap*) 0x00000201821aa270
 Prev Bits: [0x000002019a4f0000, 0x000002019e3c8000)
 Next Bits: [0x0000020196610000, 0x000002019a4e8000)

Polling page: 0x00000201800a0000

Metaspace:

Usage:
  Non-class:     28.46 MB used.
      Class:      4.23 MB used.
       Both:     32.69 MB used.

Virtual space:
  Non-class space:       64.00 MB reserved,      28.56 MB ( 45%) committed,  1 nodes.
      Class space:        1.00 GB reserved,       4.38 MB ( <1%) committed,  1 nodes.
             Both:        1.06 GB reserved,      32.94 MB (  3%) committed. 

Chunk freelists:
   Non-Class:  3.06 MB
       Class:  11.66 MB
        Both:  14.72 MB

MaxMetaspaceSize: unlimited
CompressedClassSpaceSize: 1.00 GB
Initial GC threshold: 21.00 MB
Current GC threshold: 35.12 MB
CDS: off
MetaspaceReclaimPolicy: balanced
 - commit_granule_bytes: 65536.
 - commit_granule_words: 8192.
 - virtual_space_node_default_size: 8388608.
 - enlarge_chunks_in_place: 1.
 - new_chunks_are_fully_committed: 0.
 - uncommit_free_chunks: 1.
 - use_allocation_guard: 0.
 - handle_deallocations: 1.


Internal statistics:

num_allocs_failed_limit: 3.
num_arena_births: 228.
num_arena_deaths: 0.
num_vsnodes_births: 2.
num_vsnodes_deaths: 0.
num_space_committed: 527.
num_space_uncommitted: 0.
num_chunks_returned_to_freelist: 3.
num_chunks_taken_from_freelist: 1038.
num_chunk_merges: 0.
num_chunk_splits: 739.
num_chunks_enlarged: 584.
num_inconsistent_stats: 0.

CodeHeap 'non-profiled nmethods': size=120000Kb used=2216Kb max_used=2869Kb free=117783Kb
 bounds [0x000002018d3f0000, 0x000002018d6c0000, 0x0000020194920000]
CodeHeap 'profiled nmethods': size=120000Kb used=7845Kb max_used=10207Kb free=112154Kb
 bounds [0x0000020185920000, 0x0000020186320000, 0x000002018ce50000]
CodeHeap 'non-nmethods': size=5760Kb used=1488Kb max_used=1531Kb free=4271Kb
 bounds [0x000002018ce50000, 0x000002018d0c0000, 0x000002018d3f0000]
 total_blobs=5070 nmethods=4208 adapters=772
 compilation: enabled
              stopped_count=0, restarted_count=0
 full_count=0

Compilation events (20 events):
Event: 11.522 Thread 0x00000201a1242870 5008       3       com.sun.scenario.animation.shared.TimelineClipCore::playTo (353 bytes)
Event: 11.523 Thread 0x00000201a1242870 nmethod 5008 0x0000020186313b90 code [0x0000020186313e60, 0x0000020186315078]
Event: 11.523 Thread 0x00000201a1242870 5007       3       javafx.animation.Timeline::doPlayTo (9 bytes)
Event: 11.523 Thread 0x00000201a1242870 nmethod 5007 0x0000020186315710 code [0x00000201863158c0, 0x0000020186315a28]
Event: 11.653 Thread 0x00000201a1242870 5009       3       javafx.scene.Node::notifyAccessibleAttributeChanged (41 bytes)
Event: 11.653 Thread 0x00000201a1242870 nmethod 5009 0x0000020186315b10 code [0x0000020186315d20, 0x00000201863166c8]
Event: 11.653 Thread 0x00000201a1242870 5010       3       javafx.beans.property.IntegerPropertyBase::set (76 bytes)
Event: 11.654 Thread 0x00000201a1242870 nmethod 5010 0x0000020186316910 code [0x0000020186316b80, 0x0000020186317638]
Event: 11.722 Thread 0x00000201a1242870 5011       3       java.util.concurrent.ConcurrentHashMap::isEmpty (15 bytes)
Event: 11.722 Thread 0x00000201a1242870 nmethod 5011 0x0000020186317910 code [0x0000020186317ac0, 0x0000020186317c68]
Event: 11.722 Thread 0x00000201a12416d0 5012       4       java.util.concurrent.ConcurrentHashMap$BaseIterator::hasNext (13 bytes)
Event: 11.722 Thread 0x00000201a12416d0 nmethod 5012 0x000002018d3f0a10 code [0x000002018d3f0b80, 0x000002018d3f0c18]
Event: 11.735 Thread 0x00000201a1242870 5013       3       java.util.concurrent.locks.AbstractQueuedSynchronizer::signalNext (34 bytes)
Event: 11.735 Thread 0x00000201a1242870 nmethod 5013 0x0000020185bb0f10 code [0x0000020185bb10e0, 0x0000020185bb13b8]
Event: 11.757 Thread 0x00000201a12416d0 5014       4       java.lang.invoke.MethodTypeForm::canonicalize (74 bytes)
Event: 11.758 Thread 0x00000201a12416d0 nmethod 5014 0x000002018d3fb990 code [0x000002018d3fbb00, 0x000002018d3fbbb8]
Event: 11.759 Thread 0x00000201a12416d0 5015       4       java.lang.StringBuilder::append (8 bytes)
Event: 11.765 Thread 0x00000201a12416d0 nmethod 5015 0x000002018d458010 code [0x000002018d4581c0, 0x000002018d458868]
Event: 11.765 Thread 0x00000201a12416d0 5016       4       java.util.ArrayList$Itr::checkForComodification (23 bytes)
Event: 11.766 Thread 0x00000201a12416d0 nmethod 5016 0x000002018d401910 code [0x000002018d401a80, 0x000002018d401b38]

GC Heap History (8 events):
Event: 0.618 GC heap before
{Heap before GC invocations=0 (full 0):
 garbage-first heap   total 258048K, used 20480K [0x0000000704a00000, 0x0000000800000000)
  region size 2048K, 11 young (22528K), 0 survivors (0K)
 Metaspace       used 12101K, committed 12288K, reserved 1114112K
  class space    used 1254K, committed 1344K, reserved 1048576K
}
Event: 0.621 GC heap after
{Heap after GC invocations=1 (full 0):
 garbage-first heap   total 258048K, used 3167K [0x0000000704a00000, 0x0000000800000000)
  region size 2048K, 2 young (4096K), 2 survivors (4096K)
 Metaspace       used 12101K, committed 12288K, reserved 1114112K
  class space    used 1254K, committed 1344K, reserved 1048576K
}
Event: 1.350 GC heap before
{Heap before GC invocations=1 (full 0):
 garbage-first heap   total 258048K, used 60511K [0x0000000704a00000, 0x0000000800000000)
  region size 2048K, 20 young (40960K), 2 survivors (4096K)
 Metaspace       used 21324K, committed 21504K, reserved 1114112K
  class space    used 2423K, committed 2496K, reserved 1048576K
}
Event: 1.356 GC heap after
{Heap after GC invocations=2 (full 0):
 garbage-first heap   total 258048K, used 30787K [0x0000000704a00000, 0x0000000800000000)
  region size 2048K, 3 young (6144K), 3 survivors (6144K)
 Metaspace       used 21324K, committed 21504K, reserved 1114112K
  class space    used 2423K, committed 2496K, reserved 1048576K
}
Event: 2.877 GC heap before
{Heap before GC invocations=3 (full 0):
 garbage-first heap   total 116736K, used 77891K [0x0000000704a00000, 0x0000000800000000)
  region size 2048K, 24 young (49152K), 3 survivors (6144K)
 Metaspace       used 30418K, committed 30720K, reserved 1114112K
  class space    used 3911K, committed 4096K, reserved 1048576K
}
Event: 2.888 GC heap after
{Heap after GC invocations=4 (full 0):
 garbage-first heap   total 116736K, used 38480K [0x0000000704a00000, 0x0000000800000000)
  region size 2048K, 3 young (6144K), 3 survivors (6144K)
 Metaspace       used 30418K, committed 30720K, reserved 1114112K
  class space    used 3911K, committed 4096K, reserved 1048576K
}
Event: 3.761 GC heap before
{Heap before GC invocations=4 (full 0):
 garbage-first heap   total 116736K, used 40528K [0x0000000704a00000, 0x0000000800000000)
  region size 2048K, 4 young (8192K), 3 survivors (6144K)
 Metaspace       used 30666K, committed 30976K, reserved 1114112K
  class space    used 3931K, committed 4096K, reserved 1048576K
}
Event: 3.767 GC heap after
{Heap after GC invocations=5 (full 0):
 garbage-first heap   total 116736K, used 39140K [0x0000000704a00000, 0x0000000800000000)
  region size 2048K, 1 young (2048K), 1 survivors (2048K)
 Metaspace       used 30666K, committed 30976K, reserved 1114112K
  class space    used 3931K, committed 4096K, reserved 1048576K
}

Dll operation events (2 events):
Event: 0.005 Loaded shared library C:\Users\User\.jdks\jbr-17.0.12\bin\java.dll
Event: 0.025 Loaded shared library C:\Users\User\.jdks\jbr-17.0.12\bin\jsvml.dll

Deoptimization events (20 events):
Event: 10.379 Thread 0x00000201a1c249d0 Uncommon trap: trap_request=0xffffff45 fr.pc=0x000002018d63cbd0 relative=0x00000000000000b0
Event: 10.379 Thread 0x00000201a1c249d0 Uncommon trap: reason=unstable_if action=reinterpret pc=0x000002018d63cbd0 method=com.sun.marlin.Renderer.closePath()V @ 9 c2
Event: 10.379 Thread 0x00000201a1c249d0 DEOPT PACKING pc=0x000002018d63cbd0 sp=0x0000003e10efe1a0
Event: 10.379 Thread 0x00000201a1c249d0 DEOPT UNPACKING pc=0x000002018cea69a3 sp=0x0000003e10efe138 mode 2
Event: 10.859 Thread 0x00000201a62a7cc0 Uncommon trap: trap_request=0xffffff45 fr.pc=0x000002018d633fe0 relative=0x0000000000000380
Event: 10.859 Thread 0x00000201a62a7cc0 Uncommon trap: reason=unstable_if action=reinterpret pc=0x000002018d633fe0 method=javafx.scene.Node$MiscProperties.isMouseTransparent()Z @ 4 c2
Event: 10.859 Thread 0x00000201a62a7cc0 DEOPT PACKING pc=0x000002018d633fe0 sp=0x0000003e110faed0
Event: 10.859 Thread 0x00000201a62a7cc0 DEOPT UNPACKING pc=0x000002018cea69a3 sp=0x0000003e110faad8 mode 2
Event: 11.721 Thread 0x00000201a68a6840 Uncommon trap: trap_request=0xffffff45 fr.pc=0x000002018d6234d4 relative=0x00000000000000b4
Event: 11.721 Thread 0x00000201a68a6840 Uncommon trap: reason=unstable_if action=reinterpret pc=0x000002018d6234d4 method=java.util.concurrent.locks.AbstractQueuedSynchronizer.signalNext(Ljava/util/concurrent/locks/AbstractQueuedSynchronizer$Node;)V @ 17 c2
Event: 11.721 Thread 0x00000201a68a6840 DEOPT PACKING pc=0x000002018d6234d4 sp=0x0000003e120fefc0
Event: 11.721 Thread 0x00000201a68a6840 DEOPT UNPACKING pc=0x000002018cea69a3 sp=0x0000003e120fef50 mode 2
Event: 11.740 Thread 0x00000201a62a7cc0 Uncommon trap: trap_request=0xffffffc6 fr.pc=0x000002018d681db4 relative=0x0000000000000714
Event: 11.740 Thread 0x00000201a62a7cc0 Uncommon trap: reason=bimorphic_or_optimized_type_check action=maybe_recompile pc=0x000002018d681db4 method=com.sun.javafx.event.EventHandlerManager.dispatchCapturingEvent(Ljavafx/event/Event;)Ljavafx/event/Event; @ 1 c2
Event: 11.740 Thread 0x00000201a62a7cc0 DEOPT PACKING pc=0x000002018d681db4 sp=0x0000003e110fcea0
Event: 11.740 Thread 0x00000201a62a7cc0 DEOPT UNPACKING pc=0x000002018cea69a3 sp=0x0000003e110fce58 mode 2
Event: 11.755 Thread 0x00000201a62a7cc0 Uncommon trap: trap_request=0xffffffc6 fr.pc=0x000002018d681db4 relative=0x0000000000000714
Event: 11.755 Thread 0x00000201a62a7cc0 Uncommon trap: reason=bimorphic_or_optimized_type_check action=maybe_recompile pc=0x000002018d681db4 method=com.sun.javafx.event.EventHandlerManager.dispatchCapturingEvent(Ljavafx/event/Event;)Ljavafx/event/Event; @ 1 c2
Event: 11.755 Thread 0x00000201a62a7cc0 DEOPT PACKING pc=0x000002018d681db4 sp=0x0000003e110fcea0
Event: 11.755 Thread 0x00000201a62a7cc0 DEOPT UNPACKING pc=0x000002018cea69a3 sp=0x0000003e110fce58 mode 2

Classes unloaded (0 events):
No events

Classes redefined (0 events):
No events

Internal exceptions (20 events):
Event: 1.742 Thread 0x00000201a62a7cc0 Exception <a 'java/lang/ClassNotFoundException'{0x000000070a5dd208}: com/sun/javafx/scene/control/skin/resources/controls> (0x000000070a5dd208) 
thrown [s\src\hotspot\share\prims\jni.cpp, line 536]
Event: 1.742 Thread 0x00000201a62a7cc0 Exception <a 'java/lang/ClassNotFoundException'{0x000000070a5eb8f0}: com/sun/javafx/scene/control/skin/resources/controls_en> (0x000000070a5eb8f0) 
thrown [s\src\hotspot\share\prims\jni.cpp, line 536]
Event: 1.742 Thread 0x00000201a62a7cc0 Exception <a 'java/lang/ClassNotFoundException'{0x000000070a5ed1f0}: com/sun/javafx/scene/control/skin/resources/controls_en_US> (0x000000070a5ed1f0) 
thrown [s\src\hotspot\share\prims\jni.cpp, line 536]
Event: 1.993 Thread 0x00000201a62a7cc0 Exception <a 'java/lang/NoSuchMethodError'{0x00000007094492d0}: 'java.lang.Object java.lang.invoke.DirectMethodHandle$Holder.newInvokeSpecial(java.lang.Object, java.lang.Object, int)'> (0x00000007094492d0) 
thrown [s\src\hotspot\share\interpreter\linkResolver.cpp, line 771]
Event: 2.072 Thread 0x00000201a1c249d0 Exception <a 'java/lang/NoSuchMethodError'{0x000000070921a7e0}: 'int java.lang.invoke.DirectMethodHandle$Holder.invokeStaticInit(java.lang.Object, java.lang.Object)'> (0x000000070921a7e0) 
thrown [s\src\hotspot\share\interpreter\linkResolver.cpp, line 771]
Event: 2.220 Thread 0x00000201a1c249d0 Exception <a 'java/lang/NoSuchMethodError'{0x00000007091827d8}: 'java.lang.Object java.lang.invoke.DirectMethodHandle$Holder.invokeStaticInit(java.lang.Object, int)'> (0x00000007091827d8) 
thrown [s\src\hotspot\share\interpreter\linkResolver.cpp, line 771]
Event: 2.366 Thread 0x00000201a62a7cc0 Exception <a 'java/lang/NoSuchMethodError'{0x0000000708f56ab8}: 'long java.lang.invoke.DirectMethodHandle$Holder.invokeStatic(java.lang.Object, java.lang.Object, java.lang.Object)'> (0x0000000708f56ab8) 
thrown [s\src\hotspot\share\interpreter\linkResolver.cpp, line 771]
Event: 2.366 Thread 0x00000201a62a7cc0 Exception <a 'java/lang/NoSuchMethodError'{0x0000000708f5a260}: 'long java.lang.invoke.DirectMethodHandle$Holder.invokeStaticInit(java.lang.Object, java.lang.Object, java.lang.Object)'> (0x0000000708f5a260) 
thrown [s\src\hotspot\share\interpreter\linkResolver.cpp, line 771]
Event: 2.367 Thread 0x00000201a62a7cc0 Exception <a 'java/lang/NoSuchMethodError'{0x0000000708f71ec0}: 'java.lang.Object java.lang.invoke.DirectMethodHandle$Holder.newInvokeSpecial(java.lang.Object, java.lang.Object, long)'> (0x0000000708f71ec0) 
thrown [s\src\hotspot\share\interpreter\linkResolver.cpp, line 771]
Event: 2.367 Thread 0x00000201a62a7cc0 Exception <a 'java/lang/NoSuchMethodError'{0x0000000708f75a30}: 'java.lang.Object java.lang.invoke.Invokers$Holder.linkToTargetMethod(java.lang.Object, long, java.lang.Object)'> (0x0000000708f75a30) 
thrown [s\src\hotspot\share\interpreter\linkResolver.cpp, line 771]
Event: 3.866 Thread 0x00000201a62a7cc0 Exception <a 'java/lang/NoSuchMethodError'{0x000000071441aec8}: 'void java.lang.invoke.DirectMethodHandle$Holder.invokeVirtual(java.lang.Object, java.lang.Object)'> (0x000000071441aec8) 
thrown [s\src\hotspot\share\interpreter\linkResolver.cpp, line 771]
Event: 9.013 Thread 0x00000201a62a7cc0 Exception <a 'java/lang/NoSuchMethodError'{0x000000070ae523c8}: 'int java.lang.invoke.DirectMethodHandle$Holder.invokeSpecial(java.lang.Object, java.lang.Object, int)'> (0x000000070ae523c8) 
thrown [s\src\hotspot\share\interpreter\linkResolver.cpp, line 771]
Event: 9.014 Thread 0x00000201a62a7cc0 Exception <a 'java/lang/NoSuchMethodError'{0x000000070ae63418}: 'int java.lang.invoke.DirectMethodHandle$Holder.invokeVirtual(java.lang.Object, java.lang.Object)'> (0x000000070ae63418) 
thrown [s\src\hotspot\share\interpreter\linkResolver.cpp, line 771]
Event: 9.017 Thread 0x00000201a62a7cc0 Exception <a 'java/lang/NoSuchMethodError'{0x000000070ae6e318}: 'void java.lang.invoke.DirectMethodHandle$Holder.invokeVirtual(java.lang.Object, java.lang.Object, int)'> (0x000000070ae6e318) 
thrown [s\src\hotspot\share\interpreter\linkResolver.cpp, line 771]
Event: 10.259 Thread 0x00000201a62a7cc0 Exception <a 'java/lang/ClassNotFoundException'{0x000000070adaab50}: com/sun/javafx/scene/control/skin/resources/controls-nt> (0x000000070adaab50) 
thrown [s\src\hotspot\share\prims\jni.cpp, line 536]
Event: 10.259 Thread 0x00000201a62a7cc0 Exception <a 'java/lang/ClassNotFoundException'{0x000000070adb36a0}: com/sun/javafx/scene/control/skin/resources/controls-nt_en> (0x000000070adb36a0) 
thrown [s\src\hotspot\share\prims\jni.cpp, line 536]
Event: 10.259 Thread 0x00000201a62a7cc0 Exception <a 'java/lang/ClassNotFoundException'{0x000000070adb52a0}: com/sun/javafx/scene/control/skin/resources/controls-nt_en_US> (0x000000070adb52a0) 
thrown [s\src\hotspot\share\prims\jni.cpp, line 536]
Event: 10.260 Thread 0x00000201a62a7cc0 Implicit null exception at 0x000002018d694f50 to 0x000002018d694fc0
Event: 10.295 Thread 0x00000201a62a7cc0 Exception <a 'java/lang/NoSuchMethodError'{0x000000070a82b0e8}: 'void java.lang.invoke.DirectMethodHandle$Holder.invokeSpecial(java.lang.Object, java.lang.Object, java.lang.Object, java.lang.Object, java.lang.Object, java.lang.Object)'> (0x000000070a82b0e8) 
thrown [s\src\hotspot\share\interpreter\linkResolver.cpp, line 771]
Event: 10.358 Thread 0x00000201a1c249d0 Implicit null exception at 0x000002018d66a250 to 0x000002018d66cea8

VM Operations (20 events):
Event: 10.274 Executing VM operation: HandshakeAllThreads
Event: 10.274 Executing VM operation: HandshakeAllThreads done
Event: 10.287 Executing VM operation: HandshakeAllThreads
Event: 10.288 Executing VM operation: HandshakeAllThreads done
Event: 10.292 Executing VM operation: HandshakeAllThreads
Event: 10.292 Executing VM operation: HandshakeAllThreads done
Event: 10.293 Executing VM operation: HandshakeAllThreads
Event: 10.293 Executing VM operation: HandshakeAllThreads done
Event: 10.294 Executing VM operation: HandshakeAllThreads
Event: 10.294 Executing VM operation: HandshakeAllThreads done
Event: 10.319 Executing VM operation: HandshakeAllThreads
Event: 10.319 Executing VM operation: HandshakeAllThreads done
Event: 11.007 Executing VM operation: HandshakeAllThreads
Event: 11.007 Executing VM operation: HandshakeAllThreads done
Event: 11.721 Executing VM operation: HandshakeAllThreads
Event: 11.721 Executing VM operation: HandshakeAllThreads done
Event: 11.721 Executing VM operation: Cleanup
Event: 11.721 Executing VM operation: Cleanup done
Event: 11.755 Executing VM operation: HandshakeAllThreads
Event: 11.755 Executing VM operation: HandshakeAllThreads done

Events (20 events):
Event: 11.758 Thread 0x00000201a1242e80 flushing nmethod 0x0000020186027910
Event: 11.758 Thread 0x00000201a1242e80 flushing nmethod 0x000002018602cb90
Event: 11.758 Thread 0x00000201a1242e80 flushing nmethod 0x000002018603eb90
Event: 11.758 Thread 0x00000201a1242e80 flushing nmethod 0x0000020186040810
Event: 11.759 Thread 0x00000201a1242e80 flushing nmethod 0x000002018606f690
Event: 11.759 Thread 0x00000201a1242e80 flushing nmethod 0x0000020186088290
Event: 11.759 Thread 0x00000201a1242e80 flushing nmethod 0x0000020186092210
Event: 11.759 Thread 0x00000201a1242e80 flushing nmethod 0x000002018609bc90
Event: 11.759 Thread 0x00000201a1242e80 flushing nmethod 0x000002018609e810
Event: 11.759 Thread 0x00000201a1242e80 flushing nmethod 0x00000201860aa590
Event: 11.759 Thread 0x00000201a1242e80 flushing nmethod 0x00000201860b1e10
Event: 11.759 Thread 0x00000201a1242e80 flushing nmethod 0x00000201860c3910
Event: 11.759 Thread 0x00000201a1242e80 flushing nmethod 0x0000020186162c90
Event: 11.759 Thread 0x00000201a1242e80 flushing nmethod 0x00000201861ad510
Event: 11.759 Thread 0x00000201a1242e80 flushing nmethod 0x00000201861d3490
Event: 11.759 Thread 0x00000201a1242e80 flushing nmethod 0x00000201861d4010
Event: 11.759 Thread 0x00000201a1242e80 flushing nmethod 0x00000201861d6a10
Event: 11.759 Thread 0x00000201a1242e80 flushing nmethod 0x0000020186210790
Event: 11.759 Thread 0x00000201a1242e80 flushing nmethod 0x0000020186217010
Event: 11.759 Thread 0x00000201a1242e80 flushing nmethod 0x000002018625b010


Dynamic libraries:
0x00007ff640aa0000 - 0x00007ff640aaa000 	C:\Users\User\.jdks\jbr-17.0.12\bin\java.exe
0x00007ffcaccb0000 - 0x00007ffcacea8000 	C:\WINDOWS\SYSTEM32\ntdll.dll
0x00007ffcab9a0000 - 0x00007ffcaba62000 	C:\WINDOWS\System32\KERNEL32.DLL
0x00007ffcaa8a0000 - 0x00007ffcaab96000 	C:\WINDOWS\System32\KERNELBASE.dll
0x00007ffcaa490000 - 0x00007ffcaa590000 	C:\WINDOWS\System32\ucrtbase.dll
0x00007ffc93770000 - 0x00007ffc93787000 	C:\Users\User\.jdks\jbr-17.0.12\bin\jli.dll
0x00007ffc93750000 - 0x00007ffc9376b000 	C:\Users\User\.jdks\jbr-17.0.12\bin\VCRUNTIME140.dll
0x00007ffcab460000 - 0x00007ffcab5fd000 	C:\WINDOWS\System32\USER32.dll
0x00007ffcaaca0000 - 0x00007ffcaacc2000 	C:\WINDOWS\System32\win32u.dll
0x00007ffc8e920000 - 0x00007ffc8ebba000 	C:\WINDOWS\WinSxS\amd64_microsoft.windows.common-controls_6595b64144ccf1df_6.0.19041.4355_none_60b8b9eb71f62e16\COMCTL32.dll
0x00007ffcac150000 - 0x00007ffcac17b000 	C:\WINDOWS\System32\GDI32.dll
0x00007ffcab3c0000 - 0x00007ffcab45e000 	C:\WINDOWS\System32\msvcrt.dll
0x00007ffcaa590000 - 0x00007ffcaa6aa000 	C:\WINDOWS\System32\gdi32full.dll
0x00007ffcaa340000 - 0x00007ffcaa3dd000 	C:\WINDOWS\System32\msvcp_win.dll
0x00007ffcacb00000 - 0x00007ffcacb2f000 	C:\WINDOWS\System32\IMM32.DLL
0x00007ffc93740000 - 0x00007ffc9374c000 	C:\Users\User\.jdks\jbr-17.0.12\bin\vcruntime140_1.dll
0x00007ffc83790000 - 0x00007ffc8381d000 	C:\Users\User\.jdks\jbr-17.0.12\bin\msvcp140.dll
0x00007ffc0ac80000 - 0x00007ffc0b905000 	C:\Users\User\.jdks\jbr-17.0.12\bin\server\jvm.dll
0x00007ffcaca40000 - 0x00007ffcacaef000 	C:\WINDOWS\System32\ADVAPI32.dll
0x00007ffcab730000 - 0x00007ffcab7cf000 	C:\WINDOWS\System32\sechost.dll
0x00007ffcab600000 - 0x00007ffcab723000 	C:\WINDOWS\System32\RPCRT4.dll
0x00007ffcaac70000 - 0x00007ffcaac97000 	C:\WINDOWS\System32\bcrypt.dll
0x00007ffca3080000 - 0x00007ffca30a7000 	C:\WINDOWS\SYSTEM32\WINMM.dll
0x00007ffc6e530000 - 0x00007ffc6e539000 	C:\WINDOWS\SYSTEM32\WSOCK32.dll
0x00007ffca29d0000 - 0x00007ffca29da000 	C:\WINDOWS\SYSTEM32\VERSION.dll
0x00007ffcac1e0000 - 0x00007ffcac24b000 	C:\WINDOWS\System32\WS2_32.dll
0x00007ffca98e0000 - 0x00007ffca992b000 	C:\WINDOWS\SYSTEM32\POWRPROF.dll
0x00007ffca9740000 - 0x00007ffca9752000 	C:\WINDOWS\SYSTEM32\UMPDC.dll
0x00007ffca8b60000 - 0x00007ffca8b72000 	C:\WINDOWS\SYSTEM32\kernel.appcore.dll
0x00007ffc93730000 - 0x00007ffc9373a000 	C:\Users\User\.jdks\jbr-17.0.12\bin\jimage.dll
0x00007ffca7f40000 - 0x00007ffca8124000 	C:\WINDOWS\SYSTEM32\DBGHELP.DLL
0x00007ffc93090000 - 0x00007ffc930c4000 	C:\WINDOWS\SYSTEM32\dbgcore.DLL
0x00007ffcaa6b0000 - 0x00007ffcaa732000 	C:\WINDOWS\System32\bcryptPrimitives.dll
0x00007ffc83730000 - 0x00007ffc83755000 	C:\Users\User\.jdks\jbr-17.0.12\bin\java.dll
0x00007ffc83710000 - 0x00007ffc83728000 	C:\Users\User\.jdks\jbr-17.0.12\bin\zip.dll
0x00007ffc71f20000 - 0x00007ffc71ff7000 	C:\Users\User\.jdks\jbr-17.0.12\bin\jsvml.dll
0x00007ffcac250000 - 0x00007ffcac9bf000 	C:\WINDOWS\System32\SHELL32.dll
0x00007ffca83a0000 - 0x00007ffca8b43000 	C:\WINDOWS\SYSTEM32\windows.storage.dll
0x00007ffcaad80000 - 0x00007ffcab0d5000 	C:\WINDOWS\System32\combase.dll
0x00007ffca9d70000 - 0x00007ffca9d9b000 	C:\WINDOWS\SYSTEM32\Wldp.dll
0x00007ffcab2f0000 - 0x00007ffcab3bd000 	C:\WINDOWS\System32\OLEAUT32.dll
0x00007ffcacb30000 - 0x00007ffcacbdd000 	C:\WINDOWS\System32\SHCORE.dll
0x00007ffcac9c0000 - 0x00007ffcaca15000 	C:\WINDOWS\System32\shlwapi.dll
0x00007ffcaa270000 - 0x00007ffcaa295000 	C:\WINDOWS\SYSTEM32\profapi.dll
0x00007ffc836f0000 - 0x00007ffc83709000 	C:\Users\User\.jdks\jbr-17.0.12\bin\net.dll
0x00007ffca3ea0000 - 0x00007ffca3faa000 	C:\WINDOWS\SYSTEM32\WINHTTP.dll
0x00007ffca9ad0000 - 0x00007ffca9b3c000 	C:\WINDOWS\system32\mswsock.dll
0x00007ffc836d0000 - 0x00007ffc836e6000 	C:\Users\User\.jdks\jbr-17.0.12\bin\nio.dll
0x00000201800e0000 - 0x00000201800e3000 	C:\Users\User\.openjfx\cache\22.0.2+4\amd64\api-ms-win-core-console-l1-1-0.dll
0x00000201800f0000 - 0x00000201800f3000 	C:\Users\User\.openjfx\cache\22.0.2+4\amd64\api-ms-win-core-console-l1-2-0.dll
0x0000020180100000 - 0x0000020180103000 	C:\Users\User\.openjfx\cache\22.0.2+4\amd64\api-ms-win-core-datetime-l1-1-0.dll
0x0000020180110000 - 0x0000020180113000 	C:\Users\User\.openjfx\cache\22.0.2+4\amd64\api-ms-win-core-debug-l1-1-0.dll
0x0000020180120000 - 0x0000020180123000 	C:\Users\User\.openjfx\cache\22.0.2+4\amd64\api-ms-win-core-errorhandling-l1-1-0.dll
0x0000020180130000 - 0x0000020180134000 	C:\Users\User\.openjfx\cache\22.0.2+4\amd64\api-ms-win-core-file-l1-1-0.dll
0x0000020180140000 - 0x0000020180143000 	C:\Users\User\.openjfx\cache\22.0.2+4\amd64\api-ms-win-core-file-l1-2-0.dll
0x00000201820c0000 - 0x00000201820c3000 	C:\Users\User\.openjfx\cache\22.0.2+4\amd64\api-ms-win-core-file-l2-1-0.dll
0x00000201820d0000 - 0x00000201820d3000 	C:\Users\User\.openjfx\cache\22.0.2+4\amd64\api-ms-win-core-handle-l1-1-0.dll
0x00000201820e0000 - 0x00000201820e3000 	C:\Users\User\.openjfx\cache\22.0.2+4\amd64\api-ms-win-core-heap-l1-1-0.dll
0x00000201820f0000 - 0x00000201820f3000 	C:\Users\User\.openjfx\cache\22.0.2+4\amd64\api-ms-win-core-interlocked-l1-1-0.dll
0x00000201a1ea0000 - 0x00000201a1ea3000 	C:\Users\User\.openjfx\cache\22.0.2+4\amd64\api-ms-win-core-libraryloader-l1-1-0.dll
0x00000201a1eb0000 - 0x00000201a1eb3000 	C:\Users\User\.openjfx\cache\22.0.2+4\amd64\api-ms-win-core-localization-l1-2-0.dll
0x00000201a1ec0000 - 0x00000201a1ec3000 	C:\Users\User\.openjfx\cache\22.0.2+4\amd64\api-ms-win-core-memory-l1-1-0.dll
0x00000201a1ed0000 - 0x00000201a1ed3000 	C:\Users\User\.openjfx\cache\22.0.2+4\amd64\api-ms-win-core-namedpipe-l1-1-0.dll
0x00000201a1ee0000 - 0x00000201a1ee3000 	C:\Users\User\.openjfx\cache\22.0.2+4\amd64\api-ms-win-core-processenvironment-l1-1-0.dll
0x00000201a1ef0000 - 0x00000201a1ef3000 	C:\Users\User\.openjfx\cache\22.0.2+4\amd64\api-ms-win-core-processthreads-l1-1-0.dll
0x00000201a1f00000 - 0x00000201a1f03000 	C:\Users\User\.openjfx\cache\22.0.2+4\amd64\api-ms-win-core-processthreads-l1-1-1.dll
0x00000201a1f10000 - 0x00000201a1f13000 	C:\Users\User\.openjfx\cache\22.0.2+4\amd64\api-ms-win-core-profile-l1-1-0.dll
0x00000201a1f20000 - 0x00000201a1f23000 	C:\Users\User\.openjfx\cache\22.0.2+4\amd64\api-ms-win-core-rtlsupport-l1-1-0.dll
0x00000201a1f30000 - 0x00000201a1f33000 	C:\Users\User\.openjfx\cache\22.0.2+4\amd64\api-ms-win-core-string-l1-1-0.dll
0x00000201a1f40000 - 0x00000201a1f43000 	C:\Users\User\.openjfx\cache\22.0.2+4\amd64\api-ms-win-core-synch-l1-1-0.dll
0x00000201a1f50000 - 0x00000201a1f53000 	C:\Users\User\.openjfx\cache\22.0.2+4\amd64\api-ms-win-core-synch-l1-2-0.dll
0x00000201a1f60000 - 0x00000201a1f63000 	C:\Users\User\.openjfx\cache\22.0.2+4\amd64\api-ms-win-core-sysinfo-l1-1-0.dll
0x00000201a1f70000 - 0x00000201a1f73000 	C:\Users\User\.openjfx\cache\22.0.2+4\amd64\api-ms-win-core-timezone-l1-1-0.dll
0x00000201a1f80000 - 0x00000201a1f83000 	C:\Users\User\.openjfx\cache\22.0.2+4\amd64\api-ms-win-core-util-l1-1-0.dll
0x00000201a1f90000 - 0x00000201a1f93000 	C:\Users\User\.openjfx\cache\22.0.2+4\amd64\api-ms-win-crt-conio-l1-1-0.dll
0x00000201a1fa0000 - 0x00000201a1fa4000 	C:\Users\User\.openjfx\cache\22.0.2+4\amd64\api-ms-win-crt-convert-l1-1-0.dll
0x00000201a1fb0000 - 0x00000201a1fb3000 	C:\Users\User\.openjfx\cache\22.0.2+4\amd64\api-ms-win-crt-environment-l1-1-0.dll
0x00000201a1fc0000 - 0x00000201a1fc3000 	C:\Users\User\.openjfx\cache\22.0.2+4\amd64\api-ms-win-crt-filesystem-l1-1-0.dll
0x00000201a1fd0000 - 0x00000201a1fd3000 	C:\Users\User\.openjfx\cache\22.0.2+4\amd64\api-ms-win-crt-heap-l1-1-0.dll
0x00000201a1fe0000 - 0x00000201a1fe3000 	C:\Users\User\.openjfx\cache\22.0.2+4\amd64\api-ms-win-crt-locale-l1-1-0.dll
0x00000201a1ff0000 - 0x00000201a1ff5000 	C:\Users\User\.openjfx\cache\22.0.2+4\amd64\api-ms-win-crt-math-l1-1-0.dll
0x00000201a6000000 - 0x00000201a6005000 	C:\Users\User\.openjfx\cache\22.0.2+4\amd64\api-ms-win-crt-multibyte-l1-1-0.dll
0x00000201a6010000 - 0x00000201a6020000 	C:\Users\User\.openjfx\cache\22.0.2+4\amd64\api-ms-win-crt-private-l1-1-0.dll
0x00000201a6020000 - 0x00000201a6023000 	C:\Users\User\.openjfx\cache\22.0.2+4\amd64\api-ms-win-crt-process-l1-1-0.dll
0x00000201a6030000 - 0x00000201a6034000 	C:\Users\User\.openjfx\cache\22.0.2+4\amd64\api-ms-win-crt-runtime-l1-1-0.dll
0x00000201a6040000 - 0x00000201a6044000 	C:\Users\User\.openjfx\cache\22.0.2+4\amd64\api-ms-win-crt-stdio-l1-1-0.dll
0x00000201a6050000 - 0x00000201a6054000 	C:\Users\User\.openjfx\cache\22.0.2+4\amd64\api-ms-win-crt-string-l1-1-0.dll
0x00000201a6060000 - 0x00000201a6063000 	C:\Users\User\.openjfx\cache\22.0.2+4\amd64\api-ms-win-crt-time-l1-1-0.dll
0x00000201a6070000 - 0x00000201a6073000 	C:\Users\User\.openjfx\cache\22.0.2+4\amd64\api-ms-win-crt-utility-l1-1-0.dll
0x00007ffc71e20000 - 0x00007ffc71f1c000 	C:\Users\User\.openjfx\cache\22.0.2+4\amd64\ucrtbase.dll
0x00007ffc76420000 - 0x00007ffc7643b000 	C:\Users\User\.openjfx\cache\22.0.2+4\amd64\vcruntime140.dll
0x00007ffc83670000 - 0x00007ffc8367c000 	C:\Users\User\.openjfx\cache\22.0.2+4\amd64\vcruntime140_1.dll
0x00007ffc72070000 - 0x00007ffc720fe000 	C:\Users\User\.openjfx\cache\22.0.2+4\amd64\msvcp140.dll
0x00007ffc822c0000 - 0x00007ffc822c9000 	C:\Users\User\.openjfx\cache\22.0.2+4\amd64\msvcp140_1.dll
0x00007ffc71930000 - 0x00007ffc71971000 	C:\Users\User\.openjfx\cache\22.0.2+4\amd64\msvcp140_2.dll
0x00007ffc747d0000 - 0x00007ffc74800000 	C:\Users\User\.openjfx\cache\22.0.2+4\amd64\prism_d3d.dll
0x00007ffc748b0000 - 0x00007ffc74a81000 	C:\WINDOWS\system32\d3d9.dll
0x00007ffca7a30000 - 0x00007ffca7a5f000 	C:\WINDOWS\SYSTEM32\dwmapi.dll
0x00007ffca4f90000 - 0x00007ffca502e000 	C:\WINDOWS\system32\uxtheme.dll
0x00007ffc59a60000 - 0x00007ffc59cd3000 	C:\WINDOWS\System32\DriverStore\FileRepository\iigd_dch.inf_amd64_110cd0db47a9f8d6\igdumdim64.dll
0x00007ffcab870000 - 0x00007ffcab99b000 	C:\WINDOWS\System32\ole32.dll
0x00007ffc58480000 - 0x00007ffc599b6000 	C:\WINDOWS\System32\DriverStore\FileRepository\iigd_dch.inf_amd64_110cd0db47a9f8d6\igd9trinity64.dll
0x00007ffca8bd0000 - 0x00007ffca8cc6000 	C:\WINDOWS\system32\dxgi.dll
0x00007ffc8f250000 - 0x00007ffc8f690000 	C:\WINDOWS\System32\DriverStore\FileRepository\iigd_dch.inf_amd64_110cd0db47a9f8d6\igdgmm64.dll
0x00007ffc8f950000 - 0x00007ffc8f976000 	C:\WINDOWS\System32\DriverStore\FileRepository\iigd_dch.inf_amd64_110cd0db47a9f8d6\igc64.dll
0x00007ffc6e290000 - 0x00007ffc6e2dd000 	C:\WINDOWS\SYSTEM32\ControlLib.dll
0x00007ffcaac20000 - 0x00007ffcaac6e000 	C:\WINDOWS\System32\CFGMGR32.dll
0x00007ffc8fe90000 - 0x00007ffc8ff2c000 	C:\WINDOWS\System32\DriverStore\FileRepository\iigd_dch.inf_amd64_110cd0db47a9f8d6\IntelControlLib.dll
0x00007ffc56f50000 - 0x00007ffc58478000 	C:\WINDOWS\System32\DriverStore\FileRepository\iigd_dch.inf_amd64_110cd0db47a9f8d6\igd9dxva64.dll
0x00007ffcabcd0000 - 0x00007ffcac141000 	C:\WINDOWS\System32\SETUPAPI.dll
0x00007ffc55220000 - 0x00007ffc56f4e000 	C:\WINDOWS\System32\DriverStore\FileRepository\iigd_dch.inf_amd64_110cd0db47a9f8d6\media_bin_64.dll
0x00007ffc718e0000 - 0x00007ffc71925000 	C:\Users\User\.openjfx\cache\22.0.2+4\amd64\glass.dll
0x00007ffcabbf0000 - 0x00007ffcabcca000 	C:\WINDOWS\System32\COMDLG32.dll
0x00007ffcaba70000 - 0x00007ffcabb85000 	C:\WINDOWS\System32\MSCTF.dll
0x00007ffc86b60000 - 0x00007ffc8aa69000 	C:\WINDOWS\System32\DriverStore\FileRepository\iigd_dch.inf_amd64_110cd0db47a9f8d6\igc1464.dll
0x00007ffc5ef60000 - 0x00007ffc5f0a9000 	C:\WINDOWS\System32\DriverStore\FileRepository\iigd_dch.inf_amd64_110cd0db47a9f8d6\igdml64.dll
0x00007ffc7c210000 - 0x00007ffc7c239000 	C:\WINDOWS\System32\DriverStore\FileRepository\iigd_dch.inf_amd64_110cd0db47a9f8d6\igdinfo64.dll
0x00007ffc97cb0000 - 0x00007ffc97ceb000 	C:\WINDOWS\SYSTEM32\dxcore.dll
0x00007ffcaacd0000 - 0x00007ffcaad79000 	C:\WINDOWS\System32\clbcatq.dll
0x00007ffc7a6d0000 - 0x00007ffc7a80f000 	C:\Windows\System32\Windows.UI.dll
0x00007ffc7d230000 - 0x00007ffc7d382000 	C:\Windows\System32\InputHost.dll
0x00007ffc7d390000 - 0x00007ffc7d489000 	C:\Windows\System32\TextInputFramework.dll
0x00007ffc9eb60000 - 0x00007ffc9ec01000 	C:\Windows\System32\WindowManagementAPI.dll
0x00007ffca4a00000 - 0x00007ffca4af6000 	C:\Windows\System32\PROPSYS.dll
0x00007ffca32c0000 - 0x00007ffca33b2000 	C:\Windows\System32\CoreMessaging.dll
0x00007ffca4150000 - 0x00007ffca42a7000 	C:\WINDOWS\SYSTEM32\wintypes.dll
0x00007ffca25d0000 - 0x00007ffca292b000 	C:\Windows\System32\CoreUIComponents.dll
0x00007ffc9e950000 - 0x00007ffc9eb53000 	C:\WINDOWS\SYSTEM32\twinapi.appcore.dll

dbghelp: loaded successfully - version: 4.0.5 - missing functions: none
symbol engine: initialized successfully - sym options: 0x614 - pdb path: .;C:\Users\User\.jdks\jbr-17.0.12\bin;C:\WINDOWS\SYSTEM32;C:\WINDOWS\WinSxS\amd64_microsoft.windows.common-controls_6595b64144ccf1df_6.0.19041.4355_none_60b8b9eb71f62e16;C:\Users\User\.jdks\jbr-17.0.12\bin\server;C:\Users\User\.openjfx\cache\22.0.2+4\amd64;C:\WINDOWS\System32\DriverStore\FileRepository\iigd_dch.inf_amd64_110cd0db47a9f8d6;C:\Program Files\Bonjour;C:\Program Files\Common Files\Microsoft Shared\Ink

VM Arguments:
jvm_args: --module-path=C:\Users\User\.m2\repository\org\openjfx\javafx-base\22.0.2\javafx-base-22.0.2-win.jar;C:\Users\User\.m2\repository\org\openjfx\javafx-base\22.0.2\javafx-base-22.0.2.jar;C:\Users\User\.m2\repository\org\openjfx\javafx-controls\22.0.2\javafx-controls-22.0.2-win.jar;C:\Users\User\.m2\repository\org\openjfx\javafx-controls\22.0.2\javafx-controls-22.0.2.jar;C:\Users\User\.m2\repository\org\openjfx\javafx-fxml\21.0.2\javafx-fxml-21.0.2-win.jar;C:\Users\User\.m2\repository\org\openjfx\javafx-fxml\21.0.2\javafx-fxml-21.0.2.jar;C:\Users\User\.m2\repository\org\openjfx\javafx-graphics\22.0.2\javafx-graphics-22.0.2-win.jar;C:\Users\User\.m2\repository\org\openjfx\javafx-graphics\22.0.2\javafx-graphics-22.0.2.jar --add-modules=javafx.base,javafx.controls,javafx.fxml,javafx.graphics 
java_command: controllers.Home
java_class_path (initial): C:\Users\User\Desktop\projet-javafx\target\classes;C:\Users\User\.m2\repository\com\google\protobuf\protobuf-java\3.21.9\protobuf-java-3.21.9.jar;C:\Users\User\.m2\repository\com\mysql\mysql-connector-j\8.0.33\mysql-connector-j-8.0.33.jar
Launcher Type: SUN_STANDARD

[Global flags]
     intx CICompilerCount                          = 4                                         {product} {ergonomic}
     uint ConcGCThreads                            = 3                                         {product} {ergonomic}
     uint G1ConcRefinementThreads                  = 10                                        {product} {ergonomic}
   size_t G1HeapRegionSize                         = 2097152                                   {product} {ergonomic}
    uintx GCDrainStackTargetSize                   = 64                                        {product} {ergonomic}
   size_t InitialHeapSize                          = 264241152                                 {product} {ergonomic}
   size_t MarkStackSize                            = 4194304                                   {product} {ergonomic}
   size_t MaxHeapSize                              = 4217372672                                {product} {ergonomic}
   size_t MaxNewSize                               = 2529165312                                {product} {ergonomic}
   size_t MinHeapDeltaBytes                        = 2097152                                   {product} {ergonomic}
   size_t MinHeapSize                              = 8388608                                   {product} {ergonomic}
    uintx NonNMethodCodeHeapSize                   = 5839372                                {pd product} {ergonomic}
    uintx NonProfiledCodeHeapSize                  = 122909434                              {pd product} {ergonomic}
    uintx ProfiledCodeHeapSize                     = 122909434                              {pd product} {ergonomic}
    uintx ReservedCodeCacheSize                    = 251658240                              {pd product} {ergonomic}
     bool SegmentedCodeCache                       = true                                      {product} {ergonomic}
   size_t SoftMaxHeapSize                          = 4217372672                             {manageable} {ergonomic}
     bool UseCompressedClassPointers               = true                           {product lp64_product} {ergonomic}
     bool UseCompressedOops                        = true                           {product lp64_product} {ergonomic}
     bool UseG1GC                                  = true                                      {product} {ergonomic}
     bool UseLargePagesIndividualAllocation        = false                                  {pd product} {ergonomic}

Logging:
Log output configuration:
 #0: stdout all=warning uptime,level,tags
 #1: stderr all=off uptime,level,tags

Environment Variables:
PATH=C:\oraclexe\app\oracle\product\11.2.0\server\bin;;C:\oraclexe\app\oracle\product\11.2.0\server\bin;C:\ProgramData\Oracle\Java\javapath;C:\Program Files (x86)\Common Files\Oracle\Java\javapath;C:\oraclexe\app\oracle\product\11.2.0\server\bin;D:\VMWare\bin\;C:\WINDOWS\system32;C:\WINDOWS;C:\WINDOWS\System32\Wbem;C:\WINDOWS\System32\WindowsPowerShell\v1.0\;C:\WINDOWS\System32\OpenSSH\;C:\Program Files (x86)\NVIDIA Corporation\PhysX\Common;C:\oraclexe\app\oracle\product\11.2.0\server\bin;C:\instantclient12_2;C:\oraclexe;C:\oraclexe\app\oracle\admin\XE;C:\Program Files\Git\cmd;C:\ProgramData\ComposerSetup\bin;C:\Users\User\.jdks\jbr-17.0.12\bin;C:\Users\User\AppData\Local\Programs\Python\Python313;C:\Users\User\AppData\Local\Programs\Python\Python313\Scripts;C:\Users\User\AppData\Roaming\Python\Python313\site-packages;C:\ProgramData\chocolatey\bin;C:\Program Files\NVIDIA Corporation\NVIDIA app\NvDLISR;C:\MailHog;C:\Users\User\AppData\Local\Programs\Python\Launcher\;C:\Users\User\scoop\shims;C:\Users\User\AppData\Local\Microsoft\WindowsApps;C:\Users\User\AppData\Local\Programs\Microsoft VS Code\bin;C:\xampp\php;C:\Users\User\AppData\Roaming\Composer\vendor\bin;C:\Users\User\AppData\Local\Microsoft\WinGet\Packages\Schniz.fnm_Microsoft.Winget.Source_8wekyb3d8bbwe;C:\Users\User\Downloads\node-v22.13.1-win-x64;
USERNAME=User
OS=Windows_NT
PROCESSOR_IDENTIFIER=Intel64 Family 6 Model 154 Stepping 3, GenuineIntel
TMP=C:\Users\User\AppData\Local\Temp
TEMP=C:\Users\User\AppData\Local\Temp



Periodic native trim disabled

JNI global refs:
JNI global refs: 38, weak refs: 0

JNI global refs memory usage: 843, weak refs: 209

OOME stack traces (most recent first):
Classloader memory used:
Loader jdk.internal.loader.ClassLoaders$AppClassLoader                                 : 2179K
Loader bootstrap                                                                       : 1955K
Loader jdk.internal.loader.ClassLoaders$PlatformClassLoader                            : 43252B
Loader jdk.internal.reflect.DelegatingClassLoader                                      : 6367B
Loader com.sun.javafx.reflect.MethodUtil                                               : 510B


---------------  S Y S T E M  ---------------

OS:
 Windows 10 , 64 bit Build 19041 (10.0.19041.5678)
OS uptime: 0 days 0:52 hours

CPU: total 12 (initial active 12) (6 cores per cpu, 2 threads per core) family 6 model 154 stepping 3 microcode 0x424, cx8, cmov, fxsr, ht, mmx, 3dnowpref, sse, sse2, sse3, ssse3, sse4.1, sse4.2, popcnt, lzcnt, tsc, tscinvbit, avx, avx2, aes, erms, clmul, bmi1, bmi2, adx, sha, fma, vzeroupper, clflush, clflushopt, clwb
Processor Information for all 12 processors :
  Max Mhz: 2000, Current Mhz: 2000, Mhz Limit: 2000

Memory: 4k page, system-wide physical 16085M (3547M free)
TotalPageFile size 20437M (AvailPageFile size 3928M)
current process WorkingSet (physical memory assigned to process): 658M, peak: 658M
current process commit charge ("private bytes"): 718M, peak: 718M

vm_info: OpenJDK 64-Bit Server VM (17.0.12+1-b1087.25) for windows-amd64 JRE (17.0.12+1-b1087.25), built on 2024-08-30 by "builduser" with MS VC++ 16.10 / 16.11 (VS2019)

END.
